2022-03-03T04:52:19+00:00 INFO Продукт сохранен: Костюм двойка "Casual Bling" без манжета ( тёмн. принт) (ID 36685):
{ "status": "pending", "type": "variable", "catalog_visibility": "visible", "price": "0", "regular_price": "", "sale_price": "" }
2022-03-03T04:52:19+00:00 INFO Продукт сохранен: Костюм двойка "Casual Bling" без манжета ( свет. принт) (ID 36684):
{ "status": "pending", "type": "variable", "catalog_visibility": "visible", "price": "0", "regular_price": "", "sale_price": "" }
2022-03-03T04:52:19+00:00 INFO Продукт сохранен: Костюм двойка "Casual Bling" с манжетом (свет. принт) (ID 36682):
{ "status": "pending", "type": "variable", "catalog_visibility": "visible", "price": "0", "regular_price": "", "sale_price": "" }
2022-03-03T04:52:19+00:00 INFO Продукт сохранен: Футболка с принтом "РАХМАТ"(тёмно-синий) (ID 36680):
{ "status": "pending", "type": "variable", "catalog_visibility": "visible", "price": "0", "regular_price": "", "sale_price": "" }
2022-03-03T04:54:22+00:00 INFO Продукт сохранен: Свитшот "HEART" (ID 36755):
{ "status": "publish", "type": "variable", "catalog_visibility": "visible", "price": "220000", "regular_price": "", "sale_price": "" }
2022-03-03T04:54:22+00:00 INFO Продукт сохранен: Свитшот "HEART" (ID 36755):
{ "status": "publish", "type": "variable", "catalog_visibility": "visible", "price": "220000", "regular_price": "", "sale_price": "" }
2022-03-03T06:30:17+00:00 INFO Продукт сохранен: Костюм двойка "Casual Bling" без манжета ( тёмн. принт) (ID 36685):
{ "status": "pending", "type": "variable", "catalog_visibility": "visible", "price": "0", "regular_price": "", "sale_price": "" }
2022-03-03T06:30:18+00:00 INFO Продукт сохранен: Костюм двойка "Casual Bling" без манжета ( свет. принт) (ID 36684):
{ "status": "pending", "type": "variable", "catalog_visibility": "visible", "price": "0", "regular_price": "", "sale_price": "" }
2022-03-03T06:30:18+00:00 INFO Продукт сохранен: Костюм двойка "Casual Bling" с манжетом (свет. принт) (ID 36682):
{ "status": "pending", "type": "variable", "catalog_visibility": "visible", "price": "0", "regular_price": "", "sale_price": "" }
2022-03-03T06:30:18+00:00 INFO Продукт сохранен: Футболка с принтом "РАХМАТ"(тёмно-синий) (ID 36680):
{ "status": "pending", "type": "variable", "catalog_visibility": "visible", "price": "0", "regular_price": "", "sale_price": "" }
2022-03-03T10:08:00+00:00 INFO Продукт сохранен: Костюм двойка "Casual Bling" без манжета ( тёмн. принт) (ID 36685):
{ "status": "pending", "type": "variable", "catalog_visibility": "visible", "price": "0", "regular_price": "", "sale_price": "" }
2022-03-03T10:08:00+00:00 INFO Продукт сохранен: Костюм двойка "Casual Bling" без манжета ( свет. принт) (ID 36684):
{ "status": "pending", "type": "variable", "catalog_visibility": "visible", "price": "0", "regular_price": "", "sale_price": "" }
2022-03-03T10:08:01+00:00 INFO Продукт сохранен: Костюм двойка "Casual Bling" с манжетом (свет. принт) (ID 36682):
{ "status": "pending", "type": "variable", "catalog_visibility": "visible", "price": "0", "regular_price": "", "sale_price": "" }
2022-03-03T10:08:01+00:00 INFO Продукт сохранен: Футболка с принтом "РАХМАТ"(тёмно-синий) (ID 36680):
{ "status": "pending", "type": "variable", "catalog_visibility": "visible", "price": "0", "regular_price": "", "sale_price": "" }
2022-03-03T11:09:19+00:00 INFO Продукт сохранен: Футболка "FLOWERS" (ID 36677):
{ "status": "pending", "type": "variable", "catalog_visibility": "visible", "price": "158000", "regular_price": "", "sale_price": "" }
2022-03-03T11:11:34+00:00 INFO Продукт сохранен: Костюм двойка "Casual Bling" без манжета ( тёмн. принт) (ID 36685):
{ "status": "pending", "type": "variable", "catalog_visibility": "visible", "price": "0", "regular_price": "", "sale_price": "" }
2022-03-03T11:11:34+00:00 INFO Продукт сохранен: Костюм двойка "Casual Bling" без манжета ( свет. принт) (ID 36684):
{ "status": "pending", "type": "variable", "catalog_visibility": "visible", "price": "0", "regular_price": "", "sale_price": "" }
2022-03-03T11:11:34+00:00 INFO Продукт сохранен: Костюм двойка "Casual Bling" с манжетом (свет. принт) (ID 36682):
{ "status": "pending", "type": "variable", "catalog_visibility": "visible", "price": "0", "regular_price": "", "sale_price": "" }
2022-03-03T11:11:34+00:00 INFO Продукт сохранен: Футболка с принтом "РАХМАТ"(тёмно-синий) (ID 36680):
{ "status": "pending", "type": "variable", "catalog_visibility": "visible", "price": "0", "regular_price": "", "sale_price": "" }
2022-03-03T11:18:31+00:00 INFO Продукт сохранен: Футболка "FLOWERS" (ID 36677):
{ "status": "pending", "type": "variable", "catalog_visibility": "visible", "price": "158000", "regular_price": "", "sale_price": "" }
2022-03-03T11:18:31+00:00 INFO Продукт сохранен: Футболка "FLOWERS" (ID 36677):
{ "status": "pending", "type": "variable", "catalog_visibility": "visible", "price": "158000", "regular_price": "", "sale_price": "" }
2022-03-03T11:20:43+00:00 INFO Продукт сохранен: Футболка "FLOWERS" (ID 36677):
{ "status": "publish", "type": "variable", "catalog_visibility": "visible", "price": "158000", "regular_price": "", "sale_price": "" }
2022-03-03T11:20:43+00:00 INFO Продукт сохранен: Футболка "FLOWERS" (ID 36677):
{ "status": "publish", "type": "variable", "catalog_visibility": "visible", "price": "158000", "regular_price": "", "sale_price": "" }
2022-03-03T11:21:43+00:00 INFO Продукт сохранен: Футболка "FLOWERS" (ID 36677):
{ "status": "publish", "type": "variable", "catalog_visibility": "visible", "price": "158000", "regular_price": "", "sale_price": "" }
2022-03-03T11:21:43+00:00 INFO Продукт сохранен: Футболка "FLOWERS" (ID 36677):
{ "status": "publish", "type": "variable", "catalog_visibility": "visible", "price": "158000", "regular_price": "", "sale_price": "" }
2022-03-03T11:21:49+00:00 INFO Продукт сохранен: Футболка "FLOWERS" (ID 36677):
{ "status": "publish", "type": "variable", "catalog_visibility": "visible", "price": "158000", "regular_price": "", "sale_price": "" }
2022-03-03T11:21:49+00:00 INFO Продукт сохранен: Футболка "FLOWERS" (ID 36677):
{ "status": "publish", "type": "variable", "catalog_visibility": "visible", "price": "158000", "regular_price": "", "sale_price": "" }
2022-03-03T12:13:25+00:00 INFO Продукт сохранен: Костюм двойка "Casual Bling" без манжета ( тёмн. принт) (ID 36685):
{ "status": "pending", "type": "variable", "catalog_visibility": "visible", "price": "0", "regular_price": "", "sale_price": "" }
2022-03-03T12:13:26+00:00 INFO Продукт сохранен: Костюм двойка "Casual Bling" без манжета ( свет. принт) (ID 36684):
{ "status": "pending", "type": "variable", "catalog_visibility": "visible", "price": "0", "regular_price": "", "sale_price": "" }
2022-03-03T12:13:26+00:00 INFO Продукт сохранен: Костюм двойка "Casual Bling" с манжетом (свет. принт) (ID 36682):
{ "status": "pending", "type": "variable", "catalog_visibility": "visible", "price": "0", "regular_price": "", "sale_price": "" }
2022-03-03T12:13:26+00:00 INFO Продукт сохранен: Футболка с принтом "РАХМАТ"(тёмно-синий) (ID 36680):
{ "status": "pending", "type": "variable", "catalog_visibility": "visible", "price": "0", "regular_price": "", "sale_price": "" }
2022-03-03T13:58:05+00:00 INFO Продукт сохранен: Костюм двойка "Casual Bling" без манжета ( тёмн. принт) (ID 36685):
{ "status": "pending", "type": "variable", "catalog_visibility": "visible", "price": "0", "regular_price": "", "sale_price": "" }
2022-03-03T13:58:05+00:00 INFO Продукт сохранен: Костюм двойка "Casual Bling" без манжета ( свет. принт) (ID 36684):
{ "status": "pending", "type": "variable", "catalog_visibility": "visible", "price": "0", "regular_price": "", "sale_price": "" }
2022-03-03T13:58:05+00:00 INFO Продукт сохранен: Костюм двойка "Casual Bling" с манжетом (свет. принт) (ID 36682):
{ "status": "pending", "type": "variable", "catalog_visibility": "visible", "price": "0", "regular_price": "", "sale_price": "" }
2022-03-03T13:58:05+00:00 INFO Продукт сохранен: Футболка с принтом "РАХМАТ"(тёмно-синий) (ID 36680):
{ "status": "pending", "type": "variable", "catalog_visibility": "visible", "price": "0", "regular_price": "", "sale_price": "" }
2022-03-03T16:02:34+00:00 INFO Продукт сохранен: Костюм двойка "Casual Bling" без манжета ( тёмн. принт) (ID 36685):
{ "status": "pending", "type": "variable", "catalog_visibility": "visible", "price": "0", "regular_price": "", "sale_price": "" }
2022-03-03T16:02:35+00:00 INFO Продукт сохранен: Костюм двойка "Casual Bling" без манжета ( свет. принт) (ID 36684):
{ "status": "pending", "type": "variable", "catalog_visibility": "visible", "price": "0", "regular_price": "", "sale_price": "" }
2022-03-03T16:02:35+00:00 INFO Продукт сохранен: Костюм двойка "Casual Bling" с манжетом (свет. принт) (ID 36682):
{ "status": "pending", "type": "variable", "catalog_visibility": "visible", "price": "0", "regular_price": "", "sale_price": "" }
2022-03-03T16:02:35+00:00 INFO Продукт сохранен: Футболка с принтом "РАХМАТ"(тёмно-синий) (ID 36680):
{ "status": "pending", "type": "variable", "catalog_visibility": "visible", "price": "0", "regular_price": "", "sale_price": "" }
2022-03-03T16:11:35+00:00 INFO Продукт сохранен: USB Flat (Android) (ID 36246):
{ "status": "publish", "type": "variable", "catalog_visibility": "visible", "price": "35000", "regular_price": "", "sale_price": "" }
2022-03-03T16:11:35+00:00 INFO Продукт сохранен: USB Flat (Android) (ID 36246):
{ "status": "publish", "type": "variable", "catalog_visibility": "visible", "price": "35000", "regular_price": "", "sale_price": "" }
2022-03-03T16:11:49+00:00 INFO Продукт сохранен: USB Flat (Android) (ID 36246):
{ "status": "publish", "type": "variable", "catalog_visibility": "visible", "price": "35000", "regular_price": "", "sale_price": "" }
2022-03-03T16:12:44+00:00 INFO Продукт сохранен: Сумка для ноутбука (ID 36248):
{ "status": "publish", "type": "variable", "catalog_visibility": "visible", "price": "400000", "regular_price": "", "sale_price": "" }
2022-03-03T16:12:47+00:00 INFO Продукт сохранен: Сумка для ноутбука (ID 36248):
{ "status": "publish", "type": "variable", "catalog_visibility": "visible", "price": "400000", "regular_price": "", "sale_price": "" }
2022-03-03T16:12:47+00:00 INFO Продукт сохранен: Сумка для ноутбука (ID 36248):
{ "status": "publish", "type": "variable", "catalog_visibility": "visible", "price": "400000", "regular_price": "", "sale_price": "" }
2022-03-03T17:23:26+00:00 INFO Продукт сохранен: Костюм двойка "Casual Bling" без манжета ( тёмн. принт) (ID 36685):
{ "status": "pending", "type": "variable", "catalog_visibility": "visible", "price": "0", "regular_price": "", "sale_price": "" }
2022-03-03T17:23:26+00:00 INFO Продукт сохранен: Костюм двойка "Casual Bling" без манжета ( свет. принт) (ID 36684):
{ "status": "pending", "type": "variable", "catalog_visibility": "visible", "price": "0", "regular_price": "", "sale_price": "" }
2022-03-03T17:23:26+00:00 INFO Продукт сохранен: Костюм двойка "Casual Bling" с манжетом (свет. принт) (ID 36682):
{ "status": "pending", "type": "variable", "catalog_visibility": "visible", "price": "0", "regular_price": "", "sale_price": "" }
2022-03-03T17:23:26+00:00 INFO Продукт сохранен: Футболка с принтом "РАХМАТ"(тёмно-синий) (ID 36680):
{ "status": "pending", "type": "variable", "catalog_visibility": "visible", "price": "0", "regular_price": "", "sale_price": "" }
2022-03-03T18:32:02+00:00 INFO Продукт сохранен: Костюм двойка "Casual Bling" без манжета ( тёмн. принт) (ID 36685):
{ "status": "pending", "type": "variable", "catalog_visibility": "visible", "price": "0", "regular_price": "", "sale_price": "" }
2022-03-03T18:32:03+00:00 INFO Продукт сохранен: Костюм двойка "Casual Bling" без манжета ( свет. принт) (ID 36684):
{ "status": "pending", "type": "variable", "catalog_visibility": "visible", "price": "0", "regular_price": "", "sale_price": "" }
2022-03-03T18:32:03+00:00 INFO Продукт сохранен: Костюм двойка "Casual Bling" с манжетом (свет. принт) (ID 36682):
{ "status": "pending", "type": "variable", "catalog_visibility": "visible", "price": "0", "regular_price": "", "sale_price": "" }
2022-03-03T18:32:03+00:00 INFO Продукт сохранен: Футболка с принтом "РАХМАТ"(тёмно-синий) (ID 36680):
{ "status": "pending", "type": "variable", "catalog_visibility": "visible", "price": "0", "regular_price": "", "sale_price": "" }
2022-03-03T19:56:12+00:00 INFO Продукт сохранен: Костюм двойка "Casual Bling" без манжета ( тёмн. принт) (ID 36685):
{ "status": "pending", "type": "variable", "catalog_visibility": "visible", "price": "0", "regular_price": "", "sale_price": "" }
2022-03-03T19:56:12+00:00 INFO Продукт сохранен: Костюм двойка "Casual Bling" без манжета ( свет. принт) (ID 36684):
{ "status": "pending", "type": "variable", "catalog_visibility": "visible", "price": "0", "regular_price": "", "sale_price": "" }
2022-03-03T19:56:12+00:00 INFO Продукт сохранен: Костюм двойка "Casual Bling" с манжетом (свет. принт) (ID 36682):
{ "status": "pending", "type": "variable", "catalog_visibility": "visible", "price": "0", "regular_price": "", "sale_price": "" }
2022-03-03T19:56:12+00:00 INFO Продукт сохранен: Футболка с принтом "РАХМАТ"(тёмно-синий) (ID 36680):
{ "status": "pending", "type": "variable", "catalog_visibility": "visible", "price": "0", "regular_price": "", "sale_price": "" }
