2022-03-02T01:34:39+00:00 INFO Запрос на остатки https://online.moysklad.ru/api/remap/1.2/entity/assortment?filter=id=ad0de79a-63e1-11ec-0a80-0178003d9240;id=a0642bb8-66d8-11ec-0a80-0da100749a51
2022-03-02T01:34:39+00:00 INFO Остатки для продукта "Футболка "SQUARE"" = 0 (ИД 36872):
stock 0, quantity 0
2022-03-02T01:34:39+00:00 INFO Остатки для продукта "Костюм двойка "RED"" = 0 (ИД 36896):
stock 0, quantity 0
2022-03-02T01:36:40+00:00 INFO Запрос на остатки https://online.moysklad.ru/api/remap/1.2/entity/assortment?filter=id=b3663220-8801-11ec-0a80-060400307ec3;id=d728b864-85aa-11ec-0a80-0c3d000bb049;id=0a04647d-7852-11ec-0a80-0c2600466ea3;id=0a0769be-7852-11ec-0a80-0c2600466ea7;id=09f72c17-7852-11ec-0a80-0c2600466e97;id=09fc2328-7852-11ec-0a80-0c2600466e9b;id=0a004457-7852-11ec-0a80-0c2600466e9f;id=0a1f2ecf-7857-11ec-0a80-023e004591eb;id=0a21364c-7857-11ec-0a80-023e004591ef;id=0a22e7a8-7857-11ec-0a80-023e004591f3;id=a3592710-7859-11ec-0a80-0d5b00471518;id=cebfa068-7857-11ec-0a80-056e0046c340;id=1c6a20a6-6f7f-11ec-0a80-069f00f289c1;id=1c625359-6f7f-11ec-0a80-069f00f289b5;id=1c654ff2-6f7f-11ec-0a80-069f00f289b9;id=1c67bd03-6f7f-11ec-0a80-069f00f289bd;id=29c9fcd9-6fa4-11ec-0a80-04fe00f825ad;id=29ccb4b7-6fa4-11ec-0a80-04fe00f825b2;id=29cfa9bf-6fa4-11ec-0a80-04fe00f825b7;id=f0258e34-6fa4-11ec-0a80-09e5008f408d
2022-03-02T01:36:41+00:00 INFO Остатки для продукта "Свитшот "ROMB BOY" - 4" = 32 (ИД 36686):
stock 32, quantity 32
2022-03-02T01:36:41+00:00 INFO Остатки для продукта "Свитшот "ROMB BOY" - 6" = 32 (ИД 36687):
stock 32, quantity 32
2022-03-02T01:36:41+00:00 INFO Остатки для продукта "Свитшот "ROMB BOY" - 7" = 33 (ИД 36688):
stock 33, quantity 33
2022-03-02T01:36:41+00:00 INFO Остатки для продукта "Свитшот "PANDA" - L" = 21 (ИД 36689):
stock 21, quantity 21
2022-03-02T01:36:41+00:00 INFO Остатки для продукта "Свитшот "PANDA" - M" = 17 (ИД 36690):
stock 17, quantity 17
2022-03-02T01:36:41+00:00 INFO Остатки для продукта "Свитшот "PANDA" - S" = 19 (ИД 36691):
stock 19, quantity 19
2022-03-02T01:36:41+00:00 INFO Остатки для продукта "Свитшот "PANDA" - XL" = 17 (ИД 36692):
stock 17, quantity 17
2022-03-02T01:36:41+00:00 INFO Остатки для продукта "Свитшот "PANDA" - XXL" = 21 (ИД 36693):
stock 21, quantity 21
2022-03-02T01:36:41+00:00 INFO Остатки для продукта "Костюм двойка "Birdie" - S, Синий" = 0 (ИД 36540):
stock 0, quantity 0
2022-03-02T01:36:42+00:00 INFO Остатки для продукта "Костюм двойка "Birdie" - XL, Синий" = 0 (ИД 36541):
stock 0, quantity 0
2022-03-02T01:36:42+00:00 INFO Остатки для продукта "Костюм двойка "Birdie" - XXL, Синий" = 0 (ИД 36542):
stock 0, quantity 0
2022-03-02T01:36:42+00:00 INFO Остатки для продукта "Худи "CLICKY Women"" = 0 (ИД 36681):
stock 0, quantity 0
2022-03-02T01:36:42+00:00 INFO Остатки для продукта "Чехол для телефона "ICONS"" = 0 (ИД 36771):
stock 0, quantity 0
2022-03-02T01:36:42+00:00 INFO Остатки для продукта "Шоппер - Айвори" = 4 (ИД 36611):
stock 4, quantity 4
2022-03-02T01:36:42+00:00 INFO Остатки для продукта "Шоппер - Коричневый" = 4 (ИД 36612):
stock 4, quantity 4
2022-03-02T01:36:42+00:00 INFO Остатки для продукта "Шоппер - Оранжевый" = 6 (ИД 36613):
stock 6, quantity 6
2022-03-02T01:36:42+00:00 INFO Остатки для продукта "Шоппер - Серый" = 3 (ИД 36614):
stock 3, quantity 3
2022-03-02T01:36:42+00:00 INFO Остатки для продукта "Свитшот "ROMB MAN"" = 0 (ИД 36683):
stock 0, quantity 0
2022-03-02T01:36:42+00:00 INFO Остатки для продукта "Свитшот "HEART"" = 0 (ИД 36755):
stock 0, quantity 0
2022-03-02T01:36:43+00:00 INFO Остатки для продукта "Мокнек "Flowers"" = 0 (ИД 36537):
stock 0, quantity 0
2022-03-02T01:53:03+00:00 INFO Запрос на остатки https://online.moysklad.ru/api/remap/1.2/entity/assortment?filter=id=31e24fc1-6f9d-11ec-0a80-017800f7c41f;id=31e568f1-6f9d-11ec-0a80-017800f7c424;id=31e8626b-6f9d-11ec-0a80-017800f7c429;id=31eba4d9-6f9d-11ec-0a80-017800f7c42e;id=31ef1be5-6f9d-11ec-0a80-017800f7c433;id=31d9abdd-6f9d-11ec-0a80-017800f7c410;id=31dc8b32-6f9d-11ec-0a80-017800f7c415;id=31df8c7e-6f9d-11ec-0a80-017800f7c41a;id=31d3bf30-6f9d-11ec-0a80-017800f7c406;id=31d6eb9d-6f9d-11ec-0a80-017800f7c40b;id=29c37ade-6fa4-11ec-0a80-04fe00f825a3;id=29c72c43-6fa4-11ec-0a80-04fe00f825a8;id=c26ce369-6f96-11ec-0a80-0da100fae394;id=b908091c-6f7e-11ec-0a80-0c050032c283;id=140a1a73-6ec6-11ec-0a80-09e500834f90;id=140eb73a-6ec6-11ec-0a80-09e500834f9b;id=14125f8d-6ec6-11ec-0a80-09e500834fa3;id=141783f6-6ec6-11ec-0a80-09e500834fb1;id=141b0748-6ec6-11ec-0a80-09e500834fbc;id=24603a1d-6ecc-11ec-0a80-069f00ea04d9
2022-03-02T01:53:04+00:00 INFO Остатки для продукта "Костюм двойка "Birdie" - L, Синий" = 0 (ИД 36538):
stock 0, quantity 0
2022-03-02T01:53:04+00:00 INFO Остатки для продукта "Костюм двойка "Birdie" - M, Синий" = 1 (ИД 36539):
stock 1, quantity 1
2022-03-02T01:53:04+00:00 INFO Остатки для продукта "Футболка"ROBOCLICK" - L" = 10 (ИД 36486):
stock 10, quantity 10
2022-03-02T01:53:04+00:00 INFO Остатки для продукта "Футболка с принтом "РАХМАТ" - Белый, L" = 9 (ИД 36543):
stock 9, quantity 9
2022-03-02T01:53:04+00:00 INFO Остатки для продукта "Футболка с принтом "РАХМАТ" - Белый, M" = 4 (ИД 36544):
stock 4, quantity 4
2022-03-02T01:53:04+00:00 INFO Остатки для продукта "Футболка с принтом "РАХМАТ" - Белый, S" = 5 (ИД 36545):
stock 5, quantity 5
2022-03-02T01:53:04+00:00 INFO Остатки для продукта "Футболка с принтом "РАХМАТ" - Белый, XL" = 3 (ИД 36546):
stock 3, quantity 3
2022-03-02T01:53:04+00:00 INFO Остатки для продукта "Футболка с принтом "РАХМАТ" - Белый, XXL" = 0 (ИД 36547):
stock 0, quantity 0
2022-03-02T01:53:04+00:00 INFO Остатки для продукта "Футболка с принтом "РАХМАТ" - Тёмно-синий, L" = 9 (ИД 36548):
stock 9, quantity 9
2022-03-02T01:53:04+00:00 INFO Остатки для продукта "Футболка с принтом "РАХМАТ" - Тёмно-синий, M" = 5 (ИД 36549):
stock 5, quantity 5
2022-03-02T01:53:04+00:00 INFO Остатки для продукта "Футболка с принтом "РАХМАТ" - Тёмно-синий, S" = 4 (ИД 36550):
stock 4, quantity 4
2022-03-02T01:53:04+00:00 INFO Остатки для продукта "Футболка с принтом "РАХМАТ" - Тёмно-синий, XL" = 4 (ИД 36551):
stock 4, quantity 4
2022-03-02T01:53:04+00:00 INFO Остатки для продукта "Футболка с принтом "РАХМАТ" - Тёмно-синий, XXL" = 0 (ИД 36552):
stock 0, quantity 0
2022-03-02T01:53:05+00:00 INFO Остатки для продукта "Шоппер" = 0 (ИД 36534):
stock 0, quantity 0
2022-03-02T01:53:05+00:00 INFO Остатки для продукта "Футболка с принтом "РАХМАТ"" = 0 (ИД 36535):
stock 0, quantity 0
2022-03-02T01:53:05+00:00 INFO Остатки для продукта "Свитшот "ROMB Woman" - L" = 19 (ИД 36511):
stock 19, quantity 19
2022-03-02T01:53:05+00:00 INFO Остатки для продукта "Свитшот "ROMB Woman" - M" = 17 (ИД 36512):
stock 17, quantity 17
2022-03-02T01:53:05+00:00 INFO Остатки для продукта "Свитшот "ROMB Woman" - S" = 21 (ИД 36513):
stock 21, quantity 21
2022-03-02T01:53:05+00:00 INFO Остатки для продукта "Свитшот "ROMB Woman" - XL" = 21 (ИД 36514):
stock 21, quantity 21
2022-03-02T01:53:05+00:00 INFO Остатки для продукта "Свитшот "ROMB Woman" - XXL" = 21 (ИД 36515):
stock 21, quantity 21
2022-03-02T01:54:22+00:00 INFO Запрос на остатки https://online.moysklad.ru/api/remap/1.2/entity/assortment?filter=id=4d4ae043-7859-11ec-0a80-0c260047dae4;id=4d3f19c4-7859-11ec-0a80-0c260047dad4;id=4d41f42a-7859-11ec-0a80-0c260047dad8;id=4d447083-7859-11ec-0a80-0c260047dadc;id=4d47c308-7859-11ec-0a80-0c260047dae0;id=4c4a3b5d-6edf-11ec-0a80-05b700ef76ab;id=4c4d026a-6edf-11ec-0a80-05b700ef76af;id=4c430264-6edf-11ec-0a80-05b700ef76a3;id=4c46851a-6edf-11ec-0a80-05b700ef76a7;id=49ffa72b-6f9e-11ec-0a80-0c0500348365;id=4a01b0a0-6f9e-11ec-0a80-0c050034836a;id=4a03c32d-6f9e-11ec-0a80-0c050034836f;id=4a05c5d2-6f9e-11ec-0a80-0c0500348374;id=4a07e890-6f9e-11ec-0a80-0c0500348381;id=4a0a2670-6f9e-11ec-0a80-0c0500348386;id=4a0c6684-6f9e-11ec-0a80-0c050034838b;id=49f9307f-6f9e-11ec-0a80-0c0500348356;id=49fb8841-6f9e-11ec-0a80-0c050034835b;id=49fda42a-6f9e-11ec-0a80-0c0500348360;id=50b19dcc-6fa7-11ec-0a80-09e5008f67be
2022-03-02T01:54:22+00:00 INFO Остатки для продукта "Костюм двойка "CLICKY FLOWER" - Голубой, L" = 12 (ИД 36553):
stock 12, quantity 12
2022-03-02T01:54:22+00:00 INFO Остатки для продукта "Шапка "CLICK" - Горчичный" = 18 (ИД 36649):
stock 18, quantity 18
2022-03-02T01:54:22+00:00 INFO Остатки для продукта "Шапка "CLICK" - Красный" = 24 (ИД 36650):
stock 24, quantity 24
2022-03-02T01:54:22+00:00 INFO Остатки для продукта "Шапка "CLICK" - Серый" = 16 (ИД 36651):
stock 16, quantity 16
2022-03-02T01:54:22+00:00 INFO Остатки для продукта "Шапка "CLICK" - Синий" = 25 (ИД 36652):
stock 25, quantity 25
2022-03-02T01:54:22+00:00 INFO Остатки для продукта "Футболка "FLOWERS" - L" = 23 (ИД 36694):
stock 23, quantity 23
2022-03-02T01:54:23+00:00 INFO Остатки для продукта "Футболка "FLOWERS" - M" = 22 (ИД 36695):
stock 22, quantity 22
2022-03-02T01:54:23+00:00 INFO Остатки для продукта "Футболка "FLOWERS" - S" = 20 (ИД 36696):
stock 20, quantity 20
2022-03-02T01:54:23+00:00 INFO Остатки для продукта "Футболка "FLOWERS" - XL" = 31 (ИД 36697):
stock 31, quantity 31
2022-03-02T01:54:23+00:00 INFO Остатки для продукта "Футболка "FLOWERS" - XXL" = 0 (ИД 36705):
stock 0, quantity 0
2022-03-02T01:54:23+00:00 INFO Остатки для продукта "Футболка с принтом "ДАЙКЕШ" - Белый, L" = 10 (ИД 36570):
stock 10, quantity 10
2022-03-02T01:54:23+00:00 INFO Остатки для продукта "Футболка с принтом "ДАЙКЕШ" - Белый, M" = 5 (ИД 36571):
stock 5, quantity 5
2022-03-02T01:54:23+00:00 INFO Остатки для продукта "Футболка с принтом "ДАЙКЕШ" - Белый, S" = 4 (ИД 36572):
stock 4, quantity 4
2022-03-02T01:54:23+00:00 INFO Остатки для продукта "Футболка с принтом "ДАЙКЕШ" - Белый, XL" = 4 (ИД 36573):
stock 4, quantity 4
2022-03-02T01:54:23+00:00 INFO Остатки для продукта "Футболка с принтом "ДАЙКЕШ" - Белый, XXL" = 0 (ИД 36574):
stock 0, quantity 0
2022-03-02T01:54:23+00:00 INFO Остатки для продукта "Футболка с принтом "ДАЙКЕШ" - Тёмно-синий, L" = 8 (ИД 36575):
stock 8, quantity 8
2022-03-02T01:54:23+00:00 INFO Остатки для продукта "Футболка с принтом "ДАЙКЕШ" - Тёмно-синий, M" = 5 (ИД 36576):
stock 5, quantity 5
2022-03-02T01:54:23+00:00 INFO Остатки для продукта "Футболка с принтом "ДАЙКЕШ" - Тёмно-синий, S" = 5 (ИД 36577):
stock 5, quantity 5
2022-03-02T01:54:23+00:00 INFO Остатки для продукта "Футболка с принтом "ДАЙКЕШ" - Тёмно-синий, XL" = 5 (ИД 36578):
stock 5, quantity 5
2022-03-02T01:54:23+00:00 INFO Остатки для продукта "Футболка с принтом "ДАЙКЕШ" - Тёмно-синий, XXL" = 0 (ИД 36579):
stock 0, quantity 0
2022-03-02T01:54:45+00:00 INFO Запрос на остатки https://online.moysklad.ru/api/remap/1.2/entity/assortment?filter=id=663a51c0-7851-11ec-0a80-03090045346a;id=6643e2de-7851-11ec-0a80-03090045346e;id=66342492-7851-11ec-0a80-030900453466;id=662068b3-7851-11ec-0a80-03090045345e;id=662a9b83-7851-11ec-0a80-030900453462;id=50cc09ef-6fa7-11ec-0a80-09e5008f67e6;id=50d00c3d-6fa7-11ec-0a80-09e5008f67eb;id=50c2b4a1-6fa7-11ec-0a80-09e5008f67d7;id=50c5f21e-6fa7-11ec-0a80-09e5008f67dc;id=50c90bc4-6fa7-11ec-0a80-09e5008f67e1;id=50b5cbab-6fa7-11ec-0a80-09e5008f67c3;id=50b97380-6fa7-11ec-0a80-09e5008f67c8;id=50bc87a0-6fa7-11ec-0a80-09e5008f67cd;id=50bf932c-6fa7-11ec-0a80-09e5008f67d2;id=24704bde-6ecc-11ec-0a80-069f00ea04e9;id=2463b444-6ecc-11ec-0a80-069f00ea04dd;id=2469225c-6ecc-11ec-0a80-069f00ea04e1;id=246c428c-6ecc-11ec-0a80-069f00ea04e5;id=8451b4c1-6eaf-11ec-0a80-0c050026c06b;id=facdd453-6ec5-11ec-0a80-05b700eca1dc
2022-03-02T01:54:45+00:00 INFO Остатки для продукта "Футболка"ROBOCLICK" - M" = 8 (ИД 36487):
stock 8, quantity 8
2022-03-02T01:54:45+00:00 INFO Остатки для продукта "Футболка"ROBOCLICK" - S" = 8 (ИД 36488):
stock 8, quantity 8
2022-03-02T01:54:46+00:00 INFO Остатки для продукта "Футболка"ROBOCLICK" - XL" = 9 (ИД 36489):
stock 9, quantity 9
2022-03-02T01:54:46+00:00 INFO Остатки для продукта "Футболка"ROBOCLICK" - XXL" = 5 (ИД 36490):
stock 5, quantity 5
2022-03-02T01:54:46+00:00 INFO Остатки для продукта "Костюм двойка "CLICKY FLOWER" - Голубой, M" = 12 (ИД 36554):
stock 12, quantity 12
2022-03-02T01:54:46+00:00 INFO Остатки для продукта "Костюм двойка "CLICKY FLOWER" - Голубой, S" = 12 (ИД 36555):
stock 12, quantity 12
2022-03-02T01:54:46+00:00 INFO Остатки для продукта "Костюм двойка "CLICKY FLOWER" - Голубой, XL" = 13 (ИД 36556):
stock 13, quantity 13
2022-03-02T01:54:46+00:00 INFO Остатки для продукта "Костюм двойка "CLICKY FLOWER" - Голубой, XXL" = 0 (ИД 36557):
stock 0, quantity 0
2022-03-02T01:54:46+00:00 INFO Остатки для продукта "Костюм двойка "CLICKY FLOWER" - Зелёный, L" = 12 (ИД 36558):
stock 12, quantity 12
2022-03-02T01:54:46+00:00 INFO Остатки для продукта "Костюм двойка "CLICKY FLOWER" - Зелёный, M" = 9 (ИД 36559):
stock 9, quantity 9
2022-03-02T01:54:46+00:00 INFO Остатки для продукта "Костюм двойка "CLICKY FLOWER" - Зелёный, S" = 11 (ИД 36560):
stock 11, quantity 11
2022-03-02T01:54:46+00:00 INFO Остатки для продукта "Костюм двойка "CLICKY FLOWER" - Зелёный, XL" = 12 (ИД 36568):
stock 12, quantity 12
2022-03-02T01:54:46+00:00 INFO Остатки для продукта "Костюм двойка "CLICKY FLOWER" - Зелёный, XXL" = 0 (ИД 36569):
stock 0, quantity 0
2022-03-02T01:54:46+00:00 INFO Остатки для продукта "Свитшот "INFINITY KIDS"" = 0 (ИД 36477):
stock 0, quantity 0
2022-03-02T01:54:47+00:00 INFO Остатки для продукта "Свитшот "PANDA Kids" - 4" = 35 (ИД 36711):
stock 35, quantity 35
2022-03-02T01:54:47+00:00 INFO Остатки для продукта "Свитшот "PANDA Kids" - 6" = 7 (ИД 36712):
stock 7, quantity 7
2022-03-02T01:54:47+00:00 INFO Остатки для продукта "Свитшот "PANDA Kids" - 7" = 23 (ИД 36713):
stock 23, quantity 23
2022-03-02T01:54:47+00:00 INFO Остатки для продукта "Свитшот "PANDA Kids" - 8" = 10 (ИД 36717):
stock 10, quantity 10
2022-03-02T01:54:47+00:00 INFO Остатки для продукта "Свитшот "PANDA Kids" - 9" = 22 (ИД 36718):
stock 22, quantity 22
2022-03-02T01:54:47+00:00 INFO Остатки для продукта "Свитшот "ROMB Woman"" = 0 (ИД 36480):
stock 0, quantity 0
2022-03-02T01:55:35+00:00 INFO Запрос на остатки https://online.moysklad.ru/api/remap/1.2/entity/assortment?filter=id=a83ef1c3-66d8-11ec-0a80-02aa0073f9cb;id=a841c7fb-66d8-11ec-0a80-02aa0073f9cf;id=a8444504-66d8-11ec-0a80-02aa0073f9d3;id=a83916f0-66d8-11ec-0a80-02aa0073f9c3;id=a83c10c2-66d8-11ec-0a80-02aa0073f9c7
2022-03-02T01:55:36+00:00 INFO Остатки для продукта "Футболка "SQUARE" - L" = 13 (ИД 36878):
stock 13, quantity 13
2022-03-02T01:55:36+00:00 INFO Остатки для продукта "Футболка "SQUARE" - M" = 9 (ИД 36879):
stock 9, quantity 9
2022-03-02T01:55:36+00:00 INFO Остатки для продукта "Футболка "SQUARE" - S" = 16 (ИД 36880):
stock 16, quantity 16
2022-03-02T01:55:36+00:00 INFO Остатки для продукта "Футболка "SQUARE" - XL" = 13 (ИД 36881):
stock 13, quantity 13
2022-03-02T01:55:36+00:00 INFO Остатки для продукта "Футболка "SQUARE" - XXL" = 15 (ИД 36882):
stock 15, quantity 15
2022-03-02T01:55:58+00:00 INFO Запрос на остатки https://online.moysklad.ru/api/remap/1.2/entity/assortment?filter=id=dc75e351-63e1-11ec-0a80-04fe003dc22d;id=dc79a59a-63e1-11ec-0a80-04fe003dc231;id=dc71e712-63e1-11ec-0a80-04fe003dc229;id=dc6ea453-63e1-11ec-0a80-04fe003dc223;id=dc6bdfd7-63e1-11ec-0a80-04fe003dc21f
2022-03-02T01:55:58+00:00 INFO Остатки для продукта "Костюм двойка "RED" - L" = 17 (ИД 36902):
stock 17, quantity 17
2022-03-02T01:55:58+00:00 INFO Остатки для продукта "Костюм двойка "RED" - M" = 20 (ИД 36906):
stock 20, quantity 20
2022-03-02T01:55:59+00:00 INFO Остатки для продукта "Костюм двойка "RED" - S" = 19 (ИД 36903):
stock 19, quantity 19
2022-03-02T01:55:59+00:00 INFO Остатки для продукта "Костюм двойка "RED" - XL" = 19 (ИД 36904):
stock 19, quantity 19
2022-03-02T01:55:59+00:00 INFO Остатки для продукта "Костюм двойка "RED" - XXL" = 20 (ИД 36905):
stock 20, quantity 20
2022-03-02T08:09:46+00:00 INFO Запрос на остатки https://online.moysklad.ru/api/remap/1.2/entity/assortment?filter=id=9dc5941b-8813-11ec-0a80-060400343478;id=0a04647d-7852-11ec-0a80-0c2600466ea3;id=0a0769be-7852-11ec-0a80-0c2600466ea7;id=09f72c17-7852-11ec-0a80-0c2600466e97;id=09fc2328-7852-11ec-0a80-0c2600466e9b;id=0a004457-7852-11ec-0a80-0c2600466e9f;id=0a1f2ecf-7857-11ec-0a80-023e004591eb;id=0a21364c-7857-11ec-0a80-023e004591ef;id=0a22e7a8-7857-11ec-0a80-023e004591f3;id=1c6a20a6-6f7f-11ec-0a80-069f00f289c1;id=1c625359-6f7f-11ec-0a80-069f00f289b5;id=1c654ff2-6f7f-11ec-0a80-069f00f289b9;id=1c67bd03-6f7f-11ec-0a80-069f00f289bd;id=29c9fcd9-6fa4-11ec-0a80-04fe00f825ad;id=29ccb4b7-6fa4-11ec-0a80-04fe00f825b2;id=29cfa9bf-6fa4-11ec-0a80-04fe00f825b7;id=29c37ade-6fa4-11ec-0a80-04fe00f825a3;id=29c72c43-6fa4-11ec-0a80-04fe00f825a8;id=0f8180f0-6fa4-11ec-0a80-05b700f7a0a2;id=140a1a73-6ec6-11ec-0a80-09e500834f90
2022-03-02T08:09:47+00:00 INFO Остатки для продукта "Свитшот "ROMB BOY" - 4" = 32 (ИД 36686):
stock 32, quantity 32
2022-03-02T08:09:47+00:00 INFO Остатки для продукта "Свитшот "ROMB BOY" - 6" = 32 (ИД 36687):
stock 32, quantity 32
2022-03-02T08:09:47+00:00 INFO Остатки для продукта "Свитшот "ROMB BOY" - 7" = 33 (ИД 36688):
stock 33, quantity 33
2022-03-02T08:09:47+00:00 INFO Остатки для продукта "Свитшот "PANDA" - L" = 21 (ИД 36689):
stock 21, quantity 21
2022-03-02T08:09:47+00:00 INFO Остатки для продукта "Свитшот "PANDA" - M" = 17 (ИД 36690):
stock 17, quantity 17
2022-03-02T08:09:47+00:00 INFO Остатки для продукта "Свитшот "PANDA" - S" = 19 (ИД 36691):
stock 19, quantity 19
2022-03-02T08:09:47+00:00 INFO Остатки для продукта "Свитшот "PANDA" - XL" = 17 (ИД 36692):
stock 17, quantity 17
2022-03-02T08:09:47+00:00 INFO Остатки для продукта "Свитшот "PANDA" - XXL" = 21 (ИД 36693):
stock 21, quantity 21
2022-03-02T08:09:47+00:00 INFO Остатки для продукта "Костюм двойка "Birdie"" = 0 (ИД 36516):
stock 0, quantity 0
2022-03-02T08:09:47+00:00 INFO Остатки для продукта "Костюм двойка "Birdie" - L, Синий" = 0 (ИД 36538):
stock 0, quantity 0
2022-03-02T08:09:48+00:00 INFO Остатки для продукта "Костюм двойка "Birdie" - M, Синий" = 1 (ИД 36539):
stock 1, quantity 1
2022-03-02T08:09:48+00:00 INFO Остатки для продукта "Костюм двойка "Birdie" - S, Синий" = 0 (ИД 36540):
stock 0, quantity 0
2022-03-02T08:09:48+00:00 INFO Остатки для продукта "Костюм двойка "Birdie" - XL, Синий" = 0 (ИД 36541):
stock 0, quantity 0
2022-03-02T08:09:48+00:00 INFO Остатки для продукта "Костюм двойка "Birdie" - XXL, Синий" = 0 (ИД 36542):
stock 0, quantity 0
2022-03-02T08:09:48+00:00 INFO Остатки для продукта "Костюм двойка "Casual"" = 0 (ИД 36769):
stock 0, quantity 0
2022-03-02T08:09:48+00:00 INFO Остатки для продукта "Шоппер - Айвори" = 4 (ИД 36611):
stock 4, quantity 4
2022-03-02T08:09:48+00:00 INFO Остатки для продукта "Шоппер - Коричневый" = 4 (ИД 36612):
stock 4, quantity 4
2022-03-02T08:09:48+00:00 INFO Остатки для продукта "Шоппер - Оранжевый" = 6 (ИД 36613):
stock 6, quantity 6
2022-03-02T08:09:48+00:00 INFO Остатки для продукта "Шоппер - Серый" = 3 (ИД 36614):
stock 3, quantity 3
2022-03-02T08:09:48+00:00 INFO Остатки для продукта "Свитшот "ROMB Woman" - L" = 19 (ИД 36511):
stock 19, quantity 19
2022-03-02T08:10:49+00:00 INFO Запрос на остатки https://online.moysklad.ru/api/remap/1.2/entity/assortment?filter=id=31e24fc1-6f9d-11ec-0a80-017800f7c41f;id=31e568f1-6f9d-11ec-0a80-017800f7c424;id=31e8626b-6f9d-11ec-0a80-017800f7c429;id=31eba4d9-6f9d-11ec-0a80-017800f7c42e;id=31ef1be5-6f9d-11ec-0a80-017800f7c433;id=31d9abdd-6f9d-11ec-0a80-017800f7c410;id=31dc8b32-6f9d-11ec-0a80-017800f7c415;id=31df8c7e-6f9d-11ec-0a80-017800f7c41a;id=31d3bf30-6f9d-11ec-0a80-017800f7c406;id=31d6eb9d-6f9d-11ec-0a80-017800f7c40b;id=140eb73a-6ec6-11ec-0a80-09e500834f9b;id=14125f8d-6ec6-11ec-0a80-09e500834fa3;id=141783f6-6ec6-11ec-0a80-09e500834fb1;id=141b0748-6ec6-11ec-0a80-09e500834fbc;id=2469225c-6ecc-11ec-0a80-069f00ea04e1;id=246c428c-6ecc-11ec-0a80-069f00ea04e5;id=24704bde-6ecc-11ec-0a80-069f00ea04e9;id=24603a1d-6ecc-11ec-0a80-069f00ea04d9;id=2463b444-6ecc-11ec-0a80-069f00ea04dd;id=19f31e57-6ee2-11ec-0a80-0ba400ed4f18
2022-03-02T08:10:49+00:00 INFO Остатки для продукта "Свитшот "Snowflake" - M" = 2 (ИД 36482):
stock 2, quantity 2
2022-03-02T08:10:49+00:00 INFO Остатки для продукта "Футболка"ROBOCLICK" - L" = 10 (ИД 36486):
stock 10, quantity 10
2022-03-02T08:10:49+00:00 INFO Остатки для продукта "Футболка"ROBOCLICK" - M" = 8 (ИД 36487):
stock 8, quantity 8
2022-03-02T08:10:49+00:00 INFO Остатки для продукта "Футболка"ROBOCLICK" - S" = 8 (ИД 36488):
stock 8, quantity 8
2022-03-02T08:10:49+00:00 INFO Остатки для продукта "Футболка"ROBOCLICK" - XL" = 9 (ИД 36489):
stock 9, quantity 9
2022-03-02T08:10:50+00:00 INFO Остатки для продукта "Футболка"ROBOCLICK" - XXL" = 5 (ИД 36490):
stock 5, quantity 5
2022-03-02T08:10:50+00:00 INFO Остатки для продукта "Свитшот "ROMB Woman" - M" = 17 (ИД 36512):
stock 17, quantity 17
2022-03-02T08:10:50+00:00 INFO Остатки для продукта "Свитшот "ROMB Woman" - S" = 21 (ИД 36513):
stock 21, quantity 21
2022-03-02T08:10:50+00:00 INFO Остатки для продукта "Свитшот "ROMB Woman" - XL" = 21 (ИД 36514):
stock 21, quantity 21
2022-03-02T08:10:50+00:00 INFO Остатки для продукта "Свитшот "ROMB Woman" - XXL" = 21 (ИД 36515):
stock 21, quantity 21
2022-03-02T08:10:50+00:00 INFO Остатки для продукта "Футболка с принтом "РАХМАТ" - Белый, L" = 9 (ИД 36543):
stock 9, quantity 9
2022-03-02T08:10:50+00:00 INFO Остатки для продукта "Футболка с принтом "РАХМАТ" - Белый, M" = 4 (ИД 36544):
stock 4, quantity 4
2022-03-02T08:10:50+00:00 INFO Остатки для продукта "Футболка с принтом "РАХМАТ" - Белый, S" = 5 (ИД 36545):
stock 5, quantity 5
2022-03-02T08:10:50+00:00 INFO Остатки для продукта "Футболка с принтом "РАХМАТ" - Белый, XL" = 3 (ИД 36546):
stock 3, quantity 3
2022-03-02T08:10:50+00:00 INFO Остатки для продукта "Футболка с принтом "РАХМАТ" - Белый, XXL" = 0 (ИД 36547):
stock 0, quantity 0
2022-03-02T08:10:50+00:00 INFO Остатки для продукта "Футболка с принтом "РАХМАТ" - Тёмно-синий, L" = 9 (ИД 36548):
stock 9, quantity 9
2022-03-02T08:10:50+00:00 INFO Остатки для продукта "Футболка с принтом "РАХМАТ" - Тёмно-синий, M" = 5 (ИД 36549):
stock 5, quantity 5
2022-03-02T08:10:50+00:00 INFO Остатки для продукта "Футболка с принтом "РАХМАТ" - Тёмно-синий, S" = 4 (ИД 36550):
stock 4, quantity 4
2022-03-02T08:10:50+00:00 INFO Остатки для продукта "Футболка с принтом "РАХМАТ" - Тёмно-синий, XL" = 4 (ИД 36551):
stock 4, quantity 4
2022-03-02T08:10:51+00:00 INFO Остатки для продукта "Футболка с принтом "РАХМАТ" - Тёмно-синий, XXL" = 0 (ИД 36552):
stock 0, quantity 0
2022-03-02T08:12:23+00:00 INFO Запрос на остатки https://online.moysklad.ru/api/remap/1.2/entity/assortment?filter=id=4d4ae043-7859-11ec-0a80-0c260047dae4;id=4d3f19c4-7859-11ec-0a80-0c260047dad4;id=4d41f42a-7859-11ec-0a80-0c260047dad8;id=4d447083-7859-11ec-0a80-0c260047dadc;id=4d47c308-7859-11ec-0a80-0c260047dae0;id=4c430264-6edf-11ec-0a80-05b700ef76a3;id=4c46851a-6edf-11ec-0a80-05b700ef76a7;id=4c4a3b5d-6edf-11ec-0a80-05b700ef76ab;id=4c4d026a-6edf-11ec-0a80-05b700ef76af;id=4a07e890-6f9e-11ec-0a80-0c0500348381;id=4a0a2670-6f9e-11ec-0a80-0c0500348386;id=4a0c6684-6f9e-11ec-0a80-0c050034838b;id=49ffa72b-6f9e-11ec-0a80-0c0500348365;id=4a01b0a0-6f9e-11ec-0a80-0c050034836a;id=4a03c32d-6f9e-11ec-0a80-0c050034836f;id=4a05c5d2-6f9e-11ec-0a80-0c0500348374;id=49f9307f-6f9e-11ec-0a80-0c0500348356;id=49fb8841-6f9e-11ec-0a80-0c050034835b;id=49fda42a-6f9e-11ec-0a80-0c0500348360;id=50b19dcc-6fa7-11ec-0a80-09e5008f67be
2022-03-02T08:12:23+00:00 INFO Остатки для продукта "Костюм двойка "CLICKY FLOWER" - Голубой, L" = 12 (ИД 36553):
stock 12, quantity 12
2022-03-02T08:12:23+00:00 INFO Остатки для продукта "Шапка "CLICK" - Горчичный" = 18 (ИД 36649):
stock 18, quantity 18
2022-03-02T08:12:23+00:00 INFO Остатки для продукта "Шапка "CLICK" - Красный" = 24 (ИД 36650):
stock 24, quantity 24
2022-03-02T08:12:23+00:00 INFO Остатки для продукта "Шапка "CLICK" - Серый" = 16 (ИД 36651):
stock 16, quantity 16
2022-03-02T08:12:23+00:00 INFO Остатки для продукта "Шапка "CLICK" - Синий" = 25 (ИД 36652):
stock 25, quantity 25
2022-03-02T08:12:23+00:00 INFO Остатки для продукта "Футболка "FLOWERS" - L" = 23 (ИД 36694):
stock 23, quantity 23
2022-03-02T08:12:23+00:00 INFO Остатки для продукта "Футболка "FLOWERS" - M" = 22 (ИД 36695):
stock 22, quantity 22
2022-03-02T08:12:23+00:00 INFO Остатки для продукта "Футболка "FLOWERS" - S" = 20 (ИД 36696):
stock 20, quantity 20
2022-03-02T08:12:24+00:00 INFO Остатки для продукта "Футболка "FLOWERS" - XL" = 31 (ИД 36697):
stock 31, quantity 31
2022-03-02T08:12:24+00:00 INFO Остатки для продукта "Футболка "FLOWERS" - XXL" = 0 (ИД 36705):
stock 0, quantity 0
2022-03-02T08:12:24+00:00 INFO Остатки для продукта "Футболка с принтом "ДАЙКЕШ" - Белый, L" = 10 (ИД 36570):
stock 10, quantity 10
2022-03-02T08:12:24+00:00 INFO Остатки для продукта "Футболка с принтом "ДАЙКЕШ" - Белый, M" = 5 (ИД 36571):
stock 5, quantity 5
2022-03-02T08:12:24+00:00 INFO Остатки для продукта "Футболка с принтом "ДАЙКЕШ" - Белый, S" = 4 (ИД 36572):
stock 4, quantity 4
2022-03-02T08:12:24+00:00 INFO Остатки для продукта "Футболка с принтом "ДАЙКЕШ" - Белый, XL" = 4 (ИД 36573):
stock 4, quantity 4
2022-03-02T08:12:24+00:00 INFO Остатки для продукта "Футболка с принтом "ДАЙКЕШ" - Белый, XXL" = 0 (ИД 36574):
stock 0, quantity 0
2022-03-02T08:12:24+00:00 INFO Остатки для продукта "Футболка с принтом "ДАЙКЕШ" - Тёмно-синий, L" = 8 (ИД 36575):
stock 8, quantity 8
2022-03-02T08:12:24+00:00 INFO Остатки для продукта "Футболка с принтом "ДАЙКЕШ" - Тёмно-синий, M" = 5 (ИД 36576):
stock 5, quantity 5
2022-03-02T08:12:24+00:00 INFO Остатки для продукта "Футболка с принтом "ДАЙКЕШ" - Тёмно-синий, S" = 5 (ИД 36577):
stock 5, quantity 5
2022-03-02T08:12:24+00:00 INFO Остатки для продукта "Футболка с принтом "ДАЙКЕШ" - Тёмно-синий, XL" = 5 (ИД 36578):
stock 5, quantity 5
2022-03-02T08:12:24+00:00 INFO Остатки для продукта "Футболка с принтом "ДАЙКЕШ" - Тёмно-синий, XXL" = 0 (ИД 36579):
stock 0, quantity 0
2022-03-02T08:12:45+00:00 INFO Запрос на остатки https://online.moysklad.ru/api/remap/1.2/entity/assortment?filter=id=663a51c0-7851-11ec-0a80-03090045346a;id=6643e2de-7851-11ec-0a80-03090045346e;id=66342492-7851-11ec-0a80-030900453466;id=662068b3-7851-11ec-0a80-03090045345e;id=662a9b83-7851-11ec-0a80-030900453462;id=50cc09ef-6fa7-11ec-0a80-09e5008f67e6;id=50d00c3d-6fa7-11ec-0a80-09e5008f67eb;id=50c2b4a1-6fa7-11ec-0a80-09e5008f67d7;id=50c5f21e-6fa7-11ec-0a80-09e5008f67dc;id=50c90bc4-6fa7-11ec-0a80-09e5008f67e1;id=50b5cbab-6fa7-11ec-0a80-09e5008f67c3;id=50b97380-6fa7-11ec-0a80-09e5008f67c8;id=50bc87a0-6fa7-11ec-0a80-09e5008f67cd;id=50bf932c-6fa7-11ec-0a80-09e5008f67d2;id=19f64b04-6ee2-11ec-0a80-0ba400ed4f1c;id=19f95438-6ee2-11ec-0a80-0ba400ed4f20;id=19fc578f-6ee2-11ec-0a80-0ba400ed4f24;id=19efa334-6ee2-11ec-0a80-0ba400ed4f14;id=5e511091-66d2-11ec-0a80-09e5000bd37e;id=5e539538-66d2-11ec-0a80-09e5000bd382
2022-03-02T08:12:46+00:00 INFO Остатки для продукта "Свитшот "Snowflake" - L" = 5 (ИД 36481):
stock 5, quantity 5
2022-03-02T08:12:46+00:00 INFO Остатки для продукта "Свитшот "Snowflake" - S" = 8 (ИД 36483):
stock 8, quantity 8
2022-03-02T08:12:46+00:00 INFO Остатки для продукта "Свитшот "Snowflake" - XL" = 6 (ИД 36484):
stock 6, quantity 6
2022-03-02T08:12:46+00:00 INFO Остатки для продукта "Свитшот "Snowflake" - XXL" = 5 (ИД 36485):
stock 5, quantity 5
2022-03-02T08:12:46+00:00 INFO Остатки для продукта "Костюм двойка "CLICKY FLOWER" - Голубой, M" = 12 (ИД 36554):
stock 12, quantity 12
2022-03-02T08:12:46+00:00 INFO Остатки для продукта "Костюм двойка "CLICKY FLOWER" - Голубой, S" = 12 (ИД 36555):
stock 12, quantity 12
2022-03-02T08:12:46+00:00 INFO Остатки для продукта "Костюм двойка "CLICKY FLOWER" - Голубой, XL" = 13 (ИД 36556):
stock 13, quantity 13
2022-03-02T08:12:46+00:00 INFO Остатки для продукта "Костюм двойка "CLICKY FLOWER" - Голубой, XXL" = 0 (ИД 36557):
stock 0, quantity 0
2022-03-02T08:12:46+00:00 INFO Остатки для продукта "Костюм двойка "CLICKY FLOWER" - Зелёный, L" = 12 (ИД 36558):
stock 12, quantity 12
2022-03-02T08:12:46+00:00 INFO Остатки для продукта "Костюм двойка "CLICKY FLOWER" - Зелёный, M" = 9 (ИД 36559):
stock 9, quantity 9
2022-03-02T08:12:46+00:00 INFO Остатки для продукта "Костюм двойка "CLICKY FLOWER" - Зелёный, S" = 11 (ИД 36560):
stock 11, quantity 11
2022-03-02T08:12:46+00:00 INFO Остатки для продукта "Костюм двойка "CLICKY FLOWER" - Зелёный, XL" = 12 (ИД 36568):
stock 12, quantity 12
2022-03-02T08:12:46+00:00 INFO Остатки для продукта "Костюм двойка "CLICKY FLOWER" - Зелёный, XXL" = 0 (ИД 36569):
stock 0, quantity 0
2022-03-02T08:12:47+00:00 INFO Остатки для продукта "Свитшот "CASHBASKBUSTERS" - XL" = 36 (ИД 36413):
stock 36, quantity 36
2022-03-02T08:12:47+00:00 INFO Остатки для продукта "Свитшот "CASHBASKBUSTERS" - XXL" = 19 (ИД 36414):
stock 19, quantity 19
2022-03-02T08:12:47+00:00 INFO Остатки для продукта "Свитшот "PANDA Kids" - 4" = 35 (ИД 36711):
stock 35, quantity 35
2022-03-02T08:12:47+00:00 INFO Остатки для продукта "Свитшот "PANDA Kids" - 6" = 7 (ИД 36712):
stock 7, quantity 7
2022-03-02T08:12:47+00:00 INFO Остатки для продукта "Свитшот "PANDA Kids" - 7" = 23 (ИД 36713):
stock 23, quantity 23
2022-03-02T08:12:47+00:00 INFO Остатки для продукта "Свитшот "PANDA Kids" - 8" = 10 (ИД 36717):
stock 10, quantity 10
2022-03-02T08:12:47+00:00 INFO Остатки для продукта "Свитшот "PANDA Kids" - 9" = 22 (ИД 36718):
stock 22, quantity 22
2022-03-02T08:14:23+00:00 INFO Запрос на остатки https://online.moysklad.ru/api/remap/1.2/entity/assortment?filter=id=6c8c161b-6f7c-11ec-0a80-0ba400f447a1;id=6c822647-6f7c-11ec-0a80-0ba400f44795;id=6c85f437-6f7c-11ec-0a80-0ba400f44799;id=6c890920-6f7c-11ec-0a80-0ba400f4479d;id=8d007502-72d0-11ec-0a80-09e500c1b4dd;id=7945da1e-72d0-11ec-0a80-0c050067a008;id=84005c0e-72d0-11ec-0a80-0c050067a146;id=8c536e50-6ee1-11ec-0a80-083800ec175a;id=8c55c6c8-6ee1-11ec-0a80-083800ec1760;id=8c4f4bd4-6ee1-11ec-0a80-083800ec1752;id=8c515284-6ee1-11ec-0a80-083800ec1756;id=8c4cea41-6ee1-11ec-0a80-083800ec174e;id=82ec7dbc-66df-11ec-0a80-08380073e125;id=82ef5b1c-66df-11ec-0a80-08380073e129;id=913c5017-6e01-11ec-0a80-0c05001cb969;id=913f9463-6e01-11ec-0a80-0c05001cb96d;id=82e3cc9c-66df-11ec-0a80-08380073e119;id=82e6a00c-66df-11ec-0a80-08380073e11d;id=82e99516-66df-11ec-0a80-08380073e121;id=5e48f168-66d2-11ec-0a80-09e5000bd372
2022-03-02T08:14:23+00:00 INFO Остатки для продукта "Рюкзак "CANDY" - Коричневый" = 5 (ИД 36658):
stock 5, quantity 5
2022-03-02T08:14:23+00:00 INFO Остатки для продукта "Рюкзак "CANDY" - Красный" = 4 (ИД 36659):
stock 4, quantity 4
2022-03-02T08:14:23+00:00 INFO Остатки для продукта "Рюкзак "CANDY" - Розовый" = 4 (ИД 36660):
stock 4, quantity 4
2022-03-02T08:14:24+00:00 INFO Остатки для продукта "Рюкзак "CANDY" - Светло-розовый" = 4 (ИД 36668):
stock 4, quantity 4
2022-03-02T08:14:24+00:00 INFO Остатки для продукта "Свитшот "CASHBASKBUSTERS" - L" = 19 (ИД 36410):
stock 19, quantity 19
2022-03-02T08:14:24+00:00 INFO Остатки для продукта "Сумка для ноутбука - Коричневый" = 9 (ИД 36415):
stock 9, quantity 9
2022-03-02T08:14:24+00:00 INFO Остатки для продукта "Сумка для ноутбука - Черный" = 9 (ИД 36416):
stock 9, quantity 9
2022-03-02T08:14:24+00:00 INFO Остатки для продукта "Футболка "White CLICK" - L" = 13 (ИД 36417):
stock 13, quantity 13
2022-03-02T08:14:24+00:00 INFO Остатки для продукта "Футболка "White CLICK" - M" = 14 (ИД 36418):
stock 14, quantity 14
2022-03-02T08:14:24+00:00 INFO Остатки для продукта "Футболка "White CLICK" - S" = 17 (ИД 36419):
stock 17, quantity 17
2022-03-02T08:14:24+00:00 INFO Остатки для продукта "Футболка "White CLICK" - XL" = 15 (ИД 36420):
stock 15, quantity 15
2022-03-02T08:14:24+00:00 INFO Остатки для продукта "Футболка "White CLICK" - XXL" = 17 (ИД 36421):
stock 17, quantity 17
2022-03-02T08:14:24+00:00 INFO Остатки для продукта "Свитшот "New Year Tree" - L" = 9 (ИД 36493):
stock 9, quantity 9
2022-03-02T08:14:24+00:00 INFO Остатки для продукта "Свитшот "New Year Tree" - M" = 11 (ИД 36494):
stock 11, quantity 11
2022-03-02T08:14:24+00:00 INFO Остатки для продукта "Свитшот "New Year Tree" - S" = 3 (ИД 36495):
stock 3, quantity 3
2022-03-02T08:14:24+00:00 INFO Остатки для продукта "Свитшот "New Year Tree" - XL" = 8 (ИД 36496):
stock 8, quantity 8
2022-03-02T08:14:24+00:00 INFO Остатки для продукта "Свитшот "New Year Tree" - XXL" = 4 (ИД 36497):
stock 4, quantity 4
2022-03-02T08:14:24+00:00 INFO Остатки для продукта "Костюм двойка"ICONS" - Серый, S" = 13 (ИД 36644):
stock 13, quantity 13
2022-03-02T08:14:24+00:00 INFO Остатки для продукта "Костюм двойка"ICONS" - Серый, M" = 11 (ИД 36645):
stock 11, quantity 11
2022-03-02T08:14:25+00:00 INFO Остатки для продукта "Костюм двойка"ICONS" - Серый, L" = 12 (ИД 36646):
stock 12, quantity 12
2022-03-02T08:14:46+00:00 INFO Запрос на остатки https://online.moysklad.ru/api/remap/1.2/entity/assortment?filter=id=98e58146-8814-11ec-0a80-02040033c4d8;id=98ce5f83-8814-11ec-0a80-02040033c4ab;id=98d1a9c0-8814-11ec-0a80-02040033c4b0;id=98d534da-8814-11ec-0a80-02040033c4bc;id=98d8a6e3-8814-11ec-0a80-02040033c4c2;id=98dba295-8814-11ec-0a80-02040033c4c7;id=98de60df-8814-11ec-0a80-02040033c4cc;id=98e1bbf2-8814-11ec-0a80-02040033c4d1;id=98c6dc74-8814-11ec-0a80-02040033c4a1;id=98cae247-8814-11ec-0a80-02040033c4a6;id=9ac81ddd-72d0-11ec-0a80-05b7012b2c14;id=93e524d8-72d0-11ec-0a80-04fe012c1178;id=929e3931-6f9c-11ec-0a80-09e5008eb0d6;id=92a12373-6f9c-11ec-0a80-09e5008eb0db;id=92a45bea-6f9c-11ec-0a80-09e5008eb0e2;id=929b14ed-6f9c-11ec-0a80-09e5008eb0d1;id=9287acc2-6f9c-11ec-0a80-09e5008eb0b3;id=928b0326-6f9c-11ec-0a80-09e5008eb0b8;id=928dd1e6-6f9c-11ec-0a80-09e5008eb0bd;id=9290ecd5-6f9c-11ec-0a80-09e5008eb0c2
2022-03-02T08:14:47+00:00 INFO Остатки для продукта "Костюм двойка "Casual Bling" - Светлый принт, L" = 7 (ИД 36789):
stock 7, quantity 7
2022-03-02T08:14:47+00:00 INFO Остатки для продукта "Костюм двойка "Casual Bling" - Светлый принт, M" = 6 (ИД 36790):
stock 6, quantity 6
2022-03-02T08:14:47+00:00 INFO Остатки для продукта "Костюм двойка "Casual Bling" - Светлый принт, S" = 5 (ИД 36791):
stock 5, quantity 5
2022-03-02T08:14:47+00:00 INFO Остатки для продукта "Костюм двойка "Casual Bling" - Светлый принт, XL" = 6 (ИД 36792):
stock 6, quantity 6
2022-03-02T08:14:47+00:00 INFO Остатки для продукта "Костюм двойка "Casual Bling" - Светлый принт, XXL" = 0 (ИД 36793):
stock 0, quantity 0
2022-03-02T08:14:47+00:00 INFO Остатки для продукта "Костюм двойка "Casual Bling" - Тёмный принт, L" = 7 (ИД 36794):
stock 7, quantity 7
2022-03-02T08:14:47+00:00 INFO Остатки для продукта "Костюм двойка "Casual Bling" - Тёмный принт, M" = 6 (ИД 36795):
stock 6, quantity 6
2022-03-02T08:14:47+00:00 INFO Остатки для продукта "Костюм двойка "Casual Bling" - Тёмный принт, S" = 6 (ИД 36796):
stock 6, quantity 6
2022-03-02T08:14:47+00:00 INFO Остатки для продукта "Костюм двойка "Casual Bling" - Тёмный принт, XL" = 6 (ИД 36797):
stock 6, quantity 6
2022-03-02T08:14:47+00:00 INFO Остатки для продукта "Костюм двойка "Casual Bling" - Тёмный принт, XXL" = 0 (ИД 36798):
stock 0, quantity 0
2022-03-02T08:14:47+00:00 INFO Остатки для продукта "Футболка с принтом"NAQDBER" - Белый, L" = 10 (ИД 36589):
stock 10, quantity 10
2022-03-02T08:14:48+00:00 INFO Остатки для продукта "Футболка с принтом"NAQDBER" - Белый, M" = 4 (ИД 36590):
stock 4, quantity 4
2022-03-02T08:14:48+00:00 INFO Остатки для продукта "Футболка с принтом"NAQDBER" - Белый, S" = 5 (ИД 36591):
stock 5, quantity 5
2022-03-02T08:14:48+00:00 INFO Остатки для продукта "Футболка с принтом"NAQDBER" - Белый, XL" = 4 (ИД 36592):
stock 4, quantity 4
2022-03-02T08:14:48+00:00 INFO Остатки для продукта "Футболка с принтом"NAQDBER" - Тёмно-синий, M" = 5 (ИД 36595):
stock 5, quantity 5
2022-03-02T08:14:48+00:00 INFO Остатки для продукта "Футболка с принтом"NAQDBER" - Тёмно-синий, S" = 5 (ИД 36598):
stock 5, quantity 5
2022-03-02T08:14:48+00:00 INFO Остатки для продукта "Футболка с принтом"NAQDBER" - Тёмно-синий, XL" = 5 (ИД 36599):
stock 5, quantity 5
2022-03-02T08:14:48+00:00 INFO Остатки для продукта "Футболка с принтом"NAQDBER" - Тёмно-синий, XXL" = 0 (ИД 36600):
stock 0, quantity 0
2022-03-02T08:14:48+00:00 INFO Остатки для продукта "Костюм двойка"ICONS" - Серый, XL" = 10 (ИД 36647):
stock 10, quantity 10
2022-03-02T08:14:48+00:00 INFO Остатки для продукта "Костюм двойка"ICONS" - Серый, XXL" = 0 (ИД 36648):
stock 0, quantity 0
2022-03-02T08:16:22+00:00 INFO Запрос на остатки https://online.moysklad.ru/api/remap/1.2/entity/assortment?filter=id=bd6e4f51-8813-11ec-0a80-020400339afd;id=bd729e17-8813-11ec-0a80-020400339b02;id=bd76ea74-8813-11ec-0a80-020400339b07;id=bd643f26-8813-11ec-0a80-020400339aee;id=bd67be18-8813-11ec-0a80-020400339af3;id=bd6b10e1-8813-11ec-0a80-020400339af8;id=bd60f2e9-8813-11ec-0a80-020400339ae9;id=acbcc917-6f9d-11ec-0a80-017800f7cd41;id=acc06a72-6f9d-11ec-0a80-017800f7cd46;id=acc4268b-6f9d-11ec-0a80-017800f7cd4b;id=acc794db-6f9d-11ec-0a80-017800f7cd50;id=aca5621a-6f9d-11ec-0a80-017800f7cd23;id=aca92a48-6f9d-11ec-0a80-017800f7cd28;id=acad2625-6f9d-11ec-0a80-017800f7cd2d;id=acb0e381-6f9d-11ec-0a80-017800f7cd32;id=acb4e106-6f9d-11ec-0a80-017800f7cd37;id=acb8d9d1-6f9d-11ec-0a80-017800f7cd3c;id=92943a66-6f9c-11ec-0a80-09e5008eb0c7;id=92977859-6f9c-11ec-0a80-09e5008eb0cc;id=a88809d6-6f7d-11ec-0a80-09e5008cdf82
2022-03-02T08:16:23+00:00 INFO Остатки для продукта "Рюкзак "CLICK" - Синий" = 8 (ИД 36585):
stock 8, quantity 8
2022-03-02T08:16:23+00:00 INFO Остатки для продукта "Футболка с принтом"NAQDBER" - Белый, XXL" = 0 (ИД 36593):
stock 0, quantity 0
2022-03-02T08:16:23+00:00 INFO Остатки для продукта "Футболка с принтом"NAQDBER" - Тёмно-синий, L" = 10 (ИД 36594):
stock 10, quantity 10
2022-03-02T08:16:23+00:00 INFO Остатки для продукта "Костюм двойка "Casual" - Светлый принт, L" = 5 (ИД 36799):
stock 5, quantity 5
2022-03-02T08:16:23+00:00 INFO Остатки для продукта "Костюм двойка "Casual" - Светлый принт, M" = 6 (ИД 36800):
stock 6, quantity 6
2022-03-02T08:16:23+00:00 INFO Остатки для продукта "Костюм двойка "Casual" - Светлый принт, S" = 6 (ИД 36801):
stock 6, quantity 6
2022-03-02T08:16:23+00:00 INFO Остатки для продукта "Костюм двойка "Casual" - Светлый принт, XL" = 7 (ИД 36802):
stock 7, quantity 7
2022-03-02T08:16:23+00:00 INFO Остатки для продукта "Костюм двойка "Casual" - Светлый принт, XXL" = 0 (ИД 36810):
stock 0, quantity 0
2022-03-02T08:16:23+00:00 INFO Остатки для продукта "Костюм двойка "Casual" - Тёмный принт, L" = 6 (ИД 36811):
stock 6, quantity 6
2022-03-02T08:16:23+00:00 INFO Остатки для продукта "Костюм двойка "Casual" - Тёмный принт, M" = 6 (ИД 36812):
stock 6, quantity 6
2022-03-02T08:16:23+00:00 INFO Остатки для продукта "Футболка с принтом "CLICKOВЕЦ" - Белый, L" = 9 (ИД 36601):
stock 9, quantity 9
2022-03-02T08:16:23+00:00 INFO Остатки для продукта "Футболка с принтом "CLICKOВЕЦ" - Белый, M" = 5 (ИД 36602):
stock 5, quantity 5
2022-03-02T08:16:23+00:00 INFO Остатки для продукта "Футболка с принтом "CLICKOВЕЦ" - Белый, S" = 5 (ИД 36603):
stock 5, quantity 5
2022-03-02T08:16:24+00:00 INFO Остатки для продукта "Футболка с принтом "CLICKOВЕЦ" - Белый, XL" = 2 (ИД 36604):
stock 2, quantity 2
2022-03-02T08:16:24+00:00 INFO Остатки для продукта "Футболка с принтом "CLICKOВЕЦ" - Белый, XXL" = 0 (ИД 36605):
stock 0, quantity 0
2022-03-02T08:16:24+00:00 INFO Остатки для продукта "Футболка с принтом "CLICKOВЕЦ" - Тёмно-синий, L" = 7 (ИД 36606):
stock 7, quantity 7
2022-03-02T08:16:24+00:00 INFO Остатки для продукта "Футболка с принтом "CLICKOВЕЦ" - Тёмно-синий, M" = 5 (ИД 36607):
stock 5, quantity 5
2022-03-02T08:16:24+00:00 INFO Остатки для продукта "Футболка с принтом "CLICKOВЕЦ" - Тёмно-синий, S" = 5 (ИД 36608):
stock 5, quantity 5
2022-03-02T08:16:24+00:00 INFO Остатки для продукта "Футболка с принтом "CLICKOВЕЦ" - Тёмно-синий, XL" = 2 (ИД 36609):
stock 2, quantity 2
2022-03-02T08:16:24+00:00 INFO Остатки для продукта "Футболка с принтом "CLICKOВЕЦ" - Тёмно-синий, XXL" = 0 (ИД 36610):
stock 0, quantity 0
2022-03-02T08:17:22+00:00 INFO Запрос на остатки https://online.moysklad.ru/api/remap/1.2/entity/assortment?filter=id=c754fbea-8801-11ec-0a80-00ca002f3a7a;id=c75a273a-8801-11ec-0a80-00ca002f3a81;id=bd7d4c6a-8813-11ec-0a80-020400339b11;id=bd80af63-8813-11ec-0a80-020400339b16;id=bd7a0e9d-8813-11ec-0a80-020400339b0c;id=da4efdaf-7857-11ec-0a80-06bd00478bbb;id=da522deb-7857-11ec-0a80-06bd00478bbf;id=da54aded-7857-11ec-0a80-06bd00478bc3;id=da57de15-7857-11ec-0a80-06bd00478bc7;id=da5ba39e-7857-11ec-0a80-06bd00478bcb;id=c3833b59-7859-11ec-0a80-042a0047cbb8;id=c385cf5a-7859-11ec-0a80-042a0047cbbc;id=c387fec3-7859-11ec-0a80-042a0047cbc0;id=c38a0fa2-7859-11ec-0a80-042a0047cbc4;id=c37fdce4-7859-11ec-0a80-042a0047cbb4;id=c51b7de9-6fa2-11ec-0a80-04fe00f80ecd;id=c51de883-6fa2-11ec-0a80-04fe00f80ed2;id=b82c4b8a-6f79-11ec-0a80-0ba400f43918;id=b82fb704-6f79-11ec-0a80-0ba400f4391c;id=b832f361-6f79-11ec-0a80-0ba400f43920
2022-03-02T08:17:22+00:00 INFO Остатки для продукта "Рюкзак "CANDY" ромб - Красный" = 4 (ИД 36581):
stock 4, quantity 4
2022-03-02T08:17:23+00:00 INFO Остатки для продукта "Рюкзак "CANDY" ромб - Розовый" = 3 (ИД 36582):
stock 3, quantity 3
2022-03-02T08:17:23+00:00 INFO Остатки для продукта "Рюкзак "CANDY" ромб - Светло-розовый" = 3 (ИД 36583):
stock 3, quantity 3
2022-03-02T08:17:23+00:00 INFO Остатки для продукта "Свитшот "ROMB Girl" - 8, Синий" = 35 (ИД 36587):
stock 35, quantity 35
2022-03-02T08:17:23+00:00 INFO Остатки для продукта "Свитшот "ROMB Girl" - 9, Синий" = 34 (ИД 36588):
stock 34, quantity 34
2022-03-02T08:17:23+00:00 INFO Остатки для продукта "Костюм двойка "Casual" - Тёмный принт, S" = 7 (ИД 36813):
stock 7, quantity 7
2022-03-02T08:17:23+00:00 INFO Остатки для продукта "Костюм двойка "Casual" - Тёмный принт, XL" = 7 (ИД 36814):
stock 7, quantity 7
2022-03-02T08:17:23+00:00 INFO Остатки для продукта "Костюм двойка "Casual" - Тёмный принт, XXL" = 0 (ИД 36815):
stock 0, quantity 0
2022-03-02T08:17:23+00:00 INFO Остатки для продукта "Худи "CLICKY Women" - L" = 24 (ИД 36724):
stock 24, quantity 24
2022-03-02T08:17:23+00:00 INFO Остатки для продукта "Худи "CLICKY Women" - M" = 23 (ИД 36725):
stock 23, quantity 23
2022-03-02T08:17:23+00:00 INFO Остатки для продукта "Худи "CLICKY Women" - S" = 24 (ИД 36726):
stock 24, quantity 24
2022-03-02T08:17:23+00:00 INFO Остатки для продукта "Худи "CLICKY Women" - XL" = 26 (ИД 36727):
stock 26, quantity 26
2022-03-02T08:17:23+00:00 INFO Остатки для продукта "Худи "CLICKY Women" - XXL" = 0 (ИД 36728):
stock 0, quantity 0
2022-03-02T08:17:23+00:00 INFO Остатки для продукта "Чехол для телефона "ICONS" - iPhone 12 PRO, Мульти" = 23 (ИД 36821):
stock 23, quantity 23
2022-03-02T08:17:23+00:00 INFO Остатки для продукта "Чехол для телефона "ICONS" - iPhone 12 PRO MAX, Мульти" = 0 (ИД 36822):
stock 0, quantity 0
2022-03-02T08:17:24+00:00 INFO Остатки для продукта "Свитшот "ROMB MAN" - L" = 20 (ИД 36734):
stock 20, quantity 20
2022-03-02T08:17:24+00:00 INFO Остатки для продукта "Свитшот "ROMB MAN" - M" = 23 (ИД 36735):
stock 23, quantity 23
2022-03-02T08:17:24+00:00 INFO Остатки для продукта "Свитшот "ROMB MAN" - S" = 17 (ИД 36736):
stock 17, quantity 17
2022-03-02T08:17:24+00:00 INFO Остатки для продукта "Свитшот "ROMB MAN" - XL" = 20 (ИД 36737):
stock 20, quantity 20
2022-03-02T08:17:24+00:00 INFO Остатки для продукта "Свитшот "ROMB MAN" - XXL" = 19 (ИД 36738):
stock 19, quantity 19
2022-03-02T08:18:22+00:00 INFO Запрос на остатки https://online.moysklad.ru/api/remap/1.2/entity/assortment?filter=id=e54660b7-6f9b-11ec-0a80-069f00f42818;id=e53c87aa-6f9b-11ec-0a80-069f00f42809;id=e53fb8a3-6f9b-11ec-0a80-069f00f4280e;id=e542e671-6f9b-11ec-0a80-069f00f42813;id=e5395afd-6f9b-11ec-0a80-069f00f42804;id=da71a4c4-6f96-11ec-0a80-0ba400f586f3;id=da761292-6f96-11ec-0a80-0ba400f586f8;id=da7b3aaf-6f96-11ec-0a80-0ba400f586fd;id=da7ebf9a-6f96-11ec-0a80-0ba400f58702;id=da83a7ab-6f96-11ec-0a80-0ba400f58707;id=e52e94e7-6f9b-11ec-0a80-069f00f427fa;id=e5327eaa-6f9b-11ec-0a80-069f00f427ff;id=a8841344-6f7d-11ec-0a80-09e5008cdf7e;id=b82895c0-6f79-11ec-0a80-0ba400f43914;id=c517ce5f-6fa2-11ec-0a80-04fe00f80ec8;id=9c2831c8-6ede-11ec-0a80-0da100f261cc;id=9c2abdbc-6ede-11ec-0a80-0da100f261d0;id=9c2df9cb-6ede-11ec-0a80-0da100f261d4;id=9c317be9-6ede-11ec-0a80-0da100f261d9;id=9c252ad9-6ede-11ec-0a80-0da100f261c8
2022-03-02T08:18:22+00:00 INFO Остатки для продукта "Рюкзак "CANDY" ромб - Коричневый" = 4 (ИД 36580):
stock 4, quantity 4
2022-03-02T08:18:23+00:00 INFO Остатки для продукта "Рюкзак "CLICK" - Красный" = 10 (ИД 36584):
stock 10, quantity 10
2022-03-02T08:18:23+00:00 INFO Остатки для продукта "Свитшот "ROMB Girl" - 4, Синий" = 34 (ИД 36586):
stock 34, quantity 34
2022-03-02T08:18:23+00:00 INFO Остатки для продукта "Футболка белая "CLICK" HR - L" = 35 (ИД 36501):
stock 35, quantity 35
2022-03-02T08:18:23+00:00 INFO Остатки для продукта "Футболка белая "CLICK" HR - M" = 34 (ИД 36502):
stock 34, quantity 34
2022-03-02T08:18:23+00:00 INFO Остатки для продукта "Футболка белая "CLICK" HR - S" = 10 (ИД 36503):
stock 10, quantity 10
2022-03-02T08:18:23+00:00 INFO Остатки для продукта "Футболка белая "CLICK" HR - XL" = 19 (ИД 36504):
stock 19, quantity 19
2022-03-02T08:18:23+00:00 INFO Остатки для продукта "Футболка белая "CLICK" HR - XXL" = 0 (ИД 36505):
stock 0, quantity 0
2022-03-02T08:18:23+00:00 INFO Остатки для продукта "Футболка с принтом "РАХМАТ" - Тёмно-синий, L" = 9 (ИД 36620):
stock 9, quantity 9
2022-03-02T08:18:23+00:00 INFO Остатки для продукта "Футболка с принтом "РАХМАТ" - Тёмно-синий, M" = 5 (ИД 36621):
stock 5, quantity 5
2022-03-02T08:18:23+00:00 INFO Остатки для продукта "Футболка с принтом "РАХМАТ" - Тёмно-синий, S" = 5 (ИД 36622):
stock 5, quantity 5
2022-03-02T08:18:23+00:00 INFO Остатки для продукта "Футболка с принтом "РАХМАТ" - Тёмно-синий, XL" = 3 (ИД 36623):
stock 3, quantity 3
2022-03-02T08:18:23+00:00 INFO Остатки для продукта "Футболка с принтом "РАХМАТ" - Тёмно-синий, XXL" = 0 (ИД 36624):
stock 0, quantity 0
2022-03-02T08:18:23+00:00 INFO Остатки для продукта "Футболка спринтом "CLICKCHI" - Белый, L" = 7 (ИД 36625):
stock 7, quantity 7
2022-03-02T08:18:23+00:00 INFO Остатки для продукта "Футболка спринтом "CLICKCHI" - Белый, M" = 5 (ИД 36626):
stock 5, quantity 5
2022-03-02T08:18:24+00:00 INFO Остатки для продукта "Футболка спринтом "CLICKCHI" - Белый, S" = 4 (ИД 36627):
stock 4, quantity 4
2022-03-02T08:18:24+00:00 INFO Остатки для продукта "Футболка спринтом "CLICKCHI" - Белый, XL" = 3 (ИД 36631):
stock 3, quantity 3
2022-03-02T08:18:24+00:00 INFO Остатки для продукта "Футболка спринтом "CLICKCHI" - Белый, XXL" = 0 (ИД 36632):
stock 0, quantity 0
2022-03-02T08:18:24+00:00 INFO Остатки для продукта "Футболка спринтом "CLICKCHI" - Тёмно-синий, L" = 11 (ИД 36633):
stock 11, quantity 11
2022-03-02T08:18:24+00:00 INFO Остатки для продукта "Футболка спринтом "CLICKCHI" - Тёмно-синий, M" = 5 (ИД 36634):
stock 5, quantity 5
2022-03-02T08:18:44+00:00 INFO Запрос на остатки https://online.moysklad.ru/api/remap/1.2/entity/assortment?filter=id=f0f87aa8-8800-11ec-0a80-07b7002efa7d;id=f10387c0-8800-11ec-0a80-07b7002efa85;id=f10664e6-8800-11ec-0a80-07b7002efa8a;id=f10a4f05-8800-11ec-0a80-07b7002efa8f;id=f0f4de17-8800-11ec-0a80-07b7002efa78;id=efe74373-85aa-11ec-0a80-0e24000b691b;id=efeb8b0a-85aa-11ec-0a80-0e24000b6920;id=eff048c2-85aa-11ec-0a80-0e24000b6925;id=efe37d76-85aa-11ec-0a80-0e24000b6916;id=efc5dedf-85aa-11ec-0a80-0e24000b68f4;id=efcd2e99-85aa-11ec-0a80-0e24000b68f9;id=efd1f308-85aa-11ec-0a80-0e24000b68fe;id=efd5f645-85aa-11ec-0a80-0e24000b6907;id=efdb714f-85aa-11ec-0a80-0e24000b690c;id=efdf5a7b-85aa-11ec-0a80-0e24000b6911;id=e549b4cf-6f9b-11ec-0a80-069f00f4281d;id=e54cce7a-6f9b-11ec-0a80-069f00f42822;id=e54faff8-6f9b-11ec-0a80-069f00f4282e;id=e6bc1c53-6ecd-11ec-0a80-083800e9ef36;id=e6c65831-6ecd-11ec-0a80-083800e9ef3b
2022-03-02T08:18:45+00:00 INFO Остатки для продукта "Чехол для телефона "CHIP" - Samsung Galaxy A 51, Мульти" = 23 (ИД 36784):
stock 23, quantity 23
2022-03-02T08:18:45+00:00 INFO Остатки для продукта "Чехол для телефона "CHIP" - Xiaomi Poco X3, Мульти" = 47 (ИД 36785):
stock 47, quantity 47
2022-03-02T08:18:45+00:00 INFO Остатки для продукта "Чехол для телефона "CHIP" - Xiaomi REDMI NOTE 10, Мульти" = 23 (ИД 36786):
stock 23, quantity 23
2022-03-02T08:18:45+00:00 INFO Остатки для продукта "Чехол для телефона "CHIP" - iPhone 12 PRO, Мульти" = 46 (ИД 36787):
stock 46, quantity 46
2022-03-02T08:18:45+00:00 INFO Остатки для продукта "Чехол для телефона "CHIP" - iPhone 12 PRO MAX, Мульти" = 23 (ИД 36788):
stock 23, quantity 23
2022-03-02T08:18:45+00:00 INFO Остатки для продукта "Футболка спринтом "CLICKCHI" - Тёмно-синий, S" = 0 (ИД 36635):
stock 0, quantity 0
2022-03-02T08:18:45+00:00 INFO Остатки для продукта "Футболка спринтом "CLICKCHI" - Тёмно-синий, XL" = 5 (ИД 36636):
stock 5, quantity 5
2022-03-02T08:18:45+00:00 INFO Остатки для продукта "Футболка спринтом "CLICKCHI" - Тёмно-синий, XXL" = 0 (ИД 36637):
stock 0, quantity 0
2022-03-02T08:18:46+00:00 INFO Остатки для продукта "Футболка(без принта, тёмно-синяя) HR - XL" = 19 (ИД 36509):
stock 19, quantity 19
2022-03-02T08:18:46+00:00 INFO Остатки для продукта "Футболка(без принта, тёмно-синяя) HR - XXL" = 0 (ИД 36510):
stock 0, quantity 0
2022-03-02T08:18:46+00:00 INFO Остатки для продукта "Свитшот "HEART" - Белый, L" = 13 (ИД 36756):
stock 13, quantity 13
2022-03-02T08:18:46+00:00 INFO Остатки для продукта "Свитшот "HEART" - Белый, M" = 13 (ИД 36757):
stock 13, quantity 13
2022-03-02T08:18:46+00:00 INFO Остатки для продукта "Свитшот "HEART" - Белый, S" = 13 (ИД 36758):
stock 13, quantity 13
2022-03-02T08:18:46+00:00 INFO Остатки для продукта "Свитшот "HEART" - Белый, XL" = 11 (ИД 36759):
stock 11, quantity 11
2022-03-02T08:18:46+00:00 INFO Остатки для продукта "Свитшот "HEART" - Белый, XXL" = 0 (ИД 36760):
stock 0, quantity 0
2022-03-02T08:18:46+00:00 INFO Остатки для продукта "Свитшот "HEART" - Красный, L" = 13 (ИД 36761):
stock 13, quantity 13
2022-03-02T08:18:46+00:00 INFO Остатки для продукта "Свитшот "HEART" - Красный, M" = 13 (ИД 36762):
stock 13, quantity 13
2022-03-02T08:18:46+00:00 INFO Остатки для продукта "Свитшот "HEART" - Красный, S" = 12 (ИД 36763):
stock 12, quantity 12
2022-03-02T08:18:46+00:00 INFO Остатки для продукта "Свитшот "HEART" - Красный, XL" = 12 (ИД 36764):
stock 12, quantity 12
2022-03-02T08:18:46+00:00 INFO Остатки для продукта "Свитшот "HEART" - Красный, XXL" = 0 (ИД 36765):
stock 0, quantity 0
2022-03-02T08:19:30+00:00 INFO Запрос на остатки https://online.moysklad.ru/api/remap/1.2/entity/assortment?filter=id=f8182070-6fa4-11ec-0a80-00c400f61e1b;id=f81577ed-6fa4-11ec-0a80-00c400f61e17;id=f80c58a7-6fa4-11ec-0a80-00c400f61e0a;id=f80f87f5-6fa4-11ec-0a80-00c400f61e0e;id=f812afd1-6fa4-11ec-0a80-00c400f61e13;id=e6b236fa-6ecd-11ec-0a80-083800e9ef2a;id=e6b5ac64-6ecd-11ec-0a80-083800e9ef2e;id=e6b9111b-6ecd-11ec-0a80-083800e9ef32;id=f18152b8-6eaf-11ec-0a80-04fe00e95a89;id=f1849823-6eaf-11ec-0a80-04fe00e95a8d;id=f1879004-6eaf-11ec-0a80-04fe00e95a91;id=f315ca50-66d9-11ec-0a80-0ba40071c30d;id=fb68d31b-6495-11ec-0a80-05b7004f130a;id=fb6b3730-6495-11ec-0a80-05b7004f130e;id=fb6e002f-6495-11ec-0a80-05b7004f1312;id=f30abaef-66d9-11ec-0a80-0ba40071c2fd;id=f30de3b1-66d9-11ec-0a80-0ba40071c301;id=f310919e-66d9-11ec-0a80-0ba40071c305;id=f31318fd-66d9-11ec-0a80-0ba40071c309;id=fb64077e-6495-11ec-0a80-05b7004f1302
2022-03-02T08:19:31+00:00 INFO Остатки для продукта "Свитшот "INFINITY KIDS" - 4" = 32 (ИД 36498):
stock 32, quantity 32
2022-03-02T08:19:31+00:00 INFO Остатки для продукта "Свитшот "INFINITY KIDS" - 8" = 34 (ИД 36499):
stock 34, quantity 34
2022-03-02T08:19:31+00:00 INFO Остатки для продукта "Свитшот "INFINITY KIDS" - 9" = 33 (ИД 36500):
stock 33, quantity 33
2022-03-02T08:19:31+00:00 INFO Остатки для продукта "Футболка(без принта, тёмно-синяя) HR - L" = 44 (ИД 36506):
stock 44, quantity 44
2022-03-02T08:19:31+00:00 INFO Остатки для продукта "Футболка(без принта, тёмно-синяя) HR - M" = 14 (ИД 36507):
stock 14, quantity 14
2022-03-02T08:19:31+00:00 INFO Остатки для продукта "Футболка(без принта, тёмно-синяя) HR - S" = 43 (ИД 36508):
stock 43, quantity 43
2022-03-02T08:19:31+00:00 INFO Остатки для продукта "Костюм двойка "GREY" - L" = 20 (ИД 36463):
stock 20, quantity 20
2022-03-02T08:19:31+00:00 INFO Остатки для продукта "Костюм двойка "GREY" - S" = 20 (ИД 36465):
stock 20, quantity 20
2022-03-02T08:19:31+00:00 INFO Остатки для продукта "Костюм двойка "GREY" - XL" = 20 (ИД 36466):
stock 20, quantity 20
2022-03-02T08:19:31+00:00 INFO Остатки для продукта "Костюм двойка "GREY" - XXL" = 20 (ИД 36467):
stock 20, quantity 20
2022-03-02T08:19:31+00:00 INFO Остатки для продукта "Футболка"ABSTRACTION" - L" = 16 (ИД 36468):
stock 16, quantity 16
2022-03-02T08:19:31+00:00 INFO Остатки для продукта "Футболка"ABSTRACTION" - M" = 10 (ИД 36469):
stock 10, quantity 10
2022-03-02T08:19:32+00:00 INFO Остатки для продукта "Футболка"ABSTRACTION" - S" = 18 (ИД 36470):
stock 18, quantity 18
2022-03-02T08:19:32+00:00 INFO Остатки для продукта "Футболка"ABSTRACTION" - XL" = 16 (ИД 36471):
stock 16, quantity 16
2022-03-02T08:19:32+00:00 INFO Остатки для продукта "Футболка"ABSTRACTION" - XXL" = 17 (ИД 36472):
stock 17, quantity 17
2022-03-02T08:19:32+00:00 INFO Остатки для продукта "Мокнек "Flowers" - L" = 20 (ИД 36638):
stock 20, quantity 20
2022-03-02T08:19:32+00:00 INFO Остатки для продукта "Мокнек "Flowers" - M" = 19 (ИД 36639):
stock 19, quantity 19
2022-03-02T08:19:32+00:00 INFO Остатки для продукта "Мокнек "Flowers" - S" = 18 (ИД 36640):
stock 18, quantity 18
2022-03-02T08:19:32+00:00 INFO Остатки для продукта "Мокнек "Flowers" - XL" = 19 (ИД 36641):
stock 19, quantity 19
2022-03-02T08:19:32+00:00 INFO Остатки для продукта "Мокнек "Flowers" - XXL" = 19 (ИД 36642):
stock 19, quantity 19
2022-03-02T08:20:23+00:00 INFO Запрос на остатки https://online.moysklad.ru/api/remap/1.2/entity/assortment?filter=id=fb669f66-6495-11ec-0a80-05b7004f1306;id=dd3432cf-66da-11ec-0a80-00c400730327;id=dd36f9b0-66da-11ec-0a80-00c40073032b;id=dedbc863-64a3-11ec-0a80-02aa0051e174;id=dd27d6eb-66da-11ec-0a80-00c40073031b;id=dd2bf5bd-66da-11ec-0a80-00c40073031f;id=dd2f07e4-66da-11ec-0a80-00c400730323;id=deceef33-64a3-11ec-0a80-02aa0051e168;id=ded48a6d-64a3-11ec-0a80-02aa0051e16c;id=ded81bf4-64a3-11ec-0a80-02aa0051e170;id=c8d1a6d3-66d6-11ec-0a80-00c40072a0fc;id=c8d432a2-66d6-11ec-0a80-00c40072a100;id=decb7dba-64a3-11ec-0a80-02aa0051e164;id=c8ca2136-66d6-11ec-0a80-00c40072a0f0;id=c8ccfcaf-66d6-11ec-0a80-00c40072a0f4;id=c8cf2f24-66d6-11ec-0a80-00c40072a0f8;id=dc75e351-63e1-11ec-0a80-04fe003dc22d;id=dc79a59a-63e1-11ec-0a80-04fe003dc231;id=c8b1d557-686b-11ec-0a80-0da1009e31f5;id=c8b54574-686b-11ec-0a80-0da1009e31f9
2022-03-02T08:20:25+00:00 INFO Остатки для продукта "Костюм двойка "RED" - XL" = 19 (ИД 36441):
stock 19, quantity 19
2022-03-02T08:20:25+00:00 INFO Остатки для продукта "Костюм двойка "RED" - XXL" = 20 (ИД 36442):
stock 20, quantity 20
2022-03-02T08:20:25+00:00 INFO Остатки для продукта "Свитшот"BORDERLESS" - L" = 17 (ИД 36443):
stock 17, quantity 17
2022-03-02T08:20:25+00:00 INFO Остатки для продукта "Свитшот"BORDERLESS" - M" = 17 (ИД 36444):
stock 17, quantity 17
2022-03-02T08:20:25+00:00 INFO Остатки для продукта "Футболка "Rectangle" - L" = 14 (ИД 36448):
stock 14, quantity 14
2022-03-02T08:20:26+00:00 INFO Остатки для продукта "Футболка "Rectangle" - M" = 0 (ИД 36449):
stock 0, quantity 0
2022-03-02T08:20:26+00:00 INFO Остатки для продукта "Футболка "Rectangle" - S" = 18 (ИД 36450):
stock 18, quantity 18
2022-03-02T08:20:26+00:00 INFO Остатки для продукта "Футболка "Rectangle" - XL" = 16 (ИД 36451):
stock 16, quantity 16
2022-03-02T08:20:26+00:00 INFO Остатки для продукта "Футболка "Rectangle" - XXL" = 17 (ИД 36452):
stock 17, quantity 17
2022-03-02T08:20:26+00:00 INFO Остатки для продукта "Свитшот "IN CLICK WE TRUST" - L" = 17 (ИД 36453):
stock 17, quantity 17
2022-03-02T08:20:26+00:00 INFO Остатки для продукта "Свитшот "IN CLICK WE TRUST" - M" = 20 (ИД 36454):
stock 20, quantity 20
2022-03-02T08:20:26+00:00 INFO Остатки для продукта "Свитшот "IN CLICK WE TRUST" - S" = 28 (ИД 36455):
stock 28, quantity 28
2022-03-02T08:20:26+00:00 INFO Остатки для продукта "Свитшот "IN CLICK WE TRUST" - XL" = 10 (ИД 36456):
stock 10, quantity 10
2022-03-02T08:20:26+00:00 INFO Остатки для продукта "Свитшот "IN CLICK WE TRUST" - XXL" = 20 (ИД 36457):
stock 20, quantity 20
2022-03-02T08:20:26+00:00 INFO Остатки для продукта "Футболка "YELLOW" - L" = 11 (ИД 36458):
stock 11, quantity 11
2022-03-02T08:20:26+00:00 INFO Остатки для продукта "Футболка "YELLOW" - M" = 8 (ИД 36459):
stock 8, quantity 8
2022-03-02T08:20:26+00:00 INFO Остатки для продукта "Футболка "YELLOW" - S" = 16 (ИД 36460):
stock 16, quantity 16
2022-03-02T08:20:26+00:00 INFO Остатки для продукта "Футболка "YELLOW" - XL" = 12 (ИД 36461):
stock 12, quantity 12
2022-03-02T08:20:26+00:00 INFO Остатки для продукта "Футболка "YELLOW" - XXL" = 15 (ИД 36462):
stock 15, quantity 15
2022-03-02T08:20:26+00:00 INFO Остатки для продукта "Костюм двойка "GREY" - M" = 20 (ИД 36464):
stock 20, quantity 20
2022-03-02T08:21:23+00:00 INFO Запрос на остатки https://online.moysklad.ru/api/remap/1.2/entity/assortment?filter=id=c8b86e3b-686b-11ec-0a80-0da1009e31fd;id=c8bb9725-686b-11ec-0a80-0da1009e3201;id=c8beb09d-686b-11ec-0a80-0da1009e3205;id=dc6bdfd7-63e1-11ec-0a80-04fe003dc21f;id=dc6ea453-63e1-11ec-0a80-04fe003dc223;id=dc71e712-63e1-11ec-0a80-04fe003dc229;id=94aa8c74-6961-11ec-0a80-0da100b8013f;id=94acee0a-6961-11ec-0a80-0da100b80143;id=94a23dbb-6961-11ec-0a80-0da100b80133;id=94a5487c-6961-11ec-0a80-0da100b80137;id=94a7f211-6961-11ec-0a80-0da100b8013b;id=5e4be690-66d2-11ec-0a80-09e5000bd376;id=5e4e6639-66d2-11ec-0a80-09e5000bd37a;id=640ad884-66d3-11ec-0a80-09e5000be5fb;id=64013264-66d3-11ec-0a80-09e5000be5eb;id=640367f9-66d3-11ec-0a80-09e5000be5ef;id=6405ef8b-66d3-11ec-0a80-09e5000be5f3;id=64087a3f-66d3-11ec-0a80-09e5000be5f7;id=4dc63c93-66fc-11ec-0a80-04fe007a616e;id=4dc8f513-66fc-11ec-0a80-04fe007a6172
2022-03-02T08:21:23+00:00 INFO Остатки для продукта "Костюм  двойка "CLICKY Women" - M" = 23 (ИД 36398):
stock 23, quantity 23
2022-03-02T08:21:23+00:00 INFO Остатки для продукта "Костюм  двойка "CLICKY Women" - S" = 23 (ИД 36399):
stock 23, quantity 23
2022-03-02T08:21:23+00:00 INFO Остатки для продукта "Худи "SPORTY" - L" = 16 (ИД 36402):
stock 16, quantity 16
2022-03-02T08:21:24+00:00 INFO Остатки для продукта "Худи "SPORTY" - M" = 15 (ИД 36403):
stock 15, quantity 15
2022-03-02T08:21:24+00:00 INFO Остатки для продукта "Худи "SPORTY" - S" = 17 (ИД 36404):
stock 17, quantity 17
2022-03-02T08:21:24+00:00 INFO Остатки для продукта "Худи "SPORTY" - XL" = 20 (ИД 36405):
stock 20, quantity 20
2022-03-02T08:21:24+00:00 INFO Остатки для продукта "Худи "SPORTY" - XXL" = 18 (ИД 36406):
stock 18, quantity 18
2022-03-02T08:21:24+00:00 INFO Остатки для продукта "Свитшот "CASHBASKBUSTERS" - M" = 23 (ИД 36411):
stock 23, quantity 23
2022-03-02T08:21:24+00:00 INFO Остатки для продукта "Свитшот "CASHBASKBUSTERS" - S" = 0 (ИД 36412):
stock 0, quantity 0
2022-03-02T08:21:24+00:00 INFO Остатки для продукта "Костюм двойка"ICONS" - Синий, L" = 13 (ИД 36422):
stock 13, quantity 13
2022-03-02T08:21:24+00:00 INFO Остатки для продукта "Костюм двойка"ICONS" - Синий, M" = 11 (ИД 36423):
stock 11, quantity 11
2022-03-02T08:21:24+00:00 INFO Остатки для продукта "Костюм двойка"ICONS" - Синий, S" = 13 (ИД 36424):
stock 13, quantity 13
2022-03-02T08:21:24+00:00 INFO Остатки для продукта "Костюм двойка"ICONS" - Синий, XL" = 13 (ИД 36431):
stock 13, quantity 13
2022-03-02T08:21:24+00:00 INFO Остатки для продукта "Костюм двойка"ICONS" - Синий, XXL" = 0 (ИД 36432):
stock 0, quantity 0
2022-03-02T08:21:24+00:00 INFO Остатки для продукта "Костюм двойка "RED" - L" = 17 (ИД 36438):
stock 17, quantity 17
2022-03-02T08:21:25+00:00 INFO Остатки для продукта "Костюм двойка "RED" - M" = 20 (ИД 36439):
stock 20, quantity 20
2022-03-02T08:21:25+00:00 INFO Остатки для продукта "Костюм двойка "RED" - S" = 19 (ИД 36440):
stock 19, quantity 19
2022-03-02T08:21:25+00:00 INFO Остатки для продукта "Свитшот"BORDERLESS" - S" = 18 (ИД 36445):
stock 18, quantity 18
2022-03-02T08:21:25+00:00 INFO Остатки для продукта "Свитшот"BORDERLESS" - XL" = 13 (ИД 36446):
stock 13, quantity 13
2022-03-02T08:21:25+00:00 INFO Остатки для продукта "Свитшот"BORDERLESS" - XXL" = 13 (ИД 36447):
stock 13, quantity 13
2022-03-02T08:22:23+00:00 INFO Запрос на остатки https://online.moysklad.ru/api/remap/1.2/entity/assortment?filter=id=4dcbb398-66fc-11ec-0a80-04fe007a6176;id=4dce17bb-66fc-11ec-0a80-04fe007a617a;id=69a241b7-6497-11ec-0a80-0ba4004d98f3;id=69a50920-6497-11ec-0a80-0ba4004d98f7;id=4dc3b27a-66fc-11ec-0a80-04fe007a616a;id=5b05f57c-63cf-11ec-0a80-00c40038c93c;id=5b092d4f-63cf-11ec-0a80-00c40038c940;id=5b0c5997-63cf-11ec-0a80-00c40038c944;id=5b0f163c-63cf-11ec-0a80-00c40038c948;id=699972e0-6497-11ec-0a80-0ba4004d98e7;id=699ccbdc-6497-11ec-0a80-0ba4004d98eb;id=699fa35e-6497-11ec-0a80-0ba4004d98ef;id=33316117-686d-11ec-0a80-0838009bd2d9;id=333403a4-686d-11ec-0a80-0838009bd2dd;id=3328fc8f-686d-11ec-0a80-0838009bd2cd;id=332c0caf-686d-11ec-0a80-0838009bd2d1;id=332ed595-686d-11ec-0a80-0838009bd2d5;id=5b027341-63cf-11ec-0a80-00c40038c938;id=40f84df2-649c-11ec-0a80-0178005067f0;id=40fbbf11-649c-11ec-0a80-0178005067f4
2022-03-02T08:22:24+00:00 INFO Остатки для продукта "Худи "CLICK" - L" = 17 (ИД 36382):
stock 17, quantity 17
2022-03-02T08:22:24+00:00 INFO Остатки для продукта "Худи "CLICK" - M" = 18 (ИД 36383):
stock 18, quantity 18
2022-03-02T08:22:24+00:00 INFO Остатки для продукта "Худи "CLICK" - S" = 16 (ИД 36384):
stock 16, quantity 16
2022-03-02T08:22:24+00:00 INFO Остатки для продукта "Худи "CLICK" - XL" = 19 (ИД 36385):
stock 19, quantity 19
2022-03-02T08:22:24+00:00 INFO Остатки для продукта "Худи "CLICK" - XXL" = 17 (ИД 36386):
stock 17, quantity 17
2022-03-02T08:22:24+00:00 INFO Остатки для продукта "Костюм двойка"NAVY BLUE" - L" = 17 (ИД 36387):
stock 17, quantity 17
2022-03-02T08:22:24+00:00 INFO Остатки для продукта "Костюм двойка"NAVY BLUE" - M" = 20 (ИД 36388):
stock 20, quantity 20
2022-03-02T08:22:24+00:00 INFO Остатки для продукта "Костюм двойка"NAVY BLUE" - S" = 20 (ИД 36389):
stock 20, quantity 20
2022-03-02T08:22:25+00:00 INFO Остатки для продукта "Костюм двойка"NAVY BLUE" - XL" = 19 (ИД 36390):
stock 19, quantity 19
2022-03-02T08:22:25+00:00 INFO Остатки для продукта "Костюм двойка"NAVY BLUE" - XXL" = 20 (ИД 36391):
stock 20, quantity 20
2022-03-02T08:22:25+00:00 INFO Остатки для продукта "Костюм двойка "Dark Grey" - L" = 19 (ИД 36392):
stock 19, quantity 19
2022-03-02T08:22:25+00:00 INFO Остатки для продукта "Костюм двойка "Dark Grey" - M" = 20 (ИД 36393):
stock 20, quantity 20
2022-03-02T08:22:25+00:00 INFO Остатки для продукта "Костюм двойка "Dark Grey" - S" = 20 (ИД 36394):
stock 20, quantity 20
2022-03-02T08:22:25+00:00 INFO Остатки для продукта "Костюм двойка "Dark Grey" - XL" = 20 (ИД 36395):
stock 20, quantity 20
2022-03-02T08:22:25+00:00 INFO Остатки для продукта "Костюм двойка "Dark Grey" - XXL" = 20 (ИД 36396):
stock 20, quantity 20
2022-03-02T08:22:25+00:00 INFO Остатки для продукта "Костюм  двойка "CLICKY Women" - L" = 25 (ИД 36397):
stock 25, quantity 25
2022-03-02T08:22:25+00:00 INFO Остатки для продукта "Костюм  двойка "CLICKY Women" - XL" = 21 (ИД 36400):
stock 21, quantity 21
2022-03-02T08:22:25+00:00 INFO Остатки для продукта "Костюм  двойка "CLICKY Women" - XXL" = 0 (ИД 36401):
stock 0, quantity 0
2022-03-02T08:22:25+00:00 INFO Остатки для продукта "Костюм двойка "BLACK" - L" = 21 (ИД 36377):
stock 21, quantity 21
2022-03-02T08:22:25+00:00 INFO Остатки для продукта "Костюм двойка "BLACK" - M" = 19 (ИД 36378):
stock 19, quantity 19
2022-03-02T08:22:34+00:00 INFO Запрос на остатки https://online.moysklad.ru/api/remap/1.2/entity/assortment?filter=id=40ff99bd-649c-11ec-0a80-0178005067f8;id=4103690d-649c-11ec-0a80-0178005067fc;id=41064d82-649c-11ec-0a80-017800506800;id=30fd51a0-66d9-11ec-0a80-02aa00740f1c;id=30fff768-66d9-11ec-0a80-02aa00740f20;id=35d29345-66e0-11ec-0a80-0ba40072a670;id=35d590a0-66e0-11ec-0a80-0ba40072a674;id=35d803cb-66e0-11ec-0a80-0ba40072a678;id=30f56072-66d9-11ec-0a80-02aa00740f10;id=30f816f0-66d9-11ec-0a80-02aa00740f14;id=30fad3db-66d9-11ec-0a80-02aa00740f18;id=2d695195-66e1-11ec-0a80-02aa007532f7;id=2d6bc009-66e1-11ec-0a80-02aa007532fb;id=35cd257f-66e0-11ec-0a80-0ba40072a668;id=35cfddee-66e0-11ec-0a80-0ba40072a66c;id=2d670ce9-66e1-11ec-0a80-02aa007532f3;id=2d620996-66e1-11ec-0a80-02aa007532e9;id=2d64a3ce-66e1-11ec-0a80-02aa007532ed;id=25b777d8-686e-11ec-0a80-00c4009c094f;id=25b51232-686e-11ec-0a80-00c4009c094b
2022-03-02T08:22:35+00:00 INFO Остатки для продукта "Свитшот "CLICK CLASSIC" - XL" = 16 (ИД 36351):
stock 16, quantity 16
2022-03-02T08:22:35+00:00 INFO Остатки для продукта "Свитшот "CLICK CLASSIC" - XXL" = 16 (ИД 36352):
stock 16, quantity 16
2022-03-02T08:22:35+00:00 INFO Остатки для продукта "Футболка "NAVY BLUE" - L" = 6 (ИД 36367):
stock 6, quantity 6
2022-03-02T08:22:35+00:00 INFO Остатки для продукта "Футболка "NAVY BLUE" - M" = 1 (ИД 36368):
stock 1, quantity 1
2022-03-02T08:22:35+00:00 INFO Остатки для продукта "Футболка "NAVY BLUE" - S" = 11 (ИД 36369):
stock 11, quantity 11
2022-03-02T08:22:35+00:00 INFO Остатки для продукта "Футболка "NAVY BLUE" - XL" = 9 (ИД 36370):
stock 9, quantity 9
2022-03-02T08:22:35+00:00 INFO Остатки для продукта "Футболка "NAVY BLUE" - XXL" = 10 (ИД 36371):
stock 10, quantity 10
2022-03-02T08:22:35+00:00 INFO Остатки для продукта "Футболка "CLICK UP" - L" = 33 (ИД 36372):
stock 33, quantity 33
2022-03-02T08:22:35+00:00 INFO Остатки для продукта "Футболка "CLICK UP" - M" = 2 (ИД 36373):
stock 2, quantity 2
2022-03-02T08:22:36+00:00 INFO Остатки для продукта "Футболка "CLICK UP" - S" = 19 (ИД 36374):
stock 19, quantity 19
2022-03-02T08:22:36+00:00 INFO Остатки для продукта "Футболка "CLICK UP" - XL" = 0 (ИД 36375):
stock 0, quantity 0
2022-03-02T08:22:36+00:00 INFO Остатки для продукта "Футболка "CLICK UP" - XXL" = 21 (ИД 36376):
stock 21, quantity 21
2022-03-02T08:22:36+00:00 INFO Остатки для продукта "Футболка "CLICK Classic" - L" = 10 (ИД 36353):
stock 10, quantity 10
2022-03-02T08:22:36+00:00 INFO Остатки для продукта "Футболка "CLICK Classic" - M" = 5 (ИД 36354):
stock 5, quantity 5
2022-03-02T08:22:36+00:00 INFO Остатки для продукта "Футболка "CLICK Classic" - S" = 13 (ИД 36359):
stock 13, quantity 13
2022-03-02T08:22:36+00:00 INFO Остатки для продукта "Футболка "CLICK Classic" - XL" = 12 (ИД 36365):
stock 12, quantity 12
2022-03-02T08:22:36+00:00 INFO Остатки для продукта "Футболка "CLICK Classic" - XXL" = 17 (ИД 36366):
stock 17, quantity 17
2022-03-02T08:22:36+00:00 INFO Остатки для продукта "Костюм двойка "BLACK" - S" = 20 (ИД 36379):
stock 20, quantity 20
2022-03-02T08:22:36+00:00 INFO Остатки для продукта "Костюм двойка "BLACK" - XL" = 19 (ИД 36380):
stock 19, quantity 19
2022-03-02T08:22:36+00:00 INFO Остатки для продукта "Костюм двойка "BLACK" - XXL" = 21 (ИД 36381):
stock 21, quantity 21
2022-03-02T08:22:42+00:00 INFO Запрос на остатки https://online.moysklad.ru/api/remap/1.2/entity/assortment?filter=id=25adeb9a-686e-11ec-0a80-00c4009c093f;id=25b0d71a-686e-11ec-0a80-00c4009c0943;id=25b2ef73-686e-11ec-0a80-00c4009c0947;id=25e05b96-66d1-11ec-0a80-069f00720bc6;id=25d9afd6-66d1-11ec-0a80-069f00720bbe;id=25dd40d1-66d1-11ec-0a80-069f00720bc2;id=25d255fd-66d1-11ec-0a80-069f00720bb6;id=25d64425-66d1-11ec-0a80-069f00720bba;id=1f66a379-66f5-11ec-0a80-04fe0078c815;id=1f6a092d-66f5-11ec-0a80-04fe0078c819;id=1f6dbe49-66f5-11ec-0a80-04fe0078c81d;id=1f708284-66f5-11ec-0a80-04fe0078c821;id=1d9121eb-6499-11ec-0a80-0ba4004dfabb;id=1d943a26-6499-11ec-0a80-0ba4004dfabf;id=1d967e4f-6499-11ec-0a80-0ba4004dfac3;id=1f6329ec-66f5-11ec-0a80-04fe0078c811;id=1d8e2baa-6499-11ec-0a80-0ba4004dfab7;id=1d8b13c3-6499-11ec-0a80-0ba4004dfab2;id=15c7874c-66d6-11ec-0a80-08380072acae;id=e4c2e8f2-693b-11ec-0a80-00c400aeeedc
2022-03-02T08:22:42+00:00 INFO Остатки для продукта "Свитшот "INFINITY Man" - XXL" = 18 (ИД 36277):
stock 18, quantity 18
2022-03-02T08:22:42+00:00 INFO Остатки для продукта "Футболка "Squid Game" - L" = 7 (ИД 36298):
stock 7, quantity 7
2022-03-02T08:22:42+00:00 INFO Остатки для продукта "Футболка "Squid Game" - M" = 10 (ИД 36313):
stock 10, quantity 10
2022-03-02T08:22:43+00:00 INFO Остатки для продукта "Футболка "Squid Game" - S" = 3 (ИД 36314):
stock 3, quantity 3
2022-03-02T08:22:43+00:00 INFO Остатки для продукта "Футболка "Squid Game" - XL" = 0 (ИД 36315):
stock 0, quantity 0
2022-03-02T08:22:43+00:00 INFO Остатки для продукта "Футболка "Squid Game" - XXL" = 0 (ИД 36316):
stock 0, quantity 0
2022-03-02T08:22:43+00:00 INFO Остатки для продукта "Свитшот "CLICK 2" - L" = 18 (ИД 36324):
stock 18, quantity 18
2022-03-02T08:22:43+00:00 INFO Остатки для продукта "Свитшот "CLICK 2" - M" = 20 (ИД 36325):
stock 20, quantity 20
2022-03-02T08:22:43+00:00 INFO Остатки для продукта "Свитшот "CLICK 2" - S" = 21 (ИД 36326):
stock 21, quantity 21
2022-03-02T08:22:43+00:00 INFO Остатки для продукта "Свитшот "CLICK 2" - XL" = 19 (ИД 36327):
stock 19, quantity 19
2022-03-02T08:22:43+00:00 INFO Остатки для продукта "Свитшот "CLICK 2" - XXL" = 15 (ИД 36328):
stock 15, quantity 15
2022-03-02T08:22:43+00:00 INFO Остатки для продукта "Свитшот "CLICK CLASSIC" - L" = 17 (ИД 36338):
stock 17, quantity 17
2022-03-02T08:22:43+00:00 INFO Остатки для продукта "Свитшот "CLICK CLASSIC" - M" = 20 (ИД 36339):
stock 20, quantity 20
2022-03-02T08:22:43+00:00 INFO Остатки для продукта "Свитшот "CLICK CLASSIC" - S" = 30 (ИД 36340):
stock 30, quantity 30
2022-03-02T08:22:43+00:00 INFO Остатки для продукта "Термостакан"CLICK"" = 28 (ИД 36272):
stock 28, quantity 28
2022-03-02T08:22:43+00:00 INFO Остатки для продукта "Костюм двойка "BEIGE" - L" = 20 (ИД 36293):
stock 20, quantity 20
2022-03-02T08:22:43+00:00 INFO Остатки для продукта "Костюм двойка "BEIGE" - M" = 20 (ИД 36294):
stock 20, quantity 20
2022-03-02T08:22:44+00:00 INFO Остатки для продукта "Костюм двойка "BEIGE" - S" = 20 (ИД 36295):
stock 20, quantity 20
2022-03-02T08:22:44+00:00 INFO Остатки для продукта "Костюм двойка "BEIGE" - XL" = 19 (ИД 36296):
stock 19, quantity 19
2022-03-02T08:22:44+00:00 INFO Остатки для продукта "Костюм двойка "BEIGE" - XXL" = 20 (ИД 36297):
stock 20, quantity 20
2022-03-02T08:22:50+00:00 INFO Запрос на остатки https://online.moysklad.ru/api/remap/1.2/entity/assortment?filter=id=15b9eb08-66d6-11ec-0a80-08380072ac9e;id=15bcf2a6-66d6-11ec-0a80-08380072aca2;id=15c06c81-66d6-11ec-0a80-08380072aca6;id=15c3fc0b-66d6-11ec-0a80-08380072acaa;id=bd22028c-686b-11ec-0a80-0da1009e3123;id=c00a4d25-66d6-11ec-0a80-069f00727a27;id=ce57e658-64a3-11ec-0a80-0da100532471;id=d61d00eb-66da-11ec-0a80-0da10074d40a;id=dd4d787f-6495-11ec-0a80-069f004dd4b2;id=e1976388-66d9-11ec-0a80-05b70073f9d2;id=87f6b1bc-6961-11ec-0a80-09e5004e1ca8;id=8abfdacf-693b-11ec-0a80-0da100b1a2e7;id=0d6c251b-6499-11ec-0a80-02aa004f753c
2022-03-02T08:22:50+00:00 INFO Остатки для продукта "Свитшот "INFINITY Man" - L" = 12 (ИД 36273):
stock 12, quantity 12
2022-03-02T08:22:51+00:00 INFO Остатки для продукта "Свитшот "INFINITY Man" - M" = 19 (ИД 36274):
stock 19, quantity 19
2022-03-02T08:22:51+00:00 INFO Остатки для продукта "Свитшот "INFINITY Man" - S" = 20 (ИД 36275):
stock 20, quantity 20
2022-03-02T08:22:51+00:00 INFO Остатки для продукта "Свитшот "INFINITY Man" - XL" = 16 (ИД 36276):
stock 16, quantity 16
2022-03-02T08:22:51+00:00 INFO Остатки для продукта "Костюм двойка"ICONS"" = 0 (ИД 36251):
stock 0, quantity 0
2022-03-02T08:22:51+00:00 INFO Остатки для продукта "Термостакан"ICONS"" = 32 (ИД 36252):
stock 32, quantity 32
2022-03-02T08:22:51+00:00 INFO Остатки для продукта "Свитшот"BORDERLESS"" = 0 (ИД 36255):
stock 0, quantity 0
2022-03-02T08:22:52+00:00 INFO Остатки для продукта "Футболка "Rectangle"" = 0 (ИД 36256):
stock 0, quantity 0
2022-03-02T08:22:52+00:00 INFO Остатки для продукта "Свитшот "IN CLICK WE TRUST"" = 0 (ИД 36257):
stock 0, quantity 0
2022-03-02T08:22:52+00:00 INFO Остатки для продукта "Футболка "YELLOW"" = 0 (ИД 36258):
stock 0, quantity 0
2022-03-02T08:22:52+00:00 INFO Остатки для продукта "Костюм двойка "GREY"" = 0 (ИД 36259):
stock 0, quantity 0
2022-03-02T08:22:52+00:00 INFO Остатки для продукта "Футболка"ABSTRACTION"" = 0 (ИД 36260):
stock 0, quantity 0
2022-03-02T08:22:52+00:00 INFO Остатки для продукта "Костюм двойка "BEIGE"" = 0 (ИД 36232):
stock 0, quantity 0
