2022-02-28T18:35:04+00:00 INFO Сохранены атрибуты для продукта: Костюм двойка "Casual" (Копировать) (35024): Array ( [pa_tsvet] => WC_Product_Attribute Object ( [data:protected] => Array ( [id] => 19 [name] => pa_tsvet [options] => Array ( [0] => Айвори [1] => Бежевый [2] => Светлый принт ) [position] => 0 [visible] => [variation] => 1 ) ) [pa_razmer] => WC_Product_Attribute Object ( [data:protected] => Array ( [id] => 17 [name] => pa_razmer [options] => Array ( [0] => L [1] => M [2] => S [3] => XL [4] => XXL ) [position] => 0 [visible] => [variation] => 1 ) ) [pa_tsvet-dlya-filtrov] => WC_Product_Attribute Object ( [data:protected] => Array ( [id] => 18 [name] => pa_tsvet-dlya-filtrov [options] => Array ( [0] => 637 [1] => 639 ) [position] => 2 [visible] => [variation] => ) ) )
2022-02-28T18:35:05+00:00 INFO Цена 400000 сохранена (для вариации 35026 продукта 35024)
2022-02-28T18:35:05+00:00 INFO Сохранены атрибуты для вариации 35026 (продукт: 35024): Array ( [pa_tsvet] => svetlyj-print [pa_razmer] => l )
2022-02-28T18:35:05+00:00 INFO Сохранена вариация: Костюм двойка "Casual" (Копировать) - Светлый принт, L (35026), для продукта Костюм двойка "Casual" (Копировать) (35024)
2022-02-28T18:35:05+00:00 INFO Сохранены атрибуты для продукта: Костюм двойка "Casual" (Копировать) (35024): Array ( [pa_tsvet] => WC_Product_Attribute Object ( [data:protected] => Array ( [id] => 19 [name] => pa_tsvet [options] => Array ( [0] => Айвори [1] => Бежевый [2] => Светлый принт ) [position] => 0 [visible] => [variation] => 1 ) ) [pa_razmer] => WC_Product_Attribute Object ( [data:protected] => Array ( [id] => 17 [name] => pa_razmer [options] => Array ( [0] => L [1] => M [2] => S [3] => XL [4] => XXL ) [position] => 0 [visible] => [variation] => 1 ) ) [pa_tsvet-dlya-filtrov] => WC_Product_Attribute Object ( [data:protected] => Array ( [id] => 18 [name] => pa_tsvet-dlya-filtrov [options] => Array ( [0] => 637 [1] => 639 ) [position] => 2 [visible] => [variation] => ) ) )
2022-02-28T18:35:06+00:00 INFO Цена 400000 сохранена (для вариации 35029 продукта 35024)
2022-02-28T18:35:06+00:00 INFO Сохранены атрибуты для вариации 35029 (продукт: 35024): Array ( [pa_tsvet] => svetlyj-print [pa_razmer] => m )
2022-02-28T18:35:07+00:00 INFO Сохранена вариация: Костюм двойка "Casual" (Копировать) - Светлый принт, M (35029), для продукта Костюм двойка "Casual" (Копировать) (35024)
2022-02-28T18:35:07+00:00 INFO Сохранены атрибуты для продукта: Костюм двойка "Casual" (Копировать) (35024): Array ( [pa_tsvet] => WC_Product_Attribute Object ( [data:protected] => Array ( [id] => 19 [name] => pa_tsvet [options] => Array ( [0] => Айвори [1] => Бежевый [2] => Светлый принт ) [position] => 0 [visible] => [variation] => 1 ) ) [pa_razmer] => WC_Product_Attribute Object ( [data:protected] => Array ( [id] => 17 [name] => pa_razmer [options] => Array ( [0] => L [1] => M [2] => S [3] => XL [4] => XXL ) [position] => 0 [visible] => [variation] => 1 ) ) [pa_tsvet-dlya-filtrov] => WC_Product_Attribute Object ( [data:protected] => Array ( [id] => 18 [name] => pa_tsvet-dlya-filtrov [options] => Array ( [0] => 637 [1] => 639 ) [position] => 2 [visible] => [variation] => ) ) )
2022-02-28T18:35:08+00:00 INFO Цена 400000 сохранена (для вариации 35031 продукта 35024)
2022-02-28T18:35:08+00:00 INFO Сохранены атрибуты для вариации 35031 (продукт: 35024): Array ( [pa_tsvet] => svetlyj-print [pa_razmer] => s )
2022-02-28T18:35:10+00:00 INFO Сохранена вариация: Костюм двойка "Casual" (Копировать) - Светлый принт, S (35031), для продукта Костюм двойка "Casual" (Копировать) (35024)
2022-02-28T18:35:10+00:00 INFO Сохранены атрибуты для продукта: Костюм двойка "Casual" (Копировать) (35024): Array ( [pa_tsvet] => WC_Product_Attribute Object ( [data:protected] => Array ( [id] => 19 [name] => pa_tsvet [options] => Array ( [0] => Айвори [1] => Бежевый [2] => Светлый принт ) [position] => 0 [visible] => [variation] => 1 ) ) [pa_razmer] => WC_Product_Attribute Object ( [data:protected] => Array ( [id] => 17 [name] => pa_razmer [options] => Array ( [0] => L [1] => M [2] => S [3] => XL [4] => XXL ) [position] => 0 [visible] => [variation] => 1 ) ) [pa_tsvet-dlya-filtrov] => WC_Product_Attribute Object ( [data:protected] => Array ( [id] => 18 [name] => pa_tsvet-dlya-filtrov [options] => Array ( [0] => 637 [1] => 639 ) [position] => 2 [visible] => [variation] => ) ) )
2022-02-28T18:35:10+00:00 INFO Цена 400000 сохранена (для вариации 35033 продукта 35024)
2022-02-28T18:35:10+00:00 INFO Сохранены атрибуты для вариации 35033 (продукт: 35024): Array ( [pa_tsvet] => svetlyj-print [pa_razmer] => xl )
2022-02-28T18:35:11+00:00 INFO Сохранена вариация: Костюм двойка "Casual" (Копировать) - Светлый принт, XL (35033), для продукта Костюм двойка "Casual" (Копировать) (35024)
2022-02-28T18:35:11+00:00 INFO Сохранены атрибуты для продукта: Костюм двойка "Casual" (Копировать) (35024): Array ( [pa_tsvet] => WC_Product_Attribute Object ( [data:protected] => Array ( [id] => 19 [name] => pa_tsvet [options] => Array ( [0] => Айвори [1] => Бежевый [2] => Светлый принт ) [position] => 0 [visible] => [variation] => 1 ) ) [pa_razmer] => WC_Product_Attribute Object ( [data:protected] => Array ( [id] => 17 [name] => pa_razmer [options] => Array ( [0] => L [1] => M [2] => S [3] => XL [4] => XXL ) [position] => 0 [visible] => [variation] => 1 ) ) [pa_tsvet-dlya-filtrov] => WC_Product_Attribute Object ( [data:protected] => Array ( [id] => 18 [name] => pa_tsvet-dlya-filtrov [options] => Array ( [0] => 637 [1] => 639 ) [position] => 2 [visible] => [variation] => ) ) )
2022-02-28T18:35:11+00:00 INFO Цена 400000 сохранена (для вариации 35034 продукта 35024)
2022-02-28T18:35:11+00:00 INFO Сохранены атрибуты для вариации 35034 (продукт: 35024): Array ( [pa_tsvet] => svetlyj-print [pa_razmer] => xxl )
2022-02-28T18:35:11+00:00 INFO Сохранена вариация: Костюм двойка "Casual" (Копировать) - Светлый принт, XXL (35034), для продукта Костюм двойка "Casual" (Копировать) (35024)
2022-02-28T18:35:12+00:00 INFO Сохранены атрибуты для продукта: Костюм двойка "Casual" (Копировать) (35024): Array ( [pa_tsvet] => WC_Product_Attribute Object ( [data:protected] => Array ( [id] => 19 [name] => pa_tsvet [options] => Array ( [0] => Айвори [1] => Бежевый [2] => Светлый принт [3] => Тёмный принт ) [position] => 0 [visible] => [variation] => 1 ) ) [pa_razmer] => WC_Product_Attribute Object ( [data:protected] => Array ( [id] => 17 [name] => pa_razmer [options] => Array ( [0] => L [1] => M [2] => S [3] => XL [4] => XXL ) [position] => 0 [visible] => [variation] => 1 ) ) [pa_tsvet-dlya-filtrov] => WC_Product_Attribute Object ( [data:protected] => Array ( [id] => 18 [name] => pa_tsvet-dlya-filtrov [options] => Array ( [0] => 637 [1] => 639 ) [position] => 2 [visible] => [variation] => ) ) )
2022-02-28T18:35:12+00:00 INFO Цена 400000 сохранена (для вариации 35035 продукта 35024)
2022-02-28T18:35:12+00:00 INFO Сохранены атрибуты для вариации 35035 (продукт: 35024): Array ( [pa_tsvet] => tyomnyj-print [pa_razmer] => l )
2022-02-28T18:35:13+00:00 INFO Сохранена вариация: Костюм двойка "Casual" (Копировать) - Тёмный принт, L (35035), для продукта Костюм двойка "Casual" (Копировать) (35024)
2022-02-28T18:35:13+00:00 INFO Сохранены атрибуты для продукта: Костюм двойка "Casual" (Копировать) (35024): Array ( [pa_tsvet] => WC_Product_Attribute Object ( [data:protected] => Array ( [id] => 19 [name] => pa_tsvet [options] => Array ( [0] => Айвори [1] => Бежевый [2] => Светлый принт [3] => Тёмный принт ) [position] => 0 [visible] => [variation] => 1 ) ) [pa_razmer] => WC_Product_Attribute Object ( [data:protected] => Array ( [id] => 17 [name] => pa_razmer [options] => Array ( [0] => L [1] => M [2] => S [3] => XL [4] => XXL ) [position] => 0 [visible] => [variation] => 1 ) ) [pa_tsvet-dlya-filtrov] => WC_Product_Attribute Object ( [data:protected] => Array ( [id] => 18 [name] => pa_tsvet-dlya-filtrov [options] => Array ( [0] => 637 [1] => 639 ) [position] => 2 [visible] => [variation] => ) ) )
2022-02-28T18:35:13+00:00 INFO Цена 400000 сохранена (для вариации 35036 продукта 35024)
2022-02-28T18:35:13+00:00 INFO Сохранены атрибуты для вариации 35036 (продукт: 35024): Array ( [pa_tsvet] => tyomnyj-print [pa_razmer] => m )
2022-02-28T18:35:13+00:00 INFO Сохранена вариация: Костюм двойка "Casual" (Копировать) - Тёмный принт, M (35036), для продукта Костюм двойка "Casual" (Копировать) (35024)
2022-02-28T18:35:14+00:00 INFO Сохранены атрибуты для продукта: Костюм двойка "Casual" (Копировать) (35024): Array ( [pa_tsvet] => WC_Product_Attribute Object ( [data:protected] => Array ( [id] => 19 [name] => pa_tsvet [options] => Array ( [0] => Айвори [1] => Бежевый [2] => Светлый принт [3] => Тёмный принт ) [position] => 0 [visible] => [variation] => 1 ) ) [pa_razmer] => WC_Product_Attribute Object ( [data:protected] => Array ( [id] => 17 [name] => pa_razmer [options] => Array ( [0] => L [1] => M [2] => S [3] => XL [4] => XXL ) [position] => 0 [visible] => [variation] => 1 ) ) [pa_tsvet-dlya-filtrov] => WC_Product_Attribute Object ( [data:protected] => Array ( [id] => 18 [name] => pa_tsvet-dlya-filtrov [options] => Array ( [0] => 637 [1] => 639 ) [position] => 2 [visible] => [variation] => ) ) )
2022-02-28T18:35:14+00:00 INFO Цена 400000 сохранена (для вариации 35025 продукта 35024)
2022-02-28T18:35:14+00:00 INFO Сохранены атрибуты для вариации 35025 (продукт: 35024): Array ( [pa_tsvet] => tyomnyj-print [pa_razmer] => s )
2022-02-28T18:35:14+00:00 INFO Сохранена вариация: Костюм двойка "Casual" (Копировать) - Тёмный принт, S (35025), для продукта Костюм двойка "Casual" (Копировать) (35024)
2022-02-28T18:35:14+00:00 INFO Сохранены атрибуты для продукта: Костюм двойка "Casual" (Копировать) (35024): Array ( [pa_tsvet] => WC_Product_Attribute Object ( [data:protected] => Array ( [id] => 19 [name] => pa_tsvet [options] => Array ( [0] => Айвори [1] => Бежевый [2] => Светлый принт [3] => Тёмный принт ) [position] => 0 [visible] => [variation] => 1 ) ) [pa_razmer] => WC_Product_Attribute Object ( [data:protected] => Array ( [id] => 17 [name] => pa_razmer [options] => Array ( [0] => L [1] => M [2] => S [3] => XL [4] => XXL ) [position] => 0 [visible] => [variation] => 1 ) ) [pa_tsvet-dlya-filtrov] => WC_Product_Attribute Object ( [data:protected] => Array ( [id] => 18 [name] => pa_tsvet-dlya-filtrov [options] => Array ( [0] => 637 [1] => 639 ) [position] => 2 [visible] => [variation] => ) ) )
2022-02-28T18:35:14+00:00 INFO Цена 400000 сохранена (для вариации 35027 продукта 35024)
2022-02-28T18:35:14+00:00 INFO Сохранены атрибуты для вариации 35027 (продукт: 35024): Array ( [pa_tsvet] => tyomnyj-print [pa_razmer] => xl )
2022-02-28T18:35:15+00:00 INFO Сохранена вариация: Костюм двойка "Casual" (Копировать) - Тёмный принт, XL (35027), для продукта Костюм двойка "Casual" (Копировать) (35024)
2022-02-28T18:35:15+00:00 INFO Сохранены атрибуты для продукта: Костюм двойка "Casual" (Копировать) (35024): Array ( [pa_tsvet] => WC_Product_Attribute Object ( [data:protected] => Array ( [id] => 19 [name] => pa_tsvet [options] => Array ( [0] => Айвори [1] => Бежевый [2] => Светлый принт [3] => Тёмный принт ) [position] => 0 [visible] => [variation] => 1 ) ) [pa_razmer] => WC_Product_Attribute Object ( [data:protected] => Array ( [id] => 17 [name] => pa_razmer [options] => Array ( [0] => L [1] => M [2] => S [3] => XL [4] => XXL ) [position] => 0 [visible] => [variation] => 1 ) ) [pa_tsvet-dlya-filtrov] => WC_Product_Attribute Object ( [data:protected] => Array ( [id] => 18 [name] => pa_tsvet-dlya-filtrov [options] => Array ( [0] => 637 [1] => 639 ) [position] => 2 [visible] => [variation] => ) ) )
2022-02-28T18:35:15+00:00 INFO Цена 400000 сохранена (для вариации 35028 продукта 35024)
2022-02-28T18:35:15+00:00 INFO Сохранены атрибуты для вариации 35028 (продукт: 35024): Array ( [pa_tsvet] => tyomnyj-print [pa_razmer] => xxl )
2022-02-28T18:35:16+00:00 INFO Сохранена вариация: Костюм двойка "Casual" (Копировать) - Тёмный принт, XXL (35028), для продукта Костюм двойка "Casual" (Копировать) (35024)
2022-02-28T18:37:22+00:00 INFO Сохранены атрибуты для продукта: Костюм двойка "Casual" (Копировать) (35024): Array ( [pa_tsvet] => WC_Product_Attribute Object ( [data:protected] => Array ( [id] => 19 [name] => pa_tsvet [options] => Array ( [0] => Айвори [1] => Бежевый [2] => Светлый принт [3] => Тёмный принт ) [position] => 0 [visible] => [variation] => 1 ) ) [pa_razmer] => WC_Product_Attribute Object ( [data:protected] => Array ( [id] => 17 [name] => pa_razmer [options] => Array ( [0] => L [1] => M [2] => S [3] => XL [4] => XXL ) [position] => 0 [visible] => [variation] => 1 ) ) [pa_tsvet-dlya-filtrov] => WC_Product_Attribute Object ( [data:protected] => Array ( [id] => 18 [name] => pa_tsvet-dlya-filtrov [options] => Array ( [0] => 637 [1] => 639 ) [position] => 2 [visible] => [variation] => ) ) )
2022-02-28T18:37:22+00:00 INFO Цена 400000 сохранена (для вариации 35037 продукта 35024)
2022-02-28T18:37:22+00:00 INFO Сохранены атрибуты для вариации 35037 (продукт: 35024): Array ( [pa_tsvet] => svetlyj-print [pa_razmer] => l )
2022-02-28T18:37:22+00:00 INFO Сохранена вариация: Костюм двойка "Casual" (Копировать) - Светлый принт, L (35037), для продукта Костюм двойка "Casual" (Копировать) (35024)
2022-02-28T18:37:22+00:00 INFO Сохранены атрибуты для продукта: Костюм двойка "Casual" (Копировать) (35024): Array ( [pa_tsvet] => WC_Product_Attribute Object ( [data:protected] => Array ( [id] => 19 [name] => pa_tsvet [options] => Array ( [0] => Айвори [1] => Бежевый [2] => Светлый принт [3] => Тёмный принт ) [position] => 0 [visible] => [variation] => 1 ) ) [pa_razmer] => WC_Product_Attribute Object ( [data:protected] => Array ( [id] => 17 [name] => pa_razmer [options] => Array ( [0] => L [1] => M [2] => S [3] => XL [4] => XXL ) [position] => 0 [visible] => [variation] => 1 ) ) [pa_tsvet-dlya-filtrov] => WC_Product_Attribute Object ( [data:protected] => Array ( [id] => 18 [name] => pa_tsvet-dlya-filtrov [options] => Array ( [0] => 637 [1] => 639 ) [position] => 2 [visible] => [variation] => ) ) )
2022-02-28T18:37:22+00:00 INFO Цена 400000 сохранена (для вариации 35030 продукта 35024)
2022-02-28T18:37:23+00:00 INFO Сохранены атрибуты для вариации 35030 (продукт: 35024): Array ( [pa_tsvet] => svetlyj-print [pa_razmer] => m )
2022-02-28T18:37:23+00:00 INFO Сохранена вариация: Костюм двойка "Casual" (Копировать) - Светлый принт, M (35030), для продукта Костюм двойка "Casual" (Копировать) (35024)
2022-02-28T18:37:23+00:00 INFO Сохранены атрибуты для продукта: Костюм двойка "Casual" (Копировать) (35024): Array ( [pa_tsvet] => WC_Product_Attribute Object ( [data:protected] => Array ( [id] => 19 [name] => pa_tsvet [options] => Array ( [0] => Айвори [1] => Бежевый [2] => Светлый принт [3] => Тёмный принт ) [position] => 0 [visible] => [variation] => 1 ) ) [pa_razmer] => WC_Product_Attribute Object ( [data:protected] => Array ( [id] => 17 [name] => pa_razmer [options] => Array ( [0] => L [1] => M [2] => S [3] => XL [4] => XXL ) [position] => 0 [visible] => [variation] => 1 ) ) [pa_tsvet-dlya-filtrov] => WC_Product_Attribute Object ( [data:protected] => Array ( [id] => 18 [name] => pa_tsvet-dlya-filtrov [options] => Array ( [0] => 637 [1] => 639 ) [position] => 2 [visible] => [variation] => ) ) )
2022-02-28T18:37:23+00:00 INFO Цена 400000 сохранена (для вариации 35031 продукта 35024)
2022-02-28T18:37:23+00:00 INFO Сохранены атрибуты для вариации 35031 (продукт: 35024): Array ( [pa_tsvet] => svetlyj-print [pa_razmer] => s )
2022-02-28T18:37:24+00:00 INFO Сохранена вариация: Костюм двойка "Casual" (Копировать) - Светлый принт, S (35031), для продукта Костюм двойка "Casual" (Копировать) (35024)
2022-02-28T18:37:24+00:00 INFO Сохранены атрибуты для продукта: Костюм двойка "Casual" (Копировать) (35024): Array ( [pa_tsvet] => WC_Product_Attribute Object ( [data:protected] => Array ( [id] => 19 [name] => pa_tsvet [options] => Array ( [0] => Айвори [1] => Бежевый [2] => Светлый принт [3] => Тёмный принт ) [position] => 0 [visible] => [variation] => 1 ) ) [pa_razmer] => WC_Product_Attribute Object ( [data:protected] => Array ( [id] => 17 [name] => pa_razmer [options] => Array ( [0] => L [1] => M [2] => S [3] => XL [4] => XXL ) [position] => 0 [visible] => [variation] => 1 ) ) [pa_tsvet-dlya-filtrov] => WC_Product_Attribute Object ( [data:protected] => Array ( [id] => 18 [name] => pa_tsvet-dlya-filtrov [options] => Array ( [0] => 637 [1] => 639 ) [position] => 2 [visible] => [variation] => ) ) )
2022-02-28T18:37:24+00:00 INFO Цена 400000 сохранена (для вариации 35033 продукта 35024)
2022-02-28T18:37:24+00:00 INFO Сохранены атрибуты для вариации 35033 (продукт: 35024): Array ( [pa_tsvet] => svetlyj-print [pa_razmer] => xl )
2022-02-28T18:37:24+00:00 INFO Сохранена вариация: Костюм двойка "Casual" (Копировать) - Светлый принт, XL (35033), для продукта Костюм двойка "Casual" (Копировать) (35024)
2022-02-28T18:37:25+00:00 INFO Сохранены атрибуты для продукта: Костюм двойка "Casual" (Копировать) (35024): Array ( [pa_tsvet] => WC_Product_Attribute Object ( [data:protected] => Array ( [id] => 19 [name] => pa_tsvet [options] => Array ( [0] => Айвори [1] => Бежевый [2] => Светлый принт [3] => Тёмный принт ) [position] => 0 [visible] => [variation] => 1 ) ) [pa_razmer] => WC_Product_Attribute Object ( [data:protected] => Array ( [id] => 17 [name] => pa_razmer [options] => Array ( [0] => L [1] => M [2] => S [3] => XL [4] => XXL ) [position] => 0 [visible] => [variation] => 1 ) ) [pa_tsvet-dlya-filtrov] => WC_Product_Attribute Object ( [data:protected] => Array ( [id] => 18 [name] => pa_tsvet-dlya-filtrov [options] => Array ( [0] => 637 [1] => 639 ) [position] => 2 [visible] => [variation] => ) ) )
2022-02-28T18:37:25+00:00 INFO Цена 400000 сохранена (для вариации 35034 продукта 35024)
2022-02-28T18:37:25+00:00 INFO Сохранены атрибуты для вариации 35034 (продукт: 35024): Array ( [pa_tsvet] => svetlyj-print [pa_razmer] => xxl )
2022-02-28T18:37:25+00:00 INFO Сохранена вариация: Костюм двойка "Casual" (Копировать) - Светлый принт, XXL (35034), для продукта Костюм двойка "Casual" (Копировать) (35024)
2022-02-28T18:37:25+00:00 INFO Сохранены атрибуты для продукта: Костюм двойка "Casual" (Копировать) (35024): Array ( [pa_tsvet] => WC_Product_Attribute Object ( [data:protected] => Array ( [id] => 19 [name] => pa_tsvet [options] => Array ( [0] => Айвори [1] => Бежевый [2] => Светлый принт [3] => Тёмный принт ) [position] => 0 [visible] => [variation] => 1 ) ) [pa_razmer] => WC_Product_Attribute Object ( [data:protected] => Array ( [id] => 17 [name] => pa_razmer [options] => Array ( [0] => L [1] => M [2] => S [3] => XL [4] => XXL ) [position] => 0 [visible] => [variation] => 1 ) ) [pa_tsvet-dlya-filtrov] => WC_Product_Attribute Object ( [data:protected] => Array ( [id] => 18 [name] => pa_tsvet-dlya-filtrov [options] => Array ( [0] => 637 [1] => 639 ) [position] => 2 [visible] => [variation] => ) ) )
2022-02-28T18:37:25+00:00 INFO Цена 400000 сохранена (для вариации 35035 продукта 35024)
2022-02-28T18:37:25+00:00 INFO Сохранены атрибуты для вариации 35035 (продукт: 35024): Array ( [pa_tsvet] => tyomnyj-print [pa_razmer] => l )
2022-02-28T18:37:26+00:00 INFO Сохранена вариация: Костюм двойка "Casual" (Копировать) - Тёмный принт, L (35035), для продукта Костюм двойка "Casual" (Копировать) (35024)
2022-02-28T18:37:26+00:00 INFO Сохранены атрибуты для продукта: Костюм двойка "Casual" (Копировать) (35024): Array ( [pa_tsvet] => WC_Product_Attribute Object ( [data:protected] => Array ( [id] => 19 [name] => pa_tsvet [options] => Array ( [0] => Айвори [1] => Бежевый [2] => Светлый принт [3] => Тёмный принт ) [position] => 0 [visible] => [variation] => 1 ) ) [pa_razmer] => WC_Product_Attribute Object ( [data:protected] => Array ( [id] => 17 [name] => pa_razmer [options] => Array ( [0] => L [1] => M [2] => S [3] => XL [4] => XXL ) [position] => 0 [visible] => [variation] => 1 ) ) [pa_tsvet-dlya-filtrov] => WC_Product_Attribute Object ( [data:protected] => Array ( [id] => 18 [name] => pa_tsvet-dlya-filtrov [options] => Array ( [0] => 637 [1] => 639 ) [position] => 2 [visible] => [variation] => ) ) )
2022-02-28T18:37:26+00:00 INFO Цена 400000 сохранена (для вариации 35036 продукта 35024)
2022-02-28T18:37:26+00:00 INFO Сохранены атрибуты для вариации 35036 (продукт: 35024): Array ( [pa_tsvet] => tyomnyj-print [pa_razmer] => m )
2022-02-28T18:37:26+00:00 INFO Сохранена вариация: Костюм двойка "Casual" (Копировать) - Тёмный принт, M (35036), для продукта Костюм двойка "Casual" (Копировать) (35024)
2022-02-28T18:37:26+00:00 INFO Сохранены атрибуты для продукта: Костюм двойка "Casual" (Копировать) (35024): Array ( [pa_tsvet] => WC_Product_Attribute Object ( [data:protected] => Array ( [id] => 19 [name] => pa_tsvet [options] => Array ( [0] => Айвори [1] => Бежевый [2] => Светлый принт [3] => Тёмный принт ) [position] => 0 [visible] => [variation] => 1 ) ) [pa_razmer] => WC_Product_Attribute Object ( [data:protected] => Array ( [id] => 17 [name] => pa_razmer [options] => Array ( [0] => L [1] => M [2] => S [3] => XL [4] => XXL ) [position] => 0 [visible] => [variation] => 1 ) ) [pa_tsvet-dlya-filtrov] => WC_Product_Attribute Object ( [data:protected] => Array ( [id] => 18 [name] => pa_tsvet-dlya-filtrov [options] => Array ( [0] => 637 [1] => 639 ) [position] => 2 [visible] => [variation] => ) ) )
2022-02-28T18:37:26+00:00 INFO Цена 400000 сохранена (для вариации 35025 продукта 35024)
2022-02-28T18:37:26+00:00 INFO Сохранены атрибуты для вариации 35025 (продукт: 35024): Array ( [pa_tsvet] => tyomnyj-print [pa_razmer] => s )
2022-02-28T18:37:27+00:00 INFO Сохранена вариация: Костюм двойка "Casual" (Копировать) - Тёмный принт, S (35025), для продукта Костюм двойка "Casual" (Копировать) (35024)
2022-02-28T18:37:27+00:00 INFO Сохранены атрибуты для продукта: Костюм двойка "Casual" (Копировать) (35024): Array ( [pa_tsvet] => WC_Product_Attribute Object ( [data:protected] => Array ( [id] => 19 [name] => pa_tsvet [options] => Array ( [0] => Айвори [1] => Бежевый [2] => Светлый принт [3] => Тёмный принт ) [position] => 0 [visible] => [variation] => 1 ) ) [pa_razmer] => WC_Product_Attribute Object ( [data:protected] => Array ( [id] => 17 [name] => pa_razmer [options] => Array ( [0] => L [1] => M [2] => S [3] => XL [4] => XXL ) [position] => 0 [visible] => [variation] => 1 ) ) [pa_tsvet-dlya-filtrov] => WC_Product_Attribute Object ( [data:protected] => Array ( [id] => 18 [name] => pa_tsvet-dlya-filtrov [options] => Array ( [0] => 637 [1] => 639 ) [position] => 2 [visible] => [variation] => ) ) )
2022-02-28T18:37:27+00:00 INFO Цена 400000 сохранена (для вариации 35027 продукта 35024)
2022-02-28T18:37:27+00:00 INFO Сохранены атрибуты для вариации 35027 (продукт: 35024): Array ( [pa_tsvet] => tyomnyj-print [pa_razmer] => xl )
2022-02-28T18:37:27+00:00 INFO Сохранена вариация: Костюм двойка "Casual" (Копировать) - Тёмный принт, XL (35027), для продукта Костюм двойка "Casual" (Копировать) (35024)
2022-02-28T18:37:28+00:00 INFO Сохранены атрибуты для продукта: Костюм двойка "Casual" (Копировать) (35024): Array ( [pa_tsvet] => WC_Product_Attribute Object ( [data:protected] => Array ( [id] => 19 [name] => pa_tsvet [options] => Array ( [0] => Айвори [1] => Бежевый [2] => Светлый принт [3] => Тёмный принт ) [position] => 0 [visible] => [variation] => 1 ) ) [pa_razmer] => WC_Product_Attribute Object ( [data:protected] => Array ( [id] => 17 [name] => pa_razmer [options] => Array ( [0] => L [1] => M [2] => S [3] => XL [4] => XXL ) [position] => 0 [visible] => [variation] => 1 ) ) [pa_tsvet-dlya-filtrov] => WC_Product_Attribute Object ( [data:protected] => Array ( [id] => 18 [name] => pa_tsvet-dlya-filtrov [options] => Array ( [0] => 637 [1] => 639 ) [position] => 2 [visible] => [variation] => ) ) )
2022-02-28T18:37:28+00:00 INFO Цена 400000 сохранена (для вариации 35028 продукта 35024)
2022-02-28T18:37:28+00:00 INFO Сохранены атрибуты для вариации 35028 (продукт: 35024): Array ( [pa_tsvet] => tyomnyj-print [pa_razmer] => xxl )
2022-02-28T18:37:28+00:00 INFO Сохранена вариация: Костюм двойка "Casual" (Копировать) - Тёмный принт, XXL (35028), для продукта Костюм двойка "Casual" (Копировать) (35024)
2022-02-28T19:43:07+00:00 INFO Сохранены атрибуты для продукта: Чехол для телефона "ICONS" (34951): Array ( [model] => WC_Product_Attribute Object ( [data:protected] => Array ( [id] => 0 [name] => Модель [options] => Array ( [0] => iPhone 12 PRO [1] => iPhone 12 PRO MAX ) [position] => 0 [visible] => [variation] => 1 ) ) [pa_tsvet-dlya-filtrov] => WC_Product_Attribute Object ( [data:protected] => Array ( [id] => 18 [name] => pa_tsvet-dlya-filtrov [options] => Array ( [0] => 675 ) [position] => 1 [visible] => [variation] => ) ) [pa_tsvet] => WC_Product_Attribute Object ( [data:protected] => Array ( [id] => 19 [name] => pa_tsvet [options] => Array ( [0] => Мульти ) [position] => 0 [visible] => [variation] => 1 ) ) )
2022-02-28T19:43:07+00:00 INFO Цена 120000 сохранена (для вариации 35021 продукта 34951)
2022-02-28T19:43:07+00:00 INFO Сохранены атрибуты для вариации 35021 (продукт: 34951): Array ( [pa_tsvet] => multi [model] => iPhone 12 PRO )
2022-02-28T19:43:08+00:00 INFO Сохранена вариация: Чехол для телефона "ICONS" - Мульти, iPhone 12 PRO (35021), для продукта Чехол для телефона "ICONS" (34951)
2022-02-28T19:43:08+00:00 INFO Сохранены атрибуты для продукта: Чехол для телефона "ICONS" (34951): Array ( [model] => WC_Product_Attribute Object ( [data:protected] => Array ( [id] => 0 [name] => Модель [options] => Array ( [0] => iPhone 12 PRO [1] => iPhone 12 PRO MAX ) [position] => 0 [visible] => [variation] => 1 ) ) [pa_tsvet] => WC_Product_Attribute Object ( [data:protected] => Array ( [id] => 19 [name] => pa_tsvet [options] => Array ( [0] => Мульти ) [position] => 0 [visible] => [variation] => 1 ) ) [pa_tsvet-dlya-filtrov] => WC_Product_Attribute Object ( [data:protected] => Array ( [id] => 18 [name] => pa_tsvet-dlya-filtrov [options] => Array ( [0] => 675 ) [position] => 1 [visible] => [variation] => ) ) )
2022-02-28T19:43:08+00:00 INFO Цена 120000 сохранена (для вариации 35022 продукта 34951)
2022-02-28T19:43:08+00:00 INFO Сохранены атрибуты для вариации 35022 (продукт: 34951): Array ( [pa_tsvet] => multi [model] => iPhone 12 PRO MAX )
2022-02-28T19:43:08+00:00 INFO Сохранена вариация: Чехол для телефона "ICONS" - Мульти, iPhone 12 PRO MAX (35022), для продукта Чехол для телефона "ICONS" (34951)
2022-02-28T19:58:02+00:00 INFO Сохранены атрибуты для продукта: Чехол для телефона "CHIP" (34948): Array ( [model] => WC_Product_Attribute Object ( [data:protected] => Array ( [id] => 0 [name] => Модель [options] => Array ( [0] => Samsung Galaxy A 51 [1] => Xiaomi Poco X3 [2] => Xiaomi REDMI NOTE 10 [3] => iPhone 12 PRO [4] => iPhone 12 PRO MAX ) [position] => 0 [visible] => [variation] => 1 ) ) [pa_tsvet-dlya-filtrov] => WC_Product_Attribute Object ( [data:protected] => Array ( [id] => 18 [name] => pa_tsvet-dlya-filtrov [options] => Array ( [0] => 675 ) [position] => 1 [visible] => [variation] => ) ) [pa_tsvet] => WC_Product_Attribute Object ( [data:protected] => Array ( [id] => 19 [name] => pa_tsvet [options] => Array ( [0] => Мульти ) [position] => 0 [visible] => [variation] => 1 ) ) )
2022-02-28T19:58:02+00:00 INFO Цена 120000 сохранена (для вариации 34993 продукта 34948)
2022-02-28T19:58:02+00:00 INFO Сохранены атрибуты для вариации 34993 (продукт: 34948): Array ( [pa_tsvet] => multi [model] => Samsung Galaxy A 51 )
2022-02-28T19:58:02+00:00 INFO Сохранена вариация: Чехол для телефона "CHIP" - Мульти, Samsung Galaxy A 51 (34993), для продукта Чехол для телефона "CHIP" (34948)
2022-02-28T19:58:02+00:00 INFO Сохранены атрибуты для продукта: Чехол для телефона "CHIP" (34948): Array ( [model] => WC_Product_Attribute Object ( [data:protected] => Array ( [id] => 0 [name] => Модель [options] => Array ( [0] => Samsung Galaxy A 51 [1] => Xiaomi Poco X3 [2] => Xiaomi REDMI NOTE 10 [3] => iPhone 12 PRO [4] => iPhone 12 PRO MAX ) [position] => 0 [visible] => [variation] => 1 ) ) [pa_tsvet] => WC_Product_Attribute Object ( [data:protected] => Array ( [id] => 19 [name] => pa_tsvet [options] => Array ( [0] => Мульти ) [position] => 0 [visible] => [variation] => 1 ) ) [pa_tsvet-dlya-filtrov] => WC_Product_Attribute Object ( [data:protected] => Array ( [id] => 18 [name] => pa_tsvet-dlya-filtrov [options] => Array ( [0] => 675 ) [position] => 1 [visible] => [variation] => ) ) )
2022-02-28T19:58:02+00:00 INFO Цена 120000 сохранена (для вариации 34994 продукта 34948)
2022-02-28T19:58:02+00:00 INFO Сохранены атрибуты для вариации 34994 (продукт: 34948): Array ( [pa_tsvet] => multi [model] => Xiaomi Poco X3 )
2022-02-28T19:58:03+00:00 INFO Сохранена вариация: Чехол для телефона "CHIP" - Мульти, Xiaomi Poco X3 (34994), для продукта Чехол для телефона "CHIP" (34948)
2022-02-28T19:58:03+00:00 INFO Сохранены атрибуты для продукта: Чехол для телефона "CHIP" (34948): Array ( [model] => WC_Product_Attribute Object ( [data:protected] => Array ( [id] => 0 [name] => Модель [options] => Array ( [0] => Samsung Galaxy A 51 [1] => Xiaomi Poco X3 [2] => Xiaomi REDMI NOTE 10 [3] => iPhone 12 PRO [4] => iPhone 12 PRO MAX ) [position] => 0 [visible] => [variation] => 1 ) ) [pa_tsvet] => WC_Product_Attribute Object ( [data:protected] => Array ( [id] => 19 [name] => pa_tsvet [options] => Array ( [0] => Мульти ) [position] => 0 [visible] => [variation] => 1 ) ) [pa_tsvet-dlya-filtrov] => WC_Product_Attribute Object ( [data:protected] => Array ( [id] => 18 [name] => pa_tsvet-dlya-filtrov [options] => Array ( [0] => 675 ) [position] => 1 [visible] => [variation] => ) ) )
2022-02-28T19:58:03+00:00 INFO Цена 120000 сохранена (для вариации 34995 продукта 34948)
2022-02-28T19:58:03+00:00 INFO Сохранены атрибуты для вариации 34995 (продукт: 34948): Array ( [pa_tsvet] => multi [model] => Xiaomi REDMI NOTE 10 )
2022-02-28T19:58:03+00:00 INFO Сохранена вариация: Чехол для телефона "CHIP" - Мульти, Xiaomi REDMI NOTE 10 (34995), для продукта Чехол для телефона "CHIP" (34948)
2022-02-28T19:58:04+00:00 INFO Сохранены атрибуты для продукта: Чехол для телефона "CHIP" (34948): Array ( [model] => WC_Product_Attribute Object ( [data:protected] => Array ( [id] => 0 [name] => Модель [options] => Array ( [0] => Samsung Galaxy A 51 [1] => Xiaomi Poco X3 [2] => Xiaomi REDMI NOTE 10 [3] => iPhone 12 PRO [4] => iPhone 12 PRO MAX ) [position] => 0 [visible] => [variation] => 1 ) ) [pa_tsvet] => WC_Product_Attribute Object ( [data:protected] => Array ( [id] => 19 [name] => pa_tsvet [options] => Array ( [0] => Мульти ) [position] => 0 [visible] => [variation] => 1 ) ) [pa_tsvet-dlya-filtrov] => WC_Product_Attribute Object ( [data:protected] => Array ( [id] => 18 [name] => pa_tsvet-dlya-filtrov [options] => Array ( [0] => 675 ) [position] => 1 [visible] => [variation] => ) ) )
2022-02-28T19:58:04+00:00 INFO Цена 120000 сохранена (для вариации 34996 продукта 34948)
2022-02-28T19:58:04+00:00 INFO Сохранены атрибуты для вариации 34996 (продукт: 34948): Array ( [pa_tsvet] => multi [model] => iPhone 12 PRO )
2022-02-28T19:58:04+00:00 INFO Сохранена вариация: Чехол для телефона "CHIP" - Мульти, iPhone 12 PRO (34996), для продукта Чехол для телефона "CHIP" (34948)
2022-02-28T19:58:04+00:00 INFO Сохранены атрибуты для продукта: Чехол для телефона "CHIP" (34948): Array ( [model] => WC_Product_Attribute Object ( [data:protected] => Array ( [id] => 0 [name] => Модель [options] => Array ( [0] => Samsung Galaxy A 51 [1] => Xiaomi Poco X3 [2] => Xiaomi REDMI NOTE 10 [3] => iPhone 12 PRO [4] => iPhone 12 PRO MAX ) [position] => 0 [visible] => [variation] => 1 ) ) [pa_tsvet] => WC_Product_Attribute Object ( [data:protected] => Array ( [id] => 19 [name] => pa_tsvet [options] => Array ( [0] => Мульти ) [position] => 0 [visible] => [variation] => 1 ) ) [pa_tsvet-dlya-filtrov] => WC_Product_Attribute Object ( [data:protected] => Array ( [id] => 18 [name] => pa_tsvet-dlya-filtrov [options] => Array ( [0] => 675 ) [position] => 1 [visible] => [variation] => ) ) )
2022-02-28T19:58:04+00:00 INFO Цена 120000 сохранена (для вариации 34997 продукта 34948)
2022-02-28T19:58:04+00:00 INFO Сохранены атрибуты для вариации 34997 (продукт: 34948): Array ( [pa_tsvet] => multi [model] => iPhone 12 PRO MAX )
2022-02-28T19:58:05+00:00 INFO Сохранена вариация: Чехол для телефона "CHIP" - Мульти, iPhone 12 PRO MAX (34997), для продукта Чехол для телефона "CHIP" (34948)
2022-02-28T19:59:10+00:00 INFO Сохранены атрибуты для продукта: Свитшот "HEART" (34946): Array ( [pa_tsvet] => WC_Product_Attribute Object ( [data:protected] => Array ( [id] => 19 [name] => pa_tsvet [options] => Array ( [0] => Белый [1] => Красный ) [position] => 0 [visible] => [variation] => 1 ) ) [pa_razmer] => WC_Product_Attribute Object ( [data:protected] => Array ( [id] => 17 [name] => pa_razmer [options] => Array ( [0] => L [1] => M [2] => S [3] => XL [4] => XXL ) [position] => 0 [visible] => [variation] => 1 ) ) [pa_tsvet-dlya-filtrov] => WC_Product_Attribute Object ( [data:protected] => Array ( [id] => 18 [name] => pa_tsvet-dlya-filtrov [options] => Array ( [0] => 645 ) [position] => 2 [visible] => [variation] => ) ) )
2022-02-28T19:59:10+00:00 INFO Цена 220000 сохранена (для вариации 34967 продукта 34946)
2022-02-28T19:59:10+00:00 INFO Сохранены атрибуты для вариации 34967 (продукт: 34946): Array ( [pa_tsvet] => belyj [pa_razmer] => l )
2022-02-28T19:59:10+00:00 INFO Сохранена вариация: Свитшот "HEART" - Белый, L (34967), для продукта Свитшот "HEART" (34946)
2022-02-28T19:59:10+00:00 INFO Сохранены атрибуты для продукта: Свитшот "HEART" (34946): Array ( [pa_tsvet] => WC_Product_Attribute Object ( [data:protected] => Array ( [id] => 19 [name] => pa_tsvet [options] => Array ( [0] => Белый [1] => Красный ) [position] => 0 [visible] => [variation] => 1 ) ) [pa_razmer] => WC_Product_Attribute Object ( [data:protected] => Array ( [id] => 17 [name] => pa_razmer [options] => Array ( [0] => L [1] => M [2] => S [3] => XL [4] => XXL ) [position] => 0 [visible] => [variation] => 1 ) ) [pa_tsvet-dlya-filtrov] => WC_Product_Attribute Object ( [data:protected] => Array ( [id] => 18 [name] => pa_tsvet-dlya-filtrov [options] => Array ( [0] => 645 ) [position] => 2 [visible] => [variation] => ) ) )
2022-02-28T19:59:10+00:00 INFO Цена 220000 сохранена (для вариации 34968 продукта 34946)
2022-02-28T19:59:11+00:00 INFO Сохранены атрибуты для вариации 34968 (продукт: 34946): Array ( [pa_tsvet] => belyj [pa_razmer] => m )
2022-02-28T19:59:11+00:00 INFO Сохранена вариация: Свитшот "HEART" - Белый, M (34968), для продукта Свитшот "HEART" (34946)
2022-02-28T19:59:11+00:00 INFO Сохранены атрибуты для продукта: Свитшот "HEART" (34946): Array ( [pa_tsvet] => WC_Product_Attribute Object ( [data:protected] => Array ( [id] => 19 [name] => pa_tsvet [options] => Array ( [0] => Белый [1] => Красный ) [position] => 0 [visible] => [variation] => 1 ) ) [pa_razmer] => WC_Product_Attribute Object ( [data:protected] => Array ( [id] => 17 [name] => pa_razmer [options] => Array ( [0] => L [1] => M [2] => S [3] => XL [4] => XXL ) [position] => 0 [visible] => [variation] => 1 ) ) [pa_tsvet-dlya-filtrov] => WC_Product_Attribute Object ( [data:protected] => Array ( [id] => 18 [name] => pa_tsvet-dlya-filtrov [options] => Array ( [0] => 645 ) [position] => 2 [visible] => [variation] => ) ) )
2022-02-28T19:59:11+00:00 INFO Цена 220000 сохранена (для вариации 34969 продукта 34946)
2022-02-28T19:59:11+00:00 INFO Сохранены атрибуты для вариации 34969 (продукт: 34946): Array ( [pa_tsvet] => belyj [pa_razmer] => s )
2022-02-28T19:59:12+00:00 INFO Сохранена вариация: Свитшот "HEART" - Белый, S (34969), для продукта Свитшот "HEART" (34946)
2022-02-28T19:59:12+00:00 INFO Сохранены атрибуты для продукта: Свитшот "HEART" (34946): Array ( [pa_tsvet] => WC_Product_Attribute Object ( [data:protected] => Array ( [id] => 19 [name] => pa_tsvet [options] => Array ( [0] => Белый [1] => Красный ) [position] => 0 [visible] => [variation] => 1 ) ) [pa_razmer] => WC_Product_Attribute Object ( [data:protected] => Array ( [id] => 17 [name] => pa_razmer [options] => Array ( [0] => L [1] => M [2] => S [3] => XL [4] => XXL ) [position] => 0 [visible] => [variation] => 1 ) ) [pa_tsvet-dlya-filtrov] => WC_Product_Attribute Object ( [data:protected] => Array ( [id] => 18 [name] => pa_tsvet-dlya-filtrov [options] => Array ( [0] => 645 ) [position] => 2 [visible] => [variation] => ) ) )
2022-02-28T19:59:12+00:00 INFO Цена 220000 сохранена (для вариации 34970 продукта 34946)
2022-02-28T19:59:12+00:00 INFO Сохранены атрибуты для вариации 34970 (продукт: 34946): Array ( [pa_tsvet] => belyj [pa_razmer] => xl )
2022-02-28T19:59:12+00:00 INFO Сохранена вариация: Свитшот "HEART" - Белый, XL (34970), для продукта Свитшот "HEART" (34946)
2022-02-28T19:59:12+00:00 INFO Сохранены атрибуты для продукта: Свитшот "HEART" (34946): Array ( [pa_tsvet] => WC_Product_Attribute Object ( [data:protected] => Array ( [id] => 19 [name] => pa_tsvet [options] => Array ( [0] => Белый [1] => Красный ) [position] => 0 [visible] => [variation] => 1 ) ) [pa_razmer] => WC_Product_Attribute Object ( [data:protected] => Array ( [id] => 17 [name] => pa_razmer [options] => Array ( [0] => L [1] => M [2] => S [3] => XL [4] => XXL ) [position] => 0 [visible] => [variation] => 1 ) ) [pa_tsvet-dlya-filtrov] => WC_Product_Attribute Object ( [data:protected] => Array ( [id] => 18 [name] => pa_tsvet-dlya-filtrov [options] => Array ( [0] => 645 ) [position] => 2 [visible] => [variation] => ) ) )
2022-02-28T19:59:12+00:00 INFO Цена 220000 сохранена (для вариации 34971 продукта 34946)
2022-02-28T19:59:12+00:00 INFO Сохранены атрибуты для вариации 34971 (продукт: 34946): Array ( [pa_tsvet] => belyj [pa_razmer] => xxl )
2022-02-28T19:59:13+00:00 INFO Сохранена вариация: Свитшот "HEART" - Белый, XXL (34971), для продукта Свитшот "HEART" (34946)
2022-02-28T19:59:13+00:00 INFO Сохранены атрибуты для продукта: Свитшот "HEART" (34946): Array ( [pa_tsvet] => WC_Product_Attribute Object ( [data:protected] => Array ( [id] => 19 [name] => pa_tsvet [options] => Array ( [0] => Белый [1] => Красный ) [position] => 0 [visible] => [variation] => 1 ) ) [pa_razmer] => WC_Product_Attribute Object ( [data:protected] => Array ( [id] => 17 [name] => pa_razmer [options] => Array ( [0] => L [1] => M [2] => S [3] => XL [4] => XXL ) [position] => 0 [visible] => [variation] => 1 ) ) [pa_tsvet-dlya-filtrov] => WC_Product_Attribute Object ( [data:protected] => Array ( [id] => 18 [name] => pa_tsvet-dlya-filtrov [options] => Array ( [0] => 645 ) [position] => 2 [visible] => [variation] => ) ) )
2022-02-28T19:59:13+00:00 INFO Цена 220000 сохранена (для вариации 34972 продукта 34946)
2022-02-28T19:59:13+00:00 INFO Сохранены атрибуты для вариации 34972 (продукт: 34946): Array ( [pa_tsvet] => krasnyj [pa_razmer] => l )
2022-02-28T19:59:14+00:00 INFO Сохранена вариация: Свитшот "HEART" - Красный, L (34972), для продукта Свитшот "HEART" (34946)
2022-02-28T19:59:14+00:00 INFO Сохранены атрибуты для продукта: Свитшот "HEART" (34946): Array ( [pa_tsvet] => WC_Product_Attribute Object ( [data:protected] => Array ( [id] => 19 [name] => pa_tsvet [options] => Array ( [0] => Белый [1] => Красный ) [position] => 0 [visible] => [variation] => 1 ) ) [pa_razmer] => WC_Product_Attribute Object ( [data:protected] => Array ( [id] => 17 [name] => pa_razmer [options] => Array ( [0] => L [1] => M [2] => S [3] => XL [4] => XXL ) [position] => 0 [visible] => [variation] => 1 ) ) [pa_tsvet-dlya-filtrov] => WC_Product_Attribute Object ( [data:protected] => Array ( [id] => 18 [name] => pa_tsvet-dlya-filtrov [options] => Array ( [0] => 645 ) [position] => 2 [visible] => [variation] => ) ) )
2022-02-28T19:59:14+00:00 INFO Цена 220000 сохранена (для вариации 34981 продукта 34946)
2022-02-28T19:59:14+00:00 INFO Сохранены атрибуты для вариации 34981 (продукт: 34946): Array ( [pa_tsvet] => krasnyj [pa_razmer] => m )
2022-02-28T19:59:14+00:00 INFO Сохранена вариация: Свитшот "HEART" - Красный, M (34981), для продукта Свитшот "HEART" (34946)
2022-02-28T19:59:14+00:00 INFO Сохранены атрибуты для продукта: Свитшот "HEART" (34946): Array ( [pa_tsvet] => WC_Product_Attribute Object ( [data:protected] => Array ( [id] => 19 [name] => pa_tsvet [options] => Array ( [0] => Белый [1] => Красный ) [position] => 0 [visible] => [variation] => 1 ) ) [pa_razmer] => WC_Product_Attribute Object ( [data:protected] => Array ( [id] => 17 [name] => pa_razmer [options] => Array ( [0] => L [1] => M [2] => S [3] => XL [4] => XXL ) [position] => 0 [visible] => [variation] => 1 ) ) [pa_tsvet-dlya-filtrov] => WC_Product_Attribute Object ( [data:protected] => Array ( [id] => 18 [name] => pa_tsvet-dlya-filtrov [options] => Array ( [0] => 645 ) [position] => 2 [visible] => [variation] => ) ) )
2022-02-28T19:59:14+00:00 INFO Цена 220000 сохранена (для вариации 34982 продукта 34946)
2022-02-28T19:59:14+00:00 INFO Сохранены атрибуты для вариации 34982 (продукт: 34946): Array ( [pa_tsvet] => krasnyj [pa_razmer] => s )
2022-02-28T19:59:15+00:00 INFO Сохранена вариация: Свитшот "HEART" - Красный, S (34982), для продукта Свитшот "HEART" (34946)
2022-02-28T19:59:15+00:00 INFO Сохранены атрибуты для продукта: Свитшот "HEART" (34946): Array ( [pa_tsvet] => WC_Product_Attribute Object ( [data:protected] => Array ( [id] => 19 [name] => pa_tsvet [options] => Array ( [0] => Белый [1] => Красный ) [position] => 0 [visible] => [variation] => 1 ) ) [pa_razmer] => WC_Product_Attribute Object ( [data:protected] => Array ( [id] => 17 [name] => pa_razmer [options] => Array ( [0] => L [1] => M [2] => S [3] => XL [4] => XXL ) [position] => 0 [visible] => [variation] => 1 ) ) [pa_tsvet-dlya-filtrov] => WC_Product_Attribute Object ( [data:protected] => Array ( [id] => 18 [name] => pa_tsvet-dlya-filtrov [options] => Array ( [0] => 645 ) [position] => 2 [visible] => [variation] => ) ) )
2022-02-28T19:59:15+00:00 INFO Цена 220000 сохранена (для вариации 34983 продукта 34946)
2022-02-28T19:59:15+00:00 INFO Сохранены атрибуты для вариации 34983 (продукт: 34946): Array ( [pa_tsvet] => krasnyj [pa_razmer] => xl )
2022-02-28T19:59:15+00:00 INFO Сохранена вариация: Свитшот "HEART" - Красный, XL (34983), для продукта Свитшот "HEART" (34946)
2022-02-28T19:59:16+00:00 INFO Сохранены атрибуты для продукта: Свитшот "HEART" (34946): Array ( [pa_tsvet] => WC_Product_Attribute Object ( [data:protected] => Array ( [id] => 19 [name] => pa_tsvet [options] => Array ( [0] => Белый [1] => Красный ) [position] => 0 [visible] => [variation] => 1 ) ) [pa_razmer] => WC_Product_Attribute Object ( [data:protected] => Array ( [id] => 17 [name] => pa_razmer [options] => Array ( [0] => L [1] => M [2] => S [3] => XL [4] => XXL ) [position] => 0 [visible] => [variation] => 1 ) ) [pa_tsvet-dlya-filtrov] => WC_Product_Attribute Object ( [data:protected] => Array ( [id] => 18 [name] => pa_tsvet-dlya-filtrov [options] => Array ( [0] => 645 ) [position] => 2 [visible] => [variation] => ) ) )
2022-02-28T19:59:16+00:00 INFO Цена 220000 сохранена (для вариации 34984 продукта 34946)
2022-02-28T19:59:16+00:00 INFO Сохранены атрибуты для вариации 34984 (продукт: 34946): Array ( [pa_tsvet] => krasnyj [pa_razmer] => xxl )
2022-02-28T19:59:16+00:00 INFO Сохранена вариация: Свитшот "HEART" - Красный, XXL (34984), для продукта Свитшот "HEART" (34946)
2022-02-28T20:03:07+00:00 INFO Сохранены атрибуты для продукта: Свитшот "HEART" (34946): Array ( [pa_tsvet] => WC_Product_Attribute Object ( [data:protected] => Array ( [id] => 19 [name] => pa_tsvet [options] => Array ( [0] => Белый [1] => Красный ) [position] => 0 [visible] => [variation] => 1 ) ) [pa_razmer] => WC_Product_Attribute Object ( [data:protected] => Array ( [id] => 17 [name] => pa_razmer [options] => Array ( [0] => L [1] => M [2] => S [3] => XL [4] => XXL ) [position] => 0 [visible] => [variation] => 1 ) ) [pa_tsvet-dlya-filtrov] => WC_Product_Attribute Object ( [data:protected] => Array ( [id] => 18 [name] => pa_tsvet-dlya-filtrov [options] => Array ( [0] => 645 ) [position] => 2 [visible] => [variation] => ) ) )
2022-02-28T20:03:07+00:00 INFO Цена 220000 сохранена (для вариации 34967 продукта 34946)
2022-02-28T20:03:08+00:00 INFO Сохранены атрибуты для вариации 34967 (продукт: 34946): Array ( [pa_tsvet] => belyj [pa_razmer] => l )
2022-02-28T20:03:08+00:00 INFO Сохранена вариация: Свитшот "HEART" - Белый, L (34967), для продукта Свитшот "HEART" (34946)
2022-02-28T20:03:08+00:00 INFO Сохранены атрибуты для продукта: Свитшот "HEART" (34946): Array ( [pa_tsvet] => WC_Product_Attribute Object ( [data:protected] => Array ( [id] => 19 [name] => pa_tsvet [options] => Array ( [0] => Белый [1] => Красный ) [position] => 0 [visible] => [variation] => 1 ) ) [pa_razmer] => WC_Product_Attribute Object ( [data:protected] => Array ( [id] => 17 [name] => pa_razmer [options] => Array ( [0] => L [1] => M [2] => S [3] => XL [4] => XXL ) [position] => 0 [visible] => [variation] => 1 ) ) [pa_tsvet-dlya-filtrov] => WC_Product_Attribute Object ( [data:protected] => Array ( [id] => 18 [name] => pa_tsvet-dlya-filtrov [options] => Array ( [0] => 645 ) [position] => 2 [visible] => [variation] => ) ) )
2022-02-28T20:03:08+00:00 INFO Цена 220000 сохранена (для вариации 34968 продукта 34946)
2022-02-28T20:03:08+00:00 INFO Сохранены атрибуты для вариации 34968 (продукт: 34946): Array ( [pa_tsvet] => belyj [pa_razmer] => m )
2022-02-28T20:03:08+00:00 INFO Сохранена вариация: Свитшот "HEART" - Белый, M (34968), для продукта Свитшот "HEART" (34946)
2022-02-28T20:03:09+00:00 INFO Сохранены атрибуты для продукта: Свитшот "HEART" (34946): Array ( [pa_tsvet] => WC_Product_Attribute Object ( [data:protected] => Array ( [id] => 19 [name] => pa_tsvet [options] => Array ( [0] => Белый [1] => Красный ) [position] => 0 [visible] => [variation] => 1 ) ) [pa_razmer] => WC_Product_Attribute Object ( [data:protected] => Array ( [id] => 17 [name] => pa_razmer [options] => Array ( [0] => L [1] => M [2] => S [3] => XL [4] => XXL ) [position] => 0 [visible] => [variation] => 1 ) ) [pa_tsvet-dlya-filtrov] => WC_Product_Attribute Object ( [data:protected] => Array ( [id] => 18 [name] => pa_tsvet-dlya-filtrov [options] => Array ( [0] => 645 ) [position] => 2 [visible] => [variation] => ) ) )
2022-02-28T20:03:09+00:00 INFO Цена 220000 сохранена (для вариации 34969 продукта 34946)
2022-02-28T20:03:09+00:00 INFO Сохранены атрибуты для вариации 34969 (продукт: 34946): Array ( [pa_tsvet] => belyj [pa_razmer] => s )
2022-02-28T20:03:09+00:00 INFO Сохранена вариация: Свитшот "HEART" - Белый, S (34969), для продукта Свитшот "HEART" (34946)
2022-02-28T20:03:09+00:00 INFO Сохранены атрибуты для продукта: Свитшот "HEART" (34946): Array ( [pa_tsvet] => WC_Product_Attribute Object ( [data:protected] => Array ( [id] => 19 [name] => pa_tsvet [options] => Array ( [0] => Белый [1] => Красный ) [position] => 0 [visible] => [variation] => 1 ) ) [pa_razmer] => WC_Product_Attribute Object ( [data:protected] => Array ( [id] => 17 [name] => pa_razmer [options] => Array ( [0] => L [1] => M [2] => S [3] => XL [4] => XXL ) [position] => 0 [visible] => [variation] => 1 ) ) [pa_tsvet-dlya-filtrov] => WC_Product_Attribute Object ( [data:protected] => Array ( [id] => 18 [name] => pa_tsvet-dlya-filtrov [options] => Array ( [0] => 645 ) [position] => 2 [visible] => [variation] => ) ) )
2022-02-28T20:03:09+00:00 INFO Цена 220000 сохранена (для вариации 34970 продукта 34946)
2022-02-28T20:03:09+00:00 INFO Сохранены атрибуты для вариации 34970 (продукт: 34946): Array ( [pa_tsvet] => belyj [pa_razmer] => xl )
2022-02-28T20:03:10+00:00 INFO Сохранена вариация: Свитшот "HEART" - Белый, XL (34970), для продукта Свитшот "HEART" (34946)
2022-02-28T20:03:10+00:00 INFO Сохранены атрибуты для продукта: Свитшот "HEART" (34946): Array ( [pa_tsvet] => WC_Product_Attribute Object ( [data:protected] => Array ( [id] => 19 [name] => pa_tsvet [options] => Array ( [0] => Белый [1] => Красный ) [position] => 0 [visible] => [variation] => 1 ) ) [pa_razmer] => WC_Product_Attribute Object ( [data:protected] => Array ( [id] => 17 [name] => pa_razmer [options] => Array ( [0] => L [1] => M [2] => S [3] => XL [4] => XXL ) [position] => 0 [visible] => [variation] => 1 ) ) [pa_tsvet-dlya-filtrov] => WC_Product_Attribute Object ( [data:protected] => Array ( [id] => 18 [name] => pa_tsvet-dlya-filtrov [options] => Array ( [0] => 645 ) [position] => 2 [visible] => [variation] => ) ) )
2022-02-28T20:03:10+00:00 INFO Цена 220000 сохранена (для вариации 34971 продукта 34946)
2022-02-28T20:03:10+00:00 INFO Сохранены атрибуты для вариации 34971 (продукт: 34946): Array ( [pa_tsvet] => belyj [pa_razmer] => xxl )
2022-02-28T20:03:10+00:00 INFO Сохранена вариация: Свитшот "HEART" - Белый, XXL (34971), для продукта Свитшот "HEART" (34946)
2022-02-28T20:03:10+00:00 INFO Сохранены атрибуты для продукта: Свитшот "HEART" (34946): Array ( [pa_tsvet] => WC_Product_Attribute Object ( [data:protected] => Array ( [id] => 19 [name] => pa_tsvet [options] => Array ( [0] => Белый [1] => Красный ) [position] => 0 [visible] => [variation] => 1 ) ) [pa_razmer] => WC_Product_Attribute Object ( [data:protected] => Array ( [id] => 17 [name] => pa_razmer [options] => Array ( [0] => L [1] => M [2] => S [3] => XL [4] => XXL ) [position] => 0 [visible] => [variation] => 1 ) ) [pa_tsvet-dlya-filtrov] => WC_Product_Attribute Object ( [data:protected] => Array ( [id] => 18 [name] => pa_tsvet-dlya-filtrov [options] => Array ( [0] => 645 ) [position] => 2 [visible] => [variation] => ) ) )
2022-02-28T20:03:10+00:00 INFO Цена 220000 сохранена (для вариации 34972 продукта 34946)
2022-02-28T20:03:10+00:00 INFO Сохранены атрибуты для вариации 34972 (продукт: 34946): Array ( [pa_tsvet] => krasnyj [pa_razmer] => l )
2022-02-28T20:03:11+00:00 INFO Сохранена вариация: Свитшот "HEART" - Красный, L (34972), для продукта Свитшот "HEART" (34946)
2022-02-28T20:03:11+00:00 INFO Сохранены атрибуты для продукта: Свитшот "HEART" (34946): Array ( [pa_tsvet] => WC_Product_Attribute Object ( [data:protected] => Array ( [id] => 19 [name] => pa_tsvet [options] => Array ( [0] => Белый [1] => Красный ) [position] => 0 [visible] => [variation] => 1 ) ) [pa_razmer] => WC_Product_Attribute Object ( [data:protected] => Array ( [id] => 17 [name] => pa_razmer [options] => Array ( [0] => L [1] => M [2] => S [3] => XL [4] => XXL ) [position] => 0 [visible] => [variation] => 1 ) ) [pa_tsvet-dlya-filtrov] => WC_Product_Attribute Object ( [data:protected] => Array ( [id] => 18 [name] => pa_tsvet-dlya-filtrov [options] => Array ( [0] => 645 ) [position] => 2 [visible] => [variation] => ) ) )
2022-02-28T20:03:11+00:00 INFO Цена 220000 сохранена (для вариации 34981 продукта 34946)
2022-02-28T20:03:11+00:00 INFO Сохранены атрибуты для вариации 34981 (продукт: 34946): Array ( [pa_tsvet] => krasnyj [pa_razmer] => m )
2022-02-28T20:03:11+00:00 INFO Сохранена вариация: Свитшот "HEART" - Красный, M (34981), для продукта Свитшот "HEART" (34946)
2022-02-28T20:03:11+00:00 INFO Сохранены атрибуты для продукта: Свитшот "HEART" (34946): Array ( [pa_tsvet] => WC_Product_Attribute Object ( [data:protected] => Array ( [id] => 19 [name] => pa_tsvet [options] => Array ( [0] => Белый [1] => Красный ) [position] => 0 [visible] => [variation] => 1 ) ) [pa_razmer] => WC_Product_Attribute Object ( [data:protected] => Array ( [id] => 17 [name] => pa_razmer [options] => Array ( [0] => L [1] => M [2] => S [3] => XL [4] => XXL ) [position] => 0 [visible] => [variation] => 1 ) ) [pa_tsvet-dlya-filtrov] => WC_Product_Attribute Object ( [data:protected] => Array ( [id] => 18 [name] => pa_tsvet-dlya-filtrov [options] => Array ( [0] => 645 ) [position] => 2 [visible] => [variation] => ) ) )
2022-02-28T20:03:11+00:00 INFO Цена 220000 сохранена (для вариации 34982 продукта 34946)
2022-02-28T20:03:11+00:00 INFO Сохранены атрибуты для вариации 34982 (продукт: 34946): Array ( [pa_tsvet] => krasnyj [pa_razmer] => s )
2022-02-28T20:03:12+00:00 INFO Сохранена вариация: Свитшот "HEART" - Красный, S (34982), для продукта Свитшот "HEART" (34946)
2022-02-28T20:03:12+00:00 INFO Сохранены атрибуты для продукта: Свитшот "HEART" (34946): Array ( [pa_tsvet] => WC_Product_Attribute Object ( [data:protected] => Array ( [id] => 19 [name] => pa_tsvet [options] => Array ( [0] => Белый [1] => Красный ) [position] => 0 [visible] => [variation] => 1 ) ) [pa_razmer] => WC_Product_Attribute Object ( [data:protected] => Array ( [id] => 17 [name] => pa_razmer [options] => Array ( [0] => L [1] => M [2] => S [3] => XL [4] => XXL ) [position] => 0 [visible] => [variation] => 1 ) ) [pa_tsvet-dlya-filtrov] => WC_Product_Attribute Object ( [data:protected] => Array ( [id] => 18 [name] => pa_tsvet-dlya-filtrov [options] => Array ( [0] => 645 ) [position] => 2 [visible] => [variation] => ) ) )
2022-02-28T20:03:12+00:00 INFO Цена 220000 сохранена (для вариации 34983 продукта 34946)
2022-02-28T20:03:12+00:00 INFO Сохранены атрибуты для вариации 34983 (продукт: 34946): Array ( [pa_tsvet] => krasnyj [pa_razmer] => xl )
2022-02-28T20:03:12+00:00 INFO Сохранена вариация: Свитшот "HEART" - Красный, XL (34983), для продукта Свитшот "HEART" (34946)
2022-02-28T20:03:13+00:00 INFO Сохранены атрибуты для продукта: Свитшот "HEART" (34946): Array ( [pa_tsvet] => WC_Product_Attribute Object ( [data:protected] => Array ( [id] => 19 [name] => pa_tsvet [options] => Array ( [0] => Белый [1] => Красный ) [position] => 0 [visible] => [variation] => 1 ) ) [pa_razmer] => WC_Product_Attribute Object ( [data:protected] => Array ( [id] => 17 [name] => pa_razmer [options] => Array ( [0] => L [1] => M [2] => S [3] => XL [4] => XXL ) [position] => 0 [visible] => [variation] => 1 ) ) [pa_tsvet-dlya-filtrov] => WC_Product_Attribute Object ( [data:protected] => Array ( [id] => 18 [name] => pa_tsvet-dlya-filtrov [options] => Array ( [0] => 645 ) [position] => 2 [visible] => [variation] => ) ) )
2022-02-28T20:03:13+00:00 INFO Цена 220000 сохранена (для вариации 34984 продукта 34946)
2022-02-28T20:03:13+00:00 INFO Сохранены атрибуты для вариации 34984 (продукт: 34946): Array ( [pa_tsvet] => krasnyj [pa_razmer] => xxl )
2022-02-28T20:03:13+00:00 INFO Сохранена вариация: Свитшот "HEART" - Красный, XXL (34984), для продукта Свитшот "HEART" (34946)
2022-02-28T20:41:15+00:00 INFO Сохранены атрибуты для продукта: Свитшот "HEART" (34946): Array ( [pa_tsvet] => WC_Product_Attribute Object ( [data:protected] => Array ( [id] => 19 [name] => pa_tsvet [options] => Array ( [0] => Белый [1] => Красный ) [position] => 0 [visible] => [variation] => 1 ) ) [pa_razmer] => WC_Product_Attribute Object ( [data:protected] => Array ( [id] => 17 [name] => pa_razmer [options] => Array ( [0] => L [1] => M [2] => S [3] => XL [4] => XXL ) [position] => 0 [visible] => [variation] => 1 ) ) [pa_tsvet-dlya-filtrov] => WC_Product_Attribute Object ( [data:protected] => Array ( [id] => 18 [name] => pa_tsvet-dlya-filtrov [options] => Array ( [0] => 645 ) [position] => 2 [visible] => [variation] => ) ) )
2022-02-28T20:41:15+00:00 INFO Цена 220000 сохранена (для вариации 34967 продукта 34946)
2022-02-28T20:41:15+00:00 INFO Сохранены атрибуты для вариации 34967 (продукт: 34946): Array ( [pa_tsvet] => belyj [pa_razmer] => l )
2022-02-28T20:41:15+00:00 INFO Сохранена вариация: Свитшот "HEART" - Белый, L (34967), для продукта Свитшот "HEART" (34946)
2022-02-28T20:41:15+00:00 INFO Сохранены атрибуты для продукта: Свитшот "HEART" (34946): Array ( [pa_tsvet] => WC_Product_Attribute Object ( [data:protected] => Array ( [id] => 19 [name] => pa_tsvet [options] => Array ( [0] => Белый [1] => Красный ) [position] => 0 [visible] => [variation] => 1 ) ) [pa_razmer] => WC_Product_Attribute Object ( [data:protected] => Array ( [id] => 17 [name] => pa_razmer [options] => Array ( [0] => L [1] => M [2] => S [3] => XL [4] => XXL ) [position] => 0 [visible] => [variation] => 1 ) ) [pa_tsvet-dlya-filtrov] => WC_Product_Attribute Object ( [data:protected] => Array ( [id] => 18 [name] => pa_tsvet-dlya-filtrov [options] => Array ( [0] => 645 ) [position] => 2 [visible] => [variation] => ) ) )
2022-02-28T20:41:15+00:00 INFO Цена 220000 сохранена (для вариации 34968 продукта 34946)
2022-02-28T20:41:15+00:00 INFO Сохранены атрибуты для вариации 34968 (продукт: 34946): Array ( [pa_tsvet] => belyj [pa_razmer] => m )
2022-02-28T20:41:16+00:00 INFO Сохранена вариация: Свитшот "HEART" - Белый, M (34968), для продукта Свитшот "HEART" (34946)
2022-02-28T20:41:16+00:00 INFO Сохранены атрибуты для продукта: Свитшот "HEART" (34946): Array ( [pa_tsvet] => WC_Product_Attribute Object ( [data:protected] => Array ( [id] => 19 [name] => pa_tsvet [options] => Array ( [0] => Белый [1] => Красный ) [position] => 0 [visible] => [variation] => 1 ) ) [pa_razmer] => WC_Product_Attribute Object ( [data:protected] => Array ( [id] => 17 [name] => pa_razmer [options] => Array ( [0] => L [1] => M [2] => S [3] => XL [4] => XXL ) [position] => 0 [visible] => [variation] => 1 ) ) [pa_tsvet-dlya-filtrov] => WC_Product_Attribute Object ( [data:protected] => Array ( [id] => 18 [name] => pa_tsvet-dlya-filtrov [options] => Array ( [0] => 645 ) [position] => 2 [visible] => [variation] => ) ) )
2022-02-28T20:41:16+00:00 INFO Цена 220000 сохранена (для вариации 34969 продукта 34946)
2022-02-28T20:41:16+00:00 INFO Сохранены атрибуты для вариации 34969 (продукт: 34946): Array ( [pa_tsvet] => belyj [pa_razmer] => s )
2022-02-28T20:41:16+00:00 INFO Сохранена вариация: Свитшот "HEART" - Белый, S (34969), для продукта Свитшот "HEART" (34946)
2022-02-28T20:41:16+00:00 INFO Сохранены атрибуты для продукта: Свитшот "HEART" (34946): Array ( [pa_tsvet] => WC_Product_Attribute Object ( [data:protected] => Array ( [id] => 19 [name] => pa_tsvet [options] => Array ( [0] => Белый [1] => Красный ) [position] => 0 [visible] => [variation] => 1 ) ) [pa_razmer] => WC_Product_Attribute Object ( [data:protected] => Array ( [id] => 17 [name] => pa_razmer [options] => Array ( [0] => L [1] => M [2] => S [3] => XL [4] => XXL ) [position] => 0 [visible] => [variation] => 1 ) ) [pa_tsvet-dlya-filtrov] => WC_Product_Attribute Object ( [data:protected] => Array ( [id] => 18 [name] => pa_tsvet-dlya-filtrov [options] => Array ( [0] => 645 ) [position] => 2 [visible] => [variation] => ) ) )
2022-02-28T20:41:16+00:00 INFO Цена 220000 сохранена (для вариации 34970 продукта 34946)
2022-02-28T20:41:16+00:00 INFO Сохранены атрибуты для вариации 34970 (продукт: 34946): Array ( [pa_tsvet] => belyj [pa_razmer] => xl )
2022-02-28T20:41:17+00:00 INFO Сохранена вариация: Свитшот "HEART" - Белый, XL (34970), для продукта Свитшот "HEART" (34946)
2022-02-28T20:41:17+00:00 INFO Сохранены атрибуты для продукта: Свитшот "HEART" (34946): Array ( [pa_tsvet] => WC_Product_Attribute Object ( [data:protected] => Array ( [id] => 19 [name] => pa_tsvet [options] => Array ( [0] => Белый [1] => Красный ) [position] => 0 [visible] => [variation] => 1 ) ) [pa_razmer] => WC_Product_Attribute Object ( [data:protected] => Array ( [id] => 17 [name] => pa_razmer [options] => Array ( [0] => L [1] => M [2] => S [3] => XL [4] => XXL ) [position] => 0 [visible] => [variation] => 1 ) ) [pa_tsvet-dlya-filtrov] => WC_Product_Attribute Object ( [data:protected] => Array ( [id] => 18 [name] => pa_tsvet-dlya-filtrov [options] => Array ( [0] => 645 ) [position] => 2 [visible] => [variation] => ) ) )
2022-02-28T20:41:17+00:00 INFO Цена 220000 сохранена (для вариации 34971 продукта 34946)
2022-02-28T20:41:17+00:00 INFO Сохранены атрибуты для вариации 34971 (продукт: 34946): Array ( [pa_tsvet] => belyj [pa_razmer] => xxl )
2022-02-28T20:41:18+00:00 INFO Сохранена вариация: Свитшот "HEART" - Белый, XXL (34971), для продукта Свитшот "HEART" (34946)
2022-02-28T20:41:18+00:00 INFO Сохранены атрибуты для продукта: Свитшот "HEART" (34946): Array ( [pa_tsvet] => WC_Product_Attribute Object ( [data:protected] => Array ( [id] => 19 [name] => pa_tsvet [options] => Array ( [0] => Белый [1] => Красный ) [position] => 0 [visible] => [variation] => 1 ) ) [pa_razmer] => WC_Product_Attribute Object ( [data:protected] => Array ( [id] => 17 [name] => pa_razmer [options] => Array ( [0] => L [1] => M [2] => S [3] => XL [4] => XXL ) [position] => 0 [visible] => [variation] => 1 ) ) [pa_tsvet-dlya-filtrov] => WC_Product_Attribute Object ( [data:protected] => Array ( [id] => 18 [name] => pa_tsvet-dlya-filtrov [options] => Array ( [0] => 645 ) [position] => 2 [visible] => [variation] => ) ) )
2022-02-28T20:41:18+00:00 INFO Цена 220000 сохранена (для вариации 34972 продукта 34946)
2022-02-28T20:41:18+00:00 INFO Сохранены атрибуты для вариации 34972 (продукт: 34946): Array ( [pa_tsvet] => krasnyj [pa_razmer] => l )
2022-02-28T20:41:18+00:00 INFO Сохранена вариация: Свитшот "HEART" - Красный, L (34972), для продукта Свитшот "HEART" (34946)
2022-02-28T20:41:19+00:00 INFO Сохранены атрибуты для продукта: Свитшот "HEART" (34946): Array ( [pa_tsvet] => WC_Product_Attribute Object ( [data:protected] => Array ( [id] => 19 [name] => pa_tsvet [options] => Array ( [0] => Белый [1] => Красный ) [position] => 0 [visible] => [variation] => 1 ) ) [pa_razmer] => WC_Product_Attribute Object ( [data:protected] => Array ( [id] => 17 [name] => pa_razmer [options] => Array ( [0] => L [1] => M [2] => S [3] => XL [4] => XXL ) [position] => 0 [visible] => [variation] => 1 ) ) [pa_tsvet-dlya-filtrov] => WC_Product_Attribute Object ( [data:protected] => Array ( [id] => 18 [name] => pa_tsvet-dlya-filtrov [options] => Array ( [0] => 645 ) [position] => 2 [visible] => [variation] => ) ) )
2022-02-28T20:41:19+00:00 INFO Цена 220000 сохранена (для вариации 34981 продукта 34946)
2022-02-28T20:41:19+00:00 INFO Сохранены атрибуты для вариации 34981 (продукт: 34946): Array ( [pa_tsvet] => krasnyj [pa_razmer] => m )
2022-02-28T20:41:19+00:00 INFO Сохранена вариация: Свитшот "HEART" - Красный, M (34981), для продукта Свитшот "HEART" (34946)
2022-02-28T20:41:19+00:00 INFO Сохранены атрибуты для продукта: Свитшот "HEART" (34946): Array ( [pa_tsvet] => WC_Product_Attribute Object ( [data:protected] => Array ( [id] => 19 [name] => pa_tsvet [options] => Array ( [0] => Белый [1] => Красный ) [position] => 0 [visible] => [variation] => 1 ) ) [pa_razmer] => WC_Product_Attribute Object ( [data:protected] => Array ( [id] => 17 [name] => pa_razmer [options] => Array ( [0] => L [1] => M [2] => S [3] => XL [4] => XXL ) [position] => 0 [visible] => [variation] => 1 ) ) [pa_tsvet-dlya-filtrov] => WC_Product_Attribute Object ( [data:protected] => Array ( [id] => 18 [name] => pa_tsvet-dlya-filtrov [options] => Array ( [0] => 645 ) [position] => 2 [visible] => [variation] => ) ) )
2022-02-28T20:41:19+00:00 INFO Цена 220000 сохранена (для вариации 34982 продукта 34946)
2022-02-28T20:41:19+00:00 INFO Сохранены атрибуты для вариации 34982 (продукт: 34946): Array ( [pa_tsvet] => krasnyj [pa_razmer] => s )
2022-02-28T20:41:20+00:00 INFO Сохранена вариация: Свитшот "HEART" - Красный, S (34982), для продукта Свитшот "HEART" (34946)
2022-02-28T20:41:20+00:00 INFO Сохранены атрибуты для продукта: Свитшот "HEART" (34946): Array ( [pa_tsvet] => WC_Product_Attribute Object ( [data:protected] => Array ( [id] => 19 [name] => pa_tsvet [options] => Array ( [0] => Белый [1] => Красный ) [position] => 0 [visible] => [variation] => 1 ) ) [pa_razmer] => WC_Product_Attribute Object ( [data:protected] => Array ( [id] => 17 [name] => pa_razmer [options] => Array ( [0] => L [1] => M [2] => S [3] => XL [4] => XXL ) [position] => 0 [visible] => [variation] => 1 ) ) [pa_tsvet-dlya-filtrov] => WC_Product_Attribute Object ( [data:protected] => Array ( [id] => 18 [name] => pa_tsvet-dlya-filtrov [options] => Array ( [0] => 645 ) [position] => 2 [visible] => [variation] => ) ) )
2022-02-28T20:41:20+00:00 INFO Цена 220000 сохранена (для вариации 34983 продукта 34946)
2022-02-28T20:41:20+00:00 INFO Сохранены атрибуты для вариации 34983 (продукт: 34946): Array ( [pa_tsvet] => krasnyj [pa_razmer] => xl )
2022-02-28T20:41:20+00:00 INFO Сохранена вариация: Свитшот "HEART" - Красный, XL (34983), для продукта Свитшот "HEART" (34946)
2022-02-28T20:41:20+00:00 INFO Сохранены атрибуты для продукта: Свитшот "HEART" (34946): Array ( [pa_tsvet] => WC_Product_Attribute Object ( [data:protected] => Array ( [id] => 19 [name] => pa_tsvet [options] => Array ( [0] => Белый [1] => Красный ) [position] => 0 [visible] => [variation] => 1 ) ) [pa_razmer] => WC_Product_Attribute Object ( [data:protected] => Array ( [id] => 17 [name] => pa_razmer [options] => Array ( [0] => L [1] => M [2] => S [3] => XL [4] => XXL ) [position] => 0 [visible] => [variation] => 1 ) ) [pa_tsvet-dlya-filtrov] => WC_Product_Attribute Object ( [data:protected] => Array ( [id] => 18 [name] => pa_tsvet-dlya-filtrov [options] => Array ( [0] => 645 ) [position] => 2 [visible] => [variation] => ) ) )
2022-02-28T20:41:20+00:00 INFO Цена 220000 сохранена (для вариации 34984 продукта 34946)
2022-02-28T20:41:20+00:00 INFO Сохранены атрибуты для вариации 34984 (продукт: 34946): Array ( [pa_tsvet] => krasnyj [pa_razmer] => xxl )
2022-02-28T20:41:21+00:00 INFO Сохранена вариация: Свитшот "HEART" - Красный, XXL (34984), для продукта Свитшот "HEART" (34946)
2022-02-28T22:22:21+00:00 INFO Сохранены атрибуты для продукта: Костюм двойка "Casual Bling" (34949): Array ( [pa_tsvet] => WC_Product_Attribute Object ( [data:protected] => Array ( [id] => 19 [name] => pa_tsvet [options] => Array ( [0] => Айвори [1] => Бежевый [2] => Светлый принт ) [position] => 0 [visible] => [variation] => 1 ) ) [pa_razmer] => WC_Product_Attribute Object ( [data:protected] => Array ( [id] => 17 [name] => pa_razmer [options] => Array ( [0] => L [1] => M [2] => S [3] => XL [4] => XXL ) [position] => 0 [visible] => [variation] => 1 ) ) [pa_tsvet-dlya-filtrov] => WC_Product_Attribute Object ( [data:protected] => Array ( [id] => 18 [name] => pa_tsvet-dlya-filtrov [options] => Array ( [0] => 637 [1] => 639 ) [position] => 2 [visible] => [variation] => ) ) )
2022-02-28T22:22:21+00:00 INFO Цена 400000 сохранена (для вариации 34998 продукта 34949)
2022-02-28T22:22:21+00:00 INFO Сохранены атрибуты для вариации 34998 (продукт: 34949): Array ( [pa_tsvet] => svetlyj-print [pa_razmer] => l )
2022-02-28T22:22:21+00:00 INFO Сохранена вариация: Костюм двойка "Casual Bling" - Светлый принт, L (34998), для продукта Костюм двойка "Casual Bling" (34949)
2022-02-28T22:22:21+00:00 INFO Сохранены атрибуты для продукта: Костюм двойка "Casual Bling" (34949): Array ( [pa_tsvet] => WC_Product_Attribute Object ( [data:protected] => Array ( [id] => 19 [name] => pa_tsvet [options] => Array ( [0] => Айвори [1] => Бежевый [2] => Светлый принт ) [position] => 0 [visible] => [variation] => 1 ) ) [pa_razmer] => WC_Product_Attribute Object ( [data:protected] => Array ( [id] => 17 [name] => pa_razmer [options] => Array ( [0] => L [1] => M [2] => S [3] => XL [4] => XXL ) [position] => 0 [visible] => [variation] => 1 ) ) [pa_tsvet-dlya-filtrov] => WC_Product_Attribute Object ( [data:protected] => Array ( [id] => 18 [name] => pa_tsvet-dlya-filtrov [options] => Array ( [0] => 637 [1] => 639 ) [position] => 2 [visible] => [variation] => ) ) )
2022-02-28T22:22:21+00:00 INFO Цена 400000 сохранена (для вариации 34999 продукта 34949)
2022-02-28T22:22:21+00:00 INFO Сохранены атрибуты для вариации 34999 (продукт: 34949): Array ( [pa_tsvet] => svetlyj-print [pa_razmer] => m )
2022-02-28T22:22:22+00:00 INFO Сохранена вариация: Костюм двойка "Casual Bling" - Светлый принт, M (34999), для продукта Костюм двойка "Casual Bling" (34949)
2022-02-28T22:22:22+00:00 INFO Сохранены атрибуты для продукта: Костюм двойка "Casual Bling" (34949): Array ( [pa_tsvet] => WC_Product_Attribute Object ( [data:protected] => Array ( [id] => 19 [name] => pa_tsvet [options] => Array ( [0] => Айвори [1] => Бежевый [2] => Светлый принт ) [position] => 0 [visible] => [variation] => 1 ) ) [pa_razmer] => WC_Product_Attribute Object ( [data:protected] => Array ( [id] => 17 [name] => pa_razmer [options] => Array ( [0] => L [1] => M [2] => S [3] => XL [4] => XXL ) [position] => 0 [visible] => [variation] => 1 ) ) [pa_tsvet-dlya-filtrov] => WC_Product_Attribute Object ( [data:protected] => Array ( [id] => 18 [name] => pa_tsvet-dlya-filtrov [options] => Array ( [0] => 637 [1] => 639 ) [position] => 2 [visible] => [variation] => ) ) )
2022-02-28T22:22:22+00:00 INFO Цена 400000 сохранена (для вариации 35000 продукта 34949)
2022-02-28T22:22:22+00:00 INFO Сохранены атрибуты для вариации 35000 (продукт: 34949): Array ( [pa_tsvet] => svetlyj-print [pa_razmer] => s )
2022-02-28T22:22:23+00:00 INFO Сохранена вариация: Костюм двойка "Casual Bling" - Светлый принт, S (35000), для продукта Костюм двойка "Casual Bling" (34949)
2022-02-28T22:22:23+00:00 INFO Сохранены атрибуты для продукта: Костюм двойка "Casual Bling" (34949): Array ( [pa_tsvet] => WC_Product_Attribute Object ( [data:protected] => Array ( [id] => 19 [name] => pa_tsvet [options] => Array ( [0] => Айвори [1] => Бежевый [2] => Светлый принт ) [position] => 0 [visible] => [variation] => 1 ) ) [pa_razmer] => WC_Product_Attribute Object ( [data:protected] => Array ( [id] => 17 [name] => pa_razmer [options] => Array ( [0] => L [1] => M [2] => S [3] => XL [4] => XXL ) [position] => 0 [visible] => [variation] => 1 ) ) [pa_tsvet-dlya-filtrov] => WC_Product_Attribute Object ( [data:protected] => Array ( [id] => 18 [name] => pa_tsvet-dlya-filtrov [options] => Array ( [0] => 637 [1] => 639 ) [position] => 2 [visible] => [variation] => ) ) )
2022-02-28T22:22:23+00:00 INFO Цена 400000 сохранена (для вариации 35001 продукта 34949)
2022-02-28T22:22:23+00:00 INFO Сохранены атрибуты для вариации 35001 (продукт: 34949): Array ( [pa_tsvet] => svetlyj-print [pa_razmer] => xl )
2022-02-28T22:22:23+00:00 INFO Сохранена вариация: Костюм двойка "Casual Bling" - Светлый принт, XL (35001), для продукта Костюм двойка "Casual Bling" (34949)
2022-02-28T22:22:23+00:00 INFO Сохранены атрибуты для продукта: Костюм двойка "Casual Bling" (34949): Array ( [pa_tsvet] => WC_Product_Attribute Object ( [data:protected] => Array ( [id] => 19 [name] => pa_tsvet [options] => Array ( [0] => Айвори [1] => Бежевый [2] => Светлый принт ) [position] => 0 [visible] => [variation] => 1 ) ) [pa_razmer] => WC_Product_Attribute Object ( [data:protected] => Array ( [id] => 17 [name] => pa_razmer [options] => Array ( [0] => L [1] => M [2] => S [3] => XL [4] => XXL ) [position] => 0 [visible] => [variation] => 1 ) ) [pa_tsvet-dlya-filtrov] => WC_Product_Attribute Object ( [data:protected] => Array ( [id] => 18 [name] => pa_tsvet-dlya-filtrov [options] => Array ( [0] => 637 [1] => 639 ) [position] => 2 [visible] => [variation] => ) ) )
2022-02-28T22:22:23+00:00 INFO Цена 400000 сохранена (для вариации 35002 продукта 34949)
2022-02-28T22:22:23+00:00 INFO Сохранены атрибуты для вариации 35002 (продукт: 34949): Array ( [pa_tsvet] => svetlyj-print [pa_razmer] => xxl )
2022-02-28T22:22:24+00:00 INFO Сохранена вариация: Костюм двойка "Casual Bling" - Светлый принт, XXL (35002), для продукта Костюм двойка "Casual Bling" (34949)
2022-02-28T22:22:24+00:00 INFO Сохранены атрибуты для продукта: Костюм двойка "Casual Bling" (34949): Array ( [pa_tsvet] => WC_Product_Attribute Object ( [data:protected] => Array ( [id] => 19 [name] => pa_tsvet [options] => Array ( [0] => Айвори [1] => Бежевый [2] => Светлый принт [3] => Тёмный принт ) [position] => 0 [visible] => [variation] => 1 ) ) [pa_razmer] => WC_Product_Attribute Object ( [data:protected] => Array ( [id] => 17 [name] => pa_razmer [options] => Array ( [0] => L [1] => M [2] => S [3] => XL [4] => XXL ) [position] => 0 [visible] => [variation] => 1 ) ) [pa_tsvet-dlya-filtrov] => WC_Product_Attribute Object ( [data:protected] => Array ( [id] => 18 [name] => pa_tsvet-dlya-filtrov [options] => Array ( [0] => 637 [1] => 639 ) [position] => 2 [visible] => [variation] => ) ) )
2022-02-28T22:22:24+00:00 INFO Цена 400000 сохранена (для вариации 35003 продукта 34949)
2022-02-28T22:22:24+00:00 INFO Сохранены атрибуты для вариации 35003 (продукт: 34949): Array ( [pa_tsvet] => tyomnyj-print [pa_razmer] => l )
2022-02-28T22:22:24+00:00 INFO Сохранена вариация: Костюм двойка "Casual Bling" - Тёмный принт, L (35003), для продукта Костюм двойка "Casual Bling" (34949)
2022-02-28T22:22:25+00:00 INFO Сохранены атрибуты для продукта: Костюм двойка "Casual Bling" (34949): Array ( [pa_tsvet] => WC_Product_Attribute Object ( [data:protected] => Array ( [id] => 19 [name] => pa_tsvet [options] => Array ( [0] => Айвори [1] => Бежевый [2] => Светлый принт [3] => Тёмный принт ) [position] => 0 [visible] => [variation] => 1 ) ) [pa_razmer] => WC_Product_Attribute Object ( [data:protected] => Array ( [id] => 17 [name] => pa_razmer [options] => Array ( [0] => L [1] => M [2] => S [3] => XL [4] => XXL ) [position] => 0 [visible] => [variation] => 1 ) ) [pa_tsvet-dlya-filtrov] => WC_Product_Attribute Object ( [data:protected] => Array ( [id] => 18 [name] => pa_tsvet-dlya-filtrov [options] => Array ( [0] => 637 [1] => 639 ) [position] => 2 [visible] => [variation] => ) ) )
2022-02-28T22:22:25+00:00 INFO Цена 400000 сохранена (для вариации 35004 продукта 34949)
2022-02-28T22:22:25+00:00 INFO Сохранены атрибуты для вариации 35004 (продукт: 34949): Array ( [pa_tsvet] => tyomnyj-print [pa_razmer] => m )
2022-02-28T22:22:25+00:00 INFO Сохранена вариация: Костюм двойка "Casual Bling" - Тёмный принт, M (35004), для продукта Костюм двойка "Casual Bling" (34949)
2022-02-28T22:22:25+00:00 INFO Сохранены атрибуты для продукта: Костюм двойка "Casual Bling" (34949): Array ( [pa_tsvet] => WC_Product_Attribute Object ( [data:protected] => Array ( [id] => 19 [name] => pa_tsvet [options] => Array ( [0] => Айвори [1] => Бежевый [2] => Светлый принт [3] => Тёмный принт ) [position] => 0 [visible] => [variation] => 1 ) ) [pa_razmer] => WC_Product_Attribute Object ( [data:protected] => Array ( [id] => 17 [name] => pa_razmer [options] => Array ( [0] => L [1] => M [2] => S [3] => XL [4] => XXL ) [position] => 0 [visible] => [variation] => 1 ) ) [pa_tsvet-dlya-filtrov] => WC_Product_Attribute Object ( [data:protected] => Array ( [id] => 18 [name] => pa_tsvet-dlya-filtrov [options] => Array ( [0] => 637 [1] => 639 ) [position] => 2 [visible] => [variation] => ) ) )
2022-02-28T22:22:25+00:00 INFO Цена 400000 сохранена (для вариации 35005 продукта 34949)
2022-02-28T22:22:25+00:00 INFO Сохранены атрибуты для вариации 35005 (продукт: 34949): Array ( [pa_tsvet] => tyomnyj-print [pa_razmer] => s )
2022-02-28T22:22:26+00:00 INFO Сохранена вариация: Костюм двойка "Casual Bling" - Тёмный принт, S (35005), для продукта Костюм двойка "Casual Bling" (34949)
2022-02-28T22:22:26+00:00 INFO Сохранены атрибуты для продукта: Костюм двойка "Casual Bling" (34949): Array ( [pa_tsvet] => WC_Product_Attribute Object ( [data:protected] => Array ( [id] => 19 [name] => pa_tsvet [options] => Array ( [0] => Айвори [1] => Бежевый [2] => Светлый принт [3] => Тёмный принт ) [position] => 0 [visible] => [variation] => 1 ) ) [pa_razmer] => WC_Product_Attribute Object ( [data:protected] => Array ( [id] => 17 [name] => pa_razmer [options] => Array ( [0] => L [1] => M [2] => S [3] => XL [4] => XXL ) [position] => 0 [visible] => [variation] => 1 ) ) [pa_tsvet-dlya-filtrov] => WC_Product_Attribute Object ( [data:protected] => Array ( [id] => 18 [name] => pa_tsvet-dlya-filtrov [options] => Array ( [0] => 637 [1] => 639 ) [position] => 2 [visible] => [variation] => ) ) )
2022-02-28T22:22:26+00:00 INFO Цена 400000 сохранена (для вариации 35006 продукта 34949)
2022-02-28T22:22:26+00:00 INFO Сохранены атрибуты для вариации 35006 (продукт: 34949): Array ( [pa_tsvet] => tyomnyj-print [pa_razmer] => xl )
2022-02-28T22:22:26+00:00 INFO Сохранена вариация: Костюм двойка "Casual Bling" - Тёмный принт, XL (35006), для продукта Костюм двойка "Casual Bling" (34949)
2022-02-28T22:22:27+00:00 INFO Сохранены атрибуты для продукта: Костюм двойка "Casual Bling" (34949): Array ( [pa_tsvet] => WC_Product_Attribute Object ( [data:protected] => Array ( [id] => 19 [name] => pa_tsvet [options] => Array ( [0] => Айвори [1] => Бежевый [2] => Светлый принт [3] => Тёмный принт ) [position] => 0 [visible] => [variation] => 1 ) ) [pa_razmer] => WC_Product_Attribute Object ( [data:protected] => Array ( [id] => 17 [name] => pa_razmer [options] => Array ( [0] => L [1] => M [2] => S [3] => XL [4] => XXL ) [position] => 0 [visible] => [variation] => 1 ) ) [pa_tsvet-dlya-filtrov] => WC_Product_Attribute Object ( [data:protected] => Array ( [id] => 18 [name] => pa_tsvet-dlya-filtrov [options] => Array ( [0] => 637 [1] => 639 ) [position] => 2 [visible] => [variation] => ) ) )
2022-02-28T22:22:27+00:00 INFO Цена 400000 сохранена (для вариации 35007 продукта 34949)
2022-02-28T22:22:27+00:00 INFO Сохранены атрибуты для вариации 35007 (продукт: 34949): Array ( [pa_tsvet] => tyomnyj-print [pa_razmer] => xxl )
2022-02-28T22:22:27+00:00 INFO Сохранена вариация: Костюм двойка "Casual Bling" - Тёмный принт, XXL (35007), для продукта Костюм двойка "Casual Bling" (34949)
