2022-03-01T21:27:54+00:00 INFO Старт основного волкера: 20220301212754
2022-03-01T21:27:54+00:00 INFO Старт основного волкера: 20220301212754
2022-03-01T21:27:54+00:00 INFO Отправлен запрос https://online.moysklad.ru/api/remap/1.1/entity/assortment?offset=0&limit=20&scope=product
2022-03-01T21:27:54+00:00 INFO Отправлен запрос https://online.moysklad.ru/api/remap/1.1/entity/assortment?offset=0&limit=20&scope=product
2022-03-01T21:27:54+00:00 INFO Продукт: Свитшот "ROMB BOY" (36674) сохранен
2022-03-01T21:27:54+00:00 INFO Продукт: Свитшот "ROMB BOY" (36674) сохранен
2022-03-01T21:27:55+00:00 INFO Продукт: Свитшот "PANDA" (36675) сохранен
2022-03-01T21:27:55+00:00 INFO Продукт: Свитшот "PANDA" (36675) сохранен
2022-03-01T21:27:55+00:00 INFO Продукт: Свитшот "INFINITY Man" (36231) сохранен
2022-03-01T21:27:55+00:00 INFO Продукт: Свитшот "INFINITY Man" (36231) сохранен
2022-03-01T21:27:55+00:00 INFO Продукт: Костюм двойка "BEIGE" (36232) сохранен
2022-03-01T21:27:55+00:00 INFO Продукт: Костюм двойка "BEIGE" (36232) сохранен
2022-03-01T21:27:55+00:00 INFO Продукт: Smart Trunk (36676) сохранен
2022-03-01T21:27:55+00:00 INFO Продукт: Smart Trunk (36676) сохранен
2022-03-01T21:27:55+00:00 INFO Продукт: Костюм двойка "Birdie" (36516) сохранен
2022-03-01T21:27:55+00:00 INFO Продукт: Костюм двойка "Birdie" (36516) сохранен
2022-03-01T21:27:55+00:00 INFO Продукт: Свитшот "Snowflake" (36474) сохранен
2022-03-01T21:27:55+00:00 INFO Продукт: Свитшот "Snowflake" (36474) сохранен
2022-03-01T21:27:56+00:00 INFO Продукт: Футболка "Squid Game" (36233) сохранен
2022-03-01T21:27:56+00:00 INFO Продукт: Футболка "Squid Game" (36233) сохранен
2022-03-01T21:27:56+00:00 INFO Продукт: Свитшот "CLICK 2" (36234) сохранен
2022-03-01T21:27:56+00:00 INFO Продукт: Свитшот "CLICK 2" (36234) сохранен
2022-03-01T21:27:56+00:00 INFO Продукт: Футболка"ROBOCLICK" (36475) сохранен
2022-03-01T21:27:56+00:00 INFO Продукт: Футболка"ROBOCLICK" (36475) сохранен
2022-03-01T21:27:56+00:00 INFO Продукт: Свитшот "CLICK CLASSIC" (36235) сохранен
2022-03-01T21:27:56+00:00 INFO Продукт: Свитшот "CLICK CLASSIC" (36235) сохранен
2022-03-01T21:27:56+00:00 INFO Продукт: Футболка "CLICK Classic" (36236) сохранен
2022-03-01T21:27:56+00:00 INFO Продукт: Футболка "CLICK Classic" (36236) сохранен
2022-03-01T21:27:56+00:00 INFO Продукт: Футболка с принтом "РАХМАТ" (36517) сохранен
2022-03-01T21:27:56+00:00 INFO Продукт: Футболка с принтом "РАХМАТ" (36517) сохранен
2022-03-01T21:27:57+00:00 INFO Продукт: Футболка "NAVY BLUE" (36237) сохранен
2022-03-01T21:27:57+00:00 INFO Продукт: Футболка "NAVY BLUE" (36237) сохранен
2022-03-01T21:27:57+00:00 INFO Продукт: Костюм двойка "CLICKY FLOWER" (36518) сохранен
2022-03-01T21:27:57+00:00 INFO Продукт: Костюм двойка "CLICKY FLOWER" (36518) сохранен
2022-03-01T21:27:57+00:00 INFO Продукт: Футболка "CLICK UP" (36238) сохранен
2022-03-01T21:27:57+00:00 INFO Продукт: Футболка "CLICK UP" (36238) сохранен
2022-03-01T21:27:57+00:00 INFO Продукт: Костюм двойка "BLACK" (36239) сохранен
2022-03-01T21:27:57+00:00 INFO Продукт: Костюм двойка "BLACK" (36239) сохранен
2022-03-01T21:27:58+00:00 INFO Продукт: Худи "CLICK" (36240) сохранен
2022-03-01T21:27:58+00:00 INFO Продукт: Худи "CLICK" (36240) сохранен
2022-03-01T21:27:58+00:00 INFO Продукт: Костюм двойка"NAVY BLUE" (36241) сохранен
2022-03-01T21:27:58+00:00 INFO Продукт: Костюм двойка"NAVY BLUE" (36241) сохранен
2022-03-01T21:27:58+00:00 INFO Продукт: Чехол для телефона "CHIP" (36767) сохранен
2022-03-01T21:27:58+00:00 INFO Продукт: Чехол для телефона "CHIP" (36767) сохранен
2022-03-01T21:29:13+00:00 INFO Отправлен запрос https://online.moysklad.ru/api/remap/1.1/entity/assortment?offset=20&limit=20&scope=product
2022-03-01T21:29:14+00:00 INFO Продукт: Рюкзак "CANDY" (36519) сохранен
2022-03-01T21:29:14+00:00 INFO Продукт: Шапка "CLICK" (36643) сохранен
2022-03-01T21:29:14+00:00 INFO Продукт: Термостакан"MATTE" (36242) сохранен
2022-03-01T21:29:14+00:00 INFO Продукт: Футболка "FLOWERS" (36677) сохранен
2022-03-01T21:29:15+00:00 INFO Продукт: Футболка с принтом "ДАЙКЕШ" (36520) сохранен
2022-03-01T21:29:15+00:00 INFO Продукт: Костюм двойка "Dark Grey" (36243) сохранен
2022-03-01T21:29:15+00:00 INFO Продукт: Костюм  двойка "CLICKY Women" (36244) сохранен
2022-03-01T21:29:16+00:00 INFO Продукт: Худи "SPORTY" (36245) сохранен
2022-03-01T21:29:16+00:00 INFO Продукт: USB шнур (36246) сохранен
2022-03-01T21:29:16+00:00 INFO Продукт: Свитшот "CASHBASKBUSTERS" (36247) сохранен
2022-03-01T21:29:16+00:00 INFO Продукт: Сумка для ноутбука (36248) сохранен
2022-03-01T21:29:17+00:00 INFO Продукт: Термостакан"ICONS"DARK (36249) сохранен
2022-03-01T21:29:17+00:00 INFO Продукт: Костюм двойка "Casual Bling" (36768) сохранен
2022-03-01T21:29:18+00:00 INFO Продукт: Рюкзак "CANDY" ромб (36521) сохранен
2022-03-01T21:29:18+00:00 INFO Продукт: Футболка oversize с принтом "Микросхема" (36749) сохранен
2022-03-01T21:29:18+00:00 INFO Продукт: Рюкзак "CLICK" (36522) сохранен
2022-03-01T21:29:19+00:00 INFO Продукт: Футболка "White CLICK" (36250) сохранен
2022-03-01T21:29:20+00:00 INFO Продукт: ШнурUSB Lightning (iPhone) Nylon (36846) сохранен
2022-03-01T21:29:20+00:00 INFO Продукт: Свитшот "ROMB Girl" (36531) сохранен
2022-03-01T21:29:20+00:00 INFO Продукт: Футболка с принтом"NAQDBER" (36532) сохранен
2022-03-01T21:29:56+00:00 INFO Отправлен запрос https://online.moysklad.ru/api/remap/1.1/entity/assortment?offset=40&limit=20&scope=product
2022-03-01T21:29:57+00:00 INFO Продукт: Свитшот "New Year Tree" (36476) сохранен
2022-03-01T21:29:57+00:00 INFO Продукт: Свитшот "INFINITY KIDS" (36477) сохранен
2022-03-01T21:29:57+00:00 INFO Продукт: Костюм двойка"ICONS" (36251) сохранен
2022-03-01T21:29:58+00:00 INFO Продукт: Термостакан"ICONS" (36252) сохранен
2022-03-01T21:29:58+00:00 INFO Продукт: Футболка белая "CLICK" HR (36478) сохранен
2022-03-01T21:29:59+00:00 INFO Продукт: Свитшот "PANDA Kids" (36679) сохранен
2022-03-01T21:29:59+00:00 INFO Продукт: Костюм двойка "Casual" (36769) сохранен
2022-03-01T21:30:00+00:00 INFO Продукт: Футболка с принтом "CLICKOВЕЦ" (36533) сохранен
2022-03-01T21:30:00+00:00 INFO Продукт: Футболка "SQUARE" (36253) сохранен
2022-03-01T21:30:00+00:00 INFO Продукт: Худи "CLICKY Women" (36681) сохранен
2022-03-01T21:30:01+00:00 INFO Продукт: Костюм двойка "RED" (36254) сохранен
2022-03-01T21:30:01+00:00 INFO Продукт: Чехол для телефона "ICONS" (36771) сохранен
2022-03-01T21:30:01+00:00 INFO Продукт: Шоппер (36534) сохранен
2022-03-01T21:30:02+00:00 INFO Продукт: Свитшот"BORDERLESS" (36255) сохранен
2022-03-01T21:30:03+00:00 INFO Продукт: Футболка "Rectangle" (36256) сохранен
2022-03-01T21:30:08+00:00 INFO Продукт: Футболка с принтом "РАХМАТ" (36535) сохранен
2022-03-01T21:30:08+00:00 INFO Продукт: Футболка спринтом "CLICKCHI" (36536) сохранен
2022-03-01T21:30:09+00:00 INFO Продукт: Свитшот "IN CLICK WE TRUST" (36257) сохранен
2022-03-01T21:30:09+00:00 INFO Продукт: Свитшот "ROMB MAN" (36683) сохранен
2022-03-01T21:30:10+00:00 INFO Продукт: Футболка(без принта, тёмно-синяя) HR (36479) сохранен
2022-03-01T21:31:14+00:00 INFO Отправлен запрос https://online.moysklad.ru/api/remap/1.1/entity/assortment?offset=60&limit=20&scope=product
2022-03-01T21:31:15+00:00 INFO Продукт: Футболка "YELLOW" (36258) сохранен
2022-03-01T21:31:15+00:00 INFO Продукт: Свитшот "HEART" (36755) сохранен
2022-03-01T21:31:15+00:00 INFO Продукт: Костюм двойка "GREY" (36259) сохранен
2022-03-01T21:31:16+00:00 INFO Продукт: Футболка"ABSTRACTION" (36260) сохранен
2022-03-01T21:31:16+00:00 INFO Продукт: Термостакан"CLICK" (36272) сохранен
2022-03-01T21:31:16+00:00 INFO Продукт: Мокнек "Flowers" (36537) сохранен
2022-03-01T21:31:17+00:00 INFO Продукт: Свитшот "ROMB Woman" (36480) сохранен
2022-03-01T21:32:17+00:00 INFO Отправлен запрос https://online.moysklad.ru/api/remap/1.1/entity/assortment?offset=67&limit=20&scope=product
