2022-03-01T21:27:54+00:00 INFO Остатки для продукта ИД 36674 = 97: stock 97, quantity 97
2022-03-01T21:27:54+00:00 INFO Остатки для продукта ИД 36674 = 97: stock 97, quantity 97
2022-03-01T21:27:55+00:00 INFO Остатки для продукта ИД 36675 = 95: stock 95, quantity 95
2022-03-01T21:27:55+00:00 INFO Остатки для продукта ИД 36675 = 95: stock 95, quantity 95
2022-03-01T21:27:55+00:00 INFO Остатки для продукта ИД 36231 = 85: stock 85, quantity 85
2022-03-01T21:27:55+00:00 INFO Остатки для продукта ИД 36231 = 85: stock 85, quantity 85
2022-03-01T21:27:55+00:00 INFO Остатки для продукта ИД 36232 = 99: stock 99, quantity 99
2022-03-01T21:27:55+00:00 INFO Остатки для продукта ИД 36232 = 99: stock 99, quantity 99
2022-03-01T21:27:55+00:00 INFO Остатки для продукта ИД 36676 = 126: stock 126, quantity 126
2022-03-01T21:27:55+00:00 INFO Остатки для продукта ИД 36676 = 126: stock 126, quantity 126
2022-03-01T21:27:55+00:00 INFO Остатки для продукта ИД 36516 = 1: stock 1, quantity 1
2022-03-01T21:27:55+00:00 INFO Остатки для продукта ИД 36516 = 1: stock 1, quantity 1
2022-03-01T21:27:55+00:00 INFO Остатки для продукта ИД 36474 = 26: stock 26, quantity 26
2022-03-01T21:27:55+00:00 INFO Остатки для продукта ИД 36474 = 26: stock 26, quantity 26
2022-03-01T21:27:55+00:00 INFO Остатки для продукта ИД 36233 = 20: stock 20, quantity 20
2022-03-01T21:27:55+00:00 INFO Остатки для продукта ИД 36233 = 20: stock 20, quantity 20
2022-03-01T21:27:56+00:00 INFO Остатки для продукта ИД 36234 = 93: stock 93, quantity 93
2022-03-01T21:27:56+00:00 INFO Остатки для продукта ИД 36234 = 93: stock 93, quantity 93
2022-03-01T21:27:56+00:00 INFO Остатки для продукта ИД 36475 = 40: stock 40, quantity 40
2022-03-01T21:27:56+00:00 INFO Остатки для продукта ИД 36475 = 40: stock 40, quantity 40
2022-03-01T21:27:56+00:00 INFO Остатки для продукта ИД 36235 = 99: stock 99, quantity 99
2022-03-01T21:27:56+00:00 INFO Остатки для продукта ИД 36235 = 99: stock 99, quantity 99
2022-03-01T21:27:56+00:00 INFO Остатки для продукта ИД 36236 = 57: stock 57, quantity 57
2022-03-01T21:27:56+00:00 INFO Остатки для продукта ИД 36236 = 57: stock 57, quantity 57
2022-03-01T21:27:56+00:00 INFO Остатки для продукта ИД 36517 = 43: stock 43, quantity 43
2022-03-01T21:27:56+00:00 INFO Остатки для продукта ИД 36517 = 43: stock 43, quantity 43
2022-03-01T21:27:56+00:00 INFO Остатки для продукта ИД 36237 = 37: stock 37, quantity 37
2022-03-01T21:27:56+00:00 INFO Остатки для продукта ИД 36237 = 37: stock 37, quantity 37
2022-03-01T21:27:57+00:00 INFO Остатки для продукта ИД 36518 = 93: stock 93, quantity 93
2022-03-01T21:27:57+00:00 INFO Остатки для продукта ИД 36518 = 93: stock 93, quantity 93
2022-03-01T21:27:57+00:00 INFO Остатки для продукта ИД 36238 = 75: stock 75, quantity 75
2022-03-01T21:27:57+00:00 INFO Остатки для продукта ИД 36238 = 75: stock 75, quantity 75
2022-03-01T21:27:57+00:00 INFO Остатки для продукта ИД 36239 = 100: stock 100, quantity 100
2022-03-01T21:27:57+00:00 INFO Остатки для продукта ИД 36239 = 100: stock 100, quantity 100
2022-03-01T21:27:57+00:00 INFO Остатки для продукта ИД 36240 = 87: stock 87, quantity 87
2022-03-01T21:27:57+00:00 INFO Остатки для продукта ИД 36240 = 87: stock 87, quantity 87
2022-03-01T21:27:58+00:00 INFO Остатки для продукта ИД 36241 = 96: stock 96, quantity 96
2022-03-01T21:27:58+00:00 INFO Остатки для продукта ИД 36241 = 96: stock 96, quantity 96
2022-03-01T21:27:58+00:00 INFO Остатки для продукта ИД 36767 = 162: stock 162, quantity 162
2022-03-01T21:27:58+00:00 INFO Остатки для продукта ИД 36767 = 162: stock 162, quantity 162
2022-03-01T21:29:13+00:00 INFO Остатки для продукта ИД 36519 = 19: stock 19, quantity 19
2022-03-01T21:29:14+00:00 INFO Остатки для продукта ИД 36643 = 83: stock 83, quantity 83
2022-03-01T21:29:14+00:00 INFO Остатки для продукта ИД 36242 = 30: stock 30, quantity 30
2022-03-01T21:29:14+00:00 INFO Остатки для продукта ИД 36677 = 96: stock 96, quantity 96
2022-03-01T21:29:15+00:00 INFO Остатки для продукта ИД 36520 = 46: stock 46, quantity 46
2022-03-01T21:29:15+00:00 INFO Остатки для продукта ИД 36243 = 99: stock 99, quantity 99
2022-03-01T21:29:15+00:00 INFO Остатки для продукта ИД 36244 = 92: stock 92, quantity 92
2022-03-01T21:29:15+00:00 INFO Остатки для продукта ИД 36245 = 86: stock 86, quantity 86
2022-03-01T21:29:16+00:00 INFO Остатки для продукта ИД 36246 = 76: stock 76, quantity 76
2022-03-01T21:29:16+00:00 INFO Остатки для продукта ИД 36247 = 97: stock 97, quantity 97
2022-03-01T21:29:16+00:00 INFO Остатки для продукта ИД 36248 = 18: stock 18, quantity 18
2022-03-01T21:29:17+00:00 INFO Запрос https://online.moysklad.ru/api/remap/1.1/report/stock/all?product.id=54d54b07-6939-11ec-0a80-083800aeba4e, на остатки для 36249
2022-03-01T21:29:17+00:00 INFO Остатки для продукта ИД 36249 = 0: stock 0, quantity 0
2022-03-01T21:29:17+00:00 INFO Остатки для продукта ИД 36768 = 49: stock 49, quantity 49
2022-03-01T21:29:17+00:00 INFO Остатки для продукта ИД 36521 = 15: stock 15, quantity 15
2022-03-01T21:29:18+00:00 INFO Остатки для продукта ИД 36749 = 4: stock 4, quantity 4
2022-03-01T21:29:18+00:00 INFO Остатки для продукта ИД 36522 = 18: stock 18, quantity 16
2022-03-01T21:29:18+00:00 INFO Остатки для продукта ИД 36250 = 76: stock 76, quantity 76
2022-03-01T21:29:19+00:00 INFO Остатки для продукта ИД 36846 = 21: stock 21, quantity 21
2022-03-01T21:29:20+00:00 INFO Остатки для продукта ИД 36531 = 103: stock 103, quantity 103
2022-03-01T21:29:20+00:00 INFO Остатки для продукта ИД 36532 = 48: stock 48, quantity 48
2022-03-01T21:29:56+00:00 INFO Остатки для продукта ИД 36476 = 35: stock 35, quantity 35
2022-03-01T21:29:57+00:00 INFO Остатки для продукта ИД 36477 = 99: stock 99, quantity 99
2022-03-01T21:29:57+00:00 INFO Остатки для продукта ИД 36251 = 96: stock 96, quantity 96
2022-03-01T21:29:57+00:00 INFO Остатки для продукта ИД 36252 = 32: stock 32, quantity 32
2022-03-01T21:29:58+00:00 INFO Остатки для продукта ИД 36478 = 98: stock 98, quantity 98
2022-03-01T21:29:58+00:00 INFO Остатки для продукта ИД 36679 = 97: stock 97, quantity 97
2022-03-01T21:29:59+00:00 INFO Остатки для продукта ИД 36769 = 50: stock 50, quantity 50
2022-03-01T21:29:59+00:00 INFO Остатки для продукта ИД 36533 = 40: stock 40, quantity 40
2022-03-01T21:30:00+00:00 INFO Остатки для продукта ИД 36253 = 66: stock 66, quantity 66
2022-03-01T21:30:00+00:00 INFO Остатки для продукта ИД 36681 = 97: stock 97, quantity 97
2022-03-01T21:30:00+00:00 INFO Остатки для продукта ИД 36254 = 95: stock 95, quantity 95
2022-03-01T21:30:01+00:00 INFO Остатки для продукта ИД 36771 = 23: stock 23, quantity 23
2022-03-01T21:30:01+00:00 INFO Остатки для продукта ИД 36534 = 17: stock 17, quantity 17
2022-03-01T21:30:01+00:00 INFO Остатки для продукта ИД 36255 = 78: stock 78, quantity 78
2022-03-01T21:30:02+00:00 INFO Остатки для продукта ИД 36256 = 65: stock 65, quantity 65
2022-03-01T21:30:03+00:00 INFO Остатки для продукта ИД 36535 = 44: stock 44, quantity 44
2022-03-01T21:30:08+00:00 INFO Остатки для продукта ИД 36536 = 40: stock 40, quantity 40
2022-03-01T21:30:08+00:00 INFO Остатки для продукта ИД 36257 = 95: stock 95, quantity 95
2022-03-01T21:30:09+00:00 INFO Остатки для продукта ИД 36683 = 99: stock 99, quantity 99
2022-03-01T21:30:09+00:00 INFO Остатки для продукта ИД 36479 = 120: stock 120, quantity 120
2022-03-01T21:31:14+00:00 INFO Остатки для продукта ИД 36258 = 62: stock 62, quantity 62
2022-03-01T21:31:15+00:00 INFO Остатки для продукта ИД 36755 = 100: stock 100, quantity 100
2022-03-01T21:31:15+00:00 INFO Остатки для продукта ИД 36259 = 100: stock 100, quantity 100
2022-03-01T21:31:15+00:00 INFO Остатки для продукта ИД 36260 = 77: stock 77, quantity 77
2022-03-01T21:31:16+00:00 INFO Остатки для продукта ИД 36272 = 28: stock 28, quantity 28
2022-03-01T21:31:16+00:00 INFO Остатки для продукта ИД 36537 = 95: stock 95, quantity 95
2022-03-01T21:31:16+00:00 INFO Остатки для продукта ИД 36480 = 99: stock 99, quantity 99
2022-03-01T21:32:18+00:00 INFO Остатки для вариации 36686 (продукт: 36674) = 32 (stock = 32, quantity = 32)
2022-03-01T21:32:18+00:00 INFO Остатки для вариации 36687 (продукт: 36674) = 32 (stock = 32, quantity = 32)
2022-03-01T21:32:18+00:00 INFO Остатки для вариации 36688 (продукт: 36674) = 33 (stock = 33, quantity = 33)
2022-03-01T21:32:19+00:00 INFO Остатки для вариации 36689 (продукт: 36675) = 21 (stock = 21, quantity = 21)
2022-03-01T21:32:19+00:00 INFO Остатки для вариации 36690 (продукт: 36675) = 17 (stock = 17, quantity = 17)
2022-03-01T21:32:20+00:00 INFO Остатки для вариации 36691 (продукт: 36675) = 19 (stock = 19, quantity = 19)
2022-03-01T21:32:22+00:00 INFO Остатки для вариации 36692 (продукт: 36675) = 17 (stock = 17, quantity = 17)
2022-03-01T21:32:22+00:00 INFO Остатки для вариации 36693 (продукт: 36675) = 21 (stock = 21, quantity = 21)
2022-03-01T21:32:23+00:00 INFO Остатки для вариации 36273 (продукт: 36231) = 12 (stock = 12, quantity = 12)
2022-03-01T21:32:23+00:00 INFO Остатки для вариации 36274 (продукт: 36231) = 19 (stock = 19, quantity = 19)
2022-03-01T21:32:24+00:00 INFO Остатки для вариации 36275 (продукт: 36231) = 20 (stock = 20, quantity = 20)
2022-03-01T21:32:24+00:00 INFO Остатки для вариации 36276 (продукт: 36231) = 16 (stock = 16, quantity = 16)
2022-03-01T21:32:25+00:00 INFO Остатки для вариации 36277 (продукт: 36231) = 18 (stock = 18, quantity = 18)
2022-03-01T21:32:25+00:00 INFO Остатки для вариации 36293 (продукт: 36232) = 20 (stock = 20, quantity = 20)
2022-03-01T21:32:26+00:00 INFO Остатки для вариации 36294 (продукт: 36232) = 20 (stock = 20, quantity = 20)
2022-03-01T21:32:26+00:00 INFO Остатки для вариации 36295 (продукт: 36232) = 20 (stock = 20, quantity = 20)
2022-03-01T21:32:26+00:00 INFO Остатки для вариации 36296 (продукт: 36232) = 19 (stock = 19, quantity = 19)
2022-03-01T21:32:27+00:00 INFO Остатки для вариации 36297 (продукт: 36232) = 20 (stock = 20, quantity = 20)
2022-03-01T21:32:27+00:00 INFO Запрос на остатки для вариации 36538 (url https://online.moysklad.ru/api/remap/1.1/report/stock/all?product.id=29c37ade-6fa4-11ec-0a80-04fe00f825a3)
2022-03-01T21:32:27+00:00 INFO Остатки для вариации 36538 (продукт: 36516) = 0 (stock = 0, quantity = 0)
2022-03-01T21:32:28+00:00 INFO Остатки для вариации 36539 (продукт: 36516) = 1 (stock = 1, quantity = 1)
2022-03-01T21:32:28+00:00 INFO Запрос на остатки для вариации 36540 (url https://online.moysklad.ru/api/remap/1.1/report/stock/all?product.id=29c9fcd9-6fa4-11ec-0a80-04fe00f825ad)
2022-03-01T21:32:29+00:00 INFO Остатки для вариации 36540 (продукт: 36516) = 0 (stock = 0, quantity = 0)
2022-03-01T21:32:29+00:00 INFO Запрос на остатки для вариации 36541 (url https://online.moysklad.ru/api/remap/1.1/report/stock/all?product.id=29ccb4b7-6fa4-11ec-0a80-04fe00f825b2)
2022-03-01T21:32:29+00:00 INFO Остатки для вариации 36541 (продукт: 36516) = 0 (stock = 0, quantity = 0)
2022-03-01T21:32:29+00:00 INFO Запрос на остатки для вариации 36542 (url https://online.moysklad.ru/api/remap/1.1/report/stock/all?product.id=29cfa9bf-6fa4-11ec-0a80-04fe00f825b7)
2022-03-01T21:32:30+00:00 INFO Остатки для вариации 36542 (продукт: 36516) = 0 (stock = 0, quantity = 0)
2022-03-01T21:33:19+00:00 INFO Остатки для вариации 36481 (продукт: 36474) = 5 (stock = 5, quantity = 5)
2022-03-01T21:33:20+00:00 INFO Остатки для вариации 36482 (продукт: 36474) = 2 (stock = 2, quantity = 2)
2022-03-01T21:33:20+00:00 INFO Остатки для вариации 36483 (продукт: 36474) = 8 (stock = 8, quantity = 8)
2022-03-01T21:33:28+00:00 INFO Остатки для вариации 36484 (продукт: 36474) = 6 (stock = 6, quantity = 6)
2022-03-01T21:33:31+00:00 INFO Остатки для вариации 36485 (продукт: 36474) = 5 (stock = 5, quantity = 5)
2022-03-01T21:33:33+00:00 INFO Остатки для вариации 36298 (продукт: 36233) = 7 (stock = 7, quantity = 7)
2022-03-01T21:33:36+00:00 INFO Остатки для вариации 36313 (продукт: 36233) = 10 (stock = 10, quantity = 10)
2022-03-01T21:33:36+00:00 INFO Остатки для вариации 36314 (продукт: 36233) = 3 (stock = 3, quantity = 3)
2022-03-01T21:33:37+00:00 INFO Запрос на остатки для вариации 36315 (url https://online.moysklad.ru/api/remap/1.1/report/stock/all?product.id=1f6dbe49-66f5-11ec-0a80-04fe0078c81d)
2022-03-01T21:33:37+00:00 INFO Остатки для вариации 36315 (продукт: 36233) = 0 (stock = 0, quantity = 0)
2022-03-01T21:33:37+00:00 INFO Запрос на остатки для вариации 36316 (url https://online.moysklad.ru/api/remap/1.1/report/stock/all?product.id=1f708284-66f5-11ec-0a80-04fe0078c821)
2022-03-01T21:33:38+00:00 INFO Остатки для вариации 36316 (продукт: 36233) = 0 (stock = 0, quantity = 0)
2022-03-01T21:33:39+00:00 INFO Остатки для вариации 36324 (продукт: 36234) = 18 (stock = 18, quantity = 18)
2022-03-01T21:33:40+00:00 INFO Остатки для вариации 36325 (продукт: 36234) = 20 (stock = 20, quantity = 20)
2022-03-01T21:33:40+00:00 INFO Остатки для вариации 36326 (продукт: 36234) = 21 (stock = 21, quantity = 21)
2022-03-01T21:33:41+00:00 INFO Остатки для вариации 36327 (продукт: 36234) = 19 (stock = 19, quantity = 19)
2022-03-01T21:33:41+00:00 INFO Остатки для вариации 36328 (продукт: 36234) = 15 (stock = 15, quantity = 15)
2022-03-01T21:33:41+00:00 INFO Остатки для вариации 36486 (продукт: 36475) = 10 (stock = 10, quantity = 10)
2022-03-01T21:33:42+00:00 INFO Остатки для вариации 36487 (продукт: 36475) = 8 (stock = 8, quantity = 8)
2022-03-01T21:33:42+00:00 INFO Остатки для вариации 36488 (продукт: 36475) = 8 (stock = 8, quantity = 8)
2022-03-01T21:33:43+00:00 INFO Остатки для вариации 36489 (продукт: 36475) = 9 (stock = 9, quantity = 9)
2022-03-01T21:33:43+00:00 INFO Остатки для вариации 36490 (продукт: 36475) = 5 (stock = 5, quantity = 5)
2022-03-01T21:33:44+00:00 INFO Остатки для вариации 36338 (продукт: 36235) = 17 (stock = 17, quantity = 17)
2022-03-01T21:33:44+00:00 INFO Остатки для вариации 36339 (продукт: 36235) = 20 (stock = 20, quantity = 20)
2022-03-01T21:33:44+00:00 INFO Остатки для вариации 36340 (продукт: 36235) = 30 (stock = 30, quantity = 30)
2022-03-01T21:33:45+00:00 INFO Остатки для вариации 36351 (продукт: 36235) = 16 (stock = 16, quantity = 16)
2022-03-01T21:33:45+00:00 INFO Остатки для вариации 36352 (продукт: 36235) = 16 (stock = 16, quantity = 16)
2022-03-01T21:35:25+00:00 INFO Остатки для вариации 36353 (продукт: 36236) = 10 (stock = 10, quantity = 10)
2022-03-01T21:35:27+00:00 INFO Остатки для вариации 36354 (продукт: 36236) = 5 (stock = 5, quantity = 5)
2022-03-01T21:35:27+00:00 INFO Остатки для вариации 36359 (продукт: 36236) = 13 (stock = 13, quantity = 13)
2022-03-01T21:35:27+00:00 INFO Остатки для вариации 36365 (продукт: 36236) = 12 (stock = 12, quantity = 12)
2022-03-01T21:35:28+00:00 INFO Остатки для вариации 36366 (продукт: 36236) = 17 (stock = 17, quantity = 17)
2022-03-01T21:35:28+00:00 INFO Остатки для вариации 36543 (продукт: 36517) = 9 (stock = 9, quantity = 9)
2022-03-01T21:35:28+00:00 INFO Остатки для вариации 36544 (продукт: 36517) = 4 (stock = 4, quantity = 4)
2022-03-01T21:35:28+00:00 INFO Остатки для вариации 36545 (продукт: 36517) = 5 (stock = 5, quantity = 5)
2022-03-01T21:35:29+00:00 INFO Остатки для вариации 36546 (продукт: 36517) = 3 (stock = 3, quantity = 3)
2022-03-01T21:35:30+00:00 INFO Запрос на остатки для вариации 36547 (url https://online.moysklad.ru/api/remap/1.1/report/stock/all?product.id=31df8c7e-6f9d-11ec-0a80-017800f7c41a)
2022-03-01T21:35:30+00:00 INFO Остатки для вариации 36547 (продукт: 36517) = 0 (stock = 0, quantity = 0)
2022-03-01T21:35:30+00:00 INFO Остатки для вариации 36548 (продукт: 36517) = 9 (stock = 9, quantity = 9)
2022-03-01T21:35:31+00:00 INFO Остатки для вариации 36549 (продукт: 36517) = 5 (stock = 5, quantity = 5)
2022-03-01T21:35:32+00:00 INFO Остатки для вариации 36550 (продукт: 36517) = 4 (stock = 4, quantity = 4)
2022-03-01T21:35:34+00:00 INFO Остатки для вариации 36551 (продукт: 36517) = 4 (stock = 4, quantity = 4)
2022-03-01T21:35:36+00:00 INFO Запрос на остатки для вариации 36552 (url https://online.moysklad.ru/api/remap/1.1/report/stock/all?product.id=31ef1be5-6f9d-11ec-0a80-017800f7c433)
2022-03-01T21:35:36+00:00 INFO Остатки для вариации 36552 (продукт: 36517) = 0 (stock = 0, quantity = 0)
2022-03-01T21:35:40+00:00 INFO Остатки для вариации 36367 (продукт: 36237) = 6 (stock = 6, quantity = 6)
2022-03-01T21:35:43+00:00 INFO Остатки для вариации 36368 (продукт: 36237) = 1 (stock = 1, quantity = 1)
2022-03-01T21:35:43+00:00 INFO Остатки для вариации 36369 (продукт: 36237) = 11 (stock = 11, quantity = 11)
2022-03-01T21:35:44+00:00 INFO Остатки для вариации 36370 (продукт: 36237) = 9 (stock = 9, quantity = 9)
2022-03-01T21:35:45+00:00 INFO Остатки для вариации 36371 (продукт: 36237) = 10 (stock = 10, quantity = 10)
2022-03-01T21:35:50+00:00 INFO Остатки для вариации 36553 (продукт: 36518) = 12 (stock = 12, quantity = 12)
2022-03-01T21:35:54+00:00 INFO Остатки для вариации 36554 (продукт: 36518) = 12 (stock = 12, quantity = 12)
2022-03-01T21:35:55+00:00 INFO Остатки для вариации 36555 (продукт: 36518) = 12 (stock = 12, quantity = 12)
2022-03-01T21:35:57+00:00 INFO Остатки для вариации 36556 (продукт: 36518) = 13 (stock = 13, quantity = 13)
2022-03-01T21:36:05+00:00 INFO Запрос на остатки для вариации 36557 (url https://online.moysklad.ru/api/remap/1.1/report/stock/all?product.id=50bf932c-6fa7-11ec-0a80-09e5008f67d2)
2022-03-01T21:36:05+00:00 INFO Остатки для вариации 36557 (продукт: 36518) = 0 (stock = 0, quantity = 0)
2022-03-01T21:36:10+00:00 INFO Остатки для вариации 36558 (продукт: 36518) = 12 (stock = 12, quantity = 12)
2022-03-01T21:36:13+00:00 INFO Остатки для вариации 36559 (продукт: 36518) = 9 (stock = 9, quantity = 9)
2022-03-01T21:37:22+00:00 INFO Остатки для вариации 36560 (продукт: 36518) = 11 (stock = 11, quantity = 11)
2022-03-01T21:37:22+00:00 INFO Остатки для вариации 36568 (продукт: 36518) = 12 (stock = 12, quantity = 12)
2022-03-01T21:37:23+00:00 INFO Запрос на остатки для вариации 36569 (url https://online.moysklad.ru/api/remap/1.1/report/stock/all?product.id=50d00c3d-6fa7-11ec-0a80-09e5008f67eb)
2022-03-01T21:37:23+00:00 INFO Остатки для вариации 36569 (продукт: 36518) = 0 (stock = 0, quantity = 0)
2022-03-01T21:37:23+00:00 INFO Остатки для вариации 36372 (продукт: 36238) = 33 (stock = 33, quantity = 33)
2022-03-01T21:37:24+00:00 INFO Остатки для вариации 36373 (продукт: 36238) = 2 (stock = 2, quantity = 2)
2022-03-01T21:37:24+00:00 INFO Остатки для вариации 36374 (продукт: 36238) = 19 (stock = 19, quantity = 19)
2022-03-01T21:37:24+00:00 INFO Запрос на остатки для вариации 36375 (url https://online.moysklad.ru/api/remap/1.1/report/stock/all?product.id=30fd51a0-66d9-11ec-0a80-02aa00740f1c)
2022-03-01T21:37:24+00:00 INFO Остатки для вариации 36375 (продукт: 36238) = 0 (stock = 0, quantity = 0)
2022-03-01T21:37:25+00:00 INFO Остатки для вариации 36376 (продукт: 36238) = 21 (stock = 21, quantity = 21)
2022-03-01T21:37:25+00:00 INFO Остатки для вариации 36377 (продукт: 36239) = 21 (stock = 21, quantity = 21)
2022-03-01T21:37:26+00:00 INFO Остатки для вариации 36378 (продукт: 36239) = 19 (stock = 19, quantity = 19)
2022-03-01T21:37:26+00:00 INFO Остатки для вариации 36379 (продукт: 36239) = 20 (stock = 20, quantity = 20)
2022-03-01T21:37:26+00:00 INFO Остатки для вариации 36380 (продукт: 36239) = 19 (stock = 19, quantity = 19)
2022-03-01T21:37:27+00:00 INFO Остатки для вариации 36381 (продукт: 36239) = 21 (stock = 21, quantity = 21)
2022-03-01T21:37:27+00:00 INFO Остатки для вариации 36382 (продукт: 36240) = 17 (stock = 17, quantity = 17)
2022-03-01T21:37:27+00:00 INFO Остатки для вариации 36383 (продукт: 36240) = 18 (stock = 18, quantity = 18)
2022-03-01T21:37:27+00:00 INFO Остатки для вариации 36384 (продукт: 36240) = 16 (stock = 16, quantity = 16)
2022-03-01T21:37:28+00:00 INFO Остатки для вариации 36385 (продукт: 36240) = 19 (stock = 19, quantity = 19)
2022-03-01T21:37:28+00:00 INFO Остатки для вариации 36386 (продукт: 36240) = 17 (stock = 17, quantity = 17)
2022-03-01T21:37:29+00:00 INFO Остатки для вариации 36387 (продукт: 36241) = 17 (stock = 17, quantity = 17)
2022-03-01T21:37:30+00:00 INFO Остатки для вариации 36388 (продукт: 36241) = 20 (stock = 20, quantity = 20)
2022-03-01T21:37:30+00:00 INFO Остатки для вариации 36389 (продукт: 36241) = 20 (stock = 20, quantity = 20)
2022-03-01T21:37:30+00:00 INFO Остатки для вариации 36390 (продукт: 36241) = 19 (stock = 19, quantity = 19)
2022-03-01T21:37:31+00:00 INFO Остатки для вариации 36391 (продукт: 36241) = 20 (stock = 20, quantity = 20)
2022-03-01T21:37:31+00:00 INFO Остатки для вариации 36784 (продукт: 36767) = 23 (stock = 23, quantity = 23)
2022-03-01T21:37:32+00:00 INFO Остатки для вариации 36785 (продукт: 36767) = 47 (stock = 47, quantity = 47)
2022-03-01T21:39:40+00:00 INFO Остатки для вариации 36786 (продукт: 36767) = 23 (stock = 23, quantity = 23)
2022-03-01T21:39:40+00:00 INFO Остатки для вариации 36787 (продукт: 36767) = 46 (stock = 46, quantity = 46)
2022-03-01T21:39:45+00:00 INFO Остатки для вариации 36788 (продукт: 36767) = 23 (stock = 23, quantity = 23)
2022-03-01T21:39:47+00:00 INFO Остатки для вариации 36658 (продукт: 36519) = 5 (stock = 5, quantity = 5)
2022-03-01T21:39:48+00:00 INFO Остатки для вариации 36659 (продукт: 36519) = 4 (stock = 4, quantity = 4)
2022-03-01T21:39:49+00:00 INFO Остатки для вариации 36660 (продукт: 36519) = 5 (stock = 5, quantity = 5)
2022-03-01T21:39:49+00:00 INFO Остатки для вариации 36668 (продукт: 36519) = 5 (stock = 5, quantity = 5)
2022-03-01T21:39:54+00:00 INFO Остатки для вариации 36649 (продукт: 36643) = 18 (stock = 18, quantity = 18)
2022-03-01T21:39:59+00:00 INFO Остатки для вариации 36650 (продукт: 36643) = 24 (stock = 24, quantity = 24)
2022-03-01T21:40:15+00:00 INFO Остатки для вариации 36651 (продукт: 36643) = 16 (stock = 16, quantity = 16)
2022-03-01T21:40:24+00:00 INFO Остатки для вариации 36652 (продукт: 36643) = 25 (stock = 25, quantity = 25)
2022-03-01T21:40:32+00:00 INFO Остатки для вариации 36694 (продукт: 36677) = 23 (stock = 23, quantity = 23)
2022-03-01T21:40:34+00:00 INFO Остатки для вариации 36695 (продукт: 36677) = 22 (stock = 22, quantity = 22)
2022-03-01T21:40:35+00:00 INFO Остатки для вариации 36696 (продукт: 36677) = 20 (stock = 20, quantity = 20)
2022-03-01T21:40:35+00:00 INFO Остатки для вариации 36697 (продукт: 36677) = 31 (stock = 31, quantity = 31)
2022-03-01T21:40:36+00:00 INFO Запрос на остатки для вариации 36705 (url https://online.moysklad.ru/api/remap/1.1/report/stock/all?product.id=4d4ae043-7859-11ec-0a80-0c260047dae4)
2022-03-01T21:40:37+00:00 INFO Остатки для вариации 36705 (продукт: 36677) = 0 (stock = 0, quantity = 0)
2022-03-01T21:40:37+00:00 INFO Остатки для вариации 36570 (продукт: 36520) = 10 (stock = 10, quantity = 10)
2022-03-01T21:40:37+00:00 INFO Остатки для вариации 36571 (продукт: 36520) = 5 (stock = 5, quantity = 5)
2022-03-01T21:40:38+00:00 INFO Остатки для вариации 36572 (продукт: 36520) = 4 (stock = 4, quantity = 4)
2022-03-01T21:40:38+00:00 INFO Остатки для вариации 36573 (продукт: 36520) = 4 (stock = 4, quantity = 4)
2022-03-01T21:40:39+00:00 INFO Запрос на остатки для вариации 36574 (url https://online.moysklad.ru/api/remap/1.1/report/stock/all?product.id=4a01b0a0-6f9e-11ec-0a80-0c050034836a)
2022-03-01T21:40:39+00:00 INFO Остатки для вариации 36574 (продукт: 36520) = 0 (stock = 0, quantity = 0)
2022-03-01T21:40:40+00:00 INFO Остатки для вариации 36575 (продукт: 36520) = 8 (stock = 8, quantity = 8)
2022-03-01T21:40:41+00:00 INFO Остатки для вариации 36576 (продукт: 36520) = 5 (stock = 5, quantity = 5)
2022-03-01T21:40:42+00:00 INFO Остатки для вариации 36577 (продукт: 36520) = 5 (stock = 5, quantity = 5)
2022-03-01T21:40:43+00:00 INFO Остатки для вариации 36578 (продукт: 36520) = 5 (stock = 5, quantity = 5)
2022-03-01T21:41:25+00:00 INFO Запрос на остатки для вариации 36579 (url https://online.moysklad.ru/api/remap/1.1/report/stock/all?product.id=4a0c6684-6f9e-11ec-0a80-0c050034838b)
2022-03-01T21:41:25+00:00 INFO Остатки для вариации 36579 (продукт: 36520) = 0 (stock = 0, quantity = 0)
2022-03-01T21:41:26+00:00 INFO Остатки для вариации 36392 (продукт: 36243) = 19 (stock = 19, quantity = 19)
2022-03-01T21:41:26+00:00 INFO Остатки для вариации 36393 (продукт: 36243) = 20 (stock = 20, quantity = 20)
2022-03-01T21:41:26+00:00 INFO Остатки для вариации 36394 (продукт: 36243) = 20 (stock = 20, quantity = 20)
2022-03-01T21:41:27+00:00 INFO Остатки для вариации 36395 (продукт: 36243) = 20 (stock = 20, quantity = 20)
2022-03-01T21:41:27+00:00 INFO Остатки для вариации 36396 (продукт: 36243) = 20 (stock = 20, quantity = 20)
2022-03-01T21:41:27+00:00 INFO Остатки для вариации 36397 (продукт: 36244) = 25 (stock = 25, quantity = 25)
2022-03-01T21:41:27+00:00 INFO Остатки для вариации 36398 (продукт: 36244) = 23 (stock = 23, quantity = 23)
2022-03-01T21:41:29+00:00 INFO Остатки для вариации 36399 (продукт: 36244) = 23 (stock = 23, quantity = 23)
2022-03-01T21:41:30+00:00 INFO Остатки для вариации 36400 (продукт: 36244) = 21 (stock = 21, quantity = 21)
2022-03-01T21:41:30+00:00 INFO Запрос на остатки для вариации 36401 (url https://online.moysklad.ru/api/remap/1.1/report/stock/all?product.id=4dce17bb-66fc-11ec-0a80-04fe007a617a)
2022-03-01T21:41:31+00:00 INFO Остатки для вариации 36401 (продукт: 36244) = 0 (stock = 0, quantity = 0)
2022-03-01T21:41:32+00:00 INFO Остатки для вариации 36402 (продукт: 36245) = 16 (stock = 16, quantity = 16)
2022-03-01T21:41:32+00:00 INFO Остатки для вариации 36403 (продукт: 36245) = 15 (stock = 15, quantity = 15)
2022-03-01T21:41:32+00:00 INFO Остатки для вариации 36404 (продукт: 36245) = 17 (stock = 17, quantity = 17)
2022-03-01T21:41:33+00:00 INFO Остатки для вариации 36405 (продукт: 36245) = 20 (stock = 20, quantity = 20)
2022-03-01T21:41:33+00:00 INFO Остатки для вариации 36406 (продукт: 36245) = 18 (stock = 18, quantity = 18)
2022-03-01T21:41:33+00:00 INFO Запрос на остатки для вариации 36407 (url https://online.moysklad.ru/api/remap/1.1/report/stock/all?product.id=8c2b3c45-688f-11ec-0a80-02aa00a3b8f8)
2022-03-01T21:41:34+00:00 INFO Остатки для вариации 36407 (продукт: 36246) = 0 (stock = 0, quantity = 0)
2022-03-01T21:41:34+00:00 INFO Остатки для вариации 36408 (продукт: 36246) = 38 (stock = 38, quantity = 38)
2022-03-01T21:41:34+00:00 INFO Остатки для вариации 36409 (продукт: 36246) = 38 (stock = 38, quantity = 38)
2022-03-01T21:41:35+00:00 INFO Остатки для вариации 36410 (продукт: 36247) = 19 (stock = 19, quantity = 19)
2022-03-01T21:41:35+00:00 INFO Остатки для вариации 36411 (продукт: 36247) = 23 (stock = 23, quantity = 23)
2022-03-01T21:41:35+00:00 INFO Запрос на остатки для вариации 36412 (url https://online.moysklad.ru/api/remap/1.1/report/stock/all?product.id=5e4e6639-66d2-11ec-0a80-09e5000bd37a)
2022-03-01T21:41:36+00:00 INFO Остатки для вариации 36412 (продукт: 36247) = 0 (stock = 0, quantity = 0)
2022-03-01T21:41:36+00:00 INFO Остатки для вариации 36413 (продукт: 36247) = 36 (stock = 36, quantity = 36)
2022-03-01T21:41:36+00:00 INFO Остатки для вариации 36414 (продукт: 36247) = 19 (stock = 19, quantity = 19)
2022-03-01T21:42:59+00:00 INFO Остатки для вариации 36415 (продукт: 36248) = 9 (stock = 9, quantity = 9)
2022-03-01T21:42:59+00:00 INFO Остатки для вариации 36416 (продукт: 36248) = 9 (stock = 9, quantity = 9)
2022-03-01T21:42:59+00:00 INFO Остатки для вариации 36789 (продукт: 36768) = 7 (stock = 7, quantity = 7)
2022-03-01T21:43:00+00:00 INFO Остатки для вариации 36790 (продукт: 36768) = 6 (stock = 6, quantity = 6)
2022-03-01T21:43:00+00:00 INFO Остатки для вариации 36791 (продукт: 36768) = 5 (stock = 5, quantity = 5)
2022-03-01T21:43:00+00:00 INFO Остатки для вариации 36792 (продукт: 36768) = 6 (stock = 6, quantity = 6)
2022-03-01T21:43:00+00:00 INFO Запрос на остатки для вариации 36793 (url https://online.moysklad.ru/api/remap/1.1/report/stock/all?product.id=98d534da-8814-11ec-0a80-02040033c4bc)
2022-03-01T21:43:01+00:00 INFO Остатки для вариации 36793 (продукт: 36768) = 0 (stock = 0, quantity = 0)
2022-03-01T21:43:01+00:00 INFO Остатки для вариации 36794 (продукт: 36768) = 7 (stock = 7, quantity = 7)
2022-03-01T21:43:01+00:00 INFO Остатки для вариации 36795 (продукт: 36768) = 6 (stock = 6, quantity = 6)
2022-03-01T21:43:02+00:00 INFO Остатки для вариации 36796 (продукт: 36768) = 6 (stock = 6, quantity = 6)
2022-03-01T21:43:02+00:00 INFO Остатки для вариации 36797 (продукт: 36768) = 6 (stock = 6, quantity = 6)
2022-03-01T21:43:02+00:00 INFO Запрос на остатки для вариации 36798 (url https://online.moysklad.ru/api/remap/1.1/report/stock/all?product.id=98e58146-8814-11ec-0a80-02040033c4d8)
2022-03-01T21:43:02+00:00 INFO Остатки для вариации 36798 (продукт: 36768) = 0 (stock = 0, quantity = 0)
2022-03-01T21:43:03+00:00 INFO Остатки для вариации 36580 (продукт: 36521) = 4 (stock = 4, quantity = 4)
2022-03-01T21:43:03+00:00 INFO Остатки для вариации 36581 (продукт: 36521) = 4 (stock = 4, quantity = 4)
2022-03-01T21:43:03+00:00 INFO Остатки для вариации 36582 (продукт: 36521) = 3 (stock = 3, quantity = 3)
2022-03-01T21:43:04+00:00 INFO Остатки для вариации 36583 (продукт: 36521) = 4 (stock = 4, quantity = 4)
2022-03-01T21:43:04+00:00 INFO Остатки для вариации 36750 (продукт: 36749) = 2 (stock = 2, quantity = 2)
2022-03-01T21:43:04+00:00 INFO Запрос на остатки для вариации 36751 (url https://online.moysklad.ru/api/remap/1.1/report/stock/all?product.id=74dea7da-7d94-11ec-0a80-09970002f5ae)
2022-03-01T21:43:04+00:00 INFO Остатки для вариации 36751 (продукт: 36749) = 0 (stock = 0, quantity = 0)
2022-03-01T21:43:05+00:00 INFO Остатки для вариации 36752 (продукт: 36749) = 1 (stock = 1, quantity = 1)
2022-03-01T21:43:05+00:00 INFO Остатки для вариации 36753 (продукт: 36749) = 1 (stock = 1, quantity = 1)
2022-03-01T21:43:05+00:00 INFO Запрос на остатки для вариации 36754 (url https://online.moysklad.ru/api/remap/1.1/report/stock/all?product.id=74e41de7-7d94-11ec-0a80-09970002f5ba)
2022-03-01T21:43:06+00:00 INFO Остатки для вариации 36754 (продукт: 36749) = 0 (stock = 0, quantity = 0)
2022-03-01T21:43:06+00:00 INFO Остатки для вариации 36584 (продукт: 36522) = 10 (stock = 10, quantity = 8)
2022-03-01T21:43:06+00:00 INFO Остатки для вариации 36585 (продукт: 36522) = 8 (stock = 8, quantity = 8)
2022-03-01T21:43:06+00:00 INFO Остатки для вариации 36417 (продукт: 36250) = 13 (stock = 13, quantity = 13)
2022-03-01T21:44:25+00:00 INFO Остатки для вариации 36418 (продукт: 36250) = 14 (stock = 14, quantity = 14)
2022-03-01T21:44:25+00:00 INFO Остатки для вариации 36419 (продукт: 36250) = 17 (stock = 17, quantity = 17)
2022-03-01T21:44:25+00:00 INFO Остатки для вариации 36420 (продукт: 36250) = 15 (stock = 15, quantity = 15)
2022-03-01T21:44:26+00:00 INFO Остатки для вариации 36421 (продукт: 36250) = 17 (stock = 17, quantity = 17)
2022-03-01T21:44:26+00:00 INFO Остатки для вариации 36586 (продукт: 36531) = 34 (stock = 34, quantity = 34)
2022-03-01T21:44:26+00:00 INFO Остатки для вариации 36587 (продукт: 36531) = 35 (stock = 35, quantity = 35)
2022-03-01T21:44:27+00:00 INFO Остатки для вариации 36588 (продукт: 36531) = 34 (stock = 34, quantity = 34)
2022-03-01T21:44:27+00:00 INFO Остатки для вариации 36589 (продукт: 36532) = 10 (stock = 10, quantity = 10)
2022-03-01T21:44:27+00:00 INFO Остатки для вариации 36590 (продукт: 36532) = 4 (stock = 4, quantity = 4)
2022-03-01T21:44:27+00:00 INFO Остатки для вариации 36591 (продукт: 36532) = 5 (stock = 5, quantity = 5)
2022-03-01T21:44:28+00:00 INFO Остатки для вариации 36592 (продукт: 36532) = 4 (stock = 4, quantity = 4)
2022-03-01T21:44:28+00:00 INFO Запрос на остатки для вариации 36593 (url https://online.moysklad.ru/api/remap/1.1/report/stock/all?product.id=92943a66-6f9c-11ec-0a80-09e5008eb0c7)
2022-03-01T21:44:28+00:00 INFO Остатки для вариации 36593 (продукт: 36532) = 0 (stock = 0, quantity = 0)
2022-03-01T21:44:28+00:00 INFO Остатки для вариации 36594 (продукт: 36532) = 10 (stock = 10, quantity = 10)
2022-03-01T21:44:29+00:00 INFO Остатки для вариации 36595 (продукт: 36532) = 5 (stock = 5, quantity = 5)
2022-03-01T21:44:29+00:00 INFO Остатки для вариации 36598 (продукт: 36532) = 5 (stock = 5, quantity = 5)
2022-03-01T21:44:29+00:00 INFO Остатки для вариации 36599 (продукт: 36532) = 5 (stock = 5, quantity = 5)
2022-03-01T21:44:29+00:00 INFO Запрос на остатки для вариации 36600 (url https://online.moysklad.ru/api/remap/1.1/report/stock/all?product.id=92a45bea-6f9c-11ec-0a80-09e5008eb0e2)
2022-03-01T21:44:30+00:00 INFO Остатки для вариации 36600 (продукт: 36532) = 0 (stock = 0, quantity = 0)
2022-03-01T21:44:30+00:00 INFO Остатки для вариации 36493 (продукт: 36476) = 9 (stock = 9, quantity = 9)
2022-03-01T21:44:30+00:00 INFO Остатки для вариации 36494 (продукт: 36476) = 11 (stock = 11, quantity = 11)
2022-03-01T21:44:31+00:00 INFO Остатки для вариации 36495 (продукт: 36476) = 3 (stock = 3, quantity = 3)
2022-03-01T21:44:31+00:00 INFO Остатки для вариации 36496 (продукт: 36476) = 8 (stock = 8, quantity = 8)
2022-03-01T21:44:31+00:00 INFO Остатки для вариации 36497 (продукт: 36476) = 4 (stock = 4, quantity = 4)
2022-03-01T21:44:32+00:00 INFO Остатки для вариации 36498 (продукт: 36477) = 32 (stock = 32, quantity = 32)
2022-03-01T21:44:32+00:00 INFO Остатки для вариации 36499 (продукт: 36477) = 34 (stock = 34, quantity = 34)
2022-03-01T21:44:32+00:00 INFO Остатки для вариации 36500 (продукт: 36477) = 33 (stock = 33, quantity = 33)
2022-03-01T21:45:27+00:00 INFO Остатки для вариации 36644 (продукт: 36251) = 13 (stock = 13, quantity = 13)
2022-03-01T21:45:27+00:00 INFO Остатки для вариации 36645 (продукт: 36251) = 11 (stock = 11, quantity = 11)
2022-03-01T21:45:27+00:00 INFO Остатки для вариации 36646 (продукт: 36251) = 12 (stock = 12, quantity = 12)
2022-03-01T21:45:28+00:00 INFO Остатки для вариации 36647 (продукт: 36251) = 10 (stock = 10, quantity = 10)
2022-03-01T21:45:28+00:00 INFO Остатки для вариации 36422 (продукт: 36251) = 13 (stock = 13, quantity = 13)
2022-03-01T21:45:28+00:00 INFO Остатки для вариации 36423 (продукт: 36251) = 11 (stock = 11, quantity = 11)
2022-03-01T21:45:28+00:00 INFO Остатки для вариации 36424 (продукт: 36251) = 13 (stock = 13, quantity = 13)
2022-03-01T21:45:29+00:00 INFO Остатки для вариации 36431 (продукт: 36251) = 13 (stock = 13, quantity = 13)
2022-03-01T21:45:29+00:00 INFO Запрос на остатки для вариации 36432 (url https://online.moysklad.ru/api/remap/1.1/report/stock/all?product.id=94acee0a-6961-11ec-0a80-0da100b80143)
2022-03-01T21:45:29+00:00 INFO Остатки для вариации 36432 (продукт: 36251) = 0 (stock = 0, quantity = 0)
2022-03-01T21:45:29+00:00 INFO Запрос на остатки для вариации 36648 (url https://online.moysklad.ru/api/remap/1.1/report/stock/all?product.id=9ac81ddd-72d0-11ec-0a80-05b7012b2c14)
2022-03-01T21:45:30+00:00 INFO Остатки для вариации 36648 (продукт: 36251) = 0 (stock = 0, quantity = 0)
2022-03-01T21:45:30+00:00 INFO Остатки для вариации 36501 (продукт: 36478) = 35 (stock = 35, quantity = 35)
2022-03-01T21:45:30+00:00 INFO Остатки для вариации 36502 (продукт: 36478) = 34 (stock = 34, quantity = 34)
2022-03-01T21:45:31+00:00 INFO Остатки для вариации 36503 (продукт: 36478) = 10 (stock = 10, quantity = 10)
2022-03-01T21:45:31+00:00 INFO Остатки для вариации 36504 (продукт: 36478) = 19 (stock = 19, quantity = 19)
2022-03-01T21:45:31+00:00 INFO Запрос на остатки для вариации 36505 (url https://online.moysklad.ru/api/remap/1.1/report/stock/all?product.id=9c317be9-6ede-11ec-0a80-0da100f261d9)
2022-03-01T21:45:32+00:00 INFO Остатки для вариации 36505 (продукт: 36478) = 0 (stock = 0, quantity = 0)
2022-03-01T21:45:32+00:00 INFO Остатки для вариации 36711 (продукт: 36679) = 35 (stock = 35, quantity = 35)
2022-03-01T21:45:32+00:00 INFO Остатки для вариации 36712 (продукт: 36679) = 7 (stock = 7, quantity = 7)
2022-03-01T21:45:32+00:00 INFO Остатки для вариации 36713 (продукт: 36679) = 23 (stock = 23, quantity = 23)
2022-03-01T21:45:33+00:00 INFO Остатки для вариации 36717 (продукт: 36679) = 10 (stock = 10, quantity = 10)
2022-03-01T21:45:33+00:00 INFO Остатки для вариации 36718 (продукт: 36679) = 22 (stock = 22, quantity = 22)
2022-03-01T21:45:33+00:00 INFO Остатки для вариации 36799 (продукт: 36769) = 5 (stock = 5, quantity = 5)
2022-03-01T21:45:33+00:00 INFO Остатки для вариации 36800 (продукт: 36769) = 6 (stock = 6, quantity = 6)
2022-03-01T21:45:34+00:00 INFO Остатки для вариации 36801 (продукт: 36769) = 6 (stock = 6, quantity = 6)
2022-03-01T21:45:34+00:00 INFO Остатки для вариации 36802 (продукт: 36769) = 7 (stock = 7, quantity = 7)
2022-03-01T21:45:34+00:00 INFO Запрос на остатки для вариации 36810 (url https://online.moysklad.ru/api/remap/1.1/report/stock/all?product.id=bd6e4f51-8813-11ec-0a80-020400339afd)
2022-03-01T21:45:35+00:00 INFO Остатки для вариации 36810 (продукт: 36769) = 0 (stock = 0, quantity = 0)
2022-03-01T21:46:44+00:00 INFO Остатки для вариации 36811 (продукт: 36769) = 6 (stock = 6, quantity = 6)
2022-03-01T21:46:44+00:00 INFO Остатки для вариации 36812 (продукт: 36769) = 6 (stock = 6, quantity = 6)
2022-03-01T21:46:44+00:00 INFO Остатки для вариации 36813 (продукт: 36769) = 7 (stock = 7, quantity = 7)
2022-03-01T21:46:44+00:00 INFO Остатки для вариации 36814 (продукт: 36769) = 7 (stock = 7, quantity = 7)
2022-03-01T21:46:44+00:00 INFO Запрос на остатки для вариации 36815 (url https://online.moysklad.ru/api/remap/1.1/report/stock/all?product.id=bd80af63-8813-11ec-0a80-020400339b16)
2022-03-01T21:46:45+00:00 INFO Остатки для вариации 36815 (продукт: 36769) = 0 (stock = 0, quantity = 0)
2022-03-01T21:46:45+00:00 INFO Остатки для вариации 36601 (продукт: 36533) = 9 (stock = 9, quantity = 9)
2022-03-01T21:46:45+00:00 INFO Остатки для вариации 36602 (продукт: 36533) = 5 (stock = 5, quantity = 5)
2022-03-01T21:46:46+00:00 INFO Остатки для вариации 36603 (продукт: 36533) = 5 (stock = 5, quantity = 5)
2022-03-01T21:46:46+00:00 INFO Остатки для вариации 36604 (продукт: 36533) = 2 (stock = 2, quantity = 2)
2022-03-01T21:46:46+00:00 INFO Запрос на остатки для вариации 36605 (url https://online.moysklad.ru/api/remap/1.1/report/stock/all?product.id=acb4e106-6f9d-11ec-0a80-017800f7cd37)
2022-03-01T21:46:46+00:00 INFO Остатки для вариации 36605 (продукт: 36533) = 0 (stock = 0, quantity = 0)
2022-03-01T21:46:47+00:00 INFO Остатки для вариации 36606 (продукт: 36533) = 7 (stock = 7, quantity = 7)
2022-03-01T21:46:47+00:00 INFO Остатки для вариации 36607 (продукт: 36533) = 5 (stock = 5, quantity = 5)
2022-03-01T21:46:47+00:00 INFO Остатки для вариации 36608 (продукт: 36533) = 5 (stock = 5, quantity = 5)
2022-03-01T21:46:47+00:00 INFO Остатки для вариации 36609 (продукт: 36533) = 2 (stock = 2, quantity = 2)
2022-03-01T21:46:47+00:00 INFO Запрос на остатки для вариации 36610 (url https://online.moysklad.ru/api/remap/1.1/report/stock/all?product.id=acc794db-6f9d-11ec-0a80-017800f7cd50)
2022-03-01T21:46:48+00:00 INFO Остатки для вариации 36610 (продукт: 36533) = 0 (stock = 0, quantity = 0)
2022-03-01T21:46:48+00:00 INFO Остатки для вариации 36433 (продукт: 36253) = 13 (stock = 13, quantity = 13)
2022-03-01T21:46:48+00:00 INFO Остатки для вариации 36434 (продукт: 36253) = 9 (stock = 9, quantity = 9)
2022-03-01T21:46:48+00:00 INFO Остатки для вариации 36435 (продукт: 36253) = 16 (stock = 16, quantity = 16)
2022-03-01T21:46:49+00:00 INFO Остатки для вариации 36436 (продукт: 36253) = 13 (stock = 13, quantity = 13)
2022-03-01T21:46:49+00:00 INFO Остатки для вариации 36437 (продукт: 36253) = 15 (stock = 15, quantity = 15)
2022-03-01T21:46:49+00:00 INFO Остатки для вариации 36724 (продукт: 36681) = 24 (stock = 24, quantity = 24)
2022-03-01T21:46:49+00:00 INFO Остатки для вариации 36725 (продукт: 36681) = 23 (stock = 23, quantity = 23)
2022-03-01T21:46:50+00:00 INFO Остатки для вариации 36726 (продукт: 36681) = 24 (stock = 24, quantity = 24)
2022-03-01T21:46:50+00:00 INFO Остатки для вариации 36727 (продукт: 36681) = 26 (stock = 26, quantity = 26)
2022-03-01T21:46:50+00:00 INFO Запрос на остатки для вариации 36728 (url https://online.moysklad.ru/api/remap/1.1/report/stock/all?product.id=c38a0fa2-7859-11ec-0a80-042a0047cbc4)
2022-03-01T21:46:50+00:00 INFO Остатки для вариации 36728 (продукт: 36681) = 0 (stock = 0, quantity = 0)
2022-03-01T21:46:51+00:00 INFO Остатки для вариации 36438 (продукт: 36254) = 17 (stock = 17, quantity = 17)
2022-03-01T21:47:04+00:00 INFO Остатки для вариации 36439 (продукт: 36254) = 20 (stock = 20, quantity = 20)
2022-03-01T21:47:04+00:00 INFO Остатки для вариации 36440 (продукт: 36254) = 19 (stock = 19, quantity = 19)
2022-03-01T21:47:04+00:00 INFO Остатки для вариации 36441 (продукт: 36254) = 19 (stock = 19, quantity = 19)
2022-03-01T21:47:04+00:00 INFO Остатки для вариации 36442 (продукт: 36254) = 20 (stock = 20, quantity = 20)
2022-03-01T21:47:05+00:00 INFO Остатки для вариации 36821 (продукт: 36771) = 23 (stock = 23, quantity = 23)
2022-03-01T21:47:05+00:00 INFO Запрос на остатки для вариации 36822 (url https://online.moysklad.ru/api/remap/1.1/report/stock/all?product.id=c75a273a-8801-11ec-0a80-00ca002f3a81)
2022-03-01T21:47:05+00:00 INFO Остатки для вариации 36822 (продукт: 36771) = 0 (stock = 0, quantity = 0)
2022-03-01T21:47:06+00:00 INFO Остатки для вариации 36611 (продукт: 36534) = 4 (stock = 4, quantity = 4)
2022-03-01T21:47:06+00:00 INFO Остатки для вариации 36612 (продукт: 36534) = 4 (stock = 4, quantity = 4)
2022-03-01T21:47:06+00:00 INFO Остатки для вариации 36613 (продукт: 36534) = 6 (stock = 6, quantity = 6)
2022-03-01T21:47:07+00:00 INFO Остатки для вариации 36614 (продукт: 36534) = 3 (stock = 3, quantity = 3)
2022-03-01T21:47:07+00:00 INFO Остатки для вариации 36443 (продукт: 36255) = 17 (stock = 17, quantity = 17)
2022-03-01T21:47:07+00:00 INFO Остатки для вариации 36444 (продукт: 36255) = 17 (stock = 17, quantity = 17)
2022-03-01T21:47:07+00:00 INFO Остатки для вариации 36445 (продукт: 36255) = 18 (stock = 18, quantity = 18)
2022-03-01T21:47:08+00:00 INFO Остатки для вариации 36446 (продукт: 36255) = 13 (stock = 13, quantity = 13)
2022-03-01T21:47:08+00:00 INFO Остатки для вариации 36447 (продукт: 36255) = 13 (stock = 13, quantity = 13)
2022-03-01T21:47:08+00:00 INFO Остатки для вариации 36448 (продукт: 36256) = 14 (stock = 14, quantity = 14)
2022-03-01T21:47:09+00:00 INFO Запрос на остатки для вариации 36449 (url https://online.moysklad.ru/api/remap/1.1/report/stock/all?product.id=c8ccfcaf-66d6-11ec-0a80-00c40072a0f4)
2022-03-01T21:47:09+00:00 INFO Остатки для вариации 36449 (продукт: 36256) = 0 (stock = 0, quantity = 0)
2022-03-01T21:47:09+00:00 INFO Остатки для вариации 36450 (продукт: 36256) = 18 (stock = 18, quantity = 18)
2022-03-01T21:47:10+00:00 INFO Остатки для вариации 36451 (продукт: 36256) = 16 (stock = 16, quantity = 16)
2022-03-01T21:47:10+00:00 INFO Остатки для вариации 36452 (продукт: 36256) = 17 (stock = 17, quantity = 17)
2022-03-01T21:47:11+00:00 INFO Остатки для вариации 36669 (продукт: 36535) = 9 (stock = 9, quantity = 9)
2022-03-01T21:47:11+00:00 INFO Остатки для вариации 36670 (продукт: 36535) = 5 (stock = 5, quantity = 5)
2022-03-01T21:47:11+00:00 INFO Остатки для вариации 36671 (продукт: 36535) = 5 (stock = 5, quantity = 5)
2022-03-01T21:47:12+00:00 INFO Остатки для вариации 36672 (продукт: 36535) = 3 (stock = 3, quantity = 3)
2022-03-01T21:47:12+00:00 INFO Запрос на остатки для вариации 36673 (url https://online.moysklad.ru/api/remap/1.1/report/stock/all?product.id=da6c47d9-6f96-11ec-0a80-0ba400f586ee)
2022-03-01T21:47:12+00:00 INFO Остатки для вариации 36673 (продукт: 36535) = 0 (stock = 0, quantity = 0)
2022-03-01T21:48:03+00:00 INFO Остатки для вариации 36620 (продукт: 36535) = 9 (stock = 9, quantity = 9)
2022-03-01T21:48:04+00:00 INFO Остатки для вариации 36621 (продукт: 36535) = 5 (stock = 5, quantity = 5)
2022-03-01T21:48:04+00:00 INFO Остатки для вариации 36622 (продукт: 36535) = 5 (stock = 5, quantity = 5)
2022-03-01T21:48:04+00:00 INFO Остатки для вариации 36623 (продукт: 36535) = 3 (stock = 3, quantity = 3)
2022-03-01T21:48:04+00:00 INFO Запрос на остатки для вариации 36624 (url https://online.moysklad.ru/api/remap/1.1/report/stock/all?product.id=da83a7ab-6f96-11ec-0a80-0ba400f58707)
2022-03-01T21:48:05+00:00 INFO Остатки для вариации 36624 (продукт: 36535) = 0 (stock = 0, quantity = 0)
2022-03-01T21:48:05+00:00 INFO Остатки для вариации 36625 (продукт: 36536) = 7 (stock = 7, quantity = 7)
2022-03-01T21:48:06+00:00 INFO Остатки для вариации 36626 (продукт: 36536) = 5 (stock = 5, quantity = 5)
2022-03-01T21:48:06+00:00 INFO Остатки для вариации 36627 (продукт: 36536) = 4 (stock = 4, quantity = 4)
2022-03-01T21:48:06+00:00 INFO Остатки для вариации 36631 (продукт: 36536) = 3 (stock = 3, quantity = 3)
2022-03-01T21:48:06+00:00 INFO Запрос на остатки для вариации 36632 (url https://online.moysklad.ru/api/remap/1.1/report/stock/all?product.id=e53fb8a3-6f9b-11ec-0a80-069f00f4280e)
2022-03-01T21:48:07+00:00 INFO Остатки для вариации 36632 (продукт: 36536) = 0 (stock = 0, quantity = 0)
2022-03-01T21:48:07+00:00 INFO Остатки для вариации 36633 (продукт: 36536) = 11 (stock = 11, quantity = 11)
2022-03-01T21:48:07+00:00 INFO Остатки для вариации 36634 (продукт: 36536) = 5 (stock = 5, quantity = 5)
2022-03-01T21:48:08+00:00 INFO Запрос на остатки для вариации 36635 (url https://online.moysklad.ru/api/remap/1.1/report/stock/all?product.id=e549b4cf-6f9b-11ec-0a80-069f00f4281d)
2022-03-01T21:48:08+00:00 INFO Остатки для вариации 36635 (продукт: 36536) = 0 (stock = 0, quantity = 0)
2022-03-01T21:48:08+00:00 INFO Остатки для вариации 36636 (продукт: 36536) = 5 (stock = 5, quantity = 5)
2022-03-01T21:48:08+00:00 INFO Запрос на остатки для вариации 36637 (url https://online.moysklad.ru/api/remap/1.1/report/stock/all?product.id=e54faff8-6f9b-11ec-0a80-069f00f4282e)
2022-03-01T21:48:09+00:00 INFO Остатки для вариации 36637 (продукт: 36536) = 0 (stock = 0, quantity = 0)
2022-03-01T21:48:09+00:00 INFO Остатки для вариации 36453 (продукт: 36257) = 17 (stock = 17, quantity = 17)
2022-03-01T21:48:10+00:00 INFO Остатки для вариации 36454 (продукт: 36257) = 20 (stock = 20, quantity = 20)
2022-03-01T21:48:10+00:00 INFO Остатки для вариации 36455 (продукт: 36257) = 28 (stock = 28, quantity = 28)
2022-03-01T21:48:10+00:00 INFO Остатки для вариации 36456 (продукт: 36257) = 10 (stock = 10, quantity = 10)
2022-03-01T21:48:11+00:00 INFO Остатки для вариации 36457 (продукт: 36257) = 20 (stock = 20, quantity = 20)
2022-03-01T21:48:11+00:00 INFO Остатки для вариации 36734 (продукт: 36683) = 20 (stock = 20, quantity = 20)
2022-03-01T21:48:11+00:00 INFO Остатки для вариации 36735 (продукт: 36683) = 23 (stock = 23, quantity = 23)
2022-03-01T21:48:12+00:00 INFO Остатки для вариации 36736 (продукт: 36683) = 17 (stock = 17, quantity = 17)
2022-03-01T21:48:12+00:00 INFO Остатки для вариации 36737 (продукт: 36683) = 20 (stock = 20, quantity = 20)
2022-03-01T21:48:13+00:00 INFO Остатки для вариации 36738 (продукт: 36683) = 19 (stock = 19, quantity = 19)
2022-03-01T21:48:13+00:00 INFO Остатки для вариации 36506 (продукт: 36479) = 44 (stock = 44, quantity = 44)
2022-03-01T21:49:06+00:00 INFO Остатки для вариации 36507 (продукт: 36479) = 14 (stock = 14, quantity = 14)
2022-03-01T21:49:06+00:00 INFO Остатки для вариации 36508 (продукт: 36479) = 43 (stock = 43, quantity = 43)
2022-03-01T21:49:06+00:00 INFO Остатки для вариации 36509 (продукт: 36479) = 19 (stock = 19, quantity = 19)
2022-03-01T21:49:07+00:00 INFO Запрос на остатки для вариации 36510 (url https://online.moysklad.ru/api/remap/1.1/report/stock/all?product.id=e6c65831-6ecd-11ec-0a80-083800e9ef3b)
2022-03-01T21:49:07+00:00 INFO Остатки для вариации 36510 (продукт: 36479) = 0 (stock = 0, quantity = 0)
2022-03-01T21:49:07+00:00 INFO Остатки для вариации 36458 (продукт: 36258) = 11 (stock = 11, quantity = 11)
2022-03-01T21:49:07+00:00 INFO Остатки для вариации 36459 (продукт: 36258) = 8 (stock = 8, quantity = 8)
2022-03-01T21:49:08+00:00 INFO Остатки для вариации 36460 (продукт: 36258) = 16 (stock = 16, quantity = 16)
2022-03-01T21:49:08+00:00 INFO Остатки для вариации 36461 (продукт: 36258) = 12 (stock = 12, quantity = 12)
2022-03-01T21:49:08+00:00 INFO Остатки для вариации 36462 (продукт: 36258) = 15 (stock = 15, quantity = 15)
2022-03-01T21:49:08+00:00 INFO Остатки для вариации 36756 (продукт: 36755) = 13 (stock = 13, quantity = 13)
2022-03-01T21:49:08+00:00 INFO Остатки для вариации 36757 (продукт: 36755) = 13 (stock = 13, quantity = 13)
2022-03-01T21:49:09+00:00 INFO Остатки для вариации 36758 (продукт: 36755) = 13 (stock = 13, quantity = 13)
2022-03-01T21:49:09+00:00 INFO Остатки для вариации 36759 (продукт: 36755) = 11 (stock = 11, quantity = 11)
2022-03-01T21:49:09+00:00 INFO Запрос на остатки для вариации 36760 (url https://online.moysklad.ru/api/remap/1.1/report/stock/all?product.id=efdb714f-85aa-11ec-0a80-0e24000b690c)
2022-03-01T21:49:09+00:00 INFO Остатки для вариации 36760 (продукт: 36755) = 0 (stock = 0, quantity = 0)
2022-03-01T21:49:10+00:00 INFO Остатки для вариации 36761 (продукт: 36755) = 13 (stock = 13, quantity = 13)
2022-03-01T21:49:10+00:00 INFO Остатки для вариации 36762 (продукт: 36755) = 13 (stock = 13, quantity = 13)
2022-03-01T21:49:10+00:00 INFO Остатки для вариации 36763 (продукт: 36755) = 12 (stock = 12, quantity = 12)
2022-03-01T21:49:10+00:00 INFO Остатки для вариации 36764 (продукт: 36755) = 12 (stock = 12, quantity = 12)
2022-03-01T21:49:10+00:00 INFO Запрос на остатки для вариации 36765 (url https://online.moysklad.ru/api/remap/1.1/report/stock/all?product.id=eff048c2-85aa-11ec-0a80-0e24000b6925)
2022-03-01T21:49:12+00:00 INFO Остатки для вариации 36765 (продукт: 36755) = 0 (stock = 0, quantity = 0)
2022-03-01T21:49:12+00:00 INFO Остатки для вариации 36463 (продукт: 36259) = 20 (stock = 20, quantity = 20)
2022-03-01T21:49:12+00:00 INFO Остатки для вариации 36464 (продукт: 36259) = 20 (stock = 20, quantity = 20)
2022-03-01T21:49:12+00:00 INFO Остатки для вариации 36465 (продукт: 36259) = 20 (stock = 20, quantity = 20)
2022-03-01T21:49:13+00:00 INFO Остатки для вариации 36466 (продукт: 36259) = 20 (stock = 20, quantity = 20)
2022-03-01T21:49:13+00:00 INFO Остатки для вариации 36467 (продукт: 36259) = 20 (stock = 20, quantity = 20)
2022-03-01T21:49:13+00:00 INFO Остатки для вариации 36468 (продукт: 36260) = 16 (stock = 16, quantity = 16)
2022-03-01T21:49:13+00:00 INFO Остатки для вариации 36469 (продукт: 36260) = 10 (stock = 10, quantity = 10)
2022-03-01T21:50:10+00:00 INFO Остатки для вариации 36470 (продукт: 36260) = 18 (stock = 18, quantity = 18)
2022-03-01T21:50:10+00:00 INFO Остатки для вариации 36471 (продукт: 36260) = 16 (stock = 16, quantity = 16)
2022-03-01T21:50:10+00:00 INFO Остатки для вариации 36472 (продукт: 36260) = 17 (stock = 17, quantity = 17)
2022-03-01T21:50:10+00:00 INFO Остатки для вариации 36638 (продукт: 36537) = 20 (stock = 20, quantity = 20)
2022-03-01T21:50:11+00:00 INFO Остатки для вариации 36639 (продукт: 36537) = 19 (stock = 19, quantity = 19)
2022-03-01T21:50:11+00:00 INFO Остатки для вариации 36640 (продукт: 36537) = 18 (stock = 18, quantity = 18)
2022-03-01T21:50:11+00:00 INFO Остатки для вариации 36641 (продукт: 36537) = 19 (stock = 19, quantity = 19)
2022-03-01T21:50:11+00:00 INFO Остатки для вариации 36642 (продукт: 36537) = 19 (stock = 19, quantity = 19)
2022-03-01T21:50:11+00:00 INFO Остатки для вариации 36511 (продукт: 36480) = 19 (stock = 19, quantity = 19)
2022-03-01T21:50:12+00:00 INFO Остатки для вариации 36512 (продукт: 36480) = 17 (stock = 17, quantity = 17)
2022-03-01T21:50:12+00:00 INFO Остатки для вариации 36513 (продукт: 36480) = 21 (stock = 21, quantity = 21)
2022-03-01T21:50:12+00:00 INFO Остатки для вариации 36514 (продукт: 36480) = 21 (stock = 21, quantity = 21)
2022-03-01T21:50:12+00:00 INFO Остатки для вариации 36515 (продукт: 36480) = 21 (stock = 21, quantity = 21)
