2022-02-26T13:24:37+00:00 INFO Продукт: Чехол для телефона "CHIP" (33078) сохранен
2022-02-26T15:33:16+00:00 INFO Продукт: Чехол для телефона "ICONS" (33082) сохранен
2022-02-26T15:59:40+00:00 INFO Продукт: Чехол для телефона "ICONS" (33082) сохранен
2022-02-26T16:05:02+00:00 INFO Продукт: Свитшот "INFINITY Man" (32211) сохранен
2022-02-26T16:14:17+00:00 INFO Продукт: Свитшот "INFINITY Man" (32211) сохранен
2022-02-26T18:30:54+00:00 INFO Старт основного волкера: 20220226183054
2022-02-26T18:30:55+00:00 INFO Старт основного волкера: 20220226183055
2022-02-26T18:30:55+00:00 INFO Отправлен запрос https://online.moysklad.ru/api/remap/1.1/entity/assortment?offset=0&limit=20&scope=product
2022-02-26T18:30:55+00:00 INFO Отправлен запрос https://online.moysklad.ru/api/remap/1.1/entity/assortment?offset=0&limit=20&scope=product
2022-02-26T18:30:56+00:00 ERROR Главный обработчик завершился с ошибкойНеверный или дублированный артикул.
2022-02-26T18:30:56+00:00 INFO Продукт: Свитшот "ROMB BOY" (33518) сохранен
2022-02-26T18:30:57+00:00 INFO Продукт: Свитшот "PANDA" (33520) сохранен
2022-02-26T18:30:58+00:00 INFO Продукт: Свитшот "INFINITI" (33521) сохранен
2022-02-26T18:30:59+00:00 INFO Продукт: Костюм двойка "BEIGE" (33522) сохранен
2022-02-26T18:31:00+00:00 INFO Продукт: Smart Trunk (33523) сохранен
2022-02-26T18:31:01+00:00 INFO Продукт: Костюм двойка "Birdie" (33524) сохранен
2022-02-26T18:31:01+00:00 INFO Продукт: Свитшот "Snowflake" (33525) сохранен
2022-02-26T18:31:02+00:00 INFO Продукт: Футболка "Squid Game" (33526) сохранен
2022-02-26T18:31:03+00:00 INFO Продукт: Свитшот "CLICK 2" (33527) сохранен
2022-02-26T18:31:04+00:00 INFO Продукт: Футболка"ROBOCLICK" (33528) сохранен
2022-02-26T18:31:06+00:00 INFO Продукт: Свитшот "CLICK CLASSIC" (33529) сохранен
2022-02-26T18:31:07+00:00 INFO Продукт: Футболка "CLICK Classic" (33530) сохранен
2022-02-26T18:31:08+00:00 INFO Продукт: Футболка с принтом "РАХМАТ" (33531) сохранен
2022-02-26T18:31:09+00:00 INFO Продукт: Футболка "NAVY BLUE" (33532) сохранен
2022-02-26T18:31:10+00:00 INFO Продукт: Костюм двойка "CLICKY FLOWER" (33533) сохранен
2022-02-26T18:31:11+00:00 INFO Продукт: Футболка "CLICK UP" (33534) сохранен
2022-02-26T18:31:12+00:00 INFO Продукт: Костюм двойка "BLACK" (33535) сохранен
2022-02-26T18:31:13+00:00 INFO Продукт: Худи "CLICK" (33536) сохранен
2022-02-26T18:31:14+00:00 INFO Продукт: Свитшот "WHITE HEART" (33537) сохранен
2022-02-26T18:31:15+00:00 INFO Продукт: Костюм двойка"NAVY BLUE" (33538) сохранен
2022-02-26T18:32:30+00:00 INFO Отправлен запрос https://online.moysklad.ru/api/remap/1.1/entity/assortment?offset=20&limit=20&scope=product
2022-02-26T18:32:31+00:00 INFO Продукт: Чехол для телефона "CHIP" (33539) сохранен
2022-02-26T18:32:32+00:00 INFO Продукт: Рюкзак "CANDY" (33540) сохранен
2022-02-26T18:32:33+00:00 INFO Продукт: Шапка (33541) сохранен
2022-02-26T18:32:34+00:00 INFO Продукт: Термостакан"MATTE"RED (33542) сохранен
2022-02-26T18:32:35+00:00 INFO Продукт: Футболка "FLOWERS" (33543) сохранен
2022-02-26T18:32:36+00:00 INFO Продукт: Костюм двойка "Casual Bling" с манжетом (тёмн. принт) (33544) сохранен
2022-02-26T18:32:37+00:00 INFO Продукт: Футболка с принтом "ДАЙКЕШ" (33545) сохранен
2022-02-26T18:32:38+00:00 INFO Продукт: Костюм двойка "gray-black" (33546) сохранен
2022-02-26T18:32:39+00:00 INFO Продукт: Костюм  двойка "CLICKY Women" (33547) сохранен
2022-02-26T18:32:40+00:00 INFO Продукт: Худи "SPORTY" (33548) сохранен
2022-02-26T18:32:41+00:00 INFO Продукт: USB шнур (33549) сохранен
2022-02-26T18:32:43+00:00 INFO Продукт: Свитшот "CASHBASKBUSTERS" (33550) сохранен
2022-02-26T18:32:44+00:00 INFO Продукт: Сумка для ноутбука (33551) сохранен
2022-02-26T18:32:45+00:00 INFO Продукт: Термостакан"ICONS"DARK (33552) сохранен
2022-02-26T18:32:47+00:00 INFO Продукт: Костюм двойка "Casual Bling" без манжета (33553) сохранен
2022-02-26T18:32:48+00:00 INFO Продукт: Рюкзак "CANDY" ромб (33554) сохранен
2022-02-26T18:32:49+00:00 INFO Продукт: Футболка "CHIP" (33555) сохранен
2022-02-26T18:32:50+00:00 INFO Продукт: Рюкзак"CLICK" (33556) сохранен
2022-02-26T18:32:51+00:00 INFO Продукт: Футболка "White CLICK" (33557) сохранен
2022-02-26T18:32:52+00:00 INFO Продукт: ШнурUSB Lightning (iPhone) Nylon (33558) сохранен
2022-02-26T18:33:37+00:00 INFO Отправлен запрос https://online.moysklad.ru/api/remap/1.1/entity/assortment?offset=40&limit=20&scope=product
2022-02-26T18:33:38+00:00 INFO Продукт: Свитшот "ROMB Girl" (33559) сохранен
2022-02-26T18:33:39+00:00 INFO Продукт: Футболка с принтом"NAQDBER" (33560) сохранен
2022-02-26T18:33:40+00:00 INFO Продукт: Свитшот "New Year Tree" (33561) сохранен
2022-02-26T18:33:41+00:00 INFO Продукт: Свитшот "INFINITI Kids" (33562) сохранен
2022-02-26T18:33:42+00:00 INFO Продукт: Костюм двойка"ICONS" (33563) сохранен
2022-02-26T18:33:43+00:00 INFO Продукт: Термостакан"ICONS"BLUE (33564) сохранен
2022-02-26T18:33:44+00:00 INFO Продукт: Футболка белая "CLICK" HR (33565) сохранен
2022-02-26T18:33:45+00:00 INFO Продукт: Свитшот "PANDA Kids" (33566) сохранен
2022-02-26T18:33:46+00:00 INFO Продукт: Костюм двойка "Casual Bling" с манжетом (33567) сохранен
2022-02-26T18:33:48+00:00 INFO Продукт: Футболка с принтом "РАХМАТ"(тёмно-синий) (33568) сохранен
2022-02-26T18:33:49+00:00 INFO Продукт: Футболка с принтом "CLICKOВЕЦ" (33569) сохранен
2022-02-26T18:33:50+00:00 INFO Продукт: Футболка "SQUARE" (33570) сохранен
2022-02-26T18:33:51+00:00 INFO Продукт: Худи "RIBBON" (33571) сохранен
2022-02-26T18:33:53+00:00 INFO Продукт: Свитшот "RED HEART" (33572) сохранен
2022-02-26T18:33:54+00:00 INFO Продукт: Костюм двойка "RED" (33573) сохранен
2022-02-26T18:33:55+00:00 INFO Продукт: Чехол для телефона "ICONS" (33574) сохранен
2022-02-26T18:33:56+00:00 INFO Продукт: Костюм двойка "Casual Bling" с манжетом (свет. принт) (33575) сохранен
2022-02-26T18:33:57+00:00 INFO Продукт: Шоппер (33576) сохранен
2022-02-26T18:33:58+00:00 INFO Продукт: Свитшот"BORDERLESS" (33577) сохранен
2022-02-26T18:34:00+00:00 INFO Продукт: Футболка "Rectangle" (33578) сохранен
2022-02-26T18:34:43+00:00 INFO Отправлен запрос https://online.moysklad.ru/api/remap/1.1/entity/assortment?offset=60&limit=20&scope=product
2022-02-26T18:34:44+00:00 INFO Продукт: Футболка с принтом "RAHMAT" (33579) сохранен
2022-02-26T18:34:45+00:00 INFO Продукт: Футболка спринтом "CLICKCHI" (33580) сохранен
2022-02-26T18:34:46+00:00 INFO Продукт: Свитшот "IN CLICK WE TRUST" (33581) сохранен
2022-02-26T18:34:46+00:00 INFO Продукт: Свитшот "ROMB MAN" (33582) сохранен
2022-02-26T18:34:47+00:00 INFO Продукт: Футболка(без принта, тёмно-синяя) HR (33583) сохранен
2022-02-26T18:34:49+00:00 INFO Продукт: Футболка "YELLOW" (33584) сохранен
2022-02-26T18:34:50+00:00 INFO Продукт: Костюм двойка "Casual Bling" без манжета ( свет. принт) (33585) сохранен
2022-02-26T18:34:51+00:00 INFO Продукт: Свитшот "HEART" (33586) сохранен
2022-02-26T18:34:53+00:00 INFO Продукт: Костюм двойка "Casual Bling" без манжета ( тёмн. принт) (33587) сохранен
2022-02-26T18:34:54+00:00 INFO Продукт: Костюм двойка "GRAY" (33588) сохранен
2022-02-26T18:34:55+00:00 INFO Продукт: Футболка"ABSTRACTION" (33589) сохранен
2022-02-26T18:34:56+00:00 INFO Продукт: Термостакан"CLICK" GRAY (33590) сохранен
2022-02-26T18:34:57+00:00 INFO Продукт: Мокнек "Flowers" (33591) сохранен
2022-02-26T18:34:58+00:00 INFO Продукт: Свитшот "ROMB Woman" (33592) сохранен
2022-02-26T18:35:38+00:00 INFO Отправлен запрос https://online.moysklad.ru/api/remap/1.1/entity/assortment?offset=74&limit=20&scope=product
2022-02-26T18:42:35+00:00 INFO Продукт: Smart Trunk (33523) сохранен
2022-02-26T19:03:17+00:00 INFO Старт основного волкера: 20220226190317
2022-02-26T19:03:18+00:00 INFO Отправлен запрос https://online.moysklad.ru/api/remap/1.1/entity/assortment?offset=0&limit=20&scope=product
2022-02-26T19:03:19+00:00 INFO Продукт: Свитшот "ROMB BOY" (33970) сохранен
2022-02-26T19:03:19+00:00 INFO Продукт: Свитшот "PANDA" (33971) сохранен
2022-02-26T19:03:20+00:00 INFO Продукт: Свитшот "INFINITI" (33972) сохранен
2022-02-26T19:03:21+00:00 INFO Продукт: Костюм двойка "BEIGE" (33973) сохранен
2022-02-26T19:03:22+00:00 INFO Продукт: Smart Trunk (33974) сохранен
2022-02-26T19:03:23+00:00 INFO Продукт: Костюм двойка "Birdie" (33975) сохранен
2022-02-26T19:03:24+00:00 INFO Продукт: Свитшот "Snowflake" (33976) сохранен
2022-02-26T19:03:25+00:00 INFO Продукт: Футболка "Squid Game" (33977) сохранен
2022-02-26T19:03:26+00:00 INFO Продукт: Свитшот "CLICK 2" (33978) сохранен
2022-02-26T19:03:27+00:00 INFO Продукт: Футболка"ROBOCLICK" (33979) сохранен
2022-02-26T19:03:28+00:00 INFO Продукт: Свитшот "CLICK CLASSIC" (33980) сохранен
2022-02-26T19:03:29+00:00 INFO Продукт: Футболка "CLICK Classic" (33981) сохранен
2022-02-26T19:03:30+00:00 INFO Продукт: Футболка с принтом "РАХМАТ" (33982) сохранен
2022-02-26T19:03:31+00:00 INFO Продукт: Футболка "NAVY BLUE" (33983) сохранен
2022-02-26T19:03:33+00:00 INFO Продукт: Костюм двойка "CLICKY FLOWER" (33984) сохранен
2022-02-26T19:03:34+00:00 INFO Продукт: Футболка "CLICK UP" (33985) сохранен
2022-02-26T19:03:34+00:00 INFO Продукт: Костюм двойка "BLACK" (33986) сохранен
2022-02-26T19:03:35+00:00 INFO Продукт: Худи "CLICK" (33987) сохранен
2022-02-26T19:03:37+00:00 INFO Продукт: Свитшот "WHITE HEART" (33988) сохранен
2022-02-26T19:03:38+00:00 INFO Продукт: Костюм двойка"NAVY BLUE" (33989) сохранен
2022-02-26T19:04:08+00:00 INFO Отправлен запрос https://online.moysklad.ru/api/remap/1.1/entity/assortment?offset=20&limit=20&scope=product
2022-02-26T19:04:09+00:00 INFO Продукт: Чехол для телефона "CHIP" (33990) сохранен
2022-02-26T19:04:10+00:00 INFO Продукт: Рюкзак "CANDY" (33991) сохранен
2022-02-26T19:04:11+00:00 INFO Продукт: Шапка (33992) сохранен
2022-02-26T19:04:12+00:00 INFO Продукт: Термостакан"MATTE"RED (33993) сохранен
2022-02-26T19:04:12+00:00 INFO Продукт: Футболка "FLOWERS" (33994) сохранен
2022-02-26T19:04:14+00:00 INFO Продукт: Костюм двойка "Casual Bling" с манжетом (тёмн. принт) (33995) сохранен
2022-02-26T19:04:15+00:00 INFO Продукт: Футболка с принтом "ДАЙКЕШ" (33996) сохранен
2022-02-26T19:04:16+00:00 INFO Продукт: Костюм двойка "gray-black" (33997) сохранен
2022-02-26T19:04:17+00:00 INFO Продукт: Костюм  двойка "CLICKY Women" (33998) сохранен
2022-02-26T19:04:18+00:00 INFO Продукт: Худи "SPORTY" (33999) сохранен
2022-02-26T19:04:19+00:00 INFO Продукт: USB шнур (34000) сохранен
2022-02-26T19:04:20+00:00 INFO Продукт: Свитшот "CASHBASKBUSTERS" (34001) сохранен
2022-02-26T19:04:21+00:00 INFO Продукт: Сумка для ноутбука (34002) сохранен
2022-02-26T19:04:23+00:00 INFO Продукт: Термостакан"ICONS"DARK (34003) сохранен
2022-02-26T19:04:24+00:00 INFO Продукт: Костюм двойка "Casual Bling" без манжета (34004) сохранен
2022-02-26T19:04:25+00:00 INFO Продукт: Рюкзак "CANDY" ромб (34005) сохранен
2022-02-26T19:04:27+00:00 INFO Продукт: Футболка "CHIP" (34006) сохранен
2022-02-26T19:04:28+00:00 INFO Продукт: Рюкзак"CLICK" (34007) сохранен
2022-02-26T19:04:29+00:00 INFO Продукт: Футболка "White CLICK" (34008) сохранен
2022-02-26T19:04:30+00:00 INFO Продукт: ШнурUSB Lightning (iPhone) Nylon (34009) сохранен
2022-02-26T19:05:09+00:00 INFO Отправлен запрос https://online.moysklad.ru/api/remap/1.1/entity/assortment?offset=40&limit=20&scope=product
2022-02-26T19:05:10+00:00 INFO Продукт: Свитшот "ROMB Girl" (34010) сохранен
2022-02-26T19:05:11+00:00 INFO Продукт: Футболка с принтом"NAQDBER" (34011) сохранен
2022-02-26T19:05:12+00:00 INFO Продукт: Свитшот "New Year Tree" (34012) сохранен
2022-02-26T19:05:13+00:00 INFO Продукт: Свитшот "INFINITI Kids" (34013) сохранен
2022-02-26T19:05:14+00:00 INFO Продукт: Костюм двойка"ICONS" (34014) сохранен
2022-02-26T19:05:15+00:00 INFO Продукт: Термостакан"ICONS"BLUE (34015) сохранен
2022-02-26T19:05:16+00:00 INFO Продукт: Футболка белая "CLICK" HR (34016) сохранен
2022-02-26T19:05:17+00:00 INFO Продукт: Свитшот "PANDA Kids" (34017) сохранен
2022-02-26T19:05:18+00:00 INFO Продукт: Костюм двойка "Casual Bling" с манжетом (34018) сохранен
2022-02-26T19:05:20+00:00 INFO Продукт: Футболка с принтом "РАХМАТ"(тёмно-синий) (34019) сохранен
2022-02-26T19:05:21+00:00 INFO Продукт: Футболка с принтом "CLICKOВЕЦ" (34020) сохранен
2022-02-26T19:05:22+00:00 INFO Продукт: Футболка "SQUARE" (34021) сохранен
2022-02-26T19:05:23+00:00 INFO Продукт: Худи "RIBBON" (34022) сохранен
2022-02-26T19:05:24+00:00 INFO Продукт: Свитшот "RED HEART" (34023) сохранен
2022-02-26T19:05:25+00:00 INFO Продукт: Костюм двойка "RED" (34024) сохранен
2022-02-26T19:05:26+00:00 INFO Продукт: Чехол для телефона "ICONS" (34025) сохранен
2022-02-26T19:05:28+00:00 INFO Продукт: Костюм двойка "Casual Bling" с манжетом (свет. принт) (34026) сохранен
2022-02-26T19:05:29+00:00 INFO Продукт: Шоппер (34027) сохранен
2022-02-26T19:05:30+00:00 INFO Продукт: Свитшот"BORDERLESS" (34028) сохранен
2022-02-26T19:05:32+00:00 INFO Продукт: Футболка "Rectangle" (34029) сохранен
2022-02-26T19:05:57+00:00 INFO Отправлен запрос https://online.moysklad.ru/api/remap/1.1/entity/assortment?offset=60&limit=20&scope=product
2022-02-26T19:05:57+00:00 INFO Продукт: Футболка с принтом "RAHMAT" (34030) сохранен
2022-02-26T19:05:58+00:00 INFO Продукт: Футболка спринтом "CLICKCHI" (34031) сохранен
2022-02-26T19:05:59+00:00 INFO Продукт: Свитшот "IN CLICK WE TRUST" (34032) сохранен
2022-02-26T19:06:00+00:00 INFO Продукт: Свитшот "ROMB MAN" (34033) сохранен
2022-02-26T19:06:01+00:00 INFO Продукт: Футболка(без принта, тёмно-синяя) HR (34034) сохранен
2022-02-26T19:06:02+00:00 INFO Продукт: Футболка "YELLOW" (34035) сохранен
2022-02-26T19:06:03+00:00 INFO Продукт: Костюм двойка "Casual Bling" без манжета ( свет. принт) (34036) сохранен
2022-02-26T19:06:04+00:00 INFO Продукт: Свитшот "HEART" (34037) сохранен
2022-02-26T19:06:06+00:00 INFO Продукт: Костюм двойка "Casual Bling" без манжета ( тёмн. принт) (34038) сохранен
2022-02-26T19:06:07+00:00 INFO Продукт: Костюм двойка "GRAY" (34039) сохранен
2022-02-26T19:06:08+00:00 INFO Продукт: Футболка"ABSTRACTION" (34040) сохранен
2022-02-26T19:06:09+00:00 INFO Продукт: Термостакан"CLICK" GRAY (34041) сохранен
2022-02-26T19:06:10+00:00 INFO Продукт: Мокнек "Flowers" (34042) сохранен
2022-02-26T19:06:12+00:00 INFO Продукт: Свитшот "ROMB Woman" (34043) сохранен
2022-02-26T19:06:56+00:00 INFO Отправлен запрос https://online.moysklad.ru/api/remap/1.1/entity/assortment?offset=74&limit=20&scope=product
2022-02-26T19:41:19+00:00 INFO Продукт: Свитшот "ROMB BOY" (33970) сохранен
2022-02-26T19:50:41+00:00 INFO Продукт: Свитшот "ROMB BOY" (33970) сохранен
2022-02-26T21:21:12+00:00 INFO Продукт: Свитшот "ROMB Woman" (34043) сохранен
