2022-02-22T17:12:10+00:00 INFO Цена распродажи 130000 сохранена для продукта Свитшот "INFINITY Man" (32211)
2022-02-22T17:12:10+00:00 INFO Цена распродажи 330000 сохранена для продукта Костюм двойка "BEIGE" (32212)
2022-02-22T17:12:10+00:00 INFO Цена распродажи 300000 сохранена для продукта Костюм двойка "Birdie" (32547)
2022-02-22T17:12:11+00:00 INFO Цена распродажи 130000 сохранена для продукта Свитшот "Snowflake" (32420)
2022-02-22T17:12:11+00:00 INFO Цена распродажи 130000 сохранена для продукта Свитшот "CLICK 2" (32214)
2022-02-22T17:12:11+00:00 INFO Цена распродажи 130000 сохранена для продукта Свитшот "CLICK CLASSIC" (32215)
2022-02-22T17:12:12+00:00 INFO Цена распродажи 300000 сохранена для продукта Костюм двойка "CLICKY FLOWER" (32549)
2022-02-22T17:12:12+00:00 INFO Цена распродажи 330000 сохранена для продукта Костюм двойка "BLACK" (32219)
2022-02-22T17:12:12+00:00 INFO Цена распродажи 170000 сохранена для продукта Худи "CLICK" (32220)
2022-02-22T17:12:13+00:00 INFO Цена распродажи 330000 сохранена для продукта Костюм двойка"NAVY BLUE" (32221)
2022-02-22T17:13:21+00:00 INFO Цена распродажи 55000 сохранена для продукта Шапка "CLICK" (32729)
2022-02-22T17:13:22+00:00 INFO Цена распродажи 330000 сохранена для продукта Костюм двойка "Dark Grey" (32224)
2022-02-22T17:13:22+00:00 INFO Цена распродажи 300000 сохранена для продукта Костюм  двойка "CLICKY Women" (32225)
2022-02-22T17:13:23+00:00 INFO Цена распродажи 170000 сохранена для продукта Худи "SPORTY" (32226)
2022-02-22T17:13:23+00:00 INFO Цена распродажи 130000 сохранена для продукта Свитшот "CASHBASKBUSTERS" (32228)
2022-02-22T17:13:24+00:00 INFO Цена распродажи 300000 сохранена для продукта Костюм двойка "Casual Bling" (33079)
2022-02-22T17:15:22+00:00 INFO Цена распродажи 130000 сохранена для продукта Свитшот "New Year Tree" (32423)
2022-02-22T17:15:23+00:00 INFO Цена распродажи 300000 сохранена для продукта Костюм двойка"ICONS" (32232)
2022-02-22T17:15:24+00:00 INFO Цена распродажи 300000 сохранена для продукта Костюм двойка "Casual" (33080)
2022-02-22T17:15:27+00:00 INFO Цена распродажи 330000 сохранена для продукта Костюм двойка "RED" (32235)
2022-02-22T17:15:29+00:00 INFO Цена распродажи 130000 сохранена для продукта Свитшот"BORDERLESS" (32236)
2022-02-22T17:17:21+00:00 INFO Цена распродажи 130000 сохранена для продукта Свитшот "IN CLICK WE TRUST" (32239)
2022-02-22T17:17:21+00:00 INFO Цена распродажи 130000 сохранена для продукта Свитшот "ROMB MAN" (32898)
2022-02-22T17:17:23+00:00 INFO Цена распродажи 130000 сохранена для продукта Свитшот "HEART" (33052)
2022-02-22T17:17:24+00:00 INFO Цена распродажи 330000 сохранена для продукта Костюм двойка "GREY" (32241)
2022-02-22T17:17:24+00:00 INFO Цена распродажи 160000 сохранена для продукта Мокнек "Flowers" (32564)
2022-02-22T17:17:24+00:00 INFO Цена распродажи 130000 сохранена для продукта Свитшот "ROMB Woman" (32427)
2022-02-22T17:19:24+00:00 INFO Цена распродажи 130000 сохранена для вариации 32244 и продукта 32211
2022-02-22T17:19:25+00:00 INFO Цена распродажи 130000 сохранена для вариации 32245 и продукта 32211
2022-02-22T17:19:25+00:00 INFO Цена распродажи 130000 сохранена для вариации 32246 и продукта 32211
2022-02-22T17:19:25+00:00 INFO Цена распродажи 130000 сохранена для вариации 32247 и продукта 32211
2022-02-22T17:19:25+00:00 INFO Цена распродажи 130000 сохранена для вариации 32248 и продукта 32211
2022-02-22T17:19:25+00:00 INFO Цена распродажи 330000 сохранена для вариации 32249 и продукта 32212
2022-02-22T17:19:26+00:00 INFO Цена распродажи 330000 сохранена для вариации 32250 и продукта 32212
2022-02-22T17:19:26+00:00 INFO Цена распродажи 330000 сохранена для вариации 32251 и продукта 32212
2022-02-22T17:19:26+00:00 INFO Цена распродажи 330000 сохранена для вариации 32252 и продукта 32212
2022-02-22T17:19:26+00:00 INFO Цена распродажи 330000 сохранена для вариации 32253 и продукта 32212
2022-02-22T17:19:27+00:00 INFO Цена распродажи 300000 сохранена для вариации 32565 и продукта 32547
2022-02-22T17:19:27+00:00 INFO Цена распродажи 300000 сохранена для вариации 32566 и продукта 32547
2022-02-22T17:19:28+00:00 INFO Цена распродажи 300000 сохранена для вариации 32567 и продукта 32547
2022-02-22T17:19:28+00:00 INFO Цена распродажи 300000 сохранена для вариации 32568 и продукта 32547
2022-02-22T17:19:30+00:00 INFO Цена распродажи 300000 сохранена для вариации 32569 и продукта 32547
2022-02-22T17:21:23+00:00 INFO Цена распродажи 135000 сохранена для вариации 32428 и продукта 32420
2022-02-22T17:21:23+00:00 INFO Цена распродажи 135000 сохранена для вариации 32429 и продукта 32420
2022-02-22T17:21:24+00:00 INFO Цена распродажи 135000 сохранена для вариации 32430 и продукта 32420
2022-02-22T17:21:24+00:00 INFO Цена распродажи 135000 сохранена для вариации 32431 и продукта 32420
2022-02-22T17:21:24+00:00 INFO Цена распродажи 135000 сохранена для вариации 32432 и продукта 32420
2022-02-22T17:21:26+00:00 INFO Цена распродажи 130000 сохранена для вариации 32259 и продукта 32214
2022-02-22T17:21:26+00:00 INFO Цена распродажи 130000 сохранена для вариации 32260 и продукта 32214
2022-02-22T17:21:26+00:00 INFO Цена распродажи 130000 сохранена для вариации 32261 и продукта 32214
2022-02-22T17:21:27+00:00 INFO Цена распродажи 130000 сохранена для вариации 32262 и продукта 32214
2022-02-22T17:21:27+00:00 INFO Цена распродажи 130000 сохранена для вариации 32263 и продукта 32214
2022-02-22T17:21:28+00:00 INFO Цена распродажи 130000 сохранена для вариации 32264 и продукта 32215
2022-02-22T17:21:28+00:00 INFO Цена распродажи 130000 сохранена для вариации 32265 и продукта 32215
2022-02-22T17:21:29+00:00 INFO Цена распродажи 130000 сохранена для вариации 32266 и продукта 32215
2022-02-22T17:21:29+00:00 INFO Цена распродажи 130000 сохранена для вариации 32267 и продукта 32215
2022-02-22T17:21:29+00:00 INFO Цена распродажи 130000 сохранена для вариации 32268 и продукта 32215
2022-02-22T17:26:47+00:00 INFO Цена распродажи 300000 сохранена для вариации 32580 и продукта 32549
2022-02-22T17:26:47+00:00 INFO Цена распродажи 300000 сохранена для вариации 32581 и продукта 32549
2022-02-22T17:26:47+00:00 INFO Цена распродажи 300000 сохранена для вариации 32582 и продукта 32549
2022-02-22T17:26:47+00:00 INFO Цена распродажи 300000 сохранена для вариации 32583 и продукта 32549
2022-02-22T17:26:48+00:00 INFO Цена распродажи 300000 сохранена для вариации 32584 и продукта 32549
2022-02-22T17:26:48+00:00 INFO Цена распродажи 300000 сохранена для вариации 32585 и продукта 32549
2022-02-22T17:26:48+00:00 INFO Цена распродажи 300000 сохранена для вариации 32586 и продукта 32549
2022-02-22T17:28:46+00:00 INFO Цена распродажи 300000 сохранена для вариации 32587 и продукта 32549
2022-02-22T17:28:46+00:00 INFO Цена распродажи 300000 сохранена для вариации 32588 и продукта 32549
2022-02-22T17:28:48+00:00 INFO Цена распродажи 300000 сохранена для вариации 32589 и продукта 32549
2022-02-22T17:28:51+00:00 INFO Цена распродажи 330000 сохранена для вариации 32284 и продукта 32219
2022-02-22T17:28:51+00:00 INFO Цена распродажи 330000 сохранена для вариации 32285 и продукта 32219
2022-02-22T17:28:51+00:00 INFO Цена распродажи 330000 сохранена для вариации 32286 и продукта 32219
2022-02-22T17:28:51+00:00 INFO Цена распродажи 330000 сохранена для вариации 32287 и продукта 32219
2022-02-22T17:28:51+00:00 INFO Цена распродажи 330000 сохранена для вариации 32288 и продукта 32219
2022-02-22T17:28:52+00:00 INFO Цена распродажи 170000 сохранена для вариации 32289 и продукта 32220
2022-02-22T17:28:52+00:00 INFO Цена распродажи 170000 сохранена для вариации 32290 и продукта 32220
2022-02-22T17:28:52+00:00 INFO Цена распродажи 170000 сохранена для вариации 32291 и продукта 32220
2022-02-22T17:28:52+00:00 INFO Цена распродажи 170000 сохранена для вариации 32292 и продукта 32220
2022-02-22T17:28:52+00:00 INFO Цена распродажи 170000 сохранена для вариации 32293 и продукта 32220
2022-02-22T17:28:57+00:00 INFO Цена распродажи 330000 сохранена для вариации 32294 и продукта 32221
2022-02-22T17:28:58+00:00 INFO Цена распродажи 330000 сохранена для вариации 32295 и продукта 32221
2022-02-22T17:30:43+00:00 INFO Цена распродажи 330000 сохранена для вариации 32296 и продукта 32221
2022-02-22T17:30:44+00:00 INFO Цена распродажи 330000 сохранена для вариации 32297 и продукта 32221
2022-02-22T17:30:44+00:00 INFO Цена распродажи 330000 сохранена для вариации 32298 и продукта 32221
2022-02-22T17:30:46+00:00 INFO Цена распродажи 55000 сохранена для вариации 32798 и продукта 32729
2022-02-22T17:30:46+00:00 INFO Цена распродажи 55000 сохранена для вариации 32799 и продукта 32729
2022-02-22T17:30:46+00:00 INFO Цена распродажи 55000 сохранена для вариации 32800 и продукта 32729
2022-02-22T17:30:46+00:00 INFO Цена распродажи 55000 сохранена для вариации 32801 и продукта 32729
2022-02-22T17:32:48+00:00 INFO Цена распродажи 330000 сохранена для вариации 32304 и продукта 32224
2022-02-22T17:32:48+00:00 INFO Цена распродажи 330000 сохранена для вариации 32305 и продукта 32224
2022-02-22T17:32:48+00:00 INFO Цена распродажи 330000 сохранена для вариации 32306 и продукта 32224
2022-02-22T17:32:49+00:00 INFO Цена распродажи 330000 сохранена для вариации 32307 и продукта 32224
2022-02-22T17:32:49+00:00 INFO Цена распродажи 330000 сохранена для вариации 32308 и продукта 32224
2022-02-22T17:32:49+00:00 INFO Цена распродажи 300000 сохранена для вариации 32309 и продукта 32225
2022-02-22T17:32:49+00:00 INFO Цена распродажи 300000 сохранена для вариации 32310 и продукта 32225
2022-02-22T17:32:50+00:00 INFO Цена распродажи 300000 сохранена для вариации 32311 и продукта 32225
2022-02-22T17:32:50+00:00 INFO Цена распродажи 300000 сохранена для вариации 32312 и продукта 32225
2022-02-22T17:32:50+00:00 INFO Цена распродажи 300000 сохранена для вариации 32313 и продукта 32225
2022-02-22T17:32:50+00:00 INFO Цена распродажи 170000 сохранена для вариации 32314 и продукта 32226
2022-02-22T17:32:50+00:00 INFO Цена распродажи 170000 сохранена для вариации 32315 и продукта 32226
2022-02-22T17:32:51+00:00 INFO Цена распродажи 170000 сохранена для вариации 32316 и продукта 32226
2022-02-22T17:32:51+00:00 INFO Цена распродажи 170000 сохранена для вариации 32317 и продукта 32226
2022-02-22T17:34:23+00:00 INFO Цена распродажи 170000 сохранена для вариации 32318 и продукта 32226
2022-02-22T17:34:24+00:00 INFO Цена распродажи 130000 сохранена для вариации 32322 и продукта 32228
2022-02-22T17:34:24+00:00 INFO Цена распродажи 130000 сохранена для вариации 32323 и продукта 32228
2022-02-22T17:34:25+00:00 INFO Цена распродажи 130000 сохранена для вариации 32324 и продукта 32228
2022-02-22T17:34:25+00:00 INFO Цена распродажи 130000 сохранена для вариации 32325 и продукта 32228
2022-02-22T17:34:25+00:00 INFO Цена распродажи 130000 сохранена для вариации 32326 и продукта 32228
2022-02-22T17:34:26+00:00 INFO Цена распродажи 300000 сохранена для вариации 33094 и продукта 33079
2022-02-22T17:34:26+00:00 INFO Цена распродажи 300000 сохранена для вариации 33095 и продукта 33079
2022-02-22T17:34:27+00:00 INFO Цена распродажи 300000 сохранена для вариации 33096 и продукта 33079
2022-02-22T17:34:27+00:00 INFO Цена распродажи 300000 сохранена для вариации 33097 и продукта 33079
2022-02-22T17:34:28+00:00 INFO Цена распродажи 300000 сохранена для вариации 33098 и продукта 33079
2022-02-22T17:34:28+00:00 INFO Цена распродажи 300000 сохранена для вариации 33099 и продукта 33079
2022-02-22T17:34:28+00:00 INFO Цена распродажи 300000 сохранена для вариации 33100 и продукта 33079
2022-02-22T17:34:29+00:00 INFO Цена распродажи 300000 сохранена для вариации 33101 и продукта 33079
2022-02-22T17:34:29+00:00 INFO Цена распродажи 300000 сохранена для вариации 33102 и продукта 33079
2022-02-22T17:34:30+00:00 INFO Цена распродажи 300000 сохранена для вариации 33103 и продукта 33079
2022-02-22T17:38:02+00:00 INFO Цена распродажи 135000 сохранена для вариации 32442 и продукта 32423
2022-02-22T17:38:02+00:00 INFO Цена распродажи 135000 сохранена для вариации 32443 и продукта 32423
2022-02-22T17:38:03+00:00 INFO Цена распродажи 135000 сохранена для вариации 32444 и продукта 32423
2022-02-22T17:38:03+00:00 INFO Цена распродажи 135000 сохранена для вариации 32445 и продукта 32423
2022-02-22T17:38:03+00:00 INFO Цена распродажи 135000 сохранена для вариации 32446 и продукта 32423
2022-02-22T17:38:04+00:00 INFO Цена распродажи 300000 сохранена для вариации 32773 и продукта 32232
2022-02-22T17:38:04+00:00 INFO Цена распродажи 300000 сохранена для вариации 32774 и продукта 32232
2022-02-22T17:38:05+00:00 INFO Цена распродажи 300000 сохранена для вариации 32775 и продукта 32232
2022-02-22T17:38:05+00:00 INFO Цена распродажи 300000 сохранена для вариации 32776 и продукта 32232
2022-02-22T17:38:05+00:00 INFO Цена распродажи 300000 сохранена для вариации 32334 и продукта 32232
2022-02-22T17:38:05+00:00 INFO Цена распродажи 300000 сохранена для вариации 32335 и продукта 32232
2022-02-22T17:38:06+00:00 INFO Цена распродажи 300000 сохранена для вариации 32336 и продукта 32232
2022-02-22T17:38:06+00:00 INFO Цена распродажи 300000 сохранена для вариации 32337 и продукта 32232
2022-02-22T17:38:07+00:00 INFO Цена распродажи 300000 сохранена для вариации 32338 и продукта 32232
2022-02-22T17:38:07+00:00 INFO Цена распродажи 300000 сохранена для вариации 32777 и продукта 32232
2022-02-22T17:40:04+00:00 INFO Цена распродажи 300000 сохранена для вариации 33104 и продукта 33080
2022-02-22T17:40:04+00:00 INFO Цена распродажи 300000 сохранена для вариации 33105 и продукта 33080
2022-02-22T17:40:04+00:00 INFO Цена распродажи 300000 сохранена для вариации 33106 и продукта 33080
2022-02-22T17:40:05+00:00 INFO Цена распродажи 300000 сохранена для вариации 33107 и продукта 33080
2022-02-22T17:40:06+00:00 INFO Цена распродажи 300000 сохранена для вариации 33108 и продукта 33080
2022-02-22T17:40:06+00:00 INFO Цена распродажи 300000 сохранена для вариации 33109 и продукта 33080
2022-02-22T17:40:07+00:00 INFO Цена распродажи 300000 сохранена для вариации 33110 и продукта 33080
2022-02-22T17:40:07+00:00 INFO Цена распродажи 300000 сохранена для вариации 33111 и продукта 33080
2022-02-22T17:40:07+00:00 INFO Цена распродажи 300000 сохранена для вариации 33112 и продукта 33080
2022-02-22T17:40:08+00:00 INFO Цена распродажи 300000 сохранена для вариации 33113 и продукта 33080
2022-02-22T17:40:26+00:00 INFO Цена распродажи 330000 сохранена для вариации 32344 и продукта 32235
2022-02-22T17:40:26+00:00 INFO Цена распродажи 330000 сохранена для вариации 32345 и продукта 32235
2022-02-22T17:40:26+00:00 INFO Цена распродажи 330000 сохранена для вариации 32346 и продукта 32235
2022-02-22T17:40:26+00:00 INFO Цена распродажи 330000 сохранена для вариации 32347 и продукта 32235
2022-02-22T17:40:27+00:00 INFO Цена распродажи 330000 сохранена для вариации 32348 и продукта 32235
2022-02-22T17:42:12+00:00 INFO Цена распродажи 130000 сохранена для вариации 32349 и продукта 32236
2022-02-22T17:42:12+00:00 INFO Цена распродажи 130000 сохранена для вариации 32350 и продукта 32236
2022-02-22T17:42:12+00:00 INFO Цена распродажи 130000 сохранена для вариации 32351 и продукта 32236
2022-02-22T17:42:12+00:00 INFO Цена распродажи 130000 сохранена для вариации 32352 и продукта 32236
2022-02-22T17:42:13+00:00 INFO Цена распродажи 130000 сохранена для вариации 32353 и продукта 32236
2022-02-22T17:44:10+00:00 INFO Цена распродажи 180000 сохранена для вариации 32364 и продукта 32239
2022-02-22T17:44:10+00:00 INFO Цена распродажи 180000 сохранена для вариации 32365 и продукта 32239
2022-02-22T17:44:11+00:00 INFO Цена распродажи 180000 сохранена для вариации 32366 и продукта 32239
2022-02-22T17:44:11+00:00 INFO Цена распродажи 180000 сохранена для вариации 32367 и продукта 32239
2022-02-22T17:44:11+00:00 INFO Цена распродажи 180000 сохранена для вариации 32368 и продукта 32239
2022-02-22T17:44:11+00:00 INFO Цена распродажи 130000 сохранена для вариации 32949 и продукта 32898
2022-02-22T17:44:11+00:00 INFO Цена распродажи 130000 сохранена для вариации 32950 и продукта 32898
2022-02-22T17:44:12+00:00 INFO Цена распродажи 130000 сохранена для вариации 32951 и продукта 32898
2022-02-22T17:44:12+00:00 INFO Цена распродажи 130000 сохранена для вариации 32952 и продукта 32898
2022-02-22T17:44:12+00:00 INFO Цена распродажи 130000 сохранена для вариации 32953 и продукта 32898
2022-02-22T17:46:11+00:00 INFO Цена распродажи 130000 сохранена для вариации 33053 и продукта 33052
2022-02-22T17:46:12+00:00 INFO Цена распродажи 130000 сохранена для вариации 33054 и продукта 33052
2022-02-22T17:46:12+00:00 INFO Цена распродажи 130000 сохранена для вариации 33055 и продукта 33052
2022-02-22T17:46:12+00:00 INFO Цена распродажи 130000 сохранена для вариации 33056 и продукта 33052
2022-02-22T17:46:13+00:00 INFO Цена распродажи 130000 сохранена для вариации 33057 и продукта 33052
2022-02-22T17:46:13+00:00 INFO Цена распродажи 130000 сохранена для вариации 33058 и продукта 33052
2022-02-22T17:46:13+00:00 INFO Цена распродажи 130000 сохранена для вариации 33059 и продукта 33052
2022-02-22T17:46:14+00:00 INFO Цена распродажи 130000 сохранена для вариации 33060 и продукта 33052
2022-02-22T17:46:14+00:00 INFO Цена распродажи 130000 сохранена для вариации 33061 и продукта 33052
2022-02-22T17:46:15+00:00 INFO Цена распродажи 130000 сохранена для вариации 33062 и продукта 33052
2022-02-22T17:48:00+00:00 INFO Цена распродажи 330000 сохранена для вариации 32374 и продукта 32241
2022-02-22T17:48:01+00:00 INFO Цена распродажи 330000 сохранена для вариации 32375 и продукта 32241
2022-02-22T17:48:01+00:00 INFO Цена распродажи 330000 сохранена для вариации 32376 и продукта 32241
2022-02-22T17:48:01+00:00 INFO Цена распродажи 330000 сохранена для вариации 32377 и продукта 32241
2022-02-22T17:48:01+00:00 INFO Цена распродажи 330000 сохранена для вариации 32378 и продукта 32241
2022-02-22T17:48:03+00:00 INFO Цена распродажи 160000 сохранена для вариации 32677 и продукта 32564
2022-02-22T17:48:03+00:00 INFO Цена распродажи 160000 сохранена для вариации 32678 и продукта 32564
2022-02-22T17:48:03+00:00 INFO Цена распродажи 160000 сохранена для вариации 32679 и продукта 32564
2022-02-22T17:48:04+00:00 INFO Цена распродажи 160000 сохранена для вариации 32680 и продукта 32564
2022-02-22T17:48:04+00:00 INFO Цена распродажи 160000 сохранена для вариации 32681 и продукта 32564
2022-02-22T17:48:04+00:00 INFO Цена распродажи 130000 сохранена для вариации 32460 и продукта 32427
2022-02-22T17:48:04+00:00 INFO Цена распродажи 130000 сохранена для вариации 32461 и продукта 32427
2022-02-22T17:48:05+00:00 INFO Цена распродажи 130000 сохранена для вариации 32462 и продукта 32427
2022-02-22T17:48:05+00:00 INFO Цена распродажи 130000 сохранена для вариации 32463 и продукта 32427
2022-02-22T17:48:05+00:00 INFO Цена распродажи 130000 сохранена для вариации 32464 и продукта 32427
