2022-03-02T01:34:18+00:00 INFO Отправлен запрос https://online.moysklad.ru/api/remap/1.2/entity/product?offset=40&limit=20
2022-03-02T01:34:18+00:00 INFO Продукт: Свитшот "New Year Tree" (36476) сохранен
2022-03-02T01:34:18+00:00 INFO Продукт: Свитшот "INFINITY KIDS" (36477) сохранен
2022-03-02T01:34:18+00:00 INFO Продукт: Костюм двойка"ICONS" (36251) сохранен
2022-03-02T01:34:18+00:00 INFO Продукт: Термостакан"ICONS" (36252) сохранен
2022-03-02T01:34:19+00:00 INFO Продукт: Футболка белая "CLICK" HR (36478) сохранен
2022-03-02T01:34:19+00:00 INFO Продукт: Свитшот "PANDA Kids" (36679) сохранен
2022-03-02T01:34:19+00:00 INFO Продукт: Костюм двойка "Casual" (36769) сохранен
2022-03-02T01:34:19+00:00 INFO Продукт: Футболка с принтом "CLICKOВЕЦ" (36533) сохранен
2022-03-02T01:34:19+00:00 INFO Продукт: Футболка "SQUARE" (36253) сохранен
2022-03-02T01:34:20+00:00 INFO Продукт: Худи "CLICKY Women" (36681) сохранен
2022-03-02T01:34:20+00:00 INFO Продукт: Костюм двойка "RED" (36254) сохранен
2022-03-02T01:34:20+00:00 INFO Продукт: Чехол для телефона "ICONS" (36771) сохранен
2022-03-02T01:34:20+00:00 INFO Продукт: Шоппер (36534) сохранен
2022-03-02T01:34:21+00:00 INFO Продукт: Свитшот"BORDERLESS" (36255) сохранен
2022-03-02T01:34:21+00:00 INFO Продукт: Футболка "Rectangle" (36256) сохранен
2022-03-02T01:34:21+00:00 INFO Продукт: Футболка с принтом "РАХМАТ" (36535) сохранен
2022-03-02T01:34:21+00:00 INFO Продукт: Футболка спринтом "CLICKCHI" (36536) сохранен
2022-03-02T01:34:21+00:00 INFO Продукт: Свитшот "IN CLICK WE TRUST" (36257) сохранен
2022-03-02T01:34:22+00:00 INFO Продукт: Свитшот "ROMB MAN" (36683) сохранен
2022-03-02T01:34:22+00:00 INFO Продукт: Футболка(без принта, тёмно-синяя) HR (36479) сохранен
2022-03-02T01:34:37+00:00 INFO Отправлен запрос https://online.moysklad.ru/api/remap/1.2/entity/product?offset=60&limit=20
2022-03-02T01:34:37+00:00 INFO Продукт: Футболка "YELLOW" (36258) сохранен
2022-03-02T01:34:37+00:00 INFO Продукт: Свитшот "HEART" (36755) сохранен
2022-03-02T01:34:37+00:00 INFO Продукт: Костюм двойка "GREY" (36259) сохранен
2022-03-02T01:34:38+00:00 INFO Продукт: Футболка"ABSTRACTION" (36260) сохранен
2022-03-02T01:34:38+00:00 INFO Продукт: Термостакан"CLICK" (36272) сохранен
2022-03-02T01:34:38+00:00 INFO Продукт: Мокнек "Flowers" (36537) сохранен
2022-03-02T01:34:38+00:00 INFO Продукт: Свитшот "ROMB Woman" (36480) сохранен
2022-03-02T01:34:52+00:00 INFO Отправлен запрос https://online.moysklad.ru/api/remap/1.2/entity/product?offset=67&limit=20
2022-03-02T01:34:53+00:00 INFO Основной обработчик продуктов завершил работу: 2022-03-02 01:34:53
2022-03-02T04:23:37+00:00 INFO Продукт: Костюм двойка "BEIGE" (36232) сохранен
2022-03-02T04:23:37+00:00 INFO Продукт: Костюм двойка "BEIGE" (36232) сохранен
2022-03-02T08:01:55+00:00 INFO Продукт: Костюм двойка "Birdie" (36516) сохранен
2022-03-02T08:01:55+00:00 INFO Продукт: Костюм двойка "Birdie" (36516) сохранен
2022-03-02T08:03:16+00:00 INFO Продукт: Костюм двойка "Birdie" (36516) сохранен
2022-03-02T08:03:17+00:00 INFO Продукт: Костюм двойка "Birdie" (36516) сохранен
