2022-01-31T19:11:30+00:00 INFO Старт основного волкера: 20220131191130
2022-01-31T19:11:30+00:00 INFO Отправлен запрос https://online.moysklad.ru/api/remap/1.1/entity/assortment?offset=0&limit=20&scope=product
2022-01-31T19:11:30+00:00 INFO Продукт: Свитшот "ROMB BOY" (32887) сохранен
2022-01-31T19:11:30+00:00 INFO Продукт: Свитшот "PANDA" (32888) сохранен
2022-01-31T19:11:30+00:00 INFO Продукт: Свитшот "INFINITI Man" (32211) сохранен
2022-01-31T19:11:30+00:00 INFO Продукт: Костюм двойка "BEIGE" (32212) сохранен
2022-01-31T19:11:30+00:00 INFO Продукт: Smart Trunk (32889) сохранен
2022-01-31T19:11:30+00:00 INFO Продукт: Костюм двойка "Birdie" (32547) сохранен
2022-01-31T19:11:30+00:00 INFO Продукт: Свитшот "Snowflake" (32420) сохранен
2022-01-31T19:11:30+00:00 INFO Продукт: Футболка "Squid Game" (32213) сохранен
2022-01-31T19:11:30+00:00 INFO Продукт: Свитшот "CLICK 2" (32214) сохранен
2022-01-31T19:11:30+00:00 INFO Продукт: Футболка"ROBOCLICK" (32421) сохранен
2022-01-31T19:11:30+00:00 INFO Продукт: Свитшот "CLICK CLASSIC" (32215) сохранен
2022-01-31T19:11:30+00:00 INFO Продукт: Футболка "CLICK Classic" (32216) сохранен
2022-01-31T19:11:30+00:00 INFO Продукт: Футболка с принтом "РАХМАТ" (32548) сохранен
2022-01-31T19:11:30+00:00 INFO Продукт: Футболка "NAVY BLUE" (32217) сохранен
2022-01-31T19:11:30+00:00 INFO Продукт: Костюм двойка "CLICKY FLOWER" (32549) сохранен
2022-01-31T19:11:30+00:00 INFO Продукт: Футболка "CLICK UP" (32218) сохранен
2022-01-31T19:11:30+00:00 INFO Продукт: Костюм двойка "BLACK" (32219) сохранен
2022-01-31T19:11:30+00:00 INFO Продукт: Худи "CLICK" (32220) сохранен
2022-01-31T19:11:30+00:00 INFO Продукт: Свитшот "WHITE HEART" (32890) сохранен
2022-01-31T19:11:30+00:00 INFO Продукт: Костюм двойка"NAVY BLUE" (32221) сохранен
2022-01-31T19:11:35+00:00 INFO Отправлен запрос https://online.moysklad.ru/api/remap/1.1/entity/assortment?offset=20&limit=20&scope=product
2022-01-31T19:11:35+00:00 INFO Продукт: Рюкзак "CANDY" (32550) сохранен
2022-01-31T19:11:35+00:00 INFO Продукт: Шапка "CLICK" (32729) сохранен
2022-01-31T19:11:35+00:00 INFO Продукт: Термостакан"MATTE" (32223) сохранен
2022-01-31T19:11:35+00:00 INFO Продукт: Футболка "FLOWERS" (32891) сохранен
2022-01-31T19:11:35+00:00 INFO Продукт: Костюм двойка "Casual Bling" с манжетом (тёмн. принт) (32892) сохранен
2022-01-31T19:11:35+00:00 INFO Продукт: Футболка с принтом "ДАЙКЕШ" (32551) сохранен
2022-01-31T19:11:35+00:00 INFO Продукт: Костюм двойка "gray-black" (32224) сохранен
2022-01-31T19:11:35+00:00 INFO Продукт: Костюм  двойка "CLICKY Women" (32225) сохранен
2022-01-31T19:11:35+00:00 INFO Продукт: Худи "SPORTY" (32226) сохранен
2022-01-31T19:11:35+00:00 INFO Продукт: USB шнур (32227) сохранен
2022-01-31T19:11:35+00:00 INFO Продукт: Свитшот "CASHBASKBUSTERS" (32228) сохранен
2022-01-31T19:11:35+00:00 INFO Продукт: Сумка для ноутбука (32229) сохранен
2022-01-31T19:11:35+00:00 INFO Продукт: Термостакан"ICONS"DARK (32230) сохранен
2022-01-31T19:11:35+00:00 INFO Продукт: Рюкзак "CANDY" ромб (32552) сохранен
2022-01-31T19:11:35+00:00 INFO Продукт: Футболка "CHIP" (33007) сохранен
2022-01-31T19:11:35+00:00 INFO Продукт: Рюкзак "CLICK" (32553) сохранен
2022-01-31T19:11:35+00:00 INFO Продукт: Футболка "White CLICK" (32231) сохранен
2022-01-31T19:11:35+00:00 INFO Продукт: Свитшот "ROMB Girl" (32554) сохранен
2022-01-31T19:11:35+00:00 INFO Продукт: Футболка с принтом"NAQDBER" (32555) сохранен
2022-01-31T19:11:35+00:00 INFO Продукт: Свитшот "New Year Tree" (32423) сохранен
2022-01-31T19:13:25+00:00 INFO Отправлен запрос https://online.moysklad.ru/api/remap/1.1/entity/assortment?offset=40&limit=20&scope=product
2022-01-31T19:13:25+00:00 INFO Продукт: Свитшот "INFINITY KIDS" (32424) сохранен
2022-01-31T19:13:25+00:00 INFO Продукт: Костюм двойка"ICONS" (32232) сохранен
2022-01-31T19:13:25+00:00 INFO Продукт: Термостакан"ICONS" (32233) сохранен
2022-01-31T19:13:25+00:00 INFO Продукт: Футболка белая "CLICK" HR (32425) сохранен
2022-01-31T19:13:25+00:00 INFO Продукт: Свитшот "PANDA Kids" (32893) сохранен
2022-01-31T19:13:25+00:00 INFO Продукт: Футболка с принтом "РАХМАТ"(тёмно-синий) (32894) сохранен
2022-01-31T19:13:25+00:00 INFO Продукт: Футболка с принтом "CLICKOВЕЦ" (32557) сохранен
2022-01-31T19:13:25+00:00 INFO Продукт: Футболка "SQUARE" (32234) сохранен
2022-01-31T19:13:25+00:00 INFO Продукт: Худи "CLICKY Women" (32895) сохранен
2022-01-31T19:13:25+00:00 INFO Продукт: Свитшот "RED HEART" (32896) сохранен
2022-01-31T19:13:25+00:00 INFO Продукт: Костюм двойка "RED" (32235) сохранен
2022-01-31T19:13:25+00:00 INFO Продукт: Костюм двойка "Casual Bling" с манжетом (свет. принт) (32897) сохранен
2022-01-31T19:13:25+00:00 INFO Продукт: Шоппер (32560) сохранен
2022-01-31T19:13:25+00:00 INFO Продукт: Свитшот"BORDERLESS" (32236) сохранен
2022-01-31T19:13:25+00:00 INFO Продукт: Футболка "Rectangle" (32237) сохранен
2022-01-31T19:13:25+00:00 INFO Продукт: Футболка с принтом "РАХМАТ" (32562) сохранен
2022-01-31T19:13:25+00:00 INFO Продукт: Футболка спринтом "CLICKCHI" (32563) сохранен
2022-01-31T19:13:25+00:00 INFO Продукт: Свитшот "IN CLICK WE TRUST" (32239) сохранен
2022-01-31T19:13:25+00:00 INFO Продукт: Свитшот "ROMB MAN" (32898) сохранен
2022-01-31T19:13:25+00:00 INFO Продукт: Футболка(без принта, тёмно-синяя) HR (32426) сохранен
2022-01-31T19:13:37+00:00 INFO Отправлен запрос https://online.moysklad.ru/api/remap/1.1/entity/assortment?offset=60&limit=20&scope=product
2022-01-31T19:13:37+00:00 INFO Продукт: Футболка "YELLOW" (32240) сохранен
2022-01-31T19:13:37+00:00 INFO Продукт: Костюм двойка "Casual Bling" без манжета ( свет. принт) (32899) сохранен
2022-01-31T19:13:37+00:00 INFO Продукт: Костюм двойка "Casual Bling" без манжета ( тёмн. принт) (32900) сохранен
2022-01-31T19:13:37+00:00 INFO Продукт: Костюм двойка "GRAY" (32241) сохранен
2022-01-31T19:13:37+00:00 INFO Продукт: Футболка"ABSTRACTION" (32242) сохранен
2022-01-31T19:13:37+00:00 INFO Продукт: Термостакан"CLICK" (32243) сохранен
2022-01-31T19:13:37+00:00 INFO Продукт: Мокнек "Flowers" (32564) сохранен
2022-01-31T19:13:37+00:00 INFO Продукт: Свитшот "ROMB Woman" (32427) сохранен
2022-01-31T19:14:36+00:00 INFO Отправлен запрос https://online.moysklad.ru/api/remap/1.1/entity/assortment?offset=68&limit=20&scope=product
