2022-02-20T01:59:38+00:00 INFO Сохранены атрибуты для продукта: Худи "SPORTY" (32226): Array ( [pa_size] => WC_Product_Attribute Object ( [data:protected] => Array ( [id] => 8 [name] => pa_size [options] => Array ( [0] => S [1] => M [2] => L [3] => XL [4] => XXL ) [position] => 0 [visible] => [variation] => 1 ) ) )
2022-02-20T01:59:38+00:00 INFO Цена 290000 сохранена (для вариации 32314 продукта 32226)
2022-02-20T01:59:38+00:00 INFO Сохранены атрибуты для вариации 32314 (продукт: 32226): Array ( [pa_size] => l )
2022-02-20T01:59:39+00:00 INFO Сохранена вариация: Худи "SPORTY" - L (32314), для продукта Худи "SPORTY" (32226)
2022-02-20T01:59:39+00:00 INFO Сохранены атрибуты для продукта: Худи "SPORTY" (32226): Array ( [pa_size] => WC_Product_Attribute Object ( [data:protected] => Array ( [id] => 8 [name] => pa_size [options] => Array ( [0] => S [1] => M [2] => L [3] => XL [4] => XXL ) [position] => 0 [visible] => [variation] => 1 ) ) )
2022-02-20T01:59:39+00:00 INFO Цена 290000 сохранена (для вариации 32315 продукта 32226)
2022-02-20T01:59:39+00:00 INFO Сохранены атрибуты для вариации 32315 (продукт: 32226): Array ( [pa_size] => m )
2022-02-20T01:59:39+00:00 INFO Сохранена вариация: Худи "SPORTY" - M (32315), для продукта Худи "SPORTY" (32226)
2022-02-20T01:59:39+00:00 INFO Сохранены атрибуты для продукта: Худи "SPORTY" (32226): Array ( [pa_size] => WC_Product_Attribute Object ( [data:protected] => Array ( [id] => 8 [name] => pa_size [options] => Array ( [0] => S [1] => M [2] => L [3] => XL [4] => XXL ) [position] => 0 [visible] => [variation] => 1 ) ) )
2022-02-20T01:59:39+00:00 INFO Цена 290000 сохранена (для вариации 32316 продукта 32226)
2022-02-20T01:59:39+00:00 INFO Сохранены атрибуты для вариации 32316 (продукт: 32226): Array ( [pa_size] => s )
2022-02-20T01:59:40+00:00 INFO Сохранена вариация: Худи "SPORTY" - S (32316), для продукта Худи "SPORTY" (32226)
2022-02-20T01:59:40+00:00 INFO Сохранены атрибуты для продукта: Худи "SPORTY" (32226): Array ( [pa_size] => WC_Product_Attribute Object ( [data:protected] => Array ( [id] => 8 [name] => pa_size [options] => Array ( [0] => S [1] => M [2] => L [3] => XL [4] => XXL ) [position] => 0 [visible] => [variation] => 1 ) ) )
2022-02-20T01:59:40+00:00 INFO Цена 290000 сохранена (для вариации 32317 продукта 32226)
2022-02-20T01:59:40+00:00 INFO Сохранены атрибуты для вариации 32317 (продукт: 32226): Array ( [pa_size] => xl )
2022-02-20T01:59:40+00:00 INFO Сохранена вариация: Худи "SPORTY" - XL (32317), для продукта Худи "SPORTY" (32226)
2022-02-20T01:59:40+00:00 INFO Сохранены атрибуты для продукта: Худи "SPORTY" (32226): Array ( [pa_size] => WC_Product_Attribute Object ( [data:protected] => Array ( [id] => 8 [name] => pa_size [options] => Array ( [0] => S [1] => M [2] => L [3] => XL [4] => XXL ) [position] => 0 [visible] => [variation] => 1 ) ) )
2022-02-20T01:59:40+00:00 INFO Цена 290000 сохранена (для вариации 32318 продукта 32226)
2022-02-20T01:59:40+00:00 INFO Сохранены атрибуты для вариации 32318 (продукт: 32226): Array ( [pa_size] => xxl )
2022-02-20T01:59:41+00:00 INFO Сохранена вариация: Худи "SPORTY" - XXL (32318), для продукта Худи "SPORTY" (32226)
2022-02-20T02:37:07+00:00 INFO Сохранены атрибуты для продукта: Свитшот "ROMB MAN" (32898): Array ( [pa_size] => WC_Product_Attribute Object ( [data:protected] => Array ( [id] => 8 [name] => pa_size [options] => Array ( [0] => S [1] => M [2] => L [3] => XL [4] => XXL ) [position] => 0 [visible] => [variation] => 1 ) ) )
2022-02-20T02:37:07+00:00 INFO Цена 220000 сохранена (для вариации 32949 продукта 32898)
2022-02-20T02:37:07+00:00 INFO Сохранены атрибуты для вариации 32949 (продукт: 32898): Array ( [pa_size] => l )
2022-02-20T02:37:07+00:00 INFO Сохранена вариация: Свитшот "ROMB MAN" - L (32949), для продукта Свитшот "ROMB MAN" (32898)
2022-02-20T02:37:07+00:00 INFO Сохранены атрибуты для продукта: Свитшот "ROMB MAN" (32898): Array ( [pa_size] => WC_Product_Attribute Object ( [data:protected] => Array ( [id] => 8 [name] => pa_size [options] => Array ( [0] => S [1] => M [2] => L [3] => XL [4] => XXL ) [position] => 0 [visible] => [variation] => 1 ) ) )
2022-02-20T02:37:07+00:00 INFO Цена 220000 сохранена (для вариации 32950 продукта 32898)
2022-02-20T02:37:07+00:00 INFO Сохранены атрибуты для вариации 32950 (продукт: 32898): Array ( [pa_size] => m )
2022-02-20T02:37:08+00:00 INFO Сохранена вариация: Свитшот "ROMB MAN" - M (32950), для продукта Свитшот "ROMB MAN" (32898)
2022-02-20T02:37:08+00:00 INFO Сохранены атрибуты для продукта: Свитшот "ROMB MAN" (32898): Array ( [pa_size] => WC_Product_Attribute Object ( [data:protected] => Array ( [id] => 8 [name] => pa_size [options] => Array ( [0] => S [1] => M [2] => L [3] => XL [4] => XXL ) [position] => 0 [visible] => [variation] => 1 ) ) )
2022-02-20T02:37:08+00:00 INFO Цена 220000 сохранена (для вариации 32951 продукта 32898)
2022-02-20T02:37:08+00:00 INFO Сохранены атрибуты для вариации 32951 (продукт: 32898): Array ( [pa_size] => s )
2022-02-20T02:37:08+00:00 INFO Сохранена вариация: Свитшот "ROMB MAN" - S (32951), для продукта Свитшот "ROMB MAN" (32898)
2022-02-20T02:37:08+00:00 INFO Сохранены атрибуты для продукта: Свитшот "ROMB MAN" (32898): Array ( [pa_size] => WC_Product_Attribute Object ( [data:protected] => Array ( [id] => 8 [name] => pa_size [options] => Array ( [0] => S [1] => M [2] => L [3] => XL [4] => XXL ) [position] => 0 [visible] => [variation] => 1 ) ) )
2022-02-20T02:37:08+00:00 INFO Цена 220000 сохранена (для вариации 32952 продукта 32898)
2022-02-20T02:37:08+00:00 INFO Сохранены атрибуты для вариации 32952 (продукт: 32898): Array ( [pa_size] => xl )
2022-02-20T02:37:09+00:00 INFO Сохранена вариация: Свитшот "ROMB MAN" - XL (32952), для продукта Свитшот "ROMB MAN" (32898)
2022-02-20T02:37:09+00:00 INFO Сохранены атрибуты для продукта: Свитшот "ROMB MAN" (32898): Array ( [pa_size] => WC_Product_Attribute Object ( [data:protected] => Array ( [id] => 8 [name] => pa_size [options] => Array ( [0] => S [1] => M [2] => L [3] => XL [4] => XXL ) [position] => 0 [visible] => [variation] => 1 ) ) )
2022-02-20T02:37:09+00:00 INFO Цена 220000 сохранена (для вариации 32953 продукта 32898)
2022-02-20T02:37:09+00:00 INFO Сохранены атрибуты для вариации 32953 (продукт: 32898): Array ( [pa_size] => xxl )
2022-02-20T02:37:10+00:00 INFO Сохранена вариация: Свитшот "ROMB MAN" - XXL (32953), для продукта Свитшот "ROMB MAN" (32898)
2022-02-20T02:40:06+00:00 INFO Сохранены атрибуты для продукта: Свитшот "ROMB Woman" (32427): Array ( [pa_size] => WC_Product_Attribute Object ( [data:protected] => Array ( [id] => 8 [name] => pa_size [options] => Array ( [0] => S [1] => M [2] => L [3] => XL [4] => XXL ) [position] => 0 [visible] => [variation] => 1 ) ) )
2022-02-20T02:40:06+00:00 INFO Цена 220000 сохранена (для вариации 32460 продукта 32427)
2022-02-20T02:40:06+00:00 INFO Сохранены атрибуты для вариации 32460 (продукт: 32427): Array ( [pa_size] => l )
2022-02-20T02:40:06+00:00 INFO Сохранена вариация: Свитшот "ROMB Woman" - L (32460), для продукта Свитшот "ROMB Woman" (32427)
2022-02-20T02:40:06+00:00 INFO Сохранены атрибуты для продукта: Свитшот "ROMB Woman" (32427): Array ( [pa_size] => WC_Product_Attribute Object ( [data:protected] => Array ( [id] => 8 [name] => pa_size [options] => Array ( [0] => S [1] => M [2] => L [3] => XL [4] => XXL ) [position] => 0 [visible] => [variation] => 1 ) ) )
2022-02-20T02:40:06+00:00 INFO Цена 220000 сохранена (для вариации 32461 продукта 32427)
2022-02-20T02:40:06+00:00 INFO Сохранены атрибуты для вариации 32461 (продукт: 32427): Array ( [pa_size] => m )
2022-02-20T02:40:07+00:00 INFO Сохранена вариация: Свитшот "ROMB Woman" - M (32461), для продукта Свитшот "ROMB Woman" (32427)
2022-02-20T02:40:07+00:00 INFO Сохранены атрибуты для продукта: Свитшот "ROMB Woman" (32427): Array ( [pa_size] => WC_Product_Attribute Object ( [data:protected] => Array ( [id] => 8 [name] => pa_size [options] => Array ( [0] => S [1] => M [2] => L [3] => XL [4] => XXL ) [position] => 0 [visible] => [variation] => 1 ) ) )
2022-02-20T02:40:07+00:00 INFO Цена 220000 сохранена (для вариации 32462 продукта 32427)
2022-02-20T02:40:07+00:00 INFO Сохранены атрибуты для вариации 32462 (продукт: 32427): Array ( [pa_size] => s )
2022-02-20T02:40:08+00:00 INFO Сохранена вариация: Свитшот "ROMB Woman" - S (32462), для продукта Свитшот "ROMB Woman" (32427)
2022-02-20T02:40:08+00:00 INFO Сохранены атрибуты для продукта: Свитшот "ROMB Woman" (32427): Array ( [pa_size] => WC_Product_Attribute Object ( [data:protected] => Array ( [id] => 8 [name] => pa_size [options] => Array ( [0] => S [1] => M [2] => L [3] => XL [4] => XXL ) [position] => 0 [visible] => [variation] => 1 ) ) )
2022-02-20T02:40:08+00:00 INFO Цена 220000 сохранена (для вариации 32463 продукта 32427)
2022-02-20T02:40:08+00:00 INFO Сохранены атрибуты для вариации 32463 (продукт: 32427): Array ( [pa_size] => xl )
2022-02-20T02:40:08+00:00 INFO Сохранена вариация: Свитшот "ROMB Woman" - XL (32463), для продукта Свитшот "ROMB Woman" (32427)
2022-02-20T02:40:08+00:00 INFO Сохранены атрибуты для продукта: Свитшот "ROMB Woman" (32427): Array ( [pa_size] => WC_Product_Attribute Object ( [data:protected] => Array ( [id] => 8 [name] => pa_size [options] => Array ( [0] => S [1] => M [2] => L [3] => XL [4] => XXL ) [position] => 0 [visible] => [variation] => 1 ) ) )
2022-02-20T02:40:08+00:00 INFO Цена 220000 сохранена (для вариации 32464 продукта 32427)
2022-02-20T02:40:08+00:00 INFO Сохранены атрибуты для вариации 32464 (продукт: 32427): Array ( [pa_size] => xxl )
2022-02-20T02:40:09+00:00 INFO Сохранена вариация: Свитшот "ROMB Woman" - XXL (32464), для продукта Свитшот "ROMB Woman" (32427)
