2022-02-26T16:05:02+00:00 INFO Цена распродажи 130000 сохранена для продукта Свитшот "INFINITY Man" (32211)
2022-02-26T16:05:05+00:00 INFO Цена распродажи 130000 сохранена для вариации 32244 и продукта 32211
2022-02-26T16:05:06+00:00 INFO Цена распродажи 130000 сохранена для вариации 33495 и продукта 33493
2022-02-26T16:05:08+00:00 INFO Цена распродажи 130000 сохранена для вариации 33496 и продукта 33493
2022-02-26T16:05:09+00:00 INFO Цена распродажи 130000 сохранена для вариации 33497 и продукта 33493
2022-02-26T16:05:11+00:00 INFO Цена распродажи 130000 сохранена для вариации 33498 и продукта 33493
2022-02-26T16:14:16+00:00 INFO Цена распродажи 130000 сохранена для продукта Свитшот "INFINITY Man" (32211)
2022-02-26T16:15:04+00:00 INFO Цена распродажи 130000 сохранена для вариации 32244 и продукта 32211
2022-02-26T16:15:04+00:00 INFO Цена распродажи 130000 сохранена для вариации 33495 и продукта 32211
2022-02-26T16:15:05+00:00 INFO Цена распродажи 130000 сохранена для вариации 33496 и продукта 32211
2022-02-26T16:15:05+00:00 INFO Цена распродажи 130000 сохранена для вариации 33497 и продукта 32211
2022-02-26T16:15:06+00:00 INFO Цена распродажи 130000 сохранена для вариации 33498 и продукта 32211
2022-02-26T18:30:57+00:00 INFO Цена распродажи 130000 сохранена для продукта Свитшот "INFINITI" (33521)
2022-02-26T18:30:58+00:00 INFO Цена распродажи 330000 сохранена для продукта Костюм двойка "BEIGE" (33522)
2022-02-26T18:31:00+00:00 INFO Цена распродажи 300000 сохранена для продукта Костюм двойка "Birdie" (33524)
2022-02-26T18:31:01+00:00 INFO Цена распродажи 130000 сохранена для продукта Свитшот "Snowflake" (33525)
2022-02-26T18:31:03+00:00 INFO Цена распродажи 130000 сохранена для продукта Свитшот "CLICK 2" (33527)
2022-02-26T18:31:05+00:00 INFO Цена распродажи 130000 сохранена для продукта Свитшот "CLICK CLASSIC" (33529)
2022-02-26T18:31:09+00:00 INFO Цена распродажи 300000 сохранена для продукта Костюм двойка "CLICKY FLOWER" (33533)
2022-02-26T18:31:12+00:00 INFO Цена распродажи 330000 сохранена для продукта Костюм двойка "BLACK" (33535)
2022-02-26T18:31:13+00:00 INFO Цена распродажи 170000 сохранена для продукта Худи "CLICK" (33536)
2022-02-26T18:31:15+00:00 INFO Цена распродажи 330000 сохранена для продукта Костюм двойка"NAVY BLUE" (33538)
2022-02-26T18:32:32+00:00 INFO Цена распродажи 55000 сохранена для продукта Шапка (33541)
2022-02-26T18:32:38+00:00 INFO Цена распродажи 330000 сохранена для продукта Костюм двойка "gray-black" (33546)
2022-02-26T18:32:39+00:00 INFO Цена распродажи 300000 сохранена для продукта Костюм  двойка "CLICKY Women" (33547)
2022-02-26T18:32:40+00:00 INFO Цена распродажи 170000 сохранена для продукта Худи "SPORTY" (33548)
2022-02-26T18:32:42+00:00 INFO Цена распродажи 130000 сохранена для продукта Свитшот "CASHBASKBUSTERS" (33550)
2022-02-26T18:32:46+00:00 INFO Цена распродажи 300000 сохранена для продукта Костюм двойка "Casual Bling" без манжета (33553)
2022-02-26T18:33:39+00:00 INFO Цена распродажи 130000 сохранена для продукта Свитшот "New Year Tree" (33561)
2022-02-26T18:33:41+00:00 INFO Цена распродажи 300000 сохранена для продукта Костюм двойка"ICONS" (33563)
2022-02-26T18:33:46+00:00 INFO Цена распродажи 300000 сохранена для продукта Костюм двойка "Casual Bling" с манжетом (33567)
2022-02-26T18:33:53+00:00 INFO Цена распродажи 330000 сохранена для продукта Костюм двойка "RED" (33573)
2022-02-26T18:33:58+00:00 INFO Цена распродажи 130000 сохранена для продукта Свитшот"BORDERLESS" (33577)
2022-02-26T18:34:45+00:00 INFO Цена распродажи 130000 сохранена для продукта Свитшот "IN CLICK WE TRUST" (33581)
2022-02-26T18:34:46+00:00 INFO Цена распродажи 130000 сохранена для продукта Свитшот "ROMB MAN" (33582)
2022-02-26T18:34:51+00:00 INFO Цена распродажи 130000 сохранена для продукта Свитшот "HEART" (33586)
2022-02-26T18:34:53+00:00 INFO Цена распродажи 330000 сохранена для продукта Костюм двойка "GRAY" (33588)
2022-02-26T18:34:57+00:00 INFO Цена распродажи 160000 сохранена для продукта Мокнек "Flowers" (33591)
2022-02-26T18:34:58+00:00 INFO Цена распродажи 130000 сохранена для продукта Свитшот "ROMB Woman" (33592)
2022-02-26T18:35:45+00:00 INFO Цена распродажи 130000 сохранена для вариации 33601 и продукта 33521
2022-02-26T18:35:46+00:00 INFO Цена распродажи 130000 сохранена для вариации 33602 и продукта 33521
2022-02-26T18:35:47+00:00 INFO Цена распродажи 130000 сохранена для вариации 33603 и продукта 33521
2022-02-26T18:35:47+00:00 INFO Цена распродажи 130000 сохранена для вариации 33604 и продукта 33521
2022-02-26T18:35:48+00:00 INFO Цена распродажи 130000 сохранена для вариации 33605 и продукта 33521
2022-02-26T18:35:49+00:00 INFO Цена распродажи 330000 сохранена для вариации 33606 и продукта 33522
2022-02-26T18:35:50+00:00 INFO Цена распродажи 330000 сохранена для вариации 33607 и продукта 33522
2022-02-26T18:35:51+00:00 INFO Цена распродажи 330000 сохранена для вариации 33608 и продукта 33522
2022-02-26T18:35:51+00:00 INFO Цена распродажи 330000 сохранена для вариации 33609 и продукта 33522
2022-02-26T18:35:52+00:00 INFO Цена распродажи 330000 сохранена для вариации 33610 и продукта 33522
2022-02-26T18:35:54+00:00 INFO Цена распродажи 300000 сохранена для вариации 33611 и продукта 33524
2022-02-26T18:35:55+00:00 INFO Цена распродажи 300000 сохранена для вариации 33612 и продукта 33524
2022-02-26T18:35:56+00:00 INFO Цена распродажи 300000 сохранена для вариации 33613 и продукта 33524
2022-02-26T18:35:57+00:00 INFO Цена распродажи 300000 сохранена для вариации 33614 и продукта 33524
2022-02-26T18:35:58+00:00 INFO Цена распродажи 300000 сохранена для вариации 33615 и продукта 33524
2022-02-26T18:36:41+00:00 INFO Цена распродажи 135000 сохранена для вариации 33616 и продукта 33525
2022-02-26T18:36:42+00:00 INFO Цена распродажи 135000 сохранена для вариации 33617 и продукта 33525
2022-02-26T18:36:43+00:00 INFO Цена распродажи 135000 сохранена для вариации 33618 и продукта 33525
2022-02-26T18:36:43+00:00 INFO Цена распродажи 135000 сохранена для вариации 33619 и продукта 33525
2022-02-26T18:36:44+00:00 INFO Цена распродажи 135000 сохранена для вариации 33620 и продукта 33525
2022-02-26T18:36:51+00:00 INFO Цена распродажи 130000 сохранена для вариации 33626 и продукта 33527
2022-02-26T18:36:52+00:00 INFO Цена распродажи 130000 сохранена для вариации 33627 и продукта 33527
2022-02-26T18:36:53+00:00 INFO Цена распродажи 130000 сохранена для вариации 33628 и продукта 33527
2022-02-26T18:36:55+00:00 INFO Цена распродажи 130000 сохранена для вариации 33629 и продукта 33527
2022-02-26T18:36:56+00:00 INFO Цена распродажи 130000 сохранена для вариации 33630 и продукта 33527
2022-02-26T18:37:01+00:00 INFO Цена распродажи 130000 сохранена для вариации 33636 и продукта 33529
2022-02-26T18:37:02+00:00 INFO Цена распродажи 130000 сохранена для вариации 33637 и продукта 33529
2022-02-26T18:37:03+00:00 INFO Цена распродажи 130000 сохранена для вариации 33638 и продукта 33529
2022-02-26T18:37:04+00:00 INFO Цена распродажи 130000 сохранена для вариации 33639 и продукта 33529
2022-02-26T18:37:05+00:00 INFO Цена распродажи 130000 сохранена для вариации 33640 и продукта 33529
2022-02-26T18:37:30+00:00 INFO Цена распродажи 300000 сохранена для вариации 33661 и продукта 33533
2022-02-26T18:37:31+00:00 INFO Цена распродажи 300000 сохранена для вариации 33662 и продукта 33533
2022-02-26T18:37:32+00:00 INFO Цена распродажи 300000 сохранена для вариации 33663 и продукта 33533
2022-02-26T18:37:33+00:00 INFO Цена распродажи 300000 сохранена для вариации 33664 и продукта 33533
2022-02-26T18:37:34+00:00 INFO Цена распродажи 300000 сохранена для вариации 33665 и продукта 33533
2022-02-26T18:37:35+00:00 INFO Цена распродажи 300000 сохранена для вариации 33666 и продукта 33533
2022-02-26T18:37:36+00:00 INFO Цена распродажи 300000 сохранена для вариации 33667 и продукта 33533
2022-02-26T18:38:03+00:00 INFO Цена распродажи 300000 сохранена для вариации 33668 и продукта 33533
2022-02-26T18:38:05+00:00 INFO Цена распродажи 300000 сохранена для вариации 33669 и продукта 33533
2022-02-26T18:38:06+00:00 INFO Цена распродажи 300000 сохранена для вариации 33670 и продукта 33533
2022-02-26T18:38:12+00:00 INFO Цена распродажи 330000 сохранена для вариации 33676 и продукта 33535
2022-02-26T18:38:13+00:00 INFO Цена распродажи 330000 сохранена для вариации 33677 и продукта 33535
2022-02-26T18:38:13+00:00 INFO Цена распродажи 330000 сохранена для вариации 33678 и продукта 33535
2022-02-26T18:38:14+00:00 INFO Цена распродажи 330000 сохранена для вариации 33679 и продукта 33535
2022-02-26T18:38:15+00:00 INFO Цена распродажи 330000 сохранена для вариации 33680 и продукта 33535
2022-02-26T18:38:16+00:00 INFO Цена распродажи 170000 сохранена для вариации 33681 и продукта 33536
2022-02-26T18:38:17+00:00 INFO Цена распродажи 170000 сохранена для вариации 33682 и продукта 33536
2022-02-26T18:38:17+00:00 INFO Цена распродажи 170000 сохранена для вариации 33683 и продукта 33536
2022-02-26T18:38:18+00:00 INFO Цена распродажи 170000 сохранена для вариации 33684 и продукта 33536
2022-02-26T18:38:19+00:00 INFO Цена распродажи 170000 сохранена для вариации 33685 и продукта 33536
2022-02-26T18:38:26+00:00 INFO Цена распродажи 330000 сохранена для вариации 33691 и продукта 33538
2022-02-26T18:38:27+00:00 INFO Цена распродажи 330000 сохранена для вариации 33692 и продукта 33538
2022-02-26T18:39:10+00:00 INFO Цена распродажи 330000 сохранена для вариации 33693 и продукта 33538
2022-02-26T18:39:11+00:00 INFO Цена распродажи 330000 сохранена для вариации 33694 и продукта 33538
2022-02-26T18:39:11+00:00 INFO Цена распродажи 330000 сохранена для вариации 33695 и продукта 33538
2022-02-26T18:39:19+00:00 INFO Цена распродажи 55000 сохранена для вариации 33705 и продукта 33541
2022-02-26T18:39:20+00:00 INFO Цена распродажи 55000 сохранена для вариации 33706 и продукта 33541
2022-02-26T18:39:20+00:00 INFO Цена распродажи 55000 сохранена для вариации 33707 и продукта 33541
2022-02-26T18:39:21+00:00 INFO Цена распродажи 55000 сохранена для вариации 33708 и продукта 33541
2022-02-26T18:40:58+00:00 INFO Цена распродажи 330000 сохранена для вариации 33729 и продукта 33546
2022-02-26T18:40:59+00:00 INFO Цена распродажи 330000 сохранена для вариации 33730 и продукта 33546
2022-02-26T18:41:00+00:00 INFO Цена распродажи 330000 сохранена для вариации 33731 и продукта 33546
2022-02-26T18:41:00+00:00 INFO Цена распродажи 330000 сохранена для вариации 33732 и продукта 33546
2022-02-26T18:41:01+00:00 INFO Цена распродажи 330000 сохранена для вариации 33733 и продукта 33546
2022-02-26T18:41:02+00:00 INFO Цена распродажи 300000 сохранена для вариации 33734 и продукта 33547
2022-02-26T18:41:03+00:00 INFO Цена распродажи 300000 сохранена для вариации 33735 и продукта 33547
2022-02-26T18:41:04+00:00 INFO Цена распродажи 300000 сохранена для вариации 33736 и продукта 33547
2022-02-26T18:41:05+00:00 INFO Цена распродажи 300000 сохранена для вариации 33737 и продукта 33547
2022-02-26T18:41:06+00:00 INFO Цена распродажи 300000 сохранена для вариации 33738 и продукта 33547
2022-02-26T18:41:07+00:00 INFO Цена распродажи 170000 сохранена для вариации 33739 и продукта 33548
2022-02-26T18:41:07+00:00 INFO Цена распродажи 170000 сохранена для вариации 33740 и продукта 33548
2022-02-26T18:41:08+00:00 INFO Цена распродажи 170000 сохранена для вариации 33741 и продукта 33548
2022-02-26T18:41:09+00:00 INFO Цена распродажи 170000 сохранена для вариации 33742 и продукта 33548
2022-02-26T18:41:19+00:00 INFO Цена распродажи 170000 сохранена для вариации 33743 и продукта 33548
2022-02-26T18:41:22+00:00 INFO Цена распродажи 130000 сохранена для вариации 33747 и продукта 33550
2022-02-26T18:41:23+00:00 INFO Цена распродажи 130000 сохранена для вариации 33748 и продукта 33550
2022-02-26T18:41:24+00:00 INFO Цена распродажи 130000 сохранена для вариации 33749 и продукта 33550
2022-02-26T18:41:25+00:00 INFO Цена распродажи 130000 сохранена для вариации 33750 и продукта 33550
2022-02-26T18:41:26+00:00 INFO Цена распродажи 130000 сохранена для вариации 33751 и продукта 33550
2022-02-26T18:41:29+00:00 INFO Цена распродажи 300000 сохранена для вариации 33754 и продукта 33553
2022-02-26T18:41:30+00:00 INFO Цена распродажи 300000 сохранена для вариации 33755 и продукта 33553
2022-02-26T18:41:31+00:00 INFO Цена распродажи 300000 сохранена для вариации 33756 и продукта 33553
2022-02-26T18:41:32+00:00 INFO Цена распродажи 300000 сохранена для вариации 33757 и продукта 33553
2022-02-26T18:41:33+00:00 INFO Цена распродажи 300000 сохранена для вариации 33758 и продукта 33553
2022-02-26T18:41:34+00:00 INFO Цена распродажи 300000 сохранена для вариации 33759 и продукта 33553
2022-02-26T18:41:35+00:00 INFO Цена распродажи 300000 сохранена для вариации 33760 и продукта 33553
2022-02-26T18:41:35+00:00 INFO Цена распродажи 300000 сохранена для вариации 33761 и продукта 33553
2022-02-26T18:41:36+00:00 INFO Цена распродажи 300000 сохранена для вариации 33762 и продукта 33553
2022-02-26T18:41:37+00:00 INFO Цена распродажи 300000 сохранена для вариации 33763 и продукта 33553
2022-02-26T18:43:06+00:00 INFO Цена распродажи 135000 сохранена для вариации 33795 и продукта 33561
2022-02-26T18:43:07+00:00 INFO Цена распродажи 135000 сохранена для вариации 33796 и продукта 33561
2022-02-26T18:43:08+00:00 INFO Цена распродажи 135000 сохранена для вариации 33797 и продукта 33561
2022-02-26T18:43:09+00:00 INFO Цена распродажи 135000 сохранена для вариации 33798 и продукта 33561
2022-02-26T18:43:10+00:00 INFO Цена распродажи 135000 сохранена для вариации 33799 и продукта 33561
2022-02-26T18:43:13+00:00 INFO Цена распродажи 300000 сохранена для вариации 33803 и продукта 33563
2022-02-26T18:43:14+00:00 INFO Цена распродажи 300000 сохранена для вариации 33804 и продукта 33563
2022-02-26T18:43:15+00:00 INFO Цена распродажи 300000 сохранена для вариации 33805 и продукта 33563
2022-02-26T18:43:16+00:00 INFO Цена распродажи 300000 сохранена для вариации 33806 и продукта 33563
2022-02-26T18:43:17+00:00 INFO Цена распродажи 300000 сохранена для вариации 33807 и продукта 33563
2022-02-26T18:43:17+00:00 INFO Цена распродажи 300000 сохранена для вариации 33808 и продукта 33563
2022-02-26T18:43:18+00:00 INFO Цена распродажи 300000 сохранена для вариации 33809 и продукта 33563
2022-02-26T18:43:19+00:00 INFO Цена распродажи 300000 сохранена для вариации 33810 и продукта 33563
2022-02-26T18:43:20+00:00 INFO Цена распродажи 300000 сохранена для вариации 33811 и продукта 33563
2022-02-26T18:43:22+00:00 INFO Цена распродажи 300000 сохранена для вариации 33812 и продукта 33563
2022-02-26T18:44:10+00:00 INFO Цена распродажи 300000 сохранена для вариации 33823 и продукта 33567
2022-02-26T18:44:11+00:00 INFO Цена распродажи 300000 сохранена для вариации 33824 и продукта 33567
2022-02-26T18:44:12+00:00 INFO Цена распродажи 300000 сохранена для вариации 33825 и продукта 33567
2022-02-26T18:44:13+00:00 INFO Цена распродажи 300000 сохранена для вариации 33826 и продукта 33567
2022-02-26T18:44:14+00:00 INFO Цена распродажи 300000 сохранена для вариации 33827 и продукта 33567
2022-02-26T18:44:15+00:00 INFO Цена распродажи 300000 сохранена для вариации 33828 и продукта 33567
2022-02-26T18:44:15+00:00 INFO Цена распродажи 300000 сохранена для вариации 33830 и продукта 33567
2022-02-26T18:44:16+00:00 INFO Цена распродажи 300000 сохранена для вариации 33831 и продукта 33567
2022-02-26T18:44:17+00:00 INFO Цена распродажи 300000 сохранена для вариации 33832 и продукта 33567
2022-02-26T18:44:18+00:00 INFO Цена распродажи 300000 сохранена для вариации 33833 и продукта 33567
2022-02-26T18:45:34+00:00 INFO Цена распродажи 330000 сохранена для вариации 33864 и продукта 33573
2022-02-26T18:45:34+00:00 INFO Цена распродажи 330000 сохранена для вариации 33865 и продукта 33573
2022-02-26T18:45:35+00:00 INFO Цена распродажи 330000 сохранена для вариации 33866 и продукта 33573
2022-02-26T18:45:36+00:00 INFO Цена распродажи 330000 сохранена для вариации 33867 и продукта 33573
2022-02-26T18:45:37+00:00 INFO Цена распродажи 330000 сохранена для вариации 33868 и продукта 33573
2022-02-26T18:46:19+00:00 INFO Цена распродажи 130000 сохранена для вариации 33880 и продукта 33577
2022-02-26T18:46:19+00:00 INFO Цена распродажи 130000 сохранена для вариации 33881 и продукта 33577
2022-02-26T18:46:20+00:00 INFO Цена распродажи 130000 сохранена для вариации 33882 и продукта 33577
2022-02-26T18:46:21+00:00 INFO Цена распродажи 130000 сохранена для вариации 33883 и продукта 33577
2022-02-26T18:46:22+00:00 INFO Цена распродажи 130000 сохранена для вариации 33884 и продукта 33577
2022-02-26T18:47:16+00:00 INFO Цена распродажи 180000 сохранена для вариации 33910 и продукта 33581
2022-02-26T18:47:16+00:00 INFO Цена распродажи 180000 сохранена для вариации 33911 и продукта 33581
2022-02-26T18:47:17+00:00 INFO Цена распродажи 180000 сохранена для вариации 33912 и продукта 33581
2022-02-26T18:47:18+00:00 INFO Цена распродажи 180000 сохранена для вариации 33913 и продукта 33581
2022-02-26T18:47:19+00:00 INFO Цена распродажи 180000 сохранена для вариации 33914 и продукта 33581
2022-02-26T18:47:20+00:00 INFO Цена распродажи 130000 сохранена для вариации 33915 и продукта 33582
2022-02-26T18:47:21+00:00 INFO Цена распродажи 130000 сохранена для вариации 33916 и продукта 33582
2022-02-26T18:47:22+00:00 INFO Цена распродажи 130000 сохранена для вариации 33917 и продукта 33582
2022-02-26T18:47:23+00:00 INFO Цена распродажи 130000 сохранена для вариации 33918 и продукта 33582
2022-02-26T18:47:24+00:00 INFO Цена распродажи 130000 сохранена для вариации 33919 и продукта 33582
2022-02-26T18:48:18+00:00 INFO Цена распродажи 130000 сохранена для вариации 33935 и продукта 33586
2022-02-26T18:48:19+00:00 INFO Цена распродажи 130000 сохранена для вариации 33936 и продукта 33586
2022-02-26T18:48:20+00:00 INFO Цена распродажи 130000 сохранена для вариации 33937 и продукта 33586
2022-02-26T18:48:21+00:00 INFO Цена распродажи 130000 сохранена для вариации 33938 и продукта 33586
2022-02-26T18:48:22+00:00 INFO Цена распродажи 130000 сохранена для вариации 33939 и продукта 33586
2022-02-26T18:48:23+00:00 INFO Цена распродажи 130000 сохранена для вариации 33940 и продукта 33586
2022-02-26T18:48:24+00:00 INFO Цена распродажи 130000 сохранена для вариации 33941 и продукта 33586
2022-02-26T18:48:24+00:00 INFO Цена распродажи 130000 сохранена для вариации 33942 и продукта 33586
2022-02-26T18:48:25+00:00 INFO Цена распродажи 130000 сохранена для вариации 33943 и продукта 33586
2022-02-26T18:48:26+00:00 INFO Цена распродажи 130000 сохранена для вариации 33944 и продукта 33586
2022-02-26T18:49:13+00:00 INFO Цена распродажи 330000 сохранена для вариации 33950 и продукта 33588
2022-02-26T18:49:14+00:00 INFO Цена распродажи 330000 сохранена для вариации 33951 и продукта 33588
2022-02-26T18:49:14+00:00 INFO Цена распродажи 330000 сохранена для вариации 33952 и продукта 33588
2022-02-26T18:49:15+00:00 INFO Цена распродажи 330000 сохранена для вариации 33953 и продукта 33588
2022-02-26T18:49:16+00:00 INFO Цена распродажи 330000 сохранена для вариации 33954 и продукта 33588
2022-02-26T18:49:20+00:00 INFO Цена распродажи 160000 сохранена для вариации 33960 и продукта 33591
2022-02-26T18:49:21+00:00 INFO Цена распродажи 160000 сохранена для вариации 33961 и продукта 33591
2022-02-26T18:49:22+00:00 INFO Цена распродажи 160000 сохранена для вариации 33962 и продукта 33591
2022-02-26T18:49:23+00:00 INFO Цена распродажи 160000 сохранена для вариации 33963 и продукта 33591
2022-02-26T18:49:24+00:00 INFO Цена распродажи 160000 сохранена для вариации 33964 и продукта 33591
2022-02-26T18:49:25+00:00 INFO Цена распродажи 130000 сохранена для вариации 33965 и продукта 33592
2022-02-26T18:49:26+00:00 INFO Цена распродажи 130000 сохранена для вариации 33966 и продукта 33592
2022-02-26T18:49:27+00:00 INFO Цена распродажи 130000 сохранена для вариации 33967 и продукта 33592
2022-02-26T18:49:28+00:00 INFO Цена распродажи 130000 сохранена для вариации 33968 и продукта 33592
2022-02-26T18:49:28+00:00 INFO Цена распродажи 130000 сохранена для вариации 33969 и продукта 33592
2022-02-26T19:03:20+00:00 INFO Цена распродажи 130000 сохранена для продукта Свитшот "INFINITI" (33972)
2022-02-26T19:03:21+00:00 INFO Цена распродажи 330000 сохранена для продукта Костюм двойка "BEIGE" (33973)
2022-02-26T19:03:22+00:00 INFO Цена распродажи 300000 сохранена для продукта Костюм двойка "Birdie" (33975)
2022-02-26T19:03:23+00:00 INFO Цена распродажи 130000 сохранена для продукта Свитшот "Snowflake" (33976)
2022-02-26T19:03:26+00:00 INFO Цена распродажи 130000 сохранена для продукта Свитшот "CLICK 2" (33978)
2022-02-26T19:03:28+00:00 INFO Цена распродажи 130000 сохранена для продукта Свитшот "CLICK CLASSIC" (33980)
2022-02-26T19:03:32+00:00 INFO Цена распродажи 300000 сохранена для продукта Костюм двойка "CLICKY FLOWER" (33984)
2022-02-26T19:03:34+00:00 INFO Цена распродажи 330000 сохранена для продукта Костюм двойка "BLACK" (33986)
2022-02-26T19:03:35+00:00 INFO Цена распродажи 170000 сохранена для продукта Худи "CLICK" (33987)
2022-02-26T19:03:37+00:00 INFO Цена распродажи 330000 сохранена для продукта Костюм двойка"NAVY BLUE" (33989)
2022-02-26T19:04:10+00:00 INFO Цена распродажи 55000 сохранена для продукта Шапка (33992)
2022-02-26T19:04:15+00:00 INFO Цена распродажи 330000 сохранена для продукта Костюм двойка "gray-black" (33997)
2022-02-26T19:04:17+00:00 INFO Цена распродажи 300000 сохранена для продукта Костюм  двойка "CLICKY Women" (33998)
2022-02-26T19:04:18+00:00 INFO Цена распродажи 170000 сохранена для продукта Худи "SPORTY" (33999)
2022-02-26T19:04:20+00:00 INFO Цена распродажи 130000 сохранена для продукта Свитшот "CASHBASKBUSTERS" (34001)
2022-02-26T19:04:24+00:00 INFO Цена распродажи 300000 сохранена для продукта Костюм двойка "Casual Bling" без манжета (34004)
2022-02-26T19:05:12+00:00 INFO Цена распродажи 130000 сохранена для продукта Свитшот "New Year Tree" (34012)
2022-02-26T19:05:13+00:00 INFO Цена распродажи 300000 сохранена для продукта Костюм двойка"ICONS" (34014)
2022-02-26T19:05:18+00:00 INFO Цена распродажи 300000 сохранена для продукта Костюм двойка "Casual Bling" с манжетом (34018)
2022-02-26T19:05:25+00:00 INFO Цена распродажи 330000 сохранена для продукта Костюм двойка "RED" (34024)
2022-02-26T19:05:30+00:00 INFO Цена распродажи 130000 сохранена для продукта Свитшот"BORDERLESS" (34028)
2022-02-26T19:05:59+00:00 INFO Цена распродажи 130000 сохранена для продукта Свитшот "IN CLICK WE TRUST" (34032)
2022-02-26T19:06:00+00:00 INFO Цена распродажи 130000 сохранена для продукта Свитшот "ROMB MAN" (34033)
2022-02-26T19:06:04+00:00 INFO Цена распродажи 130000 сохранена для продукта Свитшот "HEART" (34037)
2022-02-26T19:06:07+00:00 INFO Цена распродажи 330000 сохранена для продукта Костюм двойка "GRAY" (34039)
2022-02-26T19:06:10+00:00 INFO Цена распродажи 160000 сохранена для продукта Мокнек "Flowers" (34042)
2022-02-26T19:06:11+00:00 INFO Цена распродажи 130000 сохранена для продукта Свитшот "ROMB Woman" (34043)
2022-02-26T19:07:12+00:00 INFO Цена распродажи 130000 сохранена для вариации 34052 и продукта 33972
2022-02-26T19:07:13+00:00 INFO Цена распродажи 130000 сохранена для вариации 34053 и продукта 33972
2022-02-26T19:07:14+00:00 INFO Цена распродажи 130000 сохранена для вариации 34054 и продукта 33972
2022-02-26T19:07:15+00:00 INFO Цена распродажи 130000 сохранена для вариации 34055 и продукта 33972
2022-02-26T19:07:16+00:00 INFO Цена распродажи 130000 сохранена для вариации 34056 и продукта 33972
2022-02-26T19:07:17+00:00 INFO Цена распродажи 330000 сохранена для вариации 34057 и продукта 33973
2022-02-26T19:07:18+00:00 INFO Цена распродажи 330000 сохранена для вариации 34058 и продукта 33973
2022-02-26T19:07:19+00:00 INFO Цена распродажи 330000 сохранена для вариации 34059 и продукта 33973
2022-02-26T19:07:20+00:00 INFO Цена распродажи 330000 сохранена для вариации 34060 и продукта 33973
2022-02-26T19:07:20+00:00 INFO Цена распродажи 330000 сохранена для вариации 34061 и продукта 33973
2022-02-26T19:07:22+00:00 INFO Цена распродажи 300000 сохранена для вариации 34062 и продукта 33975
2022-02-26T19:07:23+00:00 INFO Цена распродажи 300000 сохранена для вариации 34063 и продукта 33975
2022-02-26T19:07:24+00:00 INFO Цена распродажи 300000 сохранена для вариации 34064 и продукта 33975
2022-02-26T19:07:25+00:00 INFO Цена распродажи 300000 сохранена для вариации 34065 и продукта 33975
2022-02-26T19:07:26+00:00 INFO Цена распродажи 300000 сохранена для вариации 34066 и продукта 33975
2022-02-26T19:08:06+00:00 INFO Цена распродажи 135000 сохранена для вариации 34067 и продукта 33976
2022-02-26T19:08:07+00:00 INFO Цена распродажи 135000 сохранена для вариации 34068 и продукта 33976
2022-02-26T19:08:08+00:00 INFO Цена распродажи 135000 сохранена для вариации 34069 и продукта 33976
2022-02-26T19:08:08+00:00 INFO Цена распродажи 135000 сохранена для вариации 34070 и продукта 33976
2022-02-26T19:08:09+00:00 INFO Цена распродажи 135000 сохранена для вариации 34071 и продукта 33976
2022-02-26T19:08:15+00:00 INFO Цена распродажи 130000 сохранена для вариации 34077 и продукта 33978
2022-02-26T19:08:16+00:00 INFO Цена распродажи 130000 сохранена для вариации 34078 и продукта 33978
2022-02-26T19:08:17+00:00 INFO Цена распродажи 130000 сохранена для вариации 34079 и продукта 33978
2022-02-26T19:08:18+00:00 INFO Цена распродажи 130000 сохранена для вариации 34080 и продукта 33978
2022-02-26T19:08:19+00:00 INFO Цена распродажи 130000 сохранена для вариации 34081 и продукта 33978
2022-02-26T19:08:24+00:00 INFO Цена распродажи 130000 сохранена для вариации 34087 и продукта 33980
2022-02-26T19:08:25+00:00 INFO Цена распродажи 130000 сохранена для вариации 34088 и продукта 33980
2022-02-26T19:08:26+00:00 INFO Цена распродажи 130000 сохранена для вариации 34089 и продукта 33980
2022-02-26T19:08:27+00:00 INFO Цена распродажи 130000 сохранена для вариации 34090 и продукта 33980
2022-02-26T19:08:28+00:00 INFO Цена распродажи 130000 сохранена для вариации 34091 и продукта 33980
2022-02-26T19:09:25+00:00 INFO Цена распродажи 300000 сохранена для вариации 34112 и продукта 33984
2022-02-26T19:09:26+00:00 INFO Цена распродажи 300000 сохранена для вариации 34113 и продукта 33984
2022-02-26T19:09:27+00:00 INFO Цена распродажи 300000 сохранена для вариации 34114 и продукта 33984
2022-02-26T19:09:28+00:00 INFO Цена распродажи 300000 сохранена для вариации 34115 и продукта 33984
2022-02-26T19:09:29+00:00 INFO Цена распродажи 300000 сохранена для вариации 34116 и продукта 33984
2022-02-26T19:09:30+00:00 INFO Цена распродажи 300000 сохранена для вариации 34117 и продукта 33984
2022-02-26T19:09:31+00:00 INFO Цена распродажи 300000 сохранена для вариации 34118 и продукта 33984
2022-02-26T19:10:08+00:00 INFO Цена распродажи 300000 сохранена для вариации 34119 и продукта 33984
2022-02-26T19:10:09+00:00 INFO Цена распродажи 300000 сохранена для вариации 34120 и продукта 33984
2022-02-26T19:10:10+00:00 INFO Цена распродажи 300000 сохранена для вариации 34121 и продукта 33984
2022-02-26T19:10:15+00:00 INFO Цена распродажи 330000 сохранена для вариации 34127 и продукта 33986
2022-02-26T19:10:16+00:00 INFO Цена распродажи 330000 сохранена для вариации 34128 и продукта 33986
2022-02-26T19:10:17+00:00 INFO Цена распродажи 330000 сохранена для вариации 34129 и продукта 33986
2022-02-26T19:10:18+00:00 INFO Цена распродажи 330000 сохранена для вариации 34130 и продукта 33986
2022-02-26T19:10:19+00:00 INFO Цена распродажи 330000 сохранена для вариации 34131 и продукта 33986
2022-02-26T19:10:20+00:00 INFO Цена распродажи 170000 сохранена для вариации 34132 и продукта 33987
2022-02-26T19:10:20+00:00 INFO Цена распродажи 170000 сохранена для вариации 34133 и продукта 33987
2022-02-26T19:10:21+00:00 INFO Цена распродажи 170000 сохранена для вариации 34134 и продукта 33987
2022-02-26T19:10:22+00:00 INFO Цена распродажи 170000 сохранена для вариации 34135 и продукта 33987
2022-02-26T19:10:23+00:00 INFO Цена распродажи 170000 сохранена для вариации 34136 и продукта 33987
2022-02-26T19:10:30+00:00 INFO Цена распродажи 330000 сохранена для вариации 34142 и продукта 33989
2022-02-26T19:10:31+00:00 INFO Цена распродажи 330000 сохранена для вариации 34143 и продукта 33989
2022-02-26T19:11:04+00:00 INFO Цена распродажи 330000 сохранена для вариации 34144 и продукта 33989
2022-02-26T19:11:05+00:00 INFO Цена распродажи 330000 сохранена для вариации 34145 и продукта 33989
2022-02-26T19:11:05+00:00 INFO Цена распродажи 330000 сохранена для вариации 34146 и продукта 33989
2022-02-26T19:11:15+00:00 INFO Цена распродажи 55000 сохранена для вариации 34156 и продукта 33992
2022-02-26T19:11:16+00:00 INFO Цена распродажи 55000 сохранена для вариации 34157 и продукта 33992
2022-02-26T19:11:18+00:00 INFO Цена распродажи 55000 сохранена для вариации 34158 и продукта 33992
2022-02-26T19:11:19+00:00 INFO Цена распродажи 55000 сохранена для вариации 34159 и продукта 33992
2022-02-26T19:12:21+00:00 INFO Цена распродажи 330000 сохранена для вариации 34183 и продукта 33997
2022-02-26T19:12:22+00:00 INFO Цена распродажи 330000 сохранена для вариации 34184 и продукта 33997
2022-02-26T19:12:22+00:00 INFO Цена распродажи 330000 сохранена для вариации 34185 и продукта 33997
2022-02-26T19:12:24+00:00 INFO Цена распродажи 330000 сохранена для вариации 34186 и продукта 33997
2022-02-26T19:12:24+00:00 INFO Цена распродажи 330000 сохранена для вариации 34187 и продукта 33997
2022-02-26T19:12:25+00:00 INFO Цена распродажи 300000 сохранена для вариации 34188 и продукта 33998
2022-02-26T19:12:26+00:00 INFO Цена распродажи 300000 сохранена для вариации 34189 и продукта 33998
2022-02-26T19:12:27+00:00 INFO Цена распродажи 300000 сохранена для вариации 34190 и продукта 33998
2022-02-26T19:12:28+00:00 INFO Цена распродажи 300000 сохранена для вариации 34191 и продукта 33998
2022-02-26T19:12:29+00:00 INFO Цена распродажи 300000 сохранена для вариации 34192 и продукта 33998
2022-02-26T19:12:29+00:00 INFO Цена распродажи 170000 сохранена для вариации 34193 и продукта 33999
2022-02-26T19:12:30+00:00 INFO Цена распродажи 170000 сохранена для вариации 34194 и продукта 33999
2022-02-26T19:12:31+00:00 INFO Цена распродажи 170000 сохранена для вариации 34195 и продукта 33999
2022-02-26T19:12:32+00:00 INFO Цена распродажи 170000 сохранена для вариации 34196 и продукта 33999
2022-02-26T19:13:03+00:00 INFO Цена распродажи 170000 сохранена для вариации 34200 и продукта 33999
2022-02-26T19:13:07+00:00 INFO Цена распродажи 130000 сохранена для вариации 34204 и продукта 34001
2022-02-26T19:13:07+00:00 INFO Цена распродажи 130000 сохранена для вариации 34205 и продукта 34001
2022-02-26T19:13:09+00:00 INFO Цена распродажи 130000 сохранена для вариации 34206 и продукта 34001
2022-02-26T19:13:09+00:00 INFO Цена распродажи 130000 сохранена для вариации 34207 и продукта 34001
2022-02-26T19:13:10+00:00 INFO Цена распродажи 130000 сохранена для вариации 34208 и продукта 34001
2022-02-26T19:13:14+00:00 INFO Цена распродажи 300000 сохранена для вариации 34211 и продукта 34004
2022-02-26T19:13:15+00:00 INFO Цена распродажи 300000 сохранена для вариации 34212 и продукта 34004
2022-02-26T19:13:16+00:00 INFO Цена распродажи 300000 сохранена для вариации 34213 и продукта 34004
2022-02-26T19:13:17+00:00 INFO Цена распродажи 300000 сохранена для вариации 34214 и продукта 34004
2022-02-26T19:13:18+00:00 INFO Цена распродажи 300000 сохранена для вариации 34215 и продукта 34004
2022-02-26T19:13:20+00:00 INFO Цена распродажи 300000 сохранена для вариации 34216 и продукта 34004
2022-02-26T19:13:20+00:00 INFO Цена распродажи 300000 сохранена для вариации 34217 и продукта 34004
2022-02-26T19:13:21+00:00 INFO Цена распродажи 300000 сохранена для вариации 34218 и продукта 34004
2022-02-26T19:13:22+00:00 INFO Цена распродажи 300000 сохранена для вариации 34219 и продукта 34004
2022-02-26T19:13:23+00:00 INFO Цена распродажи 300000 сохранена для вариации 34220 и продукта 34004
2022-02-26T19:15:13+00:00 INFO Цена распродажи 135000 сохранена для вариации 34250 и продукта 34012
2022-02-26T19:15:14+00:00 INFO Цена распродажи 135000 сохранена для вариации 34251 и продукта 34012
2022-02-26T19:15:15+00:00 INFO Цена распродажи 135000 сохранена для вариации 34252 и продукта 34012
2022-02-26T19:15:16+00:00 INFO Цена распродажи 135000 сохранена для вариации 34253 и продукта 34012
2022-02-26T19:15:17+00:00 INFO Цена распродажи 135000 сохранена для вариации 34254 и продукта 34012
2022-02-26T19:15:21+00:00 INFO Цена распродажи 300000 сохранена для вариации 34258 и продукта 34014
2022-02-26T19:15:22+00:00 INFO Цена распродажи 300000 сохранена для вариации 34259 и продукта 34014
2022-02-26T19:15:23+00:00 INFO Цена распродажи 300000 сохранена для вариации 34260 и продукта 34014
2022-02-26T19:15:24+00:00 INFO Цена распродажи 300000 сохранена для вариации 34261 и продукта 34014
2022-02-26T19:15:24+00:00 INFO Цена распродажи 300000 сохранена для вариации 34262 и продукта 34014
2022-02-26T19:15:25+00:00 INFO Цена распродажи 300000 сохранена для вариации 34263 и продукта 34014
2022-02-26T19:15:26+00:00 INFO Цена распродажи 300000 сохранена для вариации 34264 и продукта 34014
2022-02-26T19:15:27+00:00 INFO Цена распродажи 300000 сохранена для вариации 34265 и продукта 34014
2022-02-26T19:15:28+00:00 INFO Цена распродажи 300000 сохранена для вариации 34266 и продукта 34014
2022-02-26T19:15:29+00:00 INFO Цена распродажи 300000 сохранена для вариации 34267 и продукта 34014
2022-02-26T19:16:11+00:00 INFO Цена распродажи 300000 сохранена для вариации 34278 и продукта 34018
2022-02-26T19:16:12+00:00 INFO Цена распродажи 300000 сохранена для вариации 34279 и продукта 34018
2022-02-26T19:16:14+00:00 INFO Цена распродажи 300000 сохранена для вариации 34280 и продукта 34018
2022-02-26T19:16:14+00:00 INFO Цена распродажи 300000 сохранена для вариации 34281 и продукта 34018
2022-02-26T19:16:15+00:00 INFO Цена распродажи 300000 сохранена для вариации 34282 и продукта 34018
2022-02-26T19:16:16+00:00 INFO Цена распродажи 300000 сохранена для вариации 34283 и продукта 34018
2022-02-26T19:16:17+00:00 INFO Цена распродажи 300000 сохранена для вариации 34284 и продукта 34018
2022-02-26T19:16:18+00:00 INFO Цена распродажи 300000 сохранена для вариации 34285 и продукта 34018
2022-02-26T19:16:19+00:00 INFO Цена распродажи 300000 сохранена для вариации 34286 и продукта 34018
2022-02-26T19:16:20+00:00 INFO Цена распродажи 300000 сохранена для вариации 34287 и продукта 34018
2022-02-26T19:17:30+00:00 INFO Цена распродажи 330000 сохранена для вариации 34318 и продукта 34024
2022-02-26T19:17:31+00:00 INFO Цена распродажи 330000 сохранена для вариации 34319 и продукта 34024
2022-02-26T19:17:32+00:00 INFO Цена распродажи 330000 сохранена для вариации 34320 и продукта 34024
2022-02-26T19:17:33+00:00 INFO Цена распродажи 330000 сохранена для вариации 34321 и продукта 34024
2022-02-26T19:17:34+00:00 INFO Цена распродажи 330000 сохранена для вариации 34322 и продукта 34024
2022-02-26T19:18:19+00:00 INFO Цена распродажи 130000 сохранена для вариации 34334 и продукта 34028
2022-02-26T19:18:20+00:00 INFO Цена распродажи 130000 сохранена для вариации 34335 и продукта 34028
2022-02-26T19:18:21+00:00 INFO Цена распродажи 130000 сохранена для вариации 34336 и продукта 34028
2022-02-26T19:18:22+00:00 INFO Цена распродажи 130000 сохранена для вариации 34337 и продукта 34028
2022-02-26T19:18:22+00:00 INFO Цена распродажи 130000 сохранена для вариации 34338 и продукта 34028
2022-02-26T19:19:23+00:00 INFO Цена распродажи 180000 сохранена для вариации 34364 и продукта 34032
2022-02-26T19:19:24+00:00 INFO Цена распродажи 180000 сохранена для вариации 34365 и продукта 34032
2022-02-26T19:19:25+00:00 INFO Цена распродажи 180000 сохранена для вариации 34366 и продукта 34032
2022-02-26T19:19:26+00:00 INFO Цена распродажи 180000 сохранена для вариации 34367 и продукта 34032
2022-02-26T19:19:27+00:00 INFO Цена распродажи 180000 сохранена для вариации 34368 и продукта 34032
2022-02-26T19:19:28+00:00 INFO Цена распродажи 130000 сохранена для вариации 34369 и продукта 34033
2022-02-26T19:19:29+00:00 INFO Цена распродажи 130000 сохранена для вариации 34370 и продукта 34033
2022-02-26T19:19:30+00:00 INFO Цена распродажи 130000 сохранена для вариации 34371 и продукта 34033
2022-02-26T19:19:30+00:00 INFO Цена распродажи 130000 сохранена для вариации 34372 и продукта 34033
2022-02-26T19:19:31+00:00 INFO Цена распродажи 130000 сохранена для вариации 34373 и продукта 34033
2022-02-26T19:20:23+00:00 INFO Цена распродажи 130000 сохранена для вариации 34389 и продукта 34037
2022-02-26T19:20:24+00:00 INFO Цена распродажи 130000 сохранена для вариации 34390 и продукта 34037
2022-02-26T19:20:25+00:00 INFO Цена распродажи 130000 сохранена для вариации 34391 и продукта 34037
2022-02-26T19:20:26+00:00 INFO Цена распродажи 130000 сохранена для вариации 34392 и продукта 34037
2022-02-26T19:20:27+00:00 INFO Цена распродажи 130000 сохранена для вариации 34393 и продукта 34037
2022-02-26T19:20:28+00:00 INFO Цена распродажи 130000 сохранена для вариации 34394 и продукта 34037
2022-02-26T19:20:29+00:00 INFO Цена распродажи 130000 сохранена для вариации 34395 и продукта 34037
2022-02-26T19:20:30+00:00 INFO Цена распродажи 130000 сохранена для вариации 34396 и продукта 34037
2022-02-26T19:20:31+00:00 INFO Цена распродажи 130000 сохранена для вариации 34397 и продукта 34037
2022-02-26T19:20:32+00:00 INFO Цена распродажи 130000 сохранена для вариации 34398 и продукта 34037
2022-02-26T19:21:08+00:00 INFO Цена распродажи 330000 сохранена для вариации 34404 и продукта 34039
2022-02-26T19:21:09+00:00 INFO Цена распродажи 330000 сохранена для вариации 34405 и продукта 34039
2022-02-26T19:21:09+00:00 INFO Цена распродажи 330000 сохранена для вариации 34406 и продукта 34039
2022-02-26T19:21:10+00:00 INFO Цена распродажи 330000 сохранена для вариации 34407 и продукта 34039
2022-02-26T19:21:11+00:00 INFO Цена распродажи 330000 сохранена для вариации 34408 и продукта 34039
2022-02-26T19:21:17+00:00 INFO Цена распродажи 160000 сохранена для вариации 34414 и продукта 34042
2022-02-26T19:21:18+00:00 INFO Цена распродажи 160000 сохранена для вариации 34415 и продукта 34042
2022-02-26T19:21:18+00:00 INFO Цена распродажи 160000 сохранена для вариации 34416 и продукта 34042
2022-02-26T19:21:19+00:00 INFO Цена распродажи 160000 сохранена для вариации 34417 и продукта 34042
2022-02-26T19:21:20+00:00 INFO Цена распродажи 160000 сохранена для вариации 34418 и продукта 34042
2022-02-26T19:21:21+00:00 INFO Цена распродажи 130000 сохранена для вариации 34419 и продукта 34043
2022-02-26T19:21:22+00:00 INFO Цена распродажи 130000 сохранена для вариации 34420 и продукта 34043
2022-02-26T19:21:23+00:00 INFO Цена распродажи 130000 сохранена для вариации 34421 и продукта 34043
2022-02-26T19:21:24+00:00 INFO Цена распродажи 130000 сохранена для вариации 34422 и продукта 34043
2022-02-26T19:21:25+00:00 INFO Цена распродажи 130000 сохранена для вариации 34423 и продукта 34043
2022-02-26T21:21:12+00:00 INFO Цена распродажи 130000 сохранена для продукта Свитшот "ROMB Woman" (34043)
2022-02-26T21:22:04+00:00 INFO Цена распродажи 130000 сохранена для вариации 34419 и продукта 34043
2022-02-26T21:22:04+00:00 INFO Цена распродажи 130000 сохранена для вариации 34420 и продукта 34043
2022-02-26T21:22:05+00:00 INFO Цена распродажи 130000 сохранена для вариации 34421 и продукта 34043
2022-02-26T21:22:06+00:00 INFO Цена распродажи 130000 сохранена для вариации 34422 и продукта 34043
2022-02-26T21:22:06+00:00 INFO Цена распродажи 130000 сохранена для вариации 34423 и продукта 34043
